#
# A fatal error has been detected by the Java Runtime Environment:
#
#  EXCEPTION_ACCESS_VIOLATION (0xc0000005) at pc=0x00007ff87819cac8, pid=11160, tid=12808
#
# JRE version: OpenJDK Runtime Environment Temurin-17.0.10+7 (17.0.10+7) (build 17.0.10+7)
# Java VM: OpenJDK 64-Bit Server VM Temurin-17.0.10+7 (17.0.10+7, mixed mode, tiered, compressed oops, compressed class ptrs, parallel gc, windows-amd64)
# Problematic frame:
# V  [jvm.dll+0xcac8]
#
# No core dump will be written. Minidumps are not enabled by default on client versions of Windows
#
# If you would like to submit a bug report, please visit:
#   https://github.com/adoptium/adoptium-support/issues
#

---------------  S U M M A R Y ------------

Command Line: --add-modules=ALL-SYSTEM --add-opens=java.base/java.util=ALL-UNNAMED --add-opens=java.base/java.lang=ALL-UNNAMED --add-opens=java.base/sun.nio.fs=ALL-UNNAMED -Declipse.application=org.eclipse.jdt.ls.core.id1 -Dosgi.bundles.defaultStartLevel=4 -Declipse.product=org.eclipse.jdt.ls.core.product -Djava.import.generatesMetadataFilesAtProjectRoot=false -DDetectVMInstallationsJob.disabled=true -Dfile.encoding=utf8 -XX:+UseParallelGC -XX:GCTimeRatio=4 -XX:AdaptiveSizePolicyWeight=90 -Dsun.zip.disableMemoryMapping=true -Xmx1G -Xms100m -Xlog:disable -javaagent:c:\Users\Usuario\.vscode\extensions\redhat.java-1.28.1-win32-x64\lombok\lombok-1.18.31.jar -XX:+HeapDumpOnOutOfMemoryError -XX:HeapDumpPath=c:\Users\Usuario\AppData\Roaming\Code\User\workspaceStorage\ef68fe475a4c8989c11858262eae5c25\redhat.java -Daether.dependencyCollector.impl=bf c:\Users\Usuario\.vscode\extensions\redhat.java-1.28.1-win32-x64\server\plugins\org.eclipse.equinox.launcher_1.6.700.v20231214-2017.jar -configuration c:\Users\Usuario\AppData\Roaming\Code\User\globalStorage\redhat.java\1.28.1\config_win -data c:\Users\Usuario\AppData\Roaming\Code\User\workspaceStorage\ef68fe475a4c8989c11858262eae5c25\redhat.java\jdt_ws --stdio

Host: Intel(R) Core(TM) i5-9400 CPU @ 2.90GHz, 6 cores, 11G,  Windows 10 , 64 bit Build 19041 (10.0.19041.3393)
Time: Fri Mar  1 17:18:04 2024 Hora est. Pacífico, Sudamérica elapsed time: 0.910901 seconds (0d 0h 0m 0s)

---------------  T H R E A D  ---------------

Current thread (0x000001f83e5a4140):  GCTaskThread "GC Thread#0" [stack: 0x00000066ead00000,0x00000066eae00000] [id=12808]

Stack: [0x00000066ead00000,0x00000066eae00000],  sp=0x00000066eadff5f8,  free space=1021k
Native frames: (J=compiled Java code, j=interpreted, Vv=VM code, C=native code)
V  [jvm.dll+0xcac8]


siginfo: EXCEPTION_ACCESS_VIOLATION (0xc0000005), reading address 0x0000000500041b60


Registers:
RAX=0x0000000000000001, RBX=0x0000000000000011, RCX=0x0000000000000003, RDX=0x00000000ec98b3b0
RSP=0x00000066eadff5f8, RBP=0x0000000000000000, RSI=0x00000000ec74ab38, RDI=0x000001f8523fb200
R8 =0x0000000500041b58, R9 =0x00007ff878cbc740, R10=0x0000000000000000, R11=0x000001f8523fb200
R12=0x0000000000000000, R13=0x0000000000000010, R14=0x00000000ec98b3b0, R15=0x000001f8523fb200
RIP=0x00007ff87819cac8, EFLAGS=0x0000000000010202


Register to memory mapping:

RIP=0x00007ff87819cac8 jvm.dll
RAX=0x0000000000000001 is an unknown value
RBX=0x0000000000000011 is an unknown value
RCX=0x0000000000000003 is an unknown value
RDX=0x00000000ec98b3b0 points into unknown readable memory: 0x0000000000000011 | 11 00 00 00 00 00 00 00
RSP=0x00000066eadff5f8 points into unknown readable memory: 0x00007ff87884a5e1 | e1 a5 84 78 f8 7f 00 00
RBP=0x0 is NULL
RSI=0x00000000ec74ab38 points into unknown readable memory: 0x00000000ec98b3b0 | b0 b3 98 ec 00 00 00 00
RDI=0x000001f8523fb200 points into unknown readable memory: 0x00007ff878b41db8 | b8 1d b4 78 f8 7f 00 00
R8 =0x0000000500041b58 is an unknown value
R9 =0x00007ff878cbc740 jvm.dll
R10=0x0 is NULL
R11=0x000001f8523fb200 points into unknown readable memory: 0x00007ff878b41db8 | b8 1d b4 78 f8 7f 00 00
R12=0x0 is NULL
R13=0x0000000000000010 is an unknown value
R14=0x00000000ec98b3b0 points into unknown readable memory: 0x0000000000000011 | 11 00 00 00 00 00 00 00
R15=0x000001f8523fb200 points into unknown readable memory: 0x00007ff878b41db8 | b8 1d b4 78 f8 7f 00 00


Top of Stack: (sp=0x00000066eadff5f8)
0x00000066eadff5f8:   00007ff87884a5e1 0000000000000011
0x00000066eadff608:   00007ff8b50bfae2 00000000c016f9f4
0x00000066eadff618:   00007ff87883d102 0000000000000000
0x00000066eadff628:   00007ff8b50e07c0 00000000ec749338
0x00000066eadff638:   0000000000001000 00000000ec749338
0x00000066eadff648:   0000000000001000 0000000000000010
0x00000066eadff658:   0000000000000000 000000000000000c
0x00000066eadff668:   00000000000000ce 00000000ec74ab38
0x00000066eadff678:   000000000000009c 0000000000000011
0x00000066eadff688:   00007ff87884b820 000001f8523fb200
0x00000066eadff698:   0000000000000000 0000000000000011
0x00000066eadff6a8:   000001f85230c132 00000000c00055d8
0x00000066eadff6b8:   00000000c0005620 0000000000000000
0x00000066eadff6c8:   000001f83df3000e 00000000c0010018
0x00000066eadff6d8:   00000000c0005600 000001f83df3002b
0x00000066eadff6e8:   000001f83e5a6690 000001f8523fb200
0x00000066eadff6f8:   00007ff87883e07f 000001f8523fb200
0x00000066eadff708:   0000000000000000 00007ff878b40fb0
0x00000066eadff718:   00007ff87884b4f2 000001f83df3002b
0x00000066eadff728:   00000000c0010018 000001f83df30000
0x00000066eadff738:   000001f83df30000 000001f83df30b98
0x00000066eadff748:   00007ff878b40fb0 000001f83e59dc50
0x00000066eadff758:   000001f8523fb200 0000000000000200
0x00000066eadff768:   0000000000000000 000001f83c3b8f00
0x00000066eadff778:   0000000000000000 0000000000000000
0x00000066eadff788:   00000066eaefef40 000001f83e5a4140
0x00000066eadff798:   000001f8523fb200 0000000000000000
0x00000066eadff7a8:   000001f83c3b8f00 00000066eadff859
0x00000066eadff7b8:   00007ff87884e2f3 000001f83e57e170
0x00000066eadff7c8:   000001f83e5a6690 000001f83df30081
0x00000066eadff7d8:   00000000c0172eb0 000001f8523fb200
0x00000066eadff7e8:   0000000000000000 0000000000000004 

Instructions: (pc=0x00007ff87819cac8)
0x00007ff87819c9c8:   48 83 c4 20 5e c3 cc cc 48 8b 01 c3 cc cc cc cc
0x00007ff87819c9d8:   cc cc cc cc cc cc cc cc 4c 8b 01 4c 8b c9 48 8b
0x00007ff87819c9e8:   0d e3 60 b6 00 ba 44 60 08 00 e9 d9 f1 ff ff cc
0x00007ff87819c9f8:   cc cc cc cc cc cc cc cc 48 89 5c 24 08 57 48 83
0x00007ff87819ca08:   ec 20 48 8b 39 48 8b d9 48 85 3d 01 4a bb 00 75
0x00007ff87819ca18:   0e 48 8b c7 48 8b 5c 24 30 48 83 c4 20 5f c3 48
0x00007ff87819ca28:   8b cf e8 41 98 85 00 48 8b d0 48 85 c0 74 20 48
0x00007ff87819ca38:   8b c7 f0 48 0f b1 13 74 16 48 85 05 d0 49 bb 00
0x00007ff87819ca48:   74 0d 48 8b c8 f0 48 0f b1 13 48 3b c1 75 ea 48
0x00007ff87819ca58:   8b 5c 24 30 48 8b c2 48 83 c4 20 5f c3 cc cc cc
0x00007ff87819ca68:   cc cc cc cc cc cc cc cc 4c 8b 01 4c 8b c9 48 8b
0x00007ff87819ca78:   0d 53 60 b6 00 ba 64 60 08 00 e9 49 f1 ff ff cc
0x00007ff87819ca88:   cc cc cc cc cc cc cc cc 8b 05 62 a8 b0 00 c3 cc
0x00007ff87819ca98:   cc cc cc cc cc cc cc cc 0f b6 05 db 68 b7 00 48
0x00007ff87819caa8:   8b d1 84 c0 74 16 44 8b 41 08 8b 0d 40 a8 b0 00
0x00007ff87819cab8:   49 d3 e0 4c 03 05 2e a8 b0 00 eb 04 4c 8b 41 08
0x00007ff87819cac8:   45 8b 50 08 45 85 d2 7e 0e 41 f6 c2 01 75 53 41
0x00007ff87819cad8:   c1 fa 03 41 8b c2 c3 79 49 84 c0 b9 10 00 00 00
0x00007ff87819cae8:   8b 05 46 b7 b0 00 41 b8 0c 00 00 00 41 0f 45 c8
0x00007ff87819caf8:   ff c8 4c 63 c8 48 63 14 11 41 8b ca 83 e1 3f 48
0x00007ff87819cb08:   d3 e2 41 8b ca 48 c1 f9 10 0f b6 c1 49 8d 0c 11
0x00007ff87819cb18:   49 f7 d1 48 03 c1 49 c1 e9 03 48 c1 e8 03 41 23
0x00007ff87819cb28:   c1 c3 49 8b 00 49 8b c8 48 ff a0 00 01 00 00 cc
0x00007ff87819cb38:   cc cc cc cc cc cc cc cc 8b 44 24 30 45 03 c9 44
0x00007ff87819cb48:   2b 4c 24 28 83 c0 0b 44 03 ca 45 03 c8 41 03 c1
0x00007ff87819cb58:   c3 cc cc cc cc cc cc cc 4c 8b ca 48 8b d1 45 8b
0x00007ff87819cb68:   41 08 45 85 c0 7e 0e 41 f6 c0 01 75 56 41 c1 f8
0x00007ff87819cb78:   03 41 8b c0 c3 79 4c 80 3d fc 67 b7 00 00 b8 0c
0x00007ff87819cb88:   00 00 00 b9 10 00 00 00 0f 45 c8 8b 05 9b b6 b0
0x00007ff87819cb98:   00 ff c8 4c 63 c8 48 63 14 11 41 8b c8 83 e1 3f
0x00007ff87819cba8:   48 d3 e2 41 8b c8 48 c1 f9 10 0f b6 c1 49 8d 0c
0x00007ff87819cbb8:   11 49 f7 d1 48 03 c1 49 c1 e9 03 48 c1 e8 03 41 


Stack slot to memory mapping:
stack at sp + 0 slots: 0x00007ff87884a5e1 jvm.dll
stack at sp + 1 slots: 0x0000000000000011 is an unknown value
stack at sp + 2 slots: 0x00007ff8b50bfae2 ntdll.dll
stack at sp + 3 slots: 0x00000000c016f9f4 is pointing into object: [Ljava.util.HashMap$Node; 
{0x00000000c016f9e0} - klass: 'java/util/HashMap$Node'[]
 - length: 2
stack at sp + 4 slots: 0x00007ff87883d102 jvm.dll
stack at sp + 5 slots: 0x0 is NULL
stack at sp + 6 slots: 0x00007ff8b50e07c0 ntdll.dll
stack at sp + 7 slots: 0x00000000ec749338 is an oop: java.security.Provider$ServiceKey 
{0x00000000ec749338} - klass: 'java/security/Provider$ServiceKey'
 - ---- fields (total size 3 words):
 - private final 'type' 'Ljava/lang/String;' @12  "CertificateFactory"{0x00000000ec749350} (ec749350)
 - private final 'algorithm' 'Ljava/lang/String;' @16  "X.509"{0x00000000ec419e60} (ec419e60)
 - private final 'originalAlgorithm' 'Ljava/lang/String;' @20  "X.509"{0x00000000ec419e60} (ec419e60)


---------------  P R O C E S S  ---------------

Threads class SMR info:
_java_thread_list=0x000001f858cd7fd0, length=18, elements={
0x000001f83e58fbb0, 0x000001f83e633900, 0x000001f83e64b7d0, 0x000001f857bfc890,
0x000001f857bfd420, 0x000001f85242be70, 0x000001f857c021d0, 0x000001f857c03d90,
0x000001f857c0f0e0, 0x000001f857c141e0, 0x000001f857d918e0, 0x000001f857f63b70,
0x000001f857d91df0, 0x000001f857d8f060, 0x000001f857d92810, 0x000001f857d8f570,
0x000001f857d8fa80, 0x000001f857d909b0
}

Java Threads: ( => current thread )
  0x000001f83e58fbb0 JavaThread "main" [_thread_blocked, id=9432, stack(0x00000066eac00000,0x00000066ead00000)]
  0x000001f83e633900 JavaThread "Reference Handler" daemon [_thread_blocked, id=1260, stack(0x00000066eaf00000,0x00000066eb000000)]
  0x000001f83e64b7d0 JavaThread "Finalizer" daemon [_thread_blocked, id=2464, stack(0x00000066eb000000,0x00000066eb100000)]
  0x000001f857bfc890 JavaThread "Signal Dispatcher" daemon [_thread_blocked, id=11448, stack(0x00000066eb100000,0x00000066eb200000)]
  0x000001f857bfd420 JavaThread "Attach Listener" daemon [_thread_blocked, id=2856, stack(0x00000066eb200000,0x00000066eb300000)]
  0x000001f85242be70 JavaThread "Service Thread" daemon [_thread_blocked, id=12988, stack(0x00000066eb300000,0x00000066eb400000)]
  0x000001f857c021d0 JavaThread "Monitor Deflation Thread" daemon [_thread_blocked, id=3352, stack(0x00000066eb400000,0x00000066eb500000)]
  0x000001f857c03d90 JavaThread "C2 CompilerThread0" daemon [_thread_blocked, id=1812, stack(0x00000066eb500000,0x00000066eb600000)]
  0x000001f857c0f0e0 JavaThread "C1 CompilerThread0" daemon [_thread_blocked, id=12292, stack(0x00000066eb600000,0x00000066eb700000)]
  0x000001f857c141e0 JavaThread "Sweeper thread" daemon [_thread_blocked, id=8124, stack(0x00000066eb700000,0x00000066eb800000)]
  0x000001f857d918e0 JavaThread "Common-Cleaner" daemon [_thread_blocked, id=7784, stack(0x00000066eb800000,0x00000066eb900000)]
  0x000001f857f63b70 JavaThread "C2 CompilerThread1" daemon [_thread_blocked, id=12800, stack(0x00000066eb900000,0x00000066eba00000)]
  0x000001f857d91df0 JavaThread "Notification Thread" daemon [_thread_blocked, id=8404, stack(0x00000066eba00000,0x00000066ebb00000)]
  0x000001f857d8f060 JavaThread "Active Thread: Equinox Container: 3b2c734d-1710-43dc-93ae-e0611c5afd3d" [_thread_blocked, id=11880, stack(0x00000066ec100000,0x00000066ec200000)]
  0x000001f857d92810 JavaThread "Framework Event Dispatcher: Equinox Container: 3b2c734d-1710-43dc-93ae-e0611c5afd3d" daemon [_thread_blocked, id=12536, stack(0x00000066ec200000,0x00000066ec300000)]
  0x000001f857d8f570 JavaThread "Start Level: Equinox Container: 3b2c734d-1710-43dc-93ae-e0611c5afd3d" daemon [_thread_blocked, id=11864, stack(0x00000066ec300000,0x00000066ec400000)]
  0x000001f857d8fa80 JavaThread "Bundle File Closer" daemon [_thread_blocked, id=7104, stack(0x00000066ec400000,0x00000066ec500000)]
  0x000001f857d909b0 JavaThread "SCR Component Actor" daemon [_thread_blocked, id=4480, stack(0x00000066ec500000,0x00000066ec600000)]

Other Threads:
  0x000001f8523fe8a0 VMThread "VM Thread" [stack: 0x00000066eae00000,0x00000066eaf00000] [id=13296]
  0x000001f857f80d10 WatcherThread [stack: 0x00000066ebb00000,0x00000066ebc00000] [id=5524]
=>0x000001f83e5a4140 GCTaskThread "GC Thread#0" [stack: 0x00000066ead00000,0x00000066eae00000] [id=12808]
  0x000001f858a9d010 GCTaskThread "GC Thread#1" [stack: 0x00000066ebc00000,0x00000066ebd00000] [id=6204]
  0x000001f858a9d2d0 GCTaskThread "GC Thread#2" [stack: 0x00000066ebd00000,0x00000066ebe00000] [id=1392]
  0x000001f858a9faf0 GCTaskThread "GC Thread#3" [stack: 0x00000066ebe00000,0x00000066ebf00000] [id=10988]
  0x000001f8584fd880 GCTaskThread "GC Thread#4" [stack: 0x00000066ebf00000,0x00000066ec000000] [id=10072]
  0x000001f8584fdb40 GCTaskThread "GC Thread#5" [stack: 0x00000066ec000000,0x00000066ec100000] [id=2800]

Threads with active compile tasks:
C1 CompilerThread0      923 2106       3       java.util.ImmutableCollections$ListN::get (7 bytes)

VM state: at safepoint (normal execution)

VM Mutex/Monitor currently owned by a thread:  ([mutex/lock_event])
[0x000001f83e58c8a0] Threads_lock - owner thread: 0x000001f8523fe8a0
[0x000001f83e58cb70] Heap_lock - owner thread: 0x000001f857d8f570

Heap address: 0x00000000c0000000, size: 1024 MB, Compressed Oops mode: 32-bit

CDS archive(s) not mapped
Compressed class space mapped at: 0x0000000100000000-0x0000000140000000, reserved size: 1073741824
Narrow klass base: 0x0000000000000000, Narrow klass shift: 3, Narrow klass range: 0x140000000

GC Precious Log:
 CPUs: 6 total, 6 available
 Memory: 12158M
 Large Page Support: Disabled
 NUMA Support: Disabled
 Compressed Oops: Enabled (32-bit)
 Alignments: Space 512K, Generation 512K, Heap 2M
 Heap Min Capacity: 100M
 Heap Initial Capacity: 100M
 Heap Max Capacity: 1G
 Pre-touch: Disabled
 Parallel Workers: 6

Heap:
 PSYoungGen      total 29696K, used 29689K [0x00000000eab00000, 0x00000000ecc00000, 0x0000000100000000)
  eden space 25600K, 100% used [0x00000000eab00000,0x00000000ec400000,0x00000000ec400000)
  from space 4096K, 99% used [0x00000000ec800000,0x00000000ecbfe540,0x00000000ecc00000)
  to   space 4096K, 99% used [0x00000000ec400000,0x00000000ec7f9338,0x00000000ec800000)
 ParOldGen       total 68608K, used 5137K [0x00000000c0000000, 0x00000000c4300000, 0x00000000eab00000)
  object space 68608K, 7% used [0x00000000c0000000,0x00000000c0504450,0x00000000c4300000)
 Metaspace       used 16374K, committed 16640K, reserved 1114112K
  class space    used 1653K, committed 1792K, reserved 1048576K

Card table byte_map: [0x000001f83df30000,0x000001f83e140000] _byte_map_base: 0x000001f83d930000

Marking Bits: (ParMarkBitMap*) 0x00007ff878d2d7d0
 Begin Bits: [0x000001f850230000, 0x000001f851230000)
 End Bits:   [0x000001f851230000, 0x000001f852230000)

Polling page: 0x000001f83c4f0000

Metaspace:

Usage:
  Non-class:     14.38 MB used.
      Class:      1.62 MB used.
       Both:     15.99 MB used.

Virtual space:
  Non-class space:       64.00 MB reserved,      14.50 MB ( 23%) committed,  1 nodes.
      Class space:        1.00 GB reserved,       1.75 MB ( <1%) committed,  1 nodes.
             Both:        1.06 GB reserved,      16.25 MB (  1%) committed. 

Chunk freelists:
   Non-Class:  1.52 MB
       Class:  14.31 MB
        Both:  15.83 MB

MaxMetaspaceSize: unlimited
CompressedClassSpaceSize: 1.00 GB
Initial GC threshold: 21.00 MB
Current GC threshold: 21.00 MB
CDS: off
MetaspaceReclaimPolicy: balanced
 - commit_granule_bytes: 65536.
 - commit_granule_words: 8192.
 - virtual_space_node_default_size: 8388608.
 - enlarge_chunks_in_place: 1.
 - new_chunks_are_fully_committed: 0.
 - uncommit_free_chunks: 1.
 - use_allocation_guard: 0.
 - handle_deallocations: 1.


Internal statistics:

num_allocs_failed_limit: 0.
num_arena_births: 118.
num_arena_deaths: 0.
num_vsnodes_births: 2.
num_vsnodes_deaths: 0.
num_space_committed: 260.
num_space_uncommitted: 0.
num_chunks_returned_to_freelist: 0.
num_chunks_taken_from_freelist: 365.
num_chunk_merges: 0.
num_chunk_splits: 231.
num_chunks_enlarged: 175.
num_inconsistent_stats: 0.

CodeHeap 'non-profiled nmethods': size=120000Kb used=922Kb max_used=922Kb free=119077Kb
 bounds [0x000001f848d00000, 0x000001f848f70000, 0x000001f850230000]
CodeHeap 'profiled nmethods': size=120000Kb used=4040Kb max_used=4040Kb free=115959Kb
 bounds [0x000001f841230000, 0x000001f841630000, 0x000001f848760000]
CodeHeap 'non-nmethods': size=5760Kb used=1163Kb max_used=1201Kb free=4596Kb
 bounds [0x000001f848760000, 0x000001f8489d0000, 0x000001f848d00000]
 total_blobs=2562 nmethods=2103 adapters=373
 compilation: enabled
              stopped_count=0, restarted_count=0
 full_count=0

Compilation events (20 events):
Event: 0.900 Thread 0x000001f857c0f0e0 nmethod 2097 0x000001f84161ae90 code [0x000001f84161b040, 0x000001f84161b268]
Event: 0.900 Thread 0x000001f857c0f0e0 2100       3       org.eclipse.osgi.framework.util.CaseInsensitiveDictionaryMap::findCommonKeyIndex (930 bytes)
Event: 0.900 Thread 0x000001f857c0f0e0 nmethod 2100 0x000001f84161b390 code [0x000001f84161b9a0, 0x000001f84161ddc8]
Event: 0.900 Thread 0x000001f857c0f0e0 2098       3       aQute.bnd.stream.EntryPipeline::<init> (16 bytes)
Event: 0.901 Thread 0x000001f857c0f0e0 nmethod 2098 0x000001f84161e210 code [0x000001f84161e3e0, 0x000001f84161e7c8]
Event: 0.901 Thread 0x000001f857c0f0e0 2099       1       java.util.Spliterators$EmptySpliterator::estimateSize (2 bytes)
Event: 0.901 Thread 0x000001f857c0f0e0 nmethod 2099 0x000001f848de6410 code [0x000001f848de65a0, 0x000001f848de6678]
Event: 0.903 Thread 0x000001f857c0f0e0 2101       3       jdk.internal.org.objectweb.asm.ClassReader::readUtf (161 bytes)
Event: 0.903 Thread 0x000001f857c0f0e0 nmethod 2101 0x000001f84161e910 code [0x000001f84161eae0, 0x000001f84161ef48]
Event: 0.904 Thread 0x000001f857c0f0e0 2102       3       java.lang.invoke.InvokerBytecodeGenerator::emitLoadInsn (21 bytes)
Event: 0.904 Thread 0x000001f857c0f0e0 nmethod 2102 0x000001f84161f210 code [0x000001f84161f3c0, 0x000001f84161f618]
Event: 0.904 Thread 0x000001f857c0f0e0 2103       3       java.lang.invoke.InvokerBytecodeGenerator::loadInsnOpcode (98 bytes)
Event: 0.904 Thread 0x000001f857c0f0e0 nmethod 2103 0x000001f84161f790 code [0x000001f84161fa00, 0x000001f8416203d8]
Event: 0.904 Thread 0x000001f857c0f0e0 2104       3       java.lang.invoke.InvokerBytecodeGenerator::emitPushArgument (151 bytes)
Event: 0.904 Thread 0x000001f857c03d90 2107       4       jdk.internal.org.objectweb.asm.Symbol::<init> (38 bytes)
Event: 0.905 Thread 0x000001f857c03d90 nmethod 2107 0x000001f848de6710 code [0x000001f848de6880, 0x000001f848de6938]
Event: 0.905 Thread 0x000001f857c0f0e0 nmethod 2104 0x000001f841620710 code [0x000001f8416209e0, 0x000001f841621868]
Event: 0.905 Thread 0x000001f857c0f0e0 2105       3       java.lang.invoke.LambdaForm$BasicType::basicTypeSlots (8 bytes)
Event: 0.905 Thread 0x000001f857c0f0e0 nmethod 2105 0x000001f841621c90 code [0x000001f841621e20, 0x000001f841621f98]
Event: 0.905 Thread 0x000001f857c0f0e0 2106       3       java.util.ImmutableCollections$ListN::get (7 bytes)

GC Heap History (5 events):
Event: 0.406 GC heap before
{Heap before GC invocations=1 (full 0):
 PSYoungGen      total 29696K, used 25600K [0x00000000eab00000, 0x00000000ecc00000, 0x0000000100000000)
  eden space 25600K, 100% used [0x00000000eab00000,0x00000000ec400000,0x00000000ec400000)
  from space 4096K, 0% used [0x00000000ec800000,0x00000000ec800000,0x00000000ecc00000)
  to   space 4096K, 0% used [0x00000000ec400000,0x00000000ec400000,0x00000000ec800000)
 ParOldGen       total 68608K, used 0K [0x00000000c0000000, 0x00000000c4300000, 0x00000000eab00000)
  object space 68608K, 0% used [0x00000000c0000000,0x00000000c0000000,0x00000000c4300000)
 Metaspace       used 10999K, committed 11200K, reserved 1114112K
  class space    used 1098K, committed 1216K, reserved 1048576K
}
Event: 0.409 GC heap after
{Heap after GC invocations=1 (full 0):
 PSYoungGen      total 29696K, used 3165K [0x00000000eab00000, 0x00000000ecc00000, 0x0000000100000000)
  eden space 25600K, 0% used [0x00000000eab00000,0x00000000eab00000,0x00000000ec400000)
  from space 4096K, 77% used [0x00000000ec400000,0x00000000ec7175a8,0x00000000ec800000)
  to   space 4096K, 0% used [0x00000000ec800000,0x00000000ec800000,0x00000000ecc00000)
 ParOldGen       total 68608K, used 16K [0x00000000c0000000, 0x00000000c4300000, 0x00000000eab00000)
  object space 68608K, 0% used [0x00000000c0000000,0x00000000c0004000,0x00000000c4300000)
 Metaspace       used 10999K, committed 11200K, reserved 1114112K
  class space    used 1098K, committed 1216K, reserved 1048576K
}
Event: 0.712 GC heap before
{Heap before GC invocations=2 (full 0):
 PSYoungGen      total 29696K, used 28765K [0x00000000eab00000, 0x00000000ecc00000, 0x0000000100000000)
  eden space 25600K, 100% used [0x00000000eab00000,0x00000000ec400000,0x00000000ec400000)
  from space 4096K, 77% used [0x00000000ec400000,0x00000000ec7175a8,0x00000000ec800000)
  to   space 4096K, 0% used [0x00000000ec800000,0x00000000ec800000,0x00000000ecc00000)
 ParOldGen       total 68608K, used 16K [0x00000000c0000000, 0x00000000c4300000, 0x00000000eab00000)
  object space 68608K, 0% used [0x00000000c0000000,0x00000000c0004000,0x00000000c4300000)
 Metaspace       used 14648K, committed 14912K, reserved 1114112K
  class space    used 1469K, committed 1600K, reserved 1048576K
}
Event: 0.715 GC heap after
{Heap after GC invocations=2 (full 0):
 PSYoungGen      total 29696K, used 4089K [0x00000000eab00000, 0x00000000ecc00000, 0x0000000100000000)
  eden space 25600K, 0% used [0x00000000eab00000,0x00000000eab00000,0x00000000ec400000)
  from space 4096K, 99% used [0x00000000ec800000,0x00000000ecbfe540,0x00000000ecc00000)
  to   space 4096K, 0% used [0x00000000ec400000,0x00000000ec400000,0x00000000ec800000)
 ParOldGen       total 68608K, used 1483K [0x00000000c0000000, 0x00000000c4300000, 0x00000000eab00000)
  object space 68608K, 2% used [0x00000000c0000000,0x00000000c0172eb0,0x00000000c4300000)
 Metaspace       used 14648K, committed 14912K, reserved 1114112K
  class space    used 1469K, committed 1600K, reserved 1048576K
}
Event: 0.905 GC heap before
{Heap before GC invocations=3 (full 0):
 PSYoungGen      total 29696K, used 29689K [0x00000000eab00000, 0x00000000ecc00000, 0x0000000100000000)
  eden space 25600K, 100% used [0x00000000eab00000,0x00000000ec400000,0x00000000ec400000)
  from space 4096K, 99% used [0x00000000ec800000,0x00000000ecbfe540,0x00000000ecc00000)
  to   space 4096K, 0% used [0x00000000ec400000,0x00000000ec400000,0x00000000ec800000)
 ParOldGen       total 68608K, used 1483K [0x00000000c0000000, 0x00000000c4300000, 0x00000000eab00000)
  object space 68608K, 2% used [0x00000000c0000000,0x00000000c0172eb0,0x00000000c4300000)
 Metaspace       used 16374K, committed 16640K, reserved 1114112K
  class space    used 1653K, committed 1792K, reserved 1048576K
}

Dll operation events (9 events):
Event: 0.006 Loaded shared library c:\Users\Usuario\.vscode\extensions\redhat.java-1.28.1-win32-x64\jre\17.0.10-win32-x86_64\bin\java.dll
Event: 0.086 Loaded shared library c:\Users\Usuario\.vscode\extensions\redhat.java-1.28.1-win32-x64\jre\17.0.10-win32-x86_64\bin\zip.dll
Event: 0.087 Loaded shared library C:\Users\Usuario\.vscode\extensions\redhat.java-1.28.1-win32-x64\jre\17.0.10-win32-x86_64\bin\instrument.dll
Event: 0.095 Loaded shared library C:\Users\Usuario\.vscode\extensions\redhat.java-1.28.1-win32-x64\jre\17.0.10-win32-x86_64\bin\net.dll
Event: 0.096 Loaded shared library C:\Users\Usuario\.vscode\extensions\redhat.java-1.28.1-win32-x64\jre\17.0.10-win32-x86_64\bin\nio.dll
Event: 0.100 Loaded shared library C:\Users\Usuario\.vscode\extensions\redhat.java-1.28.1-win32-x64\jre\17.0.10-win32-x86_64\bin\zip.dll
Event: 0.109 Loaded shared library C:\Users\Usuario\.vscode\extensions\redhat.java-1.28.1-win32-x64\jre\17.0.10-win32-x86_64\bin\jimage.dll
Event: 0.140 Loaded shared library c:\Users\Usuario\.vscode\extensions\redhat.java-1.28.1-win32-x64\jre\17.0.10-win32-x86_64\bin\verify.dll
Event: 0.666 Loaded shared library C:\Users\Usuario\AppData\Roaming\Code\User\globalStorage\redhat.java\1.28.1\config_win\org.eclipse.equinox.launcher\org.eclipse.equinox.launcher.win32.win32.x86_64_1.2.900.v20240129-1338\eclipse_11900.dll

Deoptimization events (20 events):
Event: 0.828 Thread 0x000001f857d8f570 DEOPT PACKING pc=0x000001f8415c28d6 sp=0x00000066ec3fd0d0
Event: 0.828 Thread 0x000001f857d8f570 DEOPT UNPACKING pc=0x000001f8487b6e43 sp=0x00000066ec3fc558 mode 0
Event: 0.831 Thread 0x000001f857d8f570 DEOPT PACKING pc=0x000001f8415c28d6 sp=0x00000066ec3fd0d0
Event: 0.831 Thread 0x000001f857d8f570 DEOPT UNPACKING pc=0x000001f8487b6e43 sp=0x00000066ec3fc558 mode 0
Event: 0.833 Thread 0x000001f857d8f570 DEOPT PACKING pc=0x000001f8415c28d6 sp=0x00000066ec3fd0d0
Event: 0.834 Thread 0x000001f857d8f570 DEOPT UNPACKING pc=0x000001f8487b6e43 sp=0x00000066ec3fc558 mode 0
Event: 0.838 Thread 0x000001f857d8f570 DEOPT PACKING pc=0x000001f8415c28d6 sp=0x00000066ec3fd0d0
Event: 0.838 Thread 0x000001f857d8f570 DEOPT UNPACKING pc=0x000001f8487b6e43 sp=0x00000066ec3fc558 mode 0
Event: 0.840 Thread 0x000001f857d8f570 Uncommon trap: trap_request=0xffffff45 fr.pc=0x000001f848d5a01c relative=0x000000000000017c
Event: 0.840 Thread 0x000001f857d8f570 Uncommon trap: reason=unstable_if action=reinterpret pc=0x000001f848d5a01c method=java.lang.String.startsWith(Ljava/lang/String;I)Z @ 50 c2
Event: 0.840 Thread 0x000001f857d8f570 DEOPT PACKING pc=0x000001f848d5a01c sp=0x00000066ec3fe020
Event: 0.840 Thread 0x000001f857d8f570 DEOPT UNPACKING pc=0x000001f8487b66a3 sp=0x00000066ec3fdf28 mode 2
Event: 0.843 Thread 0x000001f857d8f570 DEOPT PACKING pc=0x000001f8415c28d6 sp=0x00000066ec3fdac0
Event: 0.843 Thread 0x000001f857d8f570 DEOPT UNPACKING pc=0x000001f8487b6e43 sp=0x00000066ec3fcf48 mode 0
Event: 0.864 Thread 0x000001f857d8f570 DEOPT PACKING pc=0x000001f84131f31c sp=0x00000066ec3fdbc0
Event: 0.864 Thread 0x000001f857d8f570 DEOPT UNPACKING pc=0x000001f8487b6e43 sp=0x00000066ec3fd0a8 mode 0
Event: 0.884 Thread 0x000001f857d8f570 Uncommon trap: trap_request=0xffffff45 fr.pc=0x000001f848ddedcc relative=0x0000000000000d4c
Event: 0.884 Thread 0x000001f857d8f570 Uncommon trap: reason=unstable_if action=reinterpret pc=0x000001f848ddedcc method=org.eclipse.osgi.framework.util.CaseInsensitiveDictionaryMap.findCommonKeyIndex(Ljava/lang/String;)Lorg/eclipse/osgi/framework/util/CaseInsensitiveDictionaryMap$CaseInsensit
Event: 0.884 Thread 0x000001f857d8f570 DEOPT PACKING pc=0x000001f848ddedcc sp=0x00000066ec3fe070
Event: 0.884 Thread 0x000001f857d8f570 DEOPT UNPACKING pc=0x000001f8487b66a3 sp=0x00000066ec3fe010 mode 2

Classes unloaded (0 events):
No events

Classes redefined (0 events):
No events

Internal exceptions (20 events):
Event: 0.361 Thread 0x000001f83e58fbb0 Exception <a 'java/io/FileNotFoundException'{0x00000000ec0eb530}> (0x00000000ec0eb530) 
thrown [s\src\hotspot\share\prims\jni.cpp, line 516]
Event: 0.378 Thread 0x000001f83e58fbb0 Implicit null exception at 0x000001f848d55060 to 0x000001f848d550fa
Event: 0.378 Thread 0x000001f83e58fbb0 Implicit null exception at 0x000001f848d485ec to 0x000001f848d487e4
Event: 0.378 Thread 0x000001f83e58fbb0 Implicit null exception at 0x000001f848d499ec to 0x000001f848d49bd4
Event: 0.378 Thread 0x000001f83e58fbb0 Implicit null exception at 0x000001f848d3f70f to 0x000001f848d3f789
Event: 0.401 Thread 0x000001f83e58fbb0 Exception <a 'java/lang/NoSuchMethodError'{0x00000000ec3c0020}: 'int java.lang.invoke.DirectMethodHandle$Holder.invokeStaticInit(java.lang.Object, java.lang.Object, java.lang.Object, java.lang.Object)'> (0x00000000ec3c0020) 
thrown [s\src\hotspot\share\interpreter\linkResolver.cpp, line 759]
Event: 0.402 Thread 0x000001f83e58fbb0 Exception <a 'java/lang/NoSuchMethodError'{0x00000000ec3ca690}: 'java.lang.Object java.lang.invoke.DirectMethodHandle$Holder.invokeInterface(java.lang.Object, java.lang.Object)'> (0x00000000ec3ca690) 
thrown [s\src\hotspot\share\interpreter\linkResolver.cpp, line 759]
Event: 0.402 Thread 0x000001f83e58fbb0 Exception <a 'java/lang/IncompatibleClassChangeError'{0x00000000ec3cde88}: Found class java.lang.Object, but interface was expected> (0x00000000ec3cde88) 
thrown [s\src\hotspot\share\interpreter\linkResolver.cpp, line 826]
Event: 0.403 Thread 0x000001f83e58fbb0 Exception <a 'java/lang/NoSuchMethodError'{0x00000000ec3d2378}: 'void java.lang.invoke.DirectMethodHandle$Holder.invokeStatic(java.lang.Object, java.lang.Object)'> (0x00000000ec3d2378) 
thrown [s\src\hotspot\share\interpreter\linkResolver.cpp, line 759]
Event: 0.403 Thread 0x000001f83e58fbb0 Exception <a 'java/lang/NoSuchMethodError'{0x00000000ec3d5b78}: 'void java.lang.invoke.DirectMethodHandle$Holder.invokeStaticInit(java.lang.Object, java.lang.Object)'> (0x00000000ec3d5b78) 
thrown [s\src\hotspot\share\interpreter\linkResolver.cpp, line 759]
Event: 0.403 Thread 0x000001f83e58fbb0 Exception <a 'java/lang/NoSuchMethodError'{0x00000000ec3dcfe8}: 'int java.lang.invoke.DirectMethodHandle$Holder.invokeStaticInit(java.lang.Object, java.lang.Object)'> (0x00000000ec3dcfe8) 
thrown [s\src\hotspot\share\interpreter\linkResolver.cpp, line 759]
Event: 0.426 Thread 0x000001f83e58fbb0 Exception <a 'java/lang/NoSuchMethodError'{0x00000000eac67718}: 'void java.lang.invoke.DirectMethodHandle$Holder.invokeSpecial(java.lang.Object, java.lang.Object, java.lang.Object)'> (0x00000000eac67718) 
thrown [s\src\hotspot\share\interpreter\linkResolver.cpp, line 759]
Event: 0.587 Thread 0x000001f83e58fbb0 Exception <a 'java/lang/NoSuchMethodError'{0x00000000eb9e6380}: 'java.lang.Object java.lang.invoke.DirectMethodHandle$Holder.newInvokeSpecial(java.lang.Object, int, java.lang.Object)'> (0x00000000eb9e6380) 
thrown [s\src\hotspot\share\interpreter\linkResolver.cpp, line 759]
Event: 0.665 Thread 0x000001f83e58fbb0 Exception <a 'java/lang/UnsatisfiedLinkError'{0x00000000ebf8ea30}: 'void org.eclipse.equinox.launcher.JNIBridge._update_splash()'> (0x00000000ebf8ea30) 
thrown [s\src\hotspot\share\prims\nativeLookup.cpp, line 543]
Event: 0.698 Thread 0x000001f857d8f570 Exception <a 'java/lang/NoSuchMethodError'{0x00000000ec2f5610}: 'java.lang.Object java.lang.invoke.DirectMethodHandle$Holder.invokeStaticInit(java.lang.Object)'> (0x00000000ec2f5610) 
thrown [s\src\hotspot\share\interpreter\linkResolver.cpp, line 759]
Event: 0.708 Thread 0x000001f857d8f570 Exception <a 'java/lang/NoSuchMethodError'{0x00000000ec3be1b0}: 'java.lang.Object java.lang.invoke.DirectMethodHandle$Holder.newInvokeSpecial(java.lang.Object, java.lang.Object, int, java.lang.Object)'> (0x00000000ec3be1b0) 
thrown [s\src\hotspot\share\interpreter\linkResolver.cpp, line 759]
Event: 0.708 Thread 0x000001f857d8f570 Exception <a 'java/lang/NoSuchMethodError'{0x00000000ec3c2498}: 'java.lang.Object java.lang.invoke.DirectMethodHandle$Holder.invokeSpecial(java.lang.Object, java.lang.Object, java.lang.Object, int, java.lang.Object)'> (0x00000000ec3c2498) 
thrown [s\src\hotspot\share\interpreter\linkResolver.cpp, line 759]
Event: 0.736 Thread 0x000001f857d8f570 Exception <a 'java/lang/ClassNotFoundException'{0x00000000ead82b20}: sun/util/logging/resources/spi/loggingProvider> (0x00000000ead82b20) 
thrown [s\src\hotspot\share\classfile\systemDictionary.cpp, line 256]
Event: 0.898 Thread 0x000001f857d8f570 Exception <a 'java/lang/NullPointerException'{0x00000000ec338778}> (0x00000000ec338778) 
thrown [s\src\hotspot\share\interpreter\linkResolver.cpp, line 1350]
Event: 0.898 Thread 0x000001f857d8f570 Exception <a 'java/lang/NullPointerException'{0x00000000ec338a50}> (0x00000000ec338a50) 
thrown [s\src\hotspot\share\interpreter\linkResolver.cpp, line 1350]

VM Operations (20 events):
Event: 0.564 Executing VM operation: HandshakeAllThreads done
Event: 0.568 Executing VM operation: HandshakeAllThreads
Event: 0.568 Executing VM operation: HandshakeAllThreads done
Event: 0.576 Executing VM operation: HandshakeAllThreads
Event: 0.576 Executing VM operation: HandshakeAllThreads done
Event: 0.692 Executing VM operation: HandshakeAllThreads
Event: 0.692 Executing VM operation: HandshakeAllThreads done
Event: 0.712 Executing VM operation: ParallelGCFailedAllocation
Event: 0.715 Executing VM operation: ParallelGCFailedAllocation done
Event: 0.726 Executing VM operation: HandshakeAllThreads
Event: 0.726 Executing VM operation: HandshakeAllThreads done
Event: 0.743 Executing VM operation: HandshakeAllThreads
Event: 0.743 Executing VM operation: HandshakeAllThreads done
Event: 0.751 Executing VM operation: HandshakeAllThreads
Event: 0.751 Executing VM operation: HandshakeAllThreads done
Event: 0.757 Executing VM operation: HandshakeAllThreads
Event: 0.757 Executing VM operation: HandshakeAllThreads done
Event: 0.896 Executing VM operation: HandshakeAllThreads
Event: 0.896 Executing VM operation: HandshakeAllThreads done
Event: 0.905 Executing VM operation: ParallelGCFailedAllocation

Events (20 events):
Event: 0.898 loading class java/util/AbstractMap$1$1
Event: 0.898 loading class java/util/AbstractMap$1$1 done
Event: 0.901 loading class org/xml/sax/helpers/DefaultHandler
Event: 0.901 loading class org/xml/sax/EntityResolver
Event: 0.901 loading class org/xml/sax/EntityResolver done
Event: 0.901 loading class org/xml/sax/DTDHandler
Event: 0.901 loading class org/xml/sax/DTDHandler done
Event: 0.901 loading class org/xml/sax/ContentHandler
Event: 0.901 loading class org/xml/sax/ContentHandler done
Event: 0.901 loading class org/xml/sax/ErrorHandler
Event: 0.901 loading class org/xml/sax/ErrorHandler done
Event: 0.901 loading class org/xml/sax/helpers/DefaultHandler done
Event: 0.902 loading class org/xml/sax/SAXException
Event: 0.902 loading class org/xml/sax/SAXException done
Event: 0.902 loading class javax/xml/parsers/SAXParserFactory
Event: 0.903 loading class javax/xml/parsers/SAXParserFactory done
Event: 0.903 loading class javax/xml/parsers/FactoryFinder
Event: 0.903 loading class javax/xml/parsers/FactoryFinder done
Event: 0.903 loading class jdk/xml/internal/SecuritySupport
Event: 0.903 loading class jdk/xml/internal/SecuritySupport done


Dynamic libraries:
0x00007ff6860d0000 - 0x00007ff6860de000 	c:\Users\Usuario\.vscode\extensions\redhat.java-1.28.1-win32-x64\jre\17.0.10-win32-x86_64\bin\java.exe
0x00007ff8b5090000 - 0x00007ff8b5288000 	C:\Windows\SYSTEM32\ntdll.dll
0x00007ff8b31b0000 - 0x00007ff8b326d000 	C:\Windows\System32\KERNEL32.DLL
0x00007ff8b2810000 - 0x00007ff8b2b06000 	C:\Windows\System32\KERNELBASE.dll
0x00007ff8b2ed0000 - 0x00007ff8b2fd0000 	C:\Windows\System32\ucrtbase.dll
0x00007ff89b2c0000 - 0x00007ff89b2db000 	c:\Users\Usuario\.vscode\extensions\redhat.java-1.28.1-win32-x64\jre\17.0.10-win32-x86_64\bin\VCRUNTIME140.dll
0x00007ff8ab440000 - 0x00007ff8ab457000 	c:\Users\Usuario\.vscode\extensions\redhat.java-1.28.1-win32-x64\jre\17.0.10-win32-x86_64\bin\jli.dll
0x00007ff8b4eb0000 - 0x00007ff8b504e000 	C:\Windows\System32\USER32.dll
0x00007ff8b2c60000 - 0x00007ff8b2c82000 	C:\Windows\System32\win32u.dll
0x00007ff8b1be0000 - 0x00007ff8b1e7a000 	C:\Windows\WinSxS\amd64_microsoft.windows.common-controls_6595b64144ccf1df_6.0.19041.1110_none_60b5254171f9507e\COMCTL32.dll
0x00007ff8b37f0000 - 0x00007ff8b381c000 	C:\Windows\System32\GDI32.dll
0x00007ff8b2fd0000 - 0x00007ff8b30ea000 	C:\Windows\System32\gdi32full.dll
0x00007ff8b2bc0000 - 0x00007ff8b2c5d000 	C:\Windows\System32\msvcp_win.dll
0x00007ff8b4c30000 - 0x00007ff8b4cce000 	C:\Windows\System32\msvcrt.dll
0x00007ff8b3100000 - 0x00007ff8b3130000 	C:\Windows\System32\IMM32.DLL
0x00007ff8abef0000 - 0x00007ff8abefc000 	c:\Users\Usuario\.vscode\extensions\redhat.java-1.28.1-win32-x64\jre\17.0.10-win32-x86_64\bin\vcruntime140_1.dll
0x00007ff88a000000 - 0x00007ff88a08d000 	c:\Users\Usuario\.vscode\extensions\redhat.java-1.28.1-win32-x64\jre\17.0.10-win32-x86_64\bin\msvcp140.dll
0x00007ff878190000 - 0x00007ff878df2000 	c:\Users\Usuario\.vscode\extensions\redhat.java-1.28.1-win32-x64\jre\17.0.10-win32-x86_64\bin\server\jvm.dll
0x00007ff8b4b80000 - 0x00007ff8b4c2e000 	C:\Windows\System32\ADVAPI32.dll
0x00007ff8b3750000 - 0x00007ff8b37ec000 	C:\Windows\System32\sechost.dll
0x00007ff8b3350000 - 0x00007ff8b3476000 	C:\Windows\System32\RPCRT4.dll
0x00007ff8b25d0000 - 0x00007ff8b261b000 	C:\Windows\SYSTEM32\POWRPROF.dll
0x00007ff87eee0000 - 0x00007ff87eee9000 	C:\Windows\SYSTEM32\WSOCK32.dll
0x00007ff8b3480000 - 0x00007ff8b34eb000 	C:\Windows\System32\WS2_32.dll
0x00007ff8a8040000 - 0x00007ff8a804a000 	C:\Windows\SYSTEM32\VERSION.dll
0x00007ff8969c0000 - 0x00007ff8969e7000 	C:\Windows\SYSTEM32\WINMM.dll
0x00007ff8b25b0000 - 0x00007ff8b25c2000 	C:\Windows\SYSTEM32\UMPDC.dll
0x00007ff8affc0000 - 0x00007ff8affd2000 	C:\Windows\SYSTEM32\kernel.appcore.dll
0x00007ff8adb60000 - 0x00007ff8adb6a000 	c:\Users\Usuario\.vscode\extensions\redhat.java-1.28.1-win32-x64\jre\17.0.10-win32-x86_64\bin\jimage.dll
0x00007ff8b2080000 - 0x00007ff8b2264000 	C:\Windows\SYSTEM32\DBGHELP.DLL
0x00007ff8b1ea0000 - 0x00007ff8b1ed4000 	C:\Windows\SYSTEM32\dbgcore.DLL
0x00007ff8b2df0000 - 0x00007ff8b2e72000 	C:\Windows\System32\bcryptPrimitives.dll
0x00007ff8ac9d0000 - 0x00007ff8ac9de000 	c:\Users\Usuario\.vscode\extensions\redhat.java-1.28.1-win32-x64\jre\17.0.10-win32-x86_64\bin\instrument.dll
0x00007ff89b580000 - 0x00007ff89b5a5000 	c:\Users\Usuario\.vscode\extensions\redhat.java-1.28.1-win32-x64\jre\17.0.10-win32-x86_64\bin\java.dll
0x00007ff8ac820000 - 0x00007ff8ac838000 	c:\Users\Usuario\.vscode\extensions\redhat.java-1.28.1-win32-x64\jre\17.0.10-win32-x86_64\bin\zip.dll
0x00007ff8b3d00000 - 0x00007ff8b4444000 	C:\Windows\System32\SHELL32.dll
0x00007ff8b01c0000 - 0x00007ff8b095b000 	C:\Windows\SYSTEM32\windows.storage.dll
0x00007ff8b4670000 - 0x00007ff8b49c4000 	C:\Windows\System32\combase.dll
0x00007ff8b1910000 - 0x00007ff8b193d000 	C:\Windows\SYSTEM32\Wldp.dll
0x00007ff8b4e00000 - 0x00007ff8b4ead000 	C:\Windows\System32\SHCORE.dll
0x00007ff8b4450000 - 0x00007ff8b44a5000 	C:\Windows\System32\shlwapi.dll
0x00007ff8b26a0000 - 0x00007ff8b26c5000 	C:\Windows\SYSTEM32\profapi.dll
0x00007ff89b560000 - 0x00007ff89b579000 	C:\Users\Usuario\.vscode\extensions\redhat.java-1.28.1-win32-x64\jre\17.0.10-win32-x86_64\bin\net.dll
0x00007ff8ad870000 - 0x00007ff8ad97a000 	C:\Windows\SYSTEM32\WINHTTP.dll
0x00007ff8b1780000 - 0x00007ff8b17ea000 	C:\Windows\system32\mswsock.dll
0x00007ff89b440000 - 0x00007ff89b456000 	C:\Users\Usuario\.vscode\extensions\redhat.java-1.28.1-win32-x64\jre\17.0.10-win32-x86_64\bin\nio.dll
0x00007ff8abf00000 - 0x00007ff8abf10000 	c:\Users\Usuario\.vscode\extensions\redhat.java-1.28.1-win32-x64\jre\17.0.10-win32-x86_64\bin\verify.dll
0x00007ff88b9f0000 - 0x00007ff88ba2e000 	C:\Users\Usuario\AppData\Roaming\Code\User\globalStorage\redhat.java\1.28.1\config_win\org.eclipse.equinox.launcher\org.eclipse.equinox.launcher.win32.win32.x86_64_1.2.900.v20240129-1338\eclipse_11900.dll
0x00007ff8b4cd0000 - 0x00007ff8b4dfa000 	C:\Windows\System32\ole32.dll

dbghelp: loaded successfully - version: 4.0.5 - missing functions: none
symbol engine: initialized successfully - sym options: 0x614 - pdb path: .;c:\Users\Usuario\.vscode\extensions\redhat.java-1.28.1-win32-x64\jre\17.0.10-win32-x86_64\bin;C:\Windows\SYSTEM32;C:\Windows\WinSxS\amd64_microsoft.windows.common-controls_6595b64144ccf1df_6.0.19041.1110_none_60b5254171f9507e;c:\Users\Usuario\.vscode\extensions\redhat.java-1.28.1-win32-x64\jre\17.0.10-win32-x86_64\bin\server;C:\Users\Usuario\AppData\Roaming\Code\User\globalStorage\redhat.java\1.28.1\config_win\org.eclipse.equinox.launcher\org.eclipse.equinox.launcher.win32.win32.x86_64_1.2.900.v20240129-1338

VM Arguments:
jvm_args: --add-modules=ALL-SYSTEM --add-opens=java.base/java.util=ALL-UNNAMED --add-opens=java.base/java.lang=ALL-UNNAMED --add-opens=java.base/sun.nio.fs=ALL-UNNAMED -Declipse.application=org.eclipse.jdt.ls.core.id1 -Dosgi.bundles.defaultStartLevel=4 -Declipse.product=org.eclipse.jdt.ls.core.product -Djava.import.generatesMetadataFilesAtProjectRoot=false -DDetectVMInstallationsJob.disabled=true -Dfile.encoding=utf8 -XX:+UseParallelGC -XX:GCTimeRatio=4 -XX:AdaptiveSizePolicyWeight=90 -Dsun.zip.disableMemoryMapping=true -Xmx1G -Xms100m -Xlog:disable -javaagent:c:\Users\Usuario\.vscode\extensions\redhat.java-1.28.1-win32-x64\lombok\lombok-1.18.31.jar -XX:+HeapDumpOnOutOfMemoryError -XX:HeapDumpPath=c:\Users\Usuario\AppData\Roaming\Code\User\workspaceStorage\ef68fe475a4c8989c11858262eae5c25\redhat.java -Daether.dependencyCollector.impl=bf 
java_command: c:\Users\Usuario\.vscode\extensions\redhat.java-1.28.1-win32-x64\server\plugins\org.eclipse.equinox.launcher_1.6.700.v20231214-2017.jar -configuration c:\Users\Usuario\AppData\Roaming\Code\User\globalStorage\redhat.java\1.28.1\config_win -data c:\Users\Usuario\AppData\Roaming\Code\User\workspaceStorage\ef68fe475a4c8989c11858262eae5c25\redhat.java\jdt_ws --stdio
java_class_path (initial): c:\Users\Usuario\.vscode\extensions\redhat.java-1.28.1-win32-x64\server\plugins\org.eclipse.equinox.launcher_1.6.700.v20231214-2017.jar
Launcher Type: SUN_STANDARD

[Global flags]
    uintx AdaptiveSizePolicyWeight                 = 90                                        {product} {command line}
     intx CICompilerCount                          = 3                                         {product} {ergonomic}
    uintx GCTimeRatio                              = 4                                         {product} {command line}
     bool HeapDumpOnOutOfMemoryError               = true                                   {manageable} {command line}
    ccstr HeapDumpPath                             = c:\Users\Usuario\AppData\Roaming\Code\User\workspaceStorage\ef68fe475a4c8989c11858262eae5c25\redhat.java         {manageable} {command line}
   size_t InitialHeapSize                          = 104857600                                 {product} {command line}
   size_t MaxHeapSize                              = 1073741824                                {product} {command line}
   size_t MaxNewSize                               = 357564416                                 {product} {ergonomic}
   size_t MinHeapDeltaBytes                        = 524288                                    {product} {ergonomic}
   size_t MinHeapSize                              = 104857600                                 {product} {command line}
   size_t NewSize                                  = 34603008                                  {product} {ergonomic}
    uintx NonNMethodCodeHeapSize                   = 5832780                                {pd product} {ergonomic}
    uintx NonProfiledCodeHeapSize                  = 122912730                              {pd product} {ergonomic}
   size_t OldSize                                  = 70254592                                  {product} {ergonomic}
    uintx ProfiledCodeHeapSize                     = 122912730                              {pd product} {ergonomic}
    uintx ReservedCodeCacheSize                    = 251658240                              {pd product} {ergonomic}
     bool SegmentedCodeCache                       = true                                      {product} {ergonomic}
   size_t SoftMaxHeapSize                          = 1073741824                             {manageable} {ergonomic}
     bool UseCompressedClassPointers               = true                           {product lp64_product} {ergonomic}
     bool UseCompressedOops                        = true                           {product lp64_product} {ergonomic}
     bool UseLargePagesIndividualAllocation        = false                                  {pd product} {ergonomic}
     bool UseParallelGC                            = true                                      {product} {command line}

Logging:
Log output configuration:
 #0: stdout all=off uptime,level,tags
 #1: stderr all=off uptime,level,tags

Environment Variables:
PATH=C:\Program Files (x86)\VMware\VMware Player\bin\;C:\Program Files\Common Files\Oracle\Java\javapath;C:\Windows\system32;C:\Windows;C:\Windows\System32\Wbem;C:\Windows\System32\WindowsPowerShell\v1.0\;C:\Windows\System32\OpenSSH\;C:\Program Files\PuTTY\;C:\msys64\ucrt64\bin;C:\workspace\apache-maven-3.9.6\bin;C:\Program Files\Git\cmd;C:\Users\Usuario\AppData\Local\Microsoft\WindowsApps;;C:\Users\Usuario\AppData\Local\Programs\Microsoft VS Code\bin
USERNAME=Usuario
OS=Windows_NT
PROCESSOR_IDENTIFIER=Intel64 Family 6 Model 158 Stepping 13, GenuineIntel
TMP=C:\Users\Usuario\AppData\Local\Temp
TEMP=C:\Users\Usuario\AppData\Local\Temp



Periodic native trim disabled


---------------  S Y S T E M  ---------------

OS:
 Windows 10 , 64 bit Build 19041 (10.0.19041.3393)
OS uptime: 0 days 4:57 hours

CPU: total 6 (initial active 6) (6 cores per cpu, 1 threads per core) family 6 model 158 stepping 13 microcode 0xbe, cx8, cmov, fxsr, mmx, 3dnowpref, sse, sse2, sse3, ssse3, sse4.1, sse4.2, popcnt, lzcnt, tsc, tscinvbit, avx, avx2, aes, erms, clmul, bmi1, bmi2, adx, fma, vzeroupper, clflush, clflushopt
Processor Information for all 6 processors :
  Max Mhz: 2904, Current Mhz: 2904, Mhz Limit: 2904

Memory: 4k page, system-wide physical 12158M (5187M free)
TotalPageFile size 14014M (AvailPageFile size 5807M)
current process WorkingSet (physical memory assigned to process): 105M, peak: 105M
current process commit charge ("private bytes"): 210M, peak: 211M

vm_info: OpenJDK 64-Bit Server VM (17.0.10+7) for windows-amd64 JRE (17.0.10+7), built on Jan 16 2024 23:25:11 by "admin" with MS VC++ 16.10 / 16.11 (VS2019)

END.
