#
# A fatal error has been detected by the Java Runtime Environment:
#
#  EXCEPTION_ACCESS_VIOLATION (0xc0000005) at pc=0x00007ff87883dde3, pid=10104, tid=11868
#
# JRE version: OpenJDK Runtime Environment Temurin-17.0.10+7 (17.0.10+7) (build 17.0.10+7)
# Java VM: OpenJDK 64-Bit Server VM Temurin-17.0.10+7 (17.0.10+7, mixed mode, tiered, compressed oops, compressed class ptrs, parallel gc, windows-amd64)
# Problematic frame:
# V  [jvm.dll+0x6adde3]
#
# No core dump will be written. Minidumps are not enabled by default on client versions of Windows
#
# If you would like to submit a bug report, please visit:
#   https://github.com/adoptium/adoptium-support/issues
#

---------------  S U M M A R Y ------------

Command Line: --add-modules=ALL-SYSTEM --add-opens=java.base/java.util=ALL-UNNAMED --add-opens=java.base/java.lang=ALL-UNNAMED --add-opens=java.base/sun.nio.fs=ALL-UNNAMED -Declipse.application=org.eclipse.jdt.ls.core.id1 -Dosgi.bundles.defaultStartLevel=4 -Declipse.product=org.eclipse.jdt.ls.core.product -Djava.import.generatesMetadataFilesAtProjectRoot=false -DDetectVMInstallationsJob.disabled=true -Dfile.encoding=utf8 -XX:+UseParallelGC -XX:GCTimeRatio=4 -XX:AdaptiveSizePolicyWeight=90 -Dsun.zip.disableMemoryMapping=true -Xmx1G -Xms100m -Xlog:disable -javaagent:c:\Users\Usuario\.vscode\extensions\redhat.java-1.28.1-win32-x64\lombok\lombok-1.18.31.jar -XX:+HeapDumpOnOutOfMemoryError -XX:HeapDumpPath=c:\Users\Usuario\AppData\Roaming\Code\User\workspaceStorage\ef68fe475a4c8989c11858262eae5c25\redhat.java -Daether.dependencyCollector.impl=bf c:\Users\Usuario\.vscode\extensions\redhat.java-1.28.1-win32-x64\server\plugins\org.eclipse.equinox.launcher_1.6.700.v20231214-2017.jar -configuration c:\Users\Usuario\AppData\Roaming\Code\User\globalStorage\redhat.java\1.28.1\config_win -data c:\Users\Usuario\AppData\Roaming\Code\User\workspaceStorage\ef68fe475a4c8989c11858262eae5c25\redhat.java\jdt_ws --stdio

Host: Intel(R) Core(TM) i5-9400 CPU @ 2.90GHz, 6 cores, 11G,  Windows 10 , 64 bit Build 19041 (10.0.19041.3393)
Time: Fri Mar  1 15:59:00 2024 Hora est. Pacífico, Sudamérica elapsed time: 13.920790 seconds (0d 0h 0m 13s)

---------------  T H R E A D  ---------------

Current thread (0x0000028b7dba19e0):  GCTaskThread "GC Thread#3" [stack: 0x000000b52e600000,0x000000b52e700000] [id=11868]

Stack: [0x000000b52e600000,0x000000b52e700000],  sp=0x000000b52e6ff9f0,  free space=1022k
Native frames: (J=compiled Java code, j=interpreted, Vv=VM code, C=native code)
V  [jvm.dll+0x6adde3]
V  [jvm.dll+0x6be2f3]
V  [jvm.dll+0x86226b]
V  [jvm.dll+0x8622b6]
V  [jvm.dll+0x7e3fba]
V  [jvm.dll+0x67c1b5]
C  [ucrtbase.dll+0x21bb2]
C  [KERNEL32.DLL+0x17344]
C  [ntdll.dll+0x526b1]


siginfo: EXCEPTION_ACCESS_VIOLATION (0xc0000005), reading address 0x00000001085e72e0


Registers:
RAX=0x00000001085e72d8, RBX=0x0000028b77bcde80, RCX=0x0000000000000003, RDX=0x00000000210bce5b
RSP=0x000000b52e6ff9f0, RBP=0x000000000000000c, RSI=0x00007ff878b40fb0, RDI=0x00000000d5c14e00
R8 =0xfffffffffffffff8, R9 =0x0000000000000005, R10=0x0000000000000001, R11=0x0000028b637ce0a3
R12=0x00000000d5c20008, R13=0x0000028b637ce0a3, R14=0x0000000000000000, R15=0x00000000d5c14cb0
RIP=0x00007ff87883dde3, EFLAGS=0x0000000000010206


Register to memory mapping:

RIP=0x00007ff87883dde3 jvm.dll
RAX=0x00000001085e72d8 is an unknown value
RBX=0x0000028b77bcde80 points into unknown readable memory: 0x00007ff878b41db8 | b8 1d b4 78 f8 7f 00 00
RCX=0x0000000000000003 is an unknown value
RDX=0x00000000210bce5b is an unknown value
RSP=0x000000b52e6ff9f0 points into unknown readable memory: 0x0000028b77bcde80 | 80 de bc 77 8b 02 00 00
RBP=0x000000000000000c is an unknown value
RSI=0x00007ff878b40fb0 jvm.dll
RDI=0x00000000d5c14e00 is pointing into object: [C 
{0x00000000d5c14d50} - klass: {type array char}
 - length: 324
R8 =0xfffffffffffffff8 is an unknown value
R9 =0x0000000000000005 is an unknown value
R10=0x0000000000000001 is an unknown value
R11=0x0000028b637ce0a3 points into unknown readable memory: 03 03 03 03 ff
R12=0x00000000d5c20008 is an oop: org.eclipse.jdt.internal.core.util.SimpleWordSet 
{0x00000000d5c20008} - klass: 'org/eclipse/jdt/internal/core/util/SimpleWordSet'
 - ---- fields (total size 3 words):
 - public 'elementSize' 'I' @12  1
 - public 'threshold' 'I' @16  1
 - public 'words' '[[C' @20  a {type array char}[2] {0x00000000d5c20020} (d5c20020)
R13=0x0000028b637ce0a3 points into unknown readable memory: 03 03 03 03 ff
R14=0x0 is NULL
R15=
[error occurred during error reporting (printing register info), id 0xc0000005, EXCEPTION_ACCESS_VIOLATION (0xc0000005) at pc=0x00007ff878819936]

Top of Stack: (sp=0x000000b52e6ff9f0)
0x000000b52e6ff9f0:   0000028b77bcde80 00007ff878b40fb0
0x000000b52e6ffa00:   000000000000000c 00007ff878b40fb0
0x000000b52e6ffa10:   0000028b637ce0a7 00000000d5c20008
0x000000b52e6ffa20:   0000028b637ce080 0000028b637ce000
0x000000b52e6ffa30:   0000028b637ce307 00007ff878b40fb0
0x000000b52e6ffa40:   0000028b63d76a60 0000028b77bcde80
0x000000b52e6ffa50:   0000000000000300 0000000000000080
0x000000b52e6ffa60:   0000028b7de0cc40 0000000000000001
0x000000b52e6ffa70:   0000000000000000 000000b52d6ff370
0x000000b52e6ffa80:   0000028b7dba19e0 0000028b77bcde80
0x000000b52e6ffa90:   0000000000000000 0000028b7de0cc40
0x000000b52e6ffaa0:   000000b52e6ffb49 00007ff87884e2f3
0x000000b52e6ffab0:   0000028b63d57890 0000028b63d7f210
0x000000b52e6ffac0:   0000028b637ce101 00000000d5c60d50
0x000000b52e6ffad0:   0000028b77bcde80 0000000000000001
0x000000b52e6ffae0:   0000000000000006 000000b52d6feed8
0x000000b52e6ffaf0:   000000012d6fecc8 0000028b7de0cc40
0x000000b52e6ffb00:   00007ff878b41f08 00007ff8b28330ce
0x000000b52e6ffb10:   000000b52d6ff370 0000028b7d476690
0x000000b52e6ffb20:   00000000000003d8 0000028b7d4766a0
0x000000b52e6ffb30:   0000028b7d476a78 0000000008365a2c
0x000000b52e6ffb40:   0000000000000048 0000000000000001
0x000000b52e6ffb50:   0000000000000000 0000000000000000
0x000000b52e6ffb60:   0000000000000000 000024ee34eac724
0x000000b52e6ffb70:   0000000000000000 0000028b7dba19e0
0x000000b52e6ffb80:   0000000000000000 0000000000000000
0x000000b52e6ffb90:   000000b52d6ff370 0000028b7dba19e0
0x000000b52e6ffba0:   0000000000000000 00007ff8789f226b
0x000000b52e6ffbb0:   0000000000000002 0000000000000000
0x000000b52e6ffbc0:   0000000000000002 000000b52d6ff370
0x000000b52e6ffbd0:   00000000000075a3 00007ff8789f22b6
0x000000b52e6ffbe0:   0000028b7dba19e0 000000b5ffffffff 

Instructions: (pc=0x00007ff87883dde3)
0x00007ff87883dce3:   b6 15 99 56 4d 00 44 8b c8 49 63 c1 48 8b ce 48
0x00007ff87883dcf3:   8d 1c c3 49 3b dc 0f 86 52 ff ff ff 48 8b 84 24
0x00007ff87883dd03:   c0 00 00 00 49 3b ff 4c 8b 64 24 28 4c 0f 43 ff
0x00007ff87883dd13:   48 8b f9 48 c1 e7 09 49 8b df 48 8b 40 40 48 c1
0x00007ff87883dd23:   e0 09 48 2b f8 49 3b fc 76 05 49 8b fc eb 11 48
0x00007ff87883dd33:   3b bc 24 d8 00 00 00 48 0f 47 bc 24 d8 00 00 00
0x00007ff87883dd43:   4c 8b 4c 24 30 48 8b 84 24 d0 00 00 00 49 ff c1
0x00007ff87883dd53:   4d 3b e9 48 89 4c 24 20 4d 0f 47 cd 48 ff c8 48
0x00007ff87883dd63:   3b c8 48 0f 42 c1 45 33 f6 4c 8b c0 4d 2b c1 4c
0x00007ff87883dd73:   3b c8 4d 0f 47 c6 4d 85 c0 74 17 48 89 4c 24 20
0x00007ff87883dd83:   b2 ff 49 8b c9 e8 05 36 1e 00 44 0f b6 15 ed 55
0x00007ff87883dd93:   4d 00 44 39 35 9c aa 46 00 0f 84 4a 01 00 00 48
0x00007ff87883dda3:   3b df 0f 83 99 02 00 00 48 8b 9c 24 e0 00 00 00
0x00007ff87883ddb3:   48 8d 35 f6 31 30 00 bd 0c 00 00 00 90 45 84 d2
0x00007ff87883ddc3:   74 18 41 8b 57 08 8b 0d 29 95 46 00 8b c2 48 d3
0x00007ff87883ddd3:   e0 48 03 05 15 95 46 00 eb 06 49 8b 47 08 8b d0
0x00007ff87883dde3:   81 78 08 00 00 00 c0 73 53 48 8b 05 7d fb 4e 00
0x00007ff87883ddf3:   48 89 44 24 50 48 89 74 24 48 48 89 5c 24 58 45
0x00007ff87883de03:   84 d2 74 15 8b 0d eb 94 46 00 44 8b c2 49 d3 e0
0x00007ff87883de13:   4c 03 05 d6 94 46 00 eb 04 4d 8b 47 08 49 63 40
0x00007ff87883de23:   0c 48 8d 4c 24 48 49 8b d7 4c 8d 0d 0d e9 47 00
0x00007ff87883de33:   41 ff 14 c1 44 0f b6 15 43 55 4d 00 45 84 d2 74
0x00007ff87883de43:   16 45 8b 47 08 8b 0d aa 94 46 00 49 d3 e0 4c 03
0x00007ff87883de53:   05 98 94 46 00 eb 04 4d 8b 47 08 45 8b 48 08 45
0x00007ff87883de63:   85 c9 7e 0c 41 f6 c1 01 75 50 41 c1 f9 03 eb 64
0x00007ff87883de73:   79 48 8b 05 b9 a3 46 00 45 84 d2 b9 10 00 00 00
0x00007ff87883de83:   48 0f 45 cd ff c8 4c 63 c0 41 8b c1 48 c1 f8 10
0x00007ff87883de93:   4a 63 14 39 41 8b c9 83 e1 3f 48 d3 e2 0f b6 c8
0x00007ff87883dea3:   49 8d 04 10 49 f7 d0 48 03 c8 4d 8b c8 49 c1 e9
0x00007ff87883deb3:   03 48 c1 e9 03 44 23 c9 eb 1a 49 8b 00 49 8b d7
0x00007ff87883dec3:   49 8b c8 ff 90 00 01 00 00 44 0f b6 15 ae 54 4d
0x00007ff87883ded3:   00 44 8b c8 49 63 c1 4d 8d 3c c7 4c 3b ff 0f 82 


Stack slot to memory mapping:
stack at sp + 0 slots: 0x0000028b77bcde80 points into unknown readable memory: 0x00007ff878b41db8 | b8 1d b4 78 f8 7f 00 00
stack at sp + 1 slots: 0x00007ff878b40fb0 jvm.dll
stack at sp + 2 slots: 0x000000000000000c is an unknown value
stack at sp + 3 slots: 0x00007ff878b40fb0 jvm.dll
stack at sp + 4 slots: 0x0000028b637ce0a7 points into unknown readable memory: ff
stack at sp + 5 slots: 0x00000000d5c20008 is an oop: org.eclipse.jdt.internal.core.util.SimpleWordSet 
{0x00000000d5c20008} - klass: 'org/eclipse/jdt/internal/core/util/SimpleWordSet'
 - ---- fields (total size 3 words):
 - public 'elementSize' 'I' @12  1
 - public 'threshold' 'I' @16  1
 - public 'words' '[[C' @20  a {type array char}[2] {0x00000000d5c20020} (d5c20020)
stack at sp + 6 slots: 0x0000028b637ce080 points into unknown readable memory: 0x0303030303030303 | 03 03 03 03 03 03 03 03
stack at sp + 7 slots: 0x0000028b637ce000 points into unknown readable memory: 0x0303030303030303 | 03 03 03 03 03 03 03 03


---------------  P R O C E S S  ---------------

Threads class SMR info:
_java_thread_list=0x0000028b7d7bfcd0, length=32, elements={
0x0000028b63d67730, 0x0000028b77bea750, 0x0000028b77bebff0, 0x0000028b77c09280,
0x0000028b77c0c020, 0x0000028b77c0d640, 0x0000028b77c0e200, 0x0000028b7d44b090,
0x0000028b7d44d9a0, 0x0000028b7d4c51b0, 0x0000028b7d4f26f0, 0x0000028b7d887ff0,
0x0000028b7e024a20, 0x0000028b7e0f07c0, 0x0000028b7dfd5860, 0x0000028b7e876ac0,
0x0000028b7ea0f0b0, 0x0000028b7e72d5b0, 0x0000028b7e72cb90, 0x0000028b7e72ef00,
0x0000028b7e72d0a0, 0x0000028b7e72dac0, 0x0000028b7e72dfd0, 0x0000028b7e72e4e0,
0x0000028b7e72c680, 0x0000028b7ef72990, 0x0000028b7ef70620, 0x0000028b7ef6c960,
0x0000028b7ef72480, 0x0000028b7ef733b0, 0x0000028b7ef6bf40, 0x0000028b7ef6f1e0
}

Java Threads: ( => current thread )
  0x0000028b63d67730 JavaThread "main" [_thread_blocked, id=640, stack(0x000000b52d400000,0x000000b52d500000)]
  0x0000028b77bea750 JavaThread "Reference Handler" daemon [_thread_blocked, id=10052, stack(0x000000b52d700000,0x000000b52d800000)]
  0x0000028b77bebff0 JavaThread "Finalizer" daemon [_thread_blocked, id=13052, stack(0x000000b52d800000,0x000000b52d900000)]
  0x0000028b77c09280 JavaThread "Signal Dispatcher" daemon [_thread_blocked, id=5864, stack(0x000000b52d900000,0x000000b52da00000)]
  0x0000028b77c0c020 JavaThread "Attach Listener" daemon [_thread_blocked, id=7724, stack(0x000000b52da00000,0x000000b52db00000)]
  0x0000028b77c0d640 JavaThread "Service Thread" daemon [_thread_blocked, id=12668, stack(0x000000b52db00000,0x000000b52dc00000)]
  0x0000028b77c0e200 JavaThread "Monitor Deflation Thread" daemon [_thread_blocked, id=9944, stack(0x000000b52dc00000,0x000000b52dd00000)]
  0x0000028b7d44b090 JavaThread "C2 CompilerThread0" daemon [_thread_blocked, id=11912, stack(0x000000b52dd00000,0x000000b52de00000)]
  0x0000028b7d44d9a0 JavaThread "C1 CompilerThread0" daemon [_thread_blocked, id=5808, stack(0x000000b52de00000,0x000000b52df00000)]
  0x0000028b7d4c51b0 JavaThread "Sweeper thread" daemon [_thread_blocked, id=10492, stack(0x000000b52df00000,0x000000b52e000000)]
  0x0000028b7d4f26f0 JavaThread "Common-Cleaner" daemon [_thread_blocked, id=11120, stack(0x000000b52e000000,0x000000b52e100000)]
  0x0000028b7d887ff0 JavaThread "Notification Thread" daemon [_thread_blocked, id=10852, stack(0x000000b52e200000,0x000000b52e300000)]
  0x0000028b7e024a20 JavaThread "Active Thread: Equinox Container: 5caa75bf-d3d9-4724-a924-1d55b38a30b0" [_thread_blocked, id=7908, stack(0x000000b52e900000,0x000000b52ea00000)]
  0x0000028b7e0f07c0 JavaThread "Framework Event Dispatcher: Equinox Container: 5caa75bf-d3d9-4724-a924-1d55b38a30b0" daemon [_thread_blocked, id=1004, stack(0x000000b52ea00000,0x000000b52eb00000)]
  0x0000028b7dfd5860 JavaThread "Start Level: Equinox Container: 5caa75bf-d3d9-4724-a924-1d55b38a30b0" daemon [_thread_blocked, id=11700, stack(0x000000b52eb00000,0x000000b52ec00000)]
  0x0000028b7e876ac0 JavaThread "Bundle File Closer" daemon [_thread_blocked, id=11536, stack(0x000000b52ec00000,0x000000b52ed00000)]
  0x0000028b7ea0f0b0 JavaThread "SCR Component Actor" daemon [_thread_blocked, id=12592, stack(0x000000b52ed00000,0x000000b52ee00000)]
  0x0000028b7e72d5b0 JavaThread "Worker-JM" [_thread_blocked, id=5084, stack(0x000000b52ef00000,0x000000b52f000000)]
  0x0000028b7e72cb90 JavaThread "Worker-0: Java indexing... " [_thread_blocked, id=12292, stack(0x000000b52f000000,0x000000b52f100000)]
  0x0000028b7e72ef00 JavaThread "Worker-1" [_thread_blocked, id=13016, stack(0x000000b52f100000,0x000000b52f200000)]
  0x0000028b7e72d0a0 JavaThread "Java indexing" daemon [_thread_blocked, id=12380, stack(0x000000b52f200000,0x000000b52f300000)]
  0x0000028b7e72dac0 JavaThread "JNA Cleaner" daemon [_thread_blocked, id=8456, stack(0x000000b52f300000,0x000000b52f400000)]
  0x0000028b7e72dfd0 JavaThread "pool-2-thread-1" [_thread_blocked, id=12720, stack(0x000000b52f600000,0x000000b52f700000)]
  0x0000028b7e72e4e0 JavaThread "WorkspaceEventsHandler" [_thread_blocked, id=12596, stack(0x000000b52f700000,0x000000b52f800000)]
  0x0000028b7e72c680 JavaThread "pool-1-thread-1" [_thread_in_native, id=4684, stack(0x000000b52f800000,0x000000b52f900000)]
  0x0000028b7ef72990 JavaThread "Worker-2" [_thread_blocked, id=10092, stack(0x000000b52f900000,0x000000b52fa00000)]
  0x0000028b7ef70620 JavaThread "Worker-3" [_thread_blocked, id=11636, stack(0x000000b52fa00000,0x000000b52fb00000)]
  0x0000028b7ef6c960 JavaThread "Worker-4" [_thread_blocked, id=3400, stack(0x000000b52fb00000,0x000000b52fc00000)]
  0x0000028b7ef72480 JavaThread "Worker-5" [_thread_blocked, id=11408, stack(0x000000b52fc00000,0x000000b52fd00000)]
  0x0000028b7ef733b0 JavaThread "ForkJoinPool.commonPool-worker-1" daemon [_thread_blocked, id=12500, stack(0x000000b52fd00000,0x000000b52fe00000)]
  0x0000028b7ef6bf40 JavaThread "ForkJoinPool.commonPool-worker-2" daemon [_thread_blocked, id=6552, stack(0x000000b52fe00000,0x000000b52ff00000)]
  0x0000028b7ef6f1e0 JavaThread "ForkJoinPool.commonPool-worker-3" daemon [_thread_blocked, id=11432, stack(0x000000b52ff00000,0x000000b530000000)]

Other Threads:
  0x0000028b77bd30b0 VMThread "VM Thread" [stack: 0x000000b52d600000,0x000000b52d700000] [id=4700]
  0x0000028b7d77f030 WatcherThread [stack: 0x000000b52e300000,0x000000b52e400000] [id=10248]
  0x0000028b63d75500 GCTaskThread "GC Thread#0" [stack: 0x000000b52d500000,0x000000b52d600000] [id=12536]
  0x0000028b7db14a30 GCTaskThread "GC Thread#1" [stack: 0x000000b52e400000,0x000000b52e500000] [id=11744]
  0x0000028b7dba1720 GCTaskThread "GC Thread#2" [stack: 0x000000b52e500000,0x000000b52e600000] [id=13064]
=>0x0000028b7dba19e0 GCTaskThread "GC Thread#3" [stack: 0x000000b52e600000,0x000000b52e700000] [id=11868]
  0x0000028b7dba1ca0 GCTaskThread "GC Thread#4" [stack: 0x000000b52e700000,0x000000b52e800000] [id=12140]
  0x0000028b7dba1f60 GCTaskThread "GC Thread#5" [stack: 0x000000b52e800000,0x000000b52e900000] [id=5892]

Threads with active compile tasks:

VM state: at safepoint (normal execution)

VM Mutex/Monitor currently owned by a thread:  ([mutex/lock_event])
[0x0000028b63d644b0] Threads_lock - owner thread: 0x0000028b77bd30b0
[0x0000028b63d63c40] Heap_lock - owner thread: 0x0000028b7e72d0a0

Heap address: 0x00000000c0000000, size: 1024 MB, Compressed Oops mode: 32-bit

CDS archive(s) not mapped
Compressed class space mapped at: 0x0000000100000000-0x0000000140000000, reserved size: 1073741824
Narrow klass base: 0x0000000000000000, Narrow klass shift: 3, Narrow klass range: 0x140000000

GC Precious Log:
 CPUs: 6 total, 6 available
 Memory: 12158M
 Large Page Support: Disabled
 NUMA Support: Disabled
 Compressed Oops: Enabled (32-bit)
 Alignments: Space 512K, Generation 512K, Heap 2M
 Heap Min Capacity: 100M
 Heap Initial Capacity: 100M
 Heap Max Capacity: 1G
 Pre-touch: Disabled
 Parallel Workers: 6

Heap:
 PSYoungGen      total 21504K, used 21312K [0x00000000eab00000, 0x00000000eca00000, 0x0000000100000000)
  eden space 18944K, 100% used [0x00000000eab00000,0x00000000ebd80000,0x00000000ebd80000)
  from space 2560K, 92% used [0x00000000ebd80000,0x00000000ebfd0000,0x00000000ec000000)
  to   space 5632K, 52% used [0x00000000ec480000,0x00000000ec765538,0x00000000eca00000)
 ParOldGen       total 369152K, used 356739K [0x00000000c0000000, 0x00000000d6880000, 0x00000000eab00000)
  object space 369152K, 96% used [0x00000000c0000000,0x00000000d5c60d50,0x00000000d6880000)
 Metaspace       used 71322K, committed 72768K, reserved 1114112K
  class space    used 7501K, committed 8128K, reserved 1048576K

Card table byte_map: [0x0000028b63720000,0x0000028b63930000] _byte_map_base: 0x0000028b63120000

Marking Bits: (ParMarkBitMap*) 0x00007ff878d2d7d0
 Begin Bits: [0x0000028b75a10000, 0x0000028b76a10000)
 End Bits:   [0x0000028b76a10000, 0x0000028b77a10000)

Polling page: 0x0000028b61c60000

Metaspace:

Usage:
  Non-class:     62.33 MB used.
      Class:      7.33 MB used.
       Both:     69.65 MB used.

Virtual space:
  Non-class space:       64.00 MB reserved,      63.12 MB ( 99%) committed,  1 nodes.
      Class space:        1.00 GB reserved,       7.94 MB ( <1%) committed,  1 nodes.
             Both:        1.06 GB reserved,      71.06 MB (  7%) committed. 

Chunk freelists:
   Non-Class:  656.00 KB
       Class:  7.92 MB
        Both:  8.56 MB

MaxMetaspaceSize: unlimited
CompressedClassSpaceSize: 1.00 GB
Initial GC threshold: 21.00 MB
Current GC threshold: 118.12 MB
CDS: off
MetaspaceReclaimPolicy: balanced
 - commit_granule_bytes: 65536.
 - commit_granule_words: 8192.
 - virtual_space_node_default_size: 8388608.
 - enlarge_chunks_in_place: 1.
 - new_chunks_are_fully_committed: 0.
 - uncommit_free_chunks: 1.
 - use_allocation_guard: 0.
 - handle_deallocations: 1.


Internal statistics:

num_allocs_failed_limit: 6.
num_arena_births: 872.
num_arena_deaths: 22.
num_vsnodes_births: 2.
num_vsnodes_deaths: 0.
num_space_committed: 1137.
num_space_uncommitted: 0.
num_chunks_returned_to_freelist: 32.
num_chunks_taken_from_freelist: 3734.
num_chunk_merges: 12.
num_chunk_splits: 2373.
num_chunks_enlarged: 1519.
num_inconsistent_stats: 0.

CodeHeap 'non-profiled nmethods': size=120000Kb used=6778Kb max_used=6778Kb free=113221Kb
 bounds [0x0000028b6e4e0000, 0x0000028b6eb80000, 0x0000028b75a10000]
CodeHeap 'profiled nmethods': size=120000Kb used=19994Kb max_used=21140Kb free=100005Kb
 bounds [0x0000028b66a10000, 0x0000028b67ec0000, 0x0000028b6df40000]
CodeHeap 'non-nmethods': size=5760Kb used=1350Kb max_used=1497Kb free=4410Kb
 bounds [0x0000028b6df40000, 0x0000028b6e1b0000, 0x0000028b6e4e0000]
 total_blobs=10650 nmethods=9955 adapters=607
 compilation: enabled
              stopped_count=0, restarted_count=0
 full_count=0

Compilation events (20 events):
Event: 13.793 Thread 0x0000028b7d44d9a0 12302   !   3       sun.nio.fs.WindowsPath::openForReadAttributeAccess (44 bytes)
Event: 13.793 Thread 0x0000028b7d44d9a0 nmethod 12302 0x0000028b67258c10 code [0x0000028b67258de0, 0x0000028b672590f8]
Event: 13.793 Thread 0x0000028b7d44d9a0 12303       3       sun.nio.fs.WindowsPath::openFileForReadAttributeAccess (16 bytes)
Event: 13.793 Thread 0x0000028b7d44d9a0 nmethod 12303 0x0000028b66e20710 code [0x0000028b66e208c0, 0x0000028b66e20ad8]
Event: 13.799 Thread 0x0000028b7d44d9a0 12304       3       org.eclipse.jdt.internal.compiler.util.SimpleSet::<init> (36 bytes)
Event: 13.799 Thread 0x0000028b7d44d9a0 nmethod 12304 0x0000028b66a7a490 code [0x0000028b66a7a620, 0x0000028b66a7a898]
Event: 13.839 Thread 0x0000028b7d44d9a0 12305       3       org.eclipse.core.internal.jobs.JobChangeEvent::<init> (37 bytes)
Event: 13.840 Thread 0x0000028b7d44d9a0 nmethod 12305 0x0000028b673e9610 code [0x0000028b673e97a0, 0x0000028b673e9978]
Event: 13.857 Thread 0x0000028b7d44d9a0 12306       3       java.util.LinkedList::get (14 bytes)
Event: 13.858 Thread 0x0000028b7d44d9a0 nmethod 12306 0x0000028b678a9510 code [0x0000028b678a9700, 0x0000028b678a9b08]
Event: 13.872 Thread 0x0000028b7d44d9a0 12307       3       org.eclipse.core.runtime.SubMonitor::split (7 bytes)
Event: 13.873 Thread 0x0000028b7d44d9a0 nmethod 12307 0x0000028b67a58d90 code [0x0000028b67a58f20, 0x0000028b67a59068]
Event: 13.873 Thread 0x0000028b7d44d9a0 12308       3       org.eclipse.core.runtime.SubMonitor::split (72 bytes)
Event: 13.873 Thread 0x0000028b7d44d9a0 nmethod 12308 0x0000028b678e5d90 code [0x0000028b678e5fc0, 0x0000028b678e6728]
Event: 13.890 Thread 0x0000028b7d44d9a0 12309       1       org.eclipse.jdt.internal.compiler.classfmt.ModuleInfo::opens (5 bytes)
Event: 13.890 Thread 0x0000028b7d44d9a0 nmethod 12309 0x0000028b6eb7e610 code [0x0000028b6eb7e7a0, 0x0000028b6eb7e878]
Event: 13.895 Thread 0x0000028b7d44d9a0 12310       3       org.eclipse.jdt.internal.compiler.classfmt.AnnotationInfo::decodeDefaultValue (871 bytes)
Event: 13.897 Thread 0x0000028b7d44d9a0 nmethod 12310 0x0000028b67afb410 code [0x0000028b67afb980, 0x0000028b67aff848]
Event: 13.897 Thread 0x0000028b7d44d9a0 12311       3       org.eclipse.jdt.internal.compiler.env.EnumConstantSignature::<init> (15 bytes)
Event: 13.897 Thread 0x0000028b7d44d9a0 nmethod 12311 0x0000028b6781f910 code [0x0000028b6781faa0, 0x0000028b6781fc38]

GC Heap History (20 events):
Event: 13.327 GC heap after
{Heap after GC invocations=282 (full 11):
 PSYoungGen      total 23040K, used 5116K [0x00000000eab00000, 0x00000000ec800000, 0x0000000100000000)
  eden space 17920K, 0% used [0x00000000eab00000,0x00000000eab00000,0x00000000ebc80000)
  from space 5120K, 99% used [0x00000000ec200000,0x00000000ec6ff3e0,0x00000000ec700000)
  to   space 5632K, 0% used [0x00000000ebc80000,0x00000000ebc80000,0x00000000ec200000)
 ParOldGen       total 369152K, used 352059K [0x00000000c0000000, 0x00000000d6880000, 0x00000000eab00000)
  object space 369152K, 95% used [0x00000000c0000000,0x00000000d57ced50,0x00000000d6880000)
 Metaspace       used 71319K, committed 72768K, reserved 1114112K
  class space    used 7501K, committed 8128K, reserved 1048576K
}
Event: 13.397 GC heap before
{Heap before GC invocations=283 (full 11):
 PSYoungGen      total 23040K, used 23036K [0x00000000eab00000, 0x00000000ec800000, 0x0000000100000000)
  eden space 17920K, 100% used [0x00000000eab00000,0x00000000ebc80000,0x00000000ebc80000)
  from space 5120K, 99% used [0x00000000ec200000,0x00000000ec6ff3e0,0x00000000ec700000)
  to   space 5632K, 0% used [0x00000000ebc80000,0x00000000ebc80000,0x00000000ec200000)
 ParOldGen       total 369152K, used 352059K [0x00000000c0000000, 0x00000000d6880000, 0x00000000eab00000)
  object space 369152K, 95% used [0x00000000c0000000,0x00000000d57ced50,0x00000000d6880000)
 Metaspace       used 71320K, committed 72768K, reserved 1114112K
  class space    used 7501K, committed 8128K, reserved 1048576K
}
Event: 13.400 GC heap after
{Heap after GC invocations=283 (full 11):
 PSYoungGen      total 20992K, used 2973K [0x00000000eab00000, 0x00000000ec580000, 0x0000000100000000)
  eden space 17920K, 0% used [0x00000000eab00000,0x00000000eab00000,0x00000000ebc80000)
  from space 3072K, 96% used [0x00000000ebc80000,0x00000000ebf674c8,0x00000000ebf80000)
  to   space 4096K, 0% used [0x00000000ec180000,0x00000000ec180000,0x00000000ec580000)
 ParOldGen       total 369152K, used 352059K [0x00000000c0000000, 0x00000000d6880000, 0x00000000eab00000)
  object space 369152K, 95% used [0x00000000c0000000,0x00000000d57ced50,0x00000000d6880000)
 Metaspace       used 71320K, committed 72768K, reserved 1114112K
  class space    used 7501K, committed 8128K, reserved 1048576K
}
Event: 13.432 GC heap before
{Heap before GC invocations=284 (full 11):
 PSYoungGen      total 20992K, used 20893K [0x00000000eab00000, 0x00000000ec580000, 0x0000000100000000)
  eden space 17920K, 100% used [0x00000000eab00000,0x00000000ebc80000,0x00000000ebc80000)
  from space 3072K, 96% used [0x00000000ebc80000,0x00000000ebf674c8,0x00000000ebf80000)
  to   space 4096K, 0% used [0x00000000ec180000,0x00000000ec180000,0x00000000ec580000)
 ParOldGen       total 369152K, used 352059K [0x00000000c0000000, 0x00000000d6880000, 0x00000000eab00000)
  object space 369152K, 95% used [0x00000000c0000000,0x00000000d57ced50,0x00000000d6880000)
 Metaspace       used 71320K, committed 72768K, reserved 1114112K
  class space    used 7501K, committed 8128K, reserved 1048576K
}
Event: 13.435 GC heap after
{Heap after GC invocations=284 (full 11):
 PSYoungGen      total 22016K, used 4083K [0x00000000eab00000, 0x00000000ec780000, 0x0000000100000000)
  eden space 17920K, 0% used [0x00000000eab00000,0x00000000eab00000,0x00000000ebc80000)
  from space 4096K, 99% used [0x00000000ec180000,0x00000000ec57ccd0,0x00000000ec580000)
  to   space 5120K, 0% used [0x00000000ebc80000,0x00000000ebc80000,0x00000000ec180000)
 ParOldGen       total 369152K, used 352539K [0x00000000c0000000, 0x00000000d6880000, 0x00000000eab00000)
  object space 369152K, 95% used [0x00000000c0000000,0x00000000d5846d50,0x00000000d6880000)
 Metaspace       used 71320K, committed 72768K, reserved 1114112K
  class space    used 7501K, committed 8128K, reserved 1048576K
}
Event: 13.467 GC heap before
{Heap before GC invocations=285 (full 11):
 PSYoungGen      total 22016K, used 22003K [0x00000000eab00000, 0x00000000ec780000, 0x0000000100000000)
  eden space 17920K, 100% used [0x00000000eab00000,0x00000000ebc80000,0x00000000ebc80000)
  from space 4096K, 99% used [0x00000000ec180000,0x00000000ec57ccd0,0x00000000ec580000)
  to   space 5120K, 0% used [0x00000000ebc80000,0x00000000ebc80000,0x00000000ec180000)
 ParOldGen       total 369152K, used 352539K [0x00000000c0000000, 0x00000000d6880000, 0x00000000eab00000)
  object space 369152K, 95% used [0x00000000c0000000,0x00000000d5846d50,0x00000000d6880000)
 Metaspace       used 71320K, committed 72768K, reserved 1114112K
  class space    used 7501K, committed 8128K, reserved 1048576K
}
Event: 13.470 GC heap after
{Heap after GC invocations=285 (full 11):
 PSYoungGen      total 23040K, used 5097K [0x00000000eab00000, 0x00000000ec980000, 0x0000000100000000)
  eden space 17920K, 0% used [0x00000000eab00000,0x00000000eab00000,0x00000000ebc80000)
  from space 5120K, 99% used [0x00000000ebc80000,0x00000000ec17a4d0,0x00000000ec180000)
  to   space 6144K, 0% used [0x00000000ec380000,0x00000000ec380000,0x00000000ec980000)
 ParOldGen       total 369152K, used 353131K [0x00000000c0000000, 0x00000000d6880000, 0x00000000eab00000)
  object space 369152K, 95% used [0x00000000c0000000,0x00000000d58dad50,0x00000000d6880000)
 Metaspace       used 71320K, committed 72768K, reserved 1114112K
  class space    used 7501K, committed 8128K, reserved 1048576K
}
Event: 13.502 GC heap before
{Heap before GC invocations=286 (full 11):
 PSYoungGen      total 23040K, used 23017K [0x00000000eab00000, 0x00000000ec980000, 0x0000000100000000)
  eden space 17920K, 100% used [0x00000000eab00000,0x00000000ebc80000,0x00000000ebc80000)
  from space 5120K, 99% used [0x00000000ebc80000,0x00000000ec17a4d0,0x00000000ec180000)
  to   space 6144K, 0% used [0x00000000ec380000,0x00000000ec380000,0x00000000ec980000)
 ParOldGen       total 369152K, used 353131K [0x00000000c0000000, 0x00000000d6880000, 0x00000000eab00000)
  object space 369152K, 95% used [0x00000000c0000000,0x00000000d58dad50,0x00000000d6880000)
 Metaspace       used 71320K, committed 72768K, reserved 1114112K
  class space    used 7501K, committed 8128K, reserved 1048576K
}
Event: 13.505 GC heap after
{Heap after GC invocations=286 (full 11):
 PSYoungGen      total 24064K, used 6121K [0x00000000eab00000, 0x00000000ecc00000, 0x0000000100000000)
  eden space 17920K, 0% used [0x00000000eab00000,0x00000000eab00000,0x00000000ebc80000)
  from space 6144K, 99% used [0x00000000ec380000,0x00000000ec97a4d0,0x00000000ec980000)
  to   space 7168K, 0% used [0x00000000ebc80000,0x00000000ebc80000,0x00000000ec380000)
 ParOldGen       total 369152K, used 353867K [0x00000000c0000000, 0x00000000d6880000, 0x00000000eab00000)
  object space 369152K, 95% used [0x00000000c0000000,0x00000000d5992d50,0x00000000d6880000)
 Metaspace       used 71320K, committed 72768K, reserved 1114112K
  class space    used 7501K, committed 8128K, reserved 1048576K
}
Event: 13.539 GC heap before
{Heap before GC invocations=287 (full 11):
 PSYoungGen      total 24064K, used 24041K [0x00000000eab00000, 0x00000000ecc00000, 0x0000000100000000)
  eden space 17920K, 100% used [0x00000000eab00000,0x00000000ebc80000,0x00000000ebc80000)
  from space 6144K, 99% used [0x00000000ec380000,0x00000000ec97a4d0,0x00000000ec980000)
  to   space 7168K, 0% used [0x00000000ebc80000,0x00000000ebc80000,0x00000000ec380000)
 ParOldGen       total 369152K, used 353867K [0x00000000c0000000, 0x00000000d6880000, 0x00000000eab00000)
  object space 369152K, 95% used [0x00000000c0000000,0x00000000d5992d50,0x00000000d6880000)
 Metaspace       used 71320K, committed 72768K, reserved 1114112K
  class space    used 7501K, committed 8128K, reserved 1048576K
}
Event: 13.541 GC heap after
{Heap after GC invocations=287 (full 11):
 PSYoungGen      total 25088K, used 7157K [0x00000000eab00000, 0x00000000ece00000, 0x0000000100000000)
  eden space 17920K, 0% used [0x00000000eab00000,0x00000000eab00000,0x00000000ebc80000)
  from space 7168K, 99% used [0x00000000ebc80000,0x00000000ec37d4d0,0x00000000ec380000)
  to   space 8192K, 0% used [0x00000000ec600000,0x00000000ec600000,0x00000000ece00000)
 ParOldGen       total 369152K, used 354571K [0x00000000c0000000, 0x00000000d6880000, 0x00000000eab00000)
  object space 369152K, 96% used [0x00000000c0000000,0x00000000d5a42d50,0x00000000d6880000)
 Metaspace       used 71320K, committed 72768K, reserved 1114112K
  class space    used 7501K, committed 8128K, reserved 1048576K
}
Event: 13.574 GC heap before
{Heap before GC invocations=288 (full 11):
 PSYoungGen      total 25088K, used 25077K [0x00000000eab00000, 0x00000000ece00000, 0x0000000100000000)
  eden space 17920K, 100% used [0x00000000eab00000,0x00000000ebc80000,0x00000000ebc80000)
  from space 7168K, 99% used [0x00000000ebc80000,0x00000000ec37d4d0,0x00000000ec380000)
  to   space 8192K, 0% used [0x00000000ec600000,0x00000000ec600000,0x00000000ece00000)
 ParOldGen       total 369152K, used 354571K [0x00000000c0000000, 0x00000000d6880000, 0x00000000eab00000)
  object space 369152K, 96% used [0x00000000c0000000,0x00000000d5a42d50,0x00000000d6880000)
 Metaspace       used 71320K, committed 72768K, reserved 1114112K
  class space    used 7501K, committed 8128K, reserved 1048576K
}
Event: 13.577 GC heap after
{Heap after GC invocations=288 (full 11):
 PSYoungGen      total 26624K, used 8181K [0x00000000eab00000, 0x00000000ed000000, 0x0000000100000000)
  eden space 18432K, 0% used [0x00000000eab00000,0x00000000eab00000,0x00000000ebd00000)
  from space 8192K, 99% used [0x00000000ec600000,0x00000000ecdfd4d0,0x00000000ece00000)
  to   space 9216K, 0% used [0x00000000ebd00000,0x00000000ebd00000,0x00000000ec600000)
 ParOldGen       total 369152K, used 355219K [0x00000000c0000000, 0x00000000d6880000, 0x00000000eab00000)
  object space 369152K, 96% used [0x00000000c0000000,0x00000000d5ae4d50,0x00000000d6880000)
 Metaspace       used 71320K, committed 72768K, reserved 1114112K
  class space    used 7501K, committed 8128K, reserved 1048576K
}
Event: 13.611 GC heap before
{Heap before GC invocations=289 (full 11):
 PSYoungGen      total 26624K, used 26613K [0x00000000eab00000, 0x00000000ed000000, 0x0000000100000000)
  eden space 18432K, 100% used [0x00000000eab00000,0x00000000ebd00000,0x00000000ebd00000)
  from space 8192K, 99% used [0x00000000ec600000,0x00000000ecdfd4d0,0x00000000ece00000)
  to   space 9216K, 0% used [0x00000000ebd00000,0x00000000ebd00000,0x00000000ec600000)
 ParOldGen       total 369152K, used 355219K [0x00000000c0000000, 0x00000000d6880000, 0x00000000eab00000)
  object space 369152K, 96% used [0x00000000c0000000,0x00000000d5ae4d50,0x00000000d6880000)
 Metaspace       used 71320K, committed 72768K, reserved 1114112K
  class space    used 7501K, committed 8128K, reserved 1048576K
}
Event: 13.614 GC heap after
{Heap after GC invocations=289 (full 11):
 PSYoungGen      total 27648K, used 9205K [0x00000000eab00000, 0x00000000ed280000, 0x0000000100000000)
  eden space 18432K, 0% used [0x00000000eab00000,0x00000000eab00000,0x00000000ebd00000)
  from space 9216K, 99% used [0x00000000ebd00000,0x00000000ec5fd4d0,0x00000000ec600000)
  to   space 10240K, 0% used [0x00000000ec880000,0x00000000ec880000,0x00000000ed280000)
 ParOldGen       total 369152K, used 355891K [0x00000000c0000000, 0x00000000d6880000, 0x00000000eab00000)
  object space 369152K, 96% used [0x00000000c0000000,0x00000000d5b8cd50,0x00000000d6880000)
 Metaspace       used 71320K, committed 72768K, reserved 1114112K
  class space    used 7501K, committed 8128K, reserved 1048576K
}
Event: 13.647 GC heap before
{Heap before GC invocations=290 (full 11):
 PSYoungGen      total 27648K, used 27637K [0x00000000eab00000, 0x00000000ed280000, 0x0000000100000000)
  eden space 18432K, 100% used [0x00000000eab00000,0x00000000ebd00000,0x00000000ebd00000)
  from space 9216K, 99% used [0x00000000ebd00000,0x00000000ec5fd4d0,0x00000000ec600000)
  to   space 10240K, 0% used [0x00000000ec880000,0x00000000ec880000,0x00000000ed280000)
 ParOldGen       total 369152K, used 355891K [0x00000000c0000000, 0x00000000d6880000, 0x00000000eab00000)
  object space 369152K, 96% used [0x00000000c0000000,0x00000000d5b8cd50,0x00000000d6880000)
 Metaspace       used 71320K, committed 72768K, reserved 1114112K
  class space    used 7501K, committed 8128K, reserved 1048576K
}
Event: 13.651 GC heap after
{Heap after GC invocations=290 (full 11):
 PSYoungGen      total 29184K, used 10219K [0x00000000eab00000, 0x00000000ed480000, 0x0000000100000000)
  eden space 18944K, 0% used [0x00000000eab00000,0x00000000eab00000,0x00000000ebd80000)
  from space 10240K, 99% used [0x00000000ec880000,0x00000000ed27ace0,0x00000000ed280000)
  to   space 11264K, 0% used [0x00000000ebd80000,0x00000000ebd80000,0x00000000ec880000)
 ParOldGen       total 369152K, used 356627K [0x00000000c0000000, 0x00000000d6880000, 0x00000000eab00000)
  object space 369152K, 96% used [0x00000000c0000000,0x00000000d5c44d50,0x00000000d6880000)
 Metaspace       used 71320K, committed 72768K, reserved 1114112K
  class space    used 7501K, committed 8128K, reserved 1048576K
}
Event: 13.776 GC heap before
{Heap before GC invocations=291 (full 11):
 PSYoungGen      total 29184K, used 29163K [0x00000000eab00000, 0x00000000ed480000, 0x0000000100000000)
  eden space 18944K, 100% used [0x00000000eab00000,0x00000000ebd80000,0x00000000ebd80000)
  from space 10240K, 99% used [0x00000000ec880000,0x00000000ed27ace0,0x00000000ed280000)
  to   space 11264K, 0% used [0x00000000ebd80000,0x00000000ebd80000,0x00000000ec880000)
 ParOldGen       total 369152K, used 356627K [0x00000000c0000000, 0x00000000d6880000, 0x00000000eab00000)
  object space 369152K, 96% used [0x00000000c0000000,0x00000000d5c44d50,0x00000000d6880000)
 Metaspace       used 71320K, committed 72768K, reserved 1114112K
  class space    used 7501K, committed 8128K, reserved 1048576K
}
Event: 13.779 GC heap after
{Heap after GC invocations=291 (full 11):
 PSYoungGen      total 21504K, used 2368K [0x00000000eab00000, 0x00000000eca00000, 0x0000000100000000)
  eden space 18944K, 0% used [0x00000000eab00000,0x00000000eab00000,0x00000000ebd80000)
  from space 2560K, 92% used [0x00000000ebd80000,0x00000000ebfd0000,0x00000000ec000000)
  to   space 5632K, 0% used [0x00000000ec480000,0x00000000ec480000,0x00000000eca00000)
 ParOldGen       total 369152K, used 356739K [0x00000000c0000000, 0x00000000d6880000, 0x00000000eab00000)
  object space 369152K, 96% used [0x00000000c0000000,0x00000000d5c60d50,0x00000000d6880000)
 Metaspace       used 71320K, committed 72768K, reserved 1114112K
  class space    used 7501K, committed 8128K, reserved 1048576K
}
Event: 13.899 GC heap before
{Heap before GC invocations=292 (full 11):
 PSYoungGen      total 21504K, used 21312K [0x00000000eab00000, 0x00000000eca00000, 0x0000000100000000)
  eden space 18944K, 100% used [0x00000000eab00000,0x00000000ebd80000,0x00000000ebd80000)
  from space 2560K, 92% used [0x00000000ebd80000,0x00000000ebfd0000,0x00000000ec000000)
  to   space 5632K, 0% used [0x00000000ec480000,0x00000000ec480000,0x00000000eca00000)
 ParOldGen       total 369152K, used 356739K [0x00000000c0000000, 0x00000000d6880000, 0x00000000eab00000)
  object space 369152K, 96% used [0x00000000c0000000,0x00000000d5c60d50,0x00000000d6880000)
 Metaspace       used 71322K, committed 72768K, reserved 1114112K
  class space    used 7501K, committed 8128K, reserved 1048576K
}

Dll operation events (12 events):
Event: 0.020 Loaded shared library c:\Users\Usuario\.vscode\extensions\redhat.java-1.28.1-win32-x64\jre\17.0.10-win32-x86_64\bin\java.dll
Event: 0.136 Loaded shared library c:\Users\Usuario\.vscode\extensions\redhat.java-1.28.1-win32-x64\jre\17.0.10-win32-x86_64\bin\zip.dll
Event: 0.138 Loaded shared library C:\Users\Usuario\.vscode\extensions\redhat.java-1.28.1-win32-x64\jre\17.0.10-win32-x86_64\bin\instrument.dll
Event: 0.147 Loaded shared library C:\Users\Usuario\.vscode\extensions\redhat.java-1.28.1-win32-x64\jre\17.0.10-win32-x86_64\bin\net.dll
Event: 0.152 Loaded shared library C:\Users\Usuario\.vscode\extensions\redhat.java-1.28.1-win32-x64\jre\17.0.10-win32-x86_64\bin\nio.dll
Event: 0.162 Loaded shared library C:\Users\Usuario\.vscode\extensions\redhat.java-1.28.1-win32-x64\jre\17.0.10-win32-x86_64\bin\zip.dll
Event: 0.174 Loaded shared library C:\Users\Usuario\.vscode\extensions\redhat.java-1.28.1-win32-x64\jre\17.0.10-win32-x86_64\bin\jimage.dll
Event: 0.217 Loaded shared library c:\Users\Usuario\.vscode\extensions\redhat.java-1.28.1-win32-x64\jre\17.0.10-win32-x86_64\bin\verify.dll
Event: 0.863 Loaded shared library C:\Users\Usuario\AppData\Roaming\Code\User\globalStorage\redhat.java\1.28.1\config_win\org.eclipse.equinox.launcher\org.eclipse.equinox.launcher.win32.win32.x86_64_1.2.900.v20240129-1338\eclipse_11900.dll
Event: 1.607 Loaded shared library C:\Users\Usuario\.vscode\extensions\redhat.java-1.28.1-win32-x64\jre\17.0.10-win32-x86_64\bin\management.dll
Event: 1.609 Loaded shared library C:\Users\Usuario\.vscode\extensions\redhat.java-1.28.1-win32-x64\jre\17.0.10-win32-x86_64\bin\management_ext.dll
Event: 2.468 Loaded shared library C:\Users\Usuario\AppData\Local\Temp\jna-1531808526\jna11631766034052587358.dll

Deoptimization events (20 events):
Event: 12.955 Thread 0x0000028b7e72d0a0 Uncommon trap: trap_request=0xffffff45 fr.pc=0x0000028b6eb18bb0 relative=0x0000000000001710
Event: 12.955 Thread 0x0000028b7e72d0a0 Uncommon trap: reason=unstable_if action=reinterpret pc=0x0000028b6eb18bb0 method=org.eclipse.jdt.internal.compiler.classfmt.AnnotationInfo.scanElementValue(I)I @ 167 c2
Event: 12.955 Thread 0x0000028b7e72d0a0 DEOPT PACKING pc=0x0000028b6eb18bb0 sp=0x000000b52f2fe910
Event: 12.955 Thread 0x0000028b7e72d0a0 DEOPT UNPACKING pc=0x0000028b6df966a3 sp=0x000000b52f2fe828 mode 2
Event: 13.184 Thread 0x0000028b7e72d0a0 Uncommon trap: trap_request=0xffffff45 fr.pc=0x0000028b6e79377c relative=0x00000000000017dc
Event: 13.184 Thread 0x0000028b7e72d0a0 Uncommon trap: reason=unstable_if action=reinterpret pc=0x0000028b6e79377c method=org.eclipse.jdt.internal.core.index.DiskIndex.writeDocumentNumbers([ILjava/io/FileOutputStream;)V @ 127 c2
Event: 13.184 Thread 0x0000028b7e72d0a0 DEOPT PACKING pc=0x0000028b6e79377c sp=0x000000b52f2fe920
Event: 13.184 Thread 0x0000028b7e72d0a0 DEOPT UNPACKING pc=0x0000028b6df966a3 sp=0x000000b52f2fe970 mode 2
Event: 13.367 Thread 0x0000028b7e72d0a0 DEOPT PACKING pc=0x0000028b67d7ea06 sp=0x000000b52f2fe9a0
Event: 13.367 Thread 0x0000028b7e72d0a0 DEOPT UNPACKING pc=0x0000028b6df96e43 sp=0x000000b52f2fde60 mode 0
Event: 13.381 Thread 0x0000028b7e72d0a0 DEOPT PACKING pc=0x0000028b67d7ea06 sp=0x000000b52f2fe9a0
Event: 13.381 Thread 0x0000028b7e72d0a0 DEOPT UNPACKING pc=0x0000028b6df96e43 sp=0x000000b52f2fde60 mode 0
Event: 13.517 Thread 0x0000028b7e72d0a0 Uncommon trap: trap_request=0xffffff45 fr.pc=0x0000028b6eb072a4 relative=0x0000000000001ae4
Event: 13.517 Thread 0x0000028b7e72d0a0 Uncommon trap: reason=unstable_if action=reinterpret pc=0x0000028b6eb072a4 method=org.eclipse.jdt.internal.compiler.classfmt.FieldInfo.createField([B[IIJ)Lorg/eclipse/jdt/internal/compiler/classfmt/FieldInfo; @ 259 c2
Event: 13.517 Thread 0x0000028b7e72d0a0 DEOPT PACKING pc=0x0000028b6eb072a4 sp=0x000000b52f2feb50
Event: 13.517 Thread 0x0000028b7e72d0a0 DEOPT UNPACKING pc=0x0000028b6df966a3 sp=0x000000b52f2feac8 mode 2
Event: 13.894 Thread 0x0000028b7e72d0a0 Uncommon trap: trap_request=0xffffff45 fr.pc=0x0000028b6eb474e8 relative=0x0000000000002d28
Event: 13.894 Thread 0x0000028b7e72d0a0 Uncommon trap: reason=unstable_if action=reinterpret pc=0x0000028b6eb474e8 method=org.eclipse.jdt.internal.compiler.classfmt.AnnotationInfo.decodeDefaultValue()Ljava/lang/Object; @ 24 c2
Event: 13.894 Thread 0x0000028b7e72d0a0 DEOPT PACKING pc=0x0000028b6eb474e8 sp=0x000000b52f2fea00
Event: 13.894 Thread 0x0000028b7e72d0a0 DEOPT UNPACKING pc=0x0000028b6df966a3 sp=0x000000b52f2fe9b0 mode 2

Classes unloaded (11 events):
Event: 1.620 Thread 0x0000028b77bd30b0 Unloading class 0x0000000100248400 'java/lang/invoke/LambdaForm$MH+0x0000000100248400'
Event: 1.620 Thread 0x0000028b77bd30b0 Unloading class 0x0000000100248000 'java/lang/invoke/LambdaForm$MH+0x0000000100248000'
Event: 1.620 Thread 0x0000028b77bd30b0 Unloading class 0x0000000100247c00 'java/lang/invoke/LambdaForm$MH+0x0000000100247c00'
Event: 1.620 Thread 0x0000028b77bd30b0 Unloading class 0x0000000100247800 'java/lang/invoke/LambdaForm$MH+0x0000000100247800'
Event: 1.620 Thread 0x0000028b77bd30b0 Unloading class 0x0000000100247400 'java/lang/invoke/LambdaForm$BMH+0x0000000100247400'
Event: 1.620 Thread 0x0000028b77bd30b0 Unloading class 0x0000000100247000 'java/lang/invoke/LambdaForm$DMH+0x0000000100247000'
Event: 1.620 Thread 0x0000028b77bd30b0 Unloading class 0x0000000100244400 'java/lang/invoke/LambdaForm$DMH+0x0000000100244400'
Event: 6.016 Thread 0x0000028b77bd30b0 Unloading class 0x0000000100644400 'java/lang/invoke/LambdaForm$DMH+0x0000000100644400'
Event: 6.016 Thread 0x0000028b77bd30b0 Unloading class 0x0000000100644000 'java/lang/invoke/LambdaForm$DMH+0x0000000100644000'
Event: 6.016 Thread 0x0000028b77bd30b0 Unloading class 0x000000010063ac00 'java/lang/invoke/LambdaForm$DMH+0x000000010063ac00'
Event: 6.016 Thread 0x0000028b77bd30b0 Unloading class 0x000000010063a400 'java/lang/invoke/LambdaForm$DMH+0x000000010063a400'

Classes redefined (0 events):
No events

Internal exceptions (20 events):
Event: 13.041 Thread 0x0000028b7e72d0a0 Exception <a 'sun/nio/fs/WindowsException'{0x00000000eb408300}> (0x00000000eb408300) 
thrown [s\src\hotspot\share\prims\jni.cpp, line 516]
Event: 13.053 Thread 0x0000028b7e72d0a0 Exception <a 'sun/nio/fs/WindowsException'{0x00000000eb413790}> (0x00000000eb413790) 
thrown [s\src\hotspot\share\prims\jni.cpp, line 516]
Event: 13.088 Thread 0x0000028b7e72d0a0 Exception <a 'sun/nio/fs/WindowsException'{0x00000000eadafce8}> (0x00000000eadafce8) 
thrown [s\src\hotspot\share\prims\jni.cpp, line 516]
Event: 13.116 Thread 0x0000028b7e72d0a0 Exception <a 'sun/nio/fs/WindowsException'{0x00000000eb446c48}> (0x00000000eb446c48) 
thrown [s\src\hotspot\share\prims\jni.cpp, line 516]
Event: 13.149 Thread 0x0000028b7e72d0a0 Exception <a 'sun/nio/fs/WindowsException'{0x00000000ead7ea80}> (0x00000000ead7ea80) 
thrown [s\src\hotspot\share\prims\jni.cpp, line 516]
Event: 13.168 Thread 0x0000028b7e72d0a0 Exception <a 'sun/nio/fs/WindowsException'{0x00000000eafdc970}> (0x00000000eafdc970) 
thrown [s\src\hotspot\share\prims\jni.cpp, line 516]
Event: 13.190 Thread 0x0000028b7e72d0a0 Exception <a 'sun/nio/fs/WindowsException'{0x00000000eb37cf58}> (0x00000000eb37cf58) 
thrown [s\src\hotspot\share\prims\jni.cpp, line 516]
Event: 13.205 Thread 0x0000028b7e72d0a0 Exception <a 'sun/nio/fs/WindowsException'{0x00000000eb51a258}> (0x00000000eb51a258) 
thrown [s\src\hotspot\share\prims\jni.cpp, line 516]
Event: 13.225 Thread 0x0000028b7e72d0a0 Exception <a 'sun/nio/fs/WindowsException'{0x00000000eb875b28}> (0x00000000eb875b28) 
thrown [s\src\hotspot\share\prims\jni.cpp, line 516]
Event: 13.238 Thread 0x0000028b7e72d0a0 Exception <a 'sun/nio/fs/WindowsException'{0x00000000eb91fe08}> (0x00000000eb91fe08) 
thrown [s\src\hotspot\share\prims\jni.cpp, line 516]
Event: 13.259 Thread 0x0000028b7e72d0a0 Exception <a 'sun/nio/fs/WindowsException'{0x00000000eabb6b90}> (0x00000000eabb6b90) 
thrown [s\src\hotspot\share\prims\jni.cpp, line 516]
Event: 13.386 Thread 0x0000028b7e72d0a0 Exception <a 'sun/nio/fs/WindowsException'{0x00000000eba54c48}> (0x00000000eba54c48) 
thrown [s\src\hotspot\share\prims\jni.cpp, line 516]
Event: 13.746 Thread 0x0000028b7e72d0a0 Exception <a 'sun/nio/fs/WindowsException'{0x00000000eb9a01f8}> (0x00000000eb9a01f8) 
thrown [s\src\hotspot\share\prims\jni.cpp, line 516]
Event: 13.768 Thread 0x0000028b7e72d0a0 Exception <a 'sun/nio/fs/WindowsException'{0x00000000ebc8e2f8}> (0x00000000ebc8e2f8) 
thrown [s\src\hotspot\share\prims\jni.cpp, line 516]
Event: 13.793 Thread 0x0000028b7e72d0a0 Exception <a 'sun/nio/fs/WindowsException'{0x00000000eae2d800}> (0x00000000eae2d800) 
thrown [s\src\hotspot\share\prims\jni.cpp, line 516]
Event: 13.804 Thread 0x0000028b7e72d0a0 Exception <a 'sun/nio/fs/WindowsException'{0x00000000eae38168}> (0x00000000eae38168) 
thrown [s\src\hotspot\share\prims\jni.cpp, line 516]
Event: 13.839 Thread 0x0000028b7e72d0a0 Exception <a 'sun/nio/fs/WindowsException'{0x00000000eb5727a8}> (0x00000000eb5727a8) 
thrown [s\src\hotspot\share\prims\jni.cpp, line 516]
Event: 13.852 Thread 0x0000028b7e72d0a0 Exception <a 'sun/nio/fs/WindowsException'{0x00000000eb5be038}> (0x00000000eb5be038) 
thrown [s\src\hotspot\share\prims\jni.cpp, line 516]
Event: 13.872 Thread 0x0000028b7e72d0a0 Exception <a 'sun/nio/fs/WindowsException'{0x00000000eb8ab2c0}> (0x00000000eb8ab2c0) 
thrown [s\src\hotspot\share\prims\jni.cpp, line 516]
Event: 13.884 Thread 0x0000028b7e72d0a0 Exception <a 'sun/nio/fs/WindowsException'{0x00000000eb8c4940}> (0x00000000eb8c4940) 
thrown [s\src\hotspot\share\prims\jni.cpp, line 516]

VM Operations (20 events):
Event: 13.327 Executing VM operation: ParallelGCFailedAllocation done
Event: 13.397 Executing VM operation: ParallelGCFailedAllocation
Event: 13.401 Executing VM operation: ParallelGCFailedAllocation done
Event: 13.432 Executing VM operation: ParallelGCFailedAllocation
Event: 13.435 Executing VM operation: ParallelGCFailedAllocation done
Event: 13.467 Executing VM operation: ParallelGCFailedAllocation
Event: 13.470 Executing VM operation: ParallelGCFailedAllocation done
Event: 13.502 Executing VM operation: ParallelGCFailedAllocation
Event: 13.505 Executing VM operation: ParallelGCFailedAllocation done
Event: 13.539 Executing VM operation: ParallelGCFailedAllocation
Event: 13.542 Executing VM operation: ParallelGCFailedAllocation done
Event: 13.574 Executing VM operation: ParallelGCFailedAllocation
Event: 13.577 Executing VM operation: ParallelGCFailedAllocation done
Event: 13.611 Executing VM operation: ParallelGCFailedAllocation
Event: 13.614 Executing VM operation: ParallelGCFailedAllocation done
Event: 13.647 Executing VM operation: ParallelGCFailedAllocation
Event: 13.651 Executing VM operation: ParallelGCFailedAllocation done
Event: 13.776 Executing VM operation: ParallelGCFailedAllocation
Event: 13.779 Executing VM operation: ParallelGCFailedAllocation done
Event: 13.899 Executing VM operation: ParallelGCFailedAllocation

Events (20 events):
Event: 9.975 loading class java/util/stream/ReduceOps$1ReducingSink
Event: 9.976 loading class java/util/stream/ReduceOps$1ReducingSink done
Event: 10.596 Thread 0x0000028b7e2f5890 Thread exited: 0x0000028b7e2f5890
Event: 10.626 Thread 0x0000028b0091ffe0 Thread added: 0x0000028b0091ffe0
Event: 11.012 Thread 0x0000028b0091ffe0 Thread exited: 0x0000028b0091ffe0
Event: 11.060 Thread 0x0000028b00920a80 Thread added: 0x0000028b00920a80
Event: 11.889 Thread 0x0000028b7e6e3020 Thread exited: 0x0000028b7e6e3020
Event: 12.376 Thread 0x0000028b7d4c51b0 flushing nmethod 0x0000028b66a7a490
Event: 12.376 Thread 0x0000028b7d4c51b0 flushing nmethod 0x0000028b66a88810
Event: 12.376 Thread 0x0000028b7d4c51b0 flushing nmethod 0x0000028b66accd10
Event: 12.376 Thread 0x0000028b7d4c51b0 flushing nmethod 0x0000028b66b0ff10
Event: 12.376 Thread 0x0000028b7d4c51b0 flushing nmethod 0x0000028b66c56f10
Event: 12.377 Thread 0x0000028b7d4c51b0 flushing nmethod 0x0000028b66d4be90
Event: 12.377 Thread 0x0000028b7d4c51b0 flushing nmethod 0x0000028b66d9bf10
Event: 12.377 Thread 0x0000028b7d4c51b0 flushing nmethod 0x0000028b66ed3a90
Event: 12.378 Thread 0x0000028b7d4c51b0 flushing nmethod 0x0000028b6702e090
Event: 12.381 Thread 0x0000028b7d4c51b0 flushing nmethod 0x0000028b67849c90
Event: 12.381 Thread 0x0000028b7d4c51b0 flushing nmethod 0x0000028b6784a490
Event: 12.382 Thread 0x0000028b7d4c51b0 flushing nmethod 0x0000028b679ad110
Event: 13.150 Thread 0x0000028b00920a80 Thread exited: 0x0000028b00920a80


Dynamic libraries:
0x00007ff6860d0000 - 0x00007ff6860de000 	c:\Users\Usuario\.vscode\extensions\redhat.java-1.28.1-win32-x64\jre\17.0.10-win32-x86_64\bin\java.exe
0x00007ff8b5090000 - 0x00007ff8b5288000 	C:\Windows\SYSTEM32\ntdll.dll
0x00007ff8b31b0000 - 0x00007ff8b326d000 	C:\Windows\System32\KERNEL32.DLL
0x00007ff8b2810000 - 0x00007ff8b2b06000 	C:\Windows\System32\KERNELBASE.dll
0x00007ff8b2ed0000 - 0x00007ff8b2fd0000 	C:\Windows\System32\ucrtbase.dll
0x00007ff8ab440000 - 0x00007ff8ab457000 	c:\Users\Usuario\.vscode\extensions\redhat.java-1.28.1-win32-x64\jre\17.0.10-win32-x86_64\bin\jli.dll
0x00007ff8b4eb0000 - 0x00007ff8b504e000 	C:\Windows\System32\USER32.dll
0x00007ff8b2c60000 - 0x00007ff8b2c82000 	C:\Windows\System32\win32u.dll
0x00007ff8b37f0000 - 0x00007ff8b381c000 	C:\Windows\System32\GDI32.dll
0x00007ff8b2fd0000 - 0x00007ff8b30ea000 	C:\Windows\System32\gdi32full.dll
0x00007ff8b2bc0000 - 0x00007ff8b2c5d000 	C:\Windows\System32\msvcp_win.dll
0x00007ff89b2c0000 - 0x00007ff89b2db000 	c:\Users\Usuario\.vscode\extensions\redhat.java-1.28.1-win32-x64\jre\17.0.10-win32-x86_64\bin\VCRUNTIME140.dll
0x00007ff8b1be0000 - 0x00007ff8b1e7a000 	C:\Windows\WinSxS\amd64_microsoft.windows.common-controls_6595b64144ccf1df_6.0.19041.1110_none_60b5254171f9507e\COMCTL32.dll
0x00007ff8b4c30000 - 0x00007ff8b4cce000 	C:\Windows\System32\msvcrt.dll
0x00007ff8b3100000 - 0x00007ff8b3130000 	C:\Windows\System32\IMM32.DLL
0x00007ff8abef0000 - 0x00007ff8abefc000 	c:\Users\Usuario\.vscode\extensions\redhat.java-1.28.1-win32-x64\jre\17.0.10-win32-x86_64\bin\vcruntime140_1.dll
0x00007ff887730000 - 0x00007ff8877bd000 	c:\Users\Usuario\.vscode\extensions\redhat.java-1.28.1-win32-x64\jre\17.0.10-win32-x86_64\bin\msvcp140.dll
0x00007ff878190000 - 0x00007ff878df2000 	c:\Users\Usuario\.vscode\extensions\redhat.java-1.28.1-win32-x64\jre\17.0.10-win32-x86_64\bin\server\jvm.dll
0x00007ff8b4b80000 - 0x00007ff8b4c2e000 	C:\Windows\System32\ADVAPI32.dll
0x00007ff8b3750000 - 0x00007ff8b37ec000 	C:\Windows\System32\sechost.dll
0x00007ff8b3350000 - 0x00007ff8b3476000 	C:\Windows\System32\RPCRT4.dll
0x00007ff8b25d0000 - 0x00007ff8b261b000 	C:\Windows\SYSTEM32\POWRPROF.dll
0x00007ff87eee0000 - 0x00007ff87eee9000 	C:\Windows\SYSTEM32\WSOCK32.dll
0x00007ff8b3480000 - 0x00007ff8b34eb000 	C:\Windows\System32\WS2_32.dll
0x00007ff8969c0000 - 0x00007ff8969e7000 	C:\Windows\SYSTEM32\WINMM.dll
0x00007ff8a8040000 - 0x00007ff8a804a000 	C:\Windows\SYSTEM32\VERSION.dll
0x00007ff8b25b0000 - 0x00007ff8b25c2000 	C:\Windows\SYSTEM32\UMPDC.dll
0x00007ff8affc0000 - 0x00007ff8affd2000 	C:\Windows\SYSTEM32\kernel.appcore.dll
0x00007ff8ab620000 - 0x00007ff8ab62a000 	c:\Users\Usuario\.vscode\extensions\redhat.java-1.28.1-win32-x64\jre\17.0.10-win32-x86_64\bin\jimage.dll
0x00007ff8b2080000 - 0x00007ff8b2264000 	C:\Windows\SYSTEM32\DBGHELP.DLL
0x00007ff8b1ea0000 - 0x00007ff8b1ed4000 	C:\Windows\SYSTEM32\dbgcore.DLL
0x00007ff8b2df0000 - 0x00007ff8b2e72000 	C:\Windows\System32\bcryptPrimitives.dll
0x00007ff8ab540000 - 0x00007ff8ab54e000 	c:\Users\Usuario\.vscode\extensions\redhat.java-1.28.1-win32-x64\jre\17.0.10-win32-x86_64\bin\instrument.dll
0x00007ff88e770000 - 0x00007ff88e795000 	c:\Users\Usuario\.vscode\extensions\redhat.java-1.28.1-win32-x64\jre\17.0.10-win32-x86_64\bin\java.dll
0x00007ff89b1e0000 - 0x00007ff89b1f8000 	c:\Users\Usuario\.vscode\extensions\redhat.java-1.28.1-win32-x64\jre\17.0.10-win32-x86_64\bin\zip.dll
0x00007ff8b3d00000 - 0x00007ff8b4444000 	C:\Windows\System32\SHELL32.dll
0x00007ff8b01c0000 - 0x00007ff8b095b000 	C:\Windows\SYSTEM32\windows.storage.dll
0x00007ff8b4670000 - 0x00007ff8b49c4000 	C:\Windows\System32\combase.dll
0x00007ff8b1910000 - 0x00007ff8b193d000 	C:\Windows\SYSTEM32\Wldp.dll
0x00007ff8b4e00000 - 0x00007ff8b4ead000 	C:\Windows\System32\SHCORE.dll
0x00007ff8b4450000 - 0x00007ff8b44a5000 	C:\Windows\System32\shlwapi.dll
0x00007ff8b26a0000 - 0x00007ff8b26c5000 	C:\Windows\SYSTEM32\profapi.dll
0x00007ff8957e0000 - 0x00007ff8957f9000 	C:\Users\Usuario\.vscode\extensions\redhat.java-1.28.1-win32-x64\jre\17.0.10-win32-x86_64\bin\net.dll
0x00007ff8ad870000 - 0x00007ff8ad97a000 	C:\Windows\SYSTEM32\WINHTTP.dll
0x00007ff8b1780000 - 0x00007ff8b17ea000 	C:\Windows\system32\mswsock.dll
0x00007ff8913a0000 - 0x00007ff8913b6000 	C:\Users\Usuario\.vscode\extensions\redhat.java-1.28.1-win32-x64\jre\17.0.10-win32-x86_64\bin\nio.dll
0x00007ff8aa370000 - 0x00007ff8aa380000 	c:\Users\Usuario\.vscode\extensions\redhat.java-1.28.1-win32-x64\jre\17.0.10-win32-x86_64\bin\verify.dll
0x00007ff88b9f0000 - 0x00007ff88ba2e000 	C:\Users\Usuario\AppData\Roaming\Code\User\globalStorage\redhat.java\1.28.1\config_win\org.eclipse.equinox.launcher\org.eclipse.equinox.launcher.win32.win32.x86_64_1.2.900.v20240129-1338\eclipse_11900.dll
0x00007ff8b4cd0000 - 0x00007ff8b4dfa000 	C:\Windows\System32\ole32.dll
0x00007ff8a98b0000 - 0x00007ff8a98b9000 	C:\Users\Usuario\.vscode\extensions\redhat.java-1.28.1-win32-x64\jre\17.0.10-win32-x86_64\bin\management.dll
0x00007ff8a8570000 - 0x00007ff8a857b000 	C:\Users\Usuario\.vscode\extensions\redhat.java-1.28.1-win32-x64\jre\17.0.10-win32-x86_64\bin\management_ext.dll
0x00007ff8b30f0000 - 0x00007ff8b30f8000 	C:\Windows\System32\PSAPI.DLL
0x00007ff8b2470000 - 0x00007ff8b2488000 	C:\Windows\SYSTEM32\CRYPTSP.dll
0x00007ff8b1120000 - 0x00007ff8b1154000 	C:\Windows\system32\rsaenh.dll
0x00007ff8b27e0000 - 0x00007ff8b2807000 	C:\Windows\System32\bcrypt.dll
0x00007ff8b2620000 - 0x00007ff8b264e000 	C:\Windows\SYSTEM32\USERENV.dll
0x00007ff8b1a40000 - 0x00007ff8b1a4c000 	C:\Windows\SYSTEM32\CRYPTBASE.dll
0x00007ff8b14a0000 - 0x00007ff8b14db000 	C:\Windows\SYSTEM32\IPHLPAPI.DLL
0x00007ff8b3340000 - 0x00007ff8b3348000 	C:\Windows\System32\NSI.dll
0x00007ff8aaf30000 - 0x00007ff8aaf47000 	C:\Windows\SYSTEM32\dhcpcsvc6.DLL
0x00007ff8aadd0000 - 0x00007ff8aaded000 	C:\Windows\SYSTEM32\dhcpcsvc.DLL
0x00007ff8b14e0000 - 0x00007ff8b15aa000 	C:\Windows\SYSTEM32\DNSAPI.dll
0x00007ff8897f0000 - 0x00007ff889835000 	C:\Users\Usuario\AppData\Local\Temp\jna-1531808526\jna11631766034052587358.dll

dbghelp: loaded successfully - version: 4.0.5 - missing functions: none
symbol engine: initialized successfully - sym options: 0x614 - pdb path: .;c:\Users\Usuario\.vscode\extensions\redhat.java-1.28.1-win32-x64\jre\17.0.10-win32-x86_64\bin;C:\Windows\SYSTEM32;C:\Windows\WinSxS\amd64_microsoft.windows.common-controls_6595b64144ccf1df_6.0.19041.1110_none_60b5254171f9507e;c:\Users\Usuario\.vscode\extensions\redhat.java-1.28.1-win32-x64\jre\17.0.10-win32-x86_64\bin\server;C:\Users\Usuario\AppData\Roaming\Code\User\globalStorage\redhat.java\1.28.1\config_win\org.eclipse.equinox.launcher\org.eclipse.equinox.launcher.win32.win32.x86_64_1.2.900.v20240129-1338;C:\Users\Usuario\AppData\Local\Temp\jna-1531808526

VM Arguments:
jvm_args: --add-modules=ALL-SYSTEM --add-opens=java.base/java.util=ALL-UNNAMED --add-opens=java.base/java.lang=ALL-UNNAMED --add-opens=java.base/sun.nio.fs=ALL-UNNAMED -Declipse.application=org.eclipse.jdt.ls.core.id1 -Dosgi.bundles.defaultStartLevel=4 -Declipse.product=org.eclipse.jdt.ls.core.product -Djava.import.generatesMetadataFilesAtProjectRoot=false -DDetectVMInstallationsJob.disabled=true -Dfile.encoding=utf8 -XX:+UseParallelGC -XX:GCTimeRatio=4 -XX:AdaptiveSizePolicyWeight=90 -Dsun.zip.disableMemoryMapping=true -Xmx1G -Xms100m -Xlog:disable -javaagent:c:\Users\Usuario\.vscode\extensions\redhat.java-1.28.1-win32-x64\lombok\lombok-1.18.31.jar -XX:+HeapDumpOnOutOfMemoryError -XX:HeapDumpPath=c:\Users\Usuario\AppData\Roaming\Code\User\workspaceStorage\ef68fe475a4c8989c11858262eae5c25\redhat.java -Daether.dependencyCollector.impl=bf 
java_command: c:\Users\Usuario\.vscode\extensions\redhat.java-1.28.1-win32-x64\server\plugins\org.eclipse.equinox.launcher_1.6.700.v20231214-2017.jar -configuration c:\Users\Usuario\AppData\Roaming\Code\User\globalStorage\redhat.java\1.28.1\config_win -data c:\Users\Usuario\AppData\Roaming\Code\User\workspaceStorage\ef68fe475a4c8989c11858262eae5c25\redhat.java\jdt_ws --stdio
java_class_path (initial): c:\Users\Usuario\.vscode\extensions\redhat.java-1.28.1-win32-x64\server\plugins\org.eclipse.equinox.launcher_1.6.700.v20231214-2017.jar
Launcher Type: SUN_STANDARD

[Global flags]
    uintx AdaptiveSizePolicyWeight                 = 90                                        {product} {command line}
     intx CICompilerCount                          = 3                                         {product} {ergonomic}
    uintx GCTimeRatio                              = 4                                         {product} {command line}
     bool HeapDumpOnOutOfMemoryError               = true                                   {manageable} {command line}
    ccstr HeapDumpPath                             = c:\Users\Usuario\AppData\Roaming\Code\User\workspaceStorage\ef68fe475a4c8989c11858262eae5c25\redhat.java         {manageable} {command line}
   size_t InitialHeapSize                          = 104857600                                 {product} {command line}
   size_t MaxHeapSize                              = 1073741824                                {product} {command line}
   size_t MaxNewSize                               = 357564416                                 {product} {ergonomic}
   size_t MinHeapDeltaBytes                        = 524288                                    {product} {ergonomic}
   size_t MinHeapSize                              = 104857600                                 {product} {command line}
   size_t NewSize                                  = 34603008                                  {product} {ergonomic}
    uintx NonNMethodCodeHeapSize                   = 5832780                                {pd product} {ergonomic}
    uintx NonProfiledCodeHeapSize                  = 122912730                              {pd product} {ergonomic}
   size_t OldSize                                  = 70254592                                  {product} {ergonomic}
    uintx ProfiledCodeHeapSize                     = 122912730                              {pd product} {ergonomic}
    uintx ReservedCodeCacheSize                    = 251658240                              {pd product} {ergonomic}
     bool SegmentedCodeCache                       = true                                      {product} {ergonomic}
   size_t SoftMaxHeapSize                          = 1073741824                             {manageable} {ergonomic}
     bool UseCompressedClassPointers               = true                           {product lp64_product} {ergonomic}
     bool UseCompressedOops                        = true                           {product lp64_product} {ergonomic}
     bool UseLargePagesIndividualAllocation        = false                                  {pd product} {ergonomic}
     bool UseParallelGC                            = true                                      {product} {command line}

Logging:
Log output configuration:
 #0: stdout all=off uptime,level,tags
 #1: stderr all=off uptime,level,tags

Environment Variables:
PATH=C:\Program Files (x86)\VMware\VMware Player\bin\;C:\Program Files\Common Files\Oracle\Java\javapath;C:\Windows\system32;C:\Windows;C:\Windows\System32\Wbem;C:\Windows\System32\WindowsPowerShell\v1.0\;C:\Windows\System32\OpenSSH\;C:\Program Files\PuTTY\;C:\msys64\ucrt64\bin;C:\workspace\apache-maven-3.9.6\bin;C:\Program Files\Git\cmd;C:\Users\Usuario\AppData\Local\Microsoft\WindowsApps;;C:\Users\Usuario\AppData\Local\Programs\Microsoft VS Code\bin
USERNAME=Usuario
OS=Windows_NT
PROCESSOR_IDENTIFIER=Intel64 Family 6 Model 158 Stepping 13, GenuineIntel
TMP=C:\Users\Usuario\AppData\Local\Temp
TEMP=C:\Users\Usuario\AppData\Local\Temp



Periodic native trim disabled


---------------  S Y S T E M  ---------------

OS:
 Windows 10 , 64 bit Build 19041 (10.0.19041.3393)
OS uptime: 0 days 3:38 hours

CPU: total 6 (initial active 6) (6 cores per cpu, 1 threads per core) family 6 model 158 stepping 13 microcode 0xbe, cx8, cmov, fxsr, mmx, 3dnowpref, sse, sse2, sse3, ssse3, sse4.1, sse4.2, popcnt, lzcnt, tsc, tscinvbit, avx, avx2, aes, erms, clmul, bmi1, bmi2, adx, fma, vzeroupper, clflush, clflushopt
Processor Information for all 6 processors :
  Max Mhz: 2904, Current Mhz: 2904, Mhz Limit: 2904

Memory: 4k page, system-wide physical 12158M (4353M free)
TotalPageFile size 14014M (AvailPageFile size 5637M)
current process WorkingSet (physical memory assigned to process): 718M, peak: 727M
current process commit charge ("private bytes"): 638M, peak: 649M

vm_info: OpenJDK 64-Bit Server VM (17.0.10+7) for windows-amd64 JRE (17.0.10+7), built on Jan 16 2024 23:25:11 by "admin" with MS VC++ 16.10 / 16.11 (VS2019)

END.
