#
# A fatal error has been detected by the Java Runtime Environment:
#
#  EXCEPTION_ACCESS_VIOLATION (0xc0000005) at pc=0x00007ff8784fb743, pid=2168, tid=10428
#
# JRE version: OpenJDK Runtime Environment Temurin-17.0.10+7 (17.0.10+7) (build 17.0.10+7)
# Java VM: OpenJDK 64-Bit Server VM Temurin-17.0.10+7 (17.0.10+7, mixed mode, tiered, compressed oops, compressed class ptrs, parallel gc, windows-amd64)
# Problematic frame:
# V  [jvm.dll+0x36b743]
#
# No core dump will be written. Minidumps are not enabled by default on client versions of Windows
#
# If you would like to submit a bug report, please visit:
#   https://github.com/adoptium/adoptium-support/issues
#

---------------  S U M M A R Y ------------

Command Line: --add-modules=ALL-SYSTEM --add-opens=java.base/java.util=ALL-UNNAMED --add-opens=java.base/java.lang=ALL-UNNAMED --add-opens=java.base/sun.nio.fs=ALL-UNNAMED -Declipse.application=org.eclipse.jdt.ls.core.id1 -Dosgi.bundles.defaultStartLevel=4 -Declipse.product=org.eclipse.jdt.ls.core.product -Djava.import.generatesMetadataFilesAtProjectRoot=false -DDetectVMInstallationsJob.disabled=true -Dfile.encoding=utf8 -XX:+UseParallelGC -XX:GCTimeRatio=4 -XX:AdaptiveSizePolicyWeight=90 -Dsun.zip.disableMemoryMapping=true -Xmx1G -Xms100m -Xlog:disable -javaagent:c:\Users\Usuario\.vscode\extensions\redhat.java-1.28.1-win32-x64\lombok\lombok-1.18.31.jar -XX:+HeapDumpOnOutOfMemoryError -XX:HeapDumpPath=c:\Users\Usuario\AppData\Roaming\Code\User\workspaceStorage\ef68fe475a4c8989c11858262eae5c25\redhat.java -Daether.dependencyCollector.impl=bf c:\Users\Usuario\.vscode\extensions\redhat.java-1.28.1-win32-x64\server\plugins\org.eclipse.equinox.launcher_1.6.700.v20231214-2017.jar -configuration c:\Users\Usuario\AppData\Roaming\Code\User\globalStorage\redhat.java\1.28.1\config_win -data c:\Users\Usuario\AppData\Roaming\Code\User\workspaceStorage\ef68fe475a4c8989c11858262eae5c25\redhat.java\jdt_ws --stdio

Host: Intel(R) Core(TM) i5-9400 CPU @ 2.90GHz, 6 cores, 11G,  Windows 10 , 64 bit Build 19041 (10.0.19041.3393)
Time: Fri Mar  1 15:59:05 2024 Hora est. Pacífico, Sudamérica elapsed time: 2.686454 seconds (0d 0h 0m 2s)

---------------  T H R E A D  ---------------

Current thread (0x000001b8cd8a48b0):  JavaThread "C2 CompilerThread0" daemon [_thread_in_native, id=10428, stack(0x00000025ea700000,0x00000025ea800000)]


Current CompileTask:
C2:   2686 4552   !   4       org.eclipse.osgi.internal.loader.classpath.ClasspathManager::findLocalClass (210 bytes)

Stack: [0x00000025ea700000,0x00000025ea800000],  sp=0x00000025ea7fb720,  free space=1005k
Native frames: (J=compiled Java code, j=interpreted, Vv=VM code, C=native code)
V  [jvm.dll+0x36b743]
V  [jvm.dll+0x364ecd]
V  [jvm.dll+0x1bcfa6]
V  [jvm.dll+0x21a049]
V  [jvm.dll+0x219311]
V  [jvm.dll+0x1a502d]
V  [jvm.dll+0x2290de]
V  [jvm.dll+0x2272ac]
V  [jvm.dll+0x7e9bb7]
V  [jvm.dll+0x7e3fba]
V  [jvm.dll+0x67c1b5]
C  [ucrtbase.dll+0x21bb2]
C  [KERNEL32.DLL+0x17344]
C  [ntdll.dll+0x526b1]


siginfo: EXCEPTION_ACCESS_VIOLATION (0xc0000005), reading address 0x00007ff868d13d88


Registers:
RAX=0x000001b8d93f9fc0, RBX=0x00000025ea7fb840, RCX=0x000001b8d93f9fe0, RDX=0x0000000000000050
RSP=0x00000025ea7fb720, RBP=0x00000025ea7fe730, RSI=0x0000000000000188, RDI=0x0000000000000031
R8 =0x0000000000000041, R9 =0x0000000000000009, R10=0x0000000000000009, R11=0x000001b8d93fa0e0
R12=0x000001b8cdfeafe8, R13=0x00007ff878d13d88, R14=0x00007ff868d13d88, R15=0x000001b8d901a1a0
RIP=0x00007ff8784fb743, EFLAGS=0x0000000000010202


Register to memory mapping:

RIP=0x00007ff8784fb743 jvm.dll
RAX=0x000001b8d93f9fc0 points into unknown readable memory: 0x000001b8d93f9fa0 | a0 9f 3f d9 b8 01 00 00
RBX=0x00000025ea7fb840 is pointing into the stack for thread: 0x000001b8cd8a48b0
RCX=0x000001b8d93f9fe0 points into unknown readable memory: 0x0000000000000000 | 00 00 00 00 00 00 00 00
RDX=0x0000000000000050 is an unknown value
RSP=0x00000025ea7fb720 is pointing into the stack for thread: 0x000001b8cd8a48b0
RBP=0x00000025ea7fe730 is pointing into the stack for thread: 0x000001b8cd8a48b0
RSI=0x0000000000000188 is an unknown value
RDI=0x0000000000000031 is an unknown value
R8 =0x0000000000000041 is an unknown value
R9 =0x0000000000000009 is an unknown value
R10=0x0000000000000009 is an unknown value
R11=0x000001b8d93fa0e0 points into unknown readable memory: 0x0000000000000000 | 00 00 00 00 00 00 00 00
R12=0x000001b8cdfeafe8 points into unknown readable memory: 0x000001b8b42a73b0 | b0 73 2a b4 b8 01 00 00
R13=0x00007ff878d13d88 jvm.dll
R14=0x00007ff868d13d88 is an unknown value
R15=0x000001b8d901a1a0 points into unknown readable memory: 0x0000002200000014 | 14 00 00 00 22 00 00 00


Top of Stack: (sp=0x00000025ea7fb720)
0x00000025ea7fb720:   0000000000000000 00000003000021b4
0x00000025ea7fb730:   0000002b00000022 000001b8d93fa0c0
0x00000025ea7fb740:   0000000000000002 00000025ea7fbde0
0x00000025ea7fb750:   0000000000000002 00000025ea7fb870
0x00000025ea7fb760:   00000025ea7fbde0 00007ff8784f4ecd
0x00000025ea7fb770:   000001b8cdd6ea28 0000000000000000
0x00000025ea7fb780:   0000000000000000 00007ff8b50b47b1
0x00000025ea7fb790:   00000025ea7fb7b0 000001b800000006
0x00000025ea7fb7a0:   ffffffff00000009 0000000000000002
0x00000025ea7fb7b0:   0000000900000000 0000000e00000000
0x00000025ea7fb7c0:   0000000000000000 0000000900000002
0x00000025ea7fb7d0:   0000000d00000002 0000000000000000
0x00000025ea7fb7e0:   0000000000000008 000001b8cdd6ea28
0x00000025ea7fb7f0:   0000000000000493 0000000000000000
0x00000025ea7fb800:   0000000000000000 00000003000021b4
0x00000025ea7fb810:   0000002200000022 000001b8d93fa0e0
0x00000025ea7fb820:   000001b8d93fa298 00000025ea7fb840
0x00000025ea7fb830:   000001b8cdbb6374 000001b8cdbb637c
0x00000025ea7fb840:   0000002200000014 000001b8d93fa4a0
0x00000025ea7fb850:   000001b8d8992388 000001b8d89922e8
0x00000025ea7fb860:   000001b8d058c620 0000000000000000
0x00000025ea7fb870:   000001b8d0109040 00007ff87823cd71
0x00000025ea7fb880:   000001b8d8991e38 00000000000000de
0x00000025ea7fb890:   000001b8b42a73b0 0000000000000644
0x00000025ea7fb8a0:   000001b8d0109040 00007ff8786f6e0d
0x00000025ea7fb8b0:   0000000000000024 0000000000000645
0x00000025ea7fb8c0:   0000000000000000 0000000000000000
0x00000025ea7fb8d0:   000001b800000041 0000000000000020
0x00000025ea7fb8e0:   000001b8d8990000 0000000000000000
0x00000025ea7fb8f0:   000001b8cd892010 000001b8d0109000
0x00000025ea7fb900:   00000000003242e8 00007ff878af2d98
0x00000025ea7fb910:   0000000000000000 0000000000000000 

Instructions: (pc=0x00007ff8784fb743)
0x00007ff8784fb643:   48 f7 d0 48 8b b9 c8 08 00 00 48 8b 4f 18 48 3b
0x00007ff8784fb653:   c1 73 16 4c 8d 05 db be 5a 00 48 8b d6 48 8b cf
0x00007ff8784fb663:   e8 68 17 d4 ff 48 8b 4f 18 48 8d 04 31 48 3b 47
0x00007ff8784fb673:   20 76 13 45 33 c0 48 8b d6 48 8b cf e8 9c 14 d4
0x00007ff8784fb683:   ff 48 8b c8 eb 04 48 89 47 18 ba 50 00 00 00 33
0x00007ff8784fb693:   ff 48 89 4b 08 39 bb 90 00 00 00 0f 86 d9 00 00
0x00007ff8784fb6a3:   00 65 48 8b 04 25 58 00 00 00 4c 89 64 24 50 4c
0x00007ff8784fb6b3:   89 6c 24 58 4c 8d 2d ca 86 81 00 4c 89 74 24 60
0x00007ff8784fb6c3:   4c 8d 24 e8 66 0f 1f 84 00 00 00 00 00 49 8b 47
0x00007ff8784fb6d3:   08 48 8d 34 fd 00 00 00 00 4c 8b 34 06 4d 3b f5
0x00007ff8784fb6e3:   75 0a 48 8b 43 08 4c 89 2c 06 eb 6c 49 8b 2c 24
0x00007ff8784fb6f3:   8b c2 80 3c 28 00 75 05 e8 c8 4a 52 00 b8 20 00
0x00007ff8784fb703:   00 00 48 8b 0c 28 48 8b 81 e0 04 00 00 48 8b a8
0x00007ff8784fb713:   80 00 00 00 48 8b 8d d0 08 00 00 48 85 c9 75 0c
0x00007ff8784fb723:   e8 e8 0b 00 00 48 8b 8d d0 08 00 00 48 8b 01 0f
0x00007ff8784fb733:   57 c0 48 89 85 d0 08 00 00 0f 11 01 0f 11 41 10
0x00007ff8784fb743:   41 0f 10 06 0f 11 01 41 0f 10 4e 10 0f 11 49 10
0x00007ff8784fb753:   48 8b 43 08 48 89 0c 06 ff c7 ba 50 00 00 00 3b
0x00007ff8784fb763:   bb 90 00 00 00 0f 82 62 ff ff ff 4c 8b 74 24 60
0x00007ff8784fb773:   4c 8b 6c 24 58 4c 8b 64 24 50 48 8b c3 48 83 c4
0x00007ff8784fb783:   20 41 5f 5f 5e 5d 5b c3 cc cc cc cc cc 40 53 48
0x00007ff8784fb793:   83 ec 20 8b 51 0c 48 8b d9 83 fa 04 73 2a 4c 8b
0x00007ff8784fb7a3:   59 18 66 66 66 0f 1f 84 00 00 00 00 00 44 8b d2
0x00007ff8784fb7b3:   44 8d 4a 01 4b 83 3c d3 00 0f 85 8f 00 00 00 41
0x00007ff8784fb7c3:   8b d1 41 83 f9 04 72 e5 48 89 74 24 30 48 89 7c
0x00007ff8784fb7d3:   24 38 8b 79 10 3b 79 14 73 62 48 8d 35 a4 85 81
0x00007ff8784fb7e3:   00 0f 1f 40 00 0f 1f 84 00 00 00 00 00 48 8b 43
0x00007ff8784fb7f3:   20 8b cf 48 8b 14 c8 48 3b d6 74 39 33 c0 48 89
0x00007ff8784fb803:   53 18 33 c9 66 0f 1f 84 00 00 00 00 00 48 83 3c
0x00007ff8784fb813:   11 00 44 8d 48 01 75 6f 48 83 c1 08 41 8b c1 41
0x00007ff8784fb823:   83 f9 04 72 e8 48 8b 4b 28 48 85 c9 74 07 8b d7
0x00007ff8784fb833:   e8 58 01 00 00 ff c7 3b 7b 14 72 b1 48 8b 74 24 


Stack slot to memory mapping:
stack at sp + 0 slots: 0x0 is NULL
stack at sp + 1 slots: 0x00000003000021b4 is an unknown value
stack at sp + 2 slots: 0x0000002b00000022 is an unknown value
stack at sp + 3 slots: 0x000001b8d93fa0c0 points into unknown readable memory: 0x000000000000000c | 0c 00 00 00 00 00 00 00
stack at sp + 4 slots: 0x0000000000000002 is an unknown value
stack at sp + 5 slots: 0x00000025ea7fbde0 is pointing into the stack for thread: 0x000001b8cd8a48b0
stack at sp + 6 slots: 0x0000000000000002 is an unknown value
stack at sp + 7 slots: 0x00000025ea7fb870 is pointing into the stack for thread: 0x000001b8cd8a48b0


---------------  P R O C E S S  ---------------

Threads class SMR info:
_java_thread_list=0x000001b8d063f0f0, length=36, elements={
0x000001b8b4217c30, 0x000001b8b42de4c0, 0x000001b8c80a1e00, 0x000001b8c80bd020,
0x000001b8c80bddb0, 0x000001b8cd89a960, 0x000001b8cd89e9f0, 0x000001b8cd8a48b0,
0x000001b8cd8a5960, 0x000001b8cd8a6a10, 0x000001b8b42843f0, 0x000001b8cda76bc0,
0x000001b8cdcc0020, 0x000001b8ce906f80, 0x000001b8ce705a60, 0x000001b8ce705f40,
0x000001b8cec22a70, 0x000001b8ceefbb30, 0x000001b8cefee870, 0x000001b8ce987310,
0x000001b8ce984fa0, 0x000001b8ce9863e0, 0x000001b8ce984580, 0x000001b8ce984a90,
0x000001b8ce9859c0, 0x000001b8ce9854b0, 0x000001b8ce987820, 0x000001b8ce984070,
0x000001b8cedb3880, 0x000001b8cedb6100, 0x000001b8cedb47b0, 0x000001b8cedb1000,
0x000001b8cedb56e0, 0x000001b8cedb2950, 0x000001b8cedb6610, 0x000001b8cedb4cc0
}

Java Threads: ( => current thread )
  0x000001b8b4217c30 JavaThread "main" [_thread_blocked, id=5628, stack(0x00000025e9e00000,0x00000025e9f00000)]
  0x000001b8b42de4c0 JavaThread "Reference Handler" daemon [_thread_blocked, id=9620, stack(0x00000025ea100000,0x00000025ea200000)]
  0x000001b8c80a1e00 JavaThread "Finalizer" daemon [_thread_blocked, id=11476, stack(0x00000025ea200000,0x00000025ea300000)]
  0x000001b8c80bd020 JavaThread "Signal Dispatcher" daemon [_thread_blocked, id=7020, stack(0x00000025ea300000,0x00000025ea400000)]
  0x000001b8c80bddb0 JavaThread "Attach Listener" daemon [_thread_blocked, id=4332, stack(0x00000025ea400000,0x00000025ea500000)]
  0x000001b8cd89a960 JavaThread "Service Thread" daemon [_thread_blocked, id=10308, stack(0x00000025ea500000,0x00000025ea600000)]
  0x000001b8cd89e9f0 JavaThread "Monitor Deflation Thread" daemon [_thread_blocked, id=10232, stack(0x00000025ea600000,0x00000025ea700000)]
=>0x000001b8cd8a48b0 JavaThread "C2 CompilerThread0" daemon [_thread_in_native, id=10428, stack(0x00000025ea700000,0x00000025ea800000)]
  0x000001b8cd8a5960 JavaThread "C1 CompilerThread0" daemon [_thread_in_native, id=7444, stack(0x00000025ea800000,0x00000025ea900000)]
  0x000001b8cd8a6a10 JavaThread "Sweeper thread" daemon [_thread_blocked, id=3932, stack(0x00000025ea900000,0x00000025eaa00000)]
  0x000001b8b42843f0 JavaThread "Common-Cleaner" daemon [_thread_blocked, id=9812, stack(0x00000025eaa00000,0x00000025eab00000)]
  0x000001b8cda76bc0 JavaThread "C2 CompilerThread1" daemon [_thread_in_native, id=12560, stack(0x00000025eab00000,0x00000025eac00000)]
  0x000001b8cdcc0020 JavaThread "Notification Thread" daemon [_thread_blocked, id=4568, stack(0x00000025eac00000,0x00000025ead00000)]
  0x000001b8ce906f80 JavaThread "Active Thread: Equinox Container: 10ef185a-72a0-4b5a-a54b-a05c381a0bae" [_thread_blocked, id=3256, stack(0x00000025eb300000,0x00000025eb400000)]
  0x000001b8ce705a60 JavaThread "Framework Event Dispatcher: Equinox Container: 10ef185a-72a0-4b5a-a54b-a05c381a0bae" daemon [_thread_blocked, id=9040, stack(0x00000025eb400000,0x00000025eb500000)]
  0x000001b8ce705f40 JavaThread "Start Level: Equinox Container: 10ef185a-72a0-4b5a-a54b-a05c381a0bae" daemon [_thread_blocked, id=8420, stack(0x00000025eb500000,0x00000025eb600000)]
  0x000001b8cec22a70 JavaThread "Bundle File Closer" daemon [_thread_blocked, id=8852, stack(0x00000025eb600000,0x00000025eb700000)]
  0x000001b8ceefbb30 JavaThread "SCR Component Actor" daemon [_thread_blocked, id=10560, stack(0x00000025eb700000,0x00000025eb800000)]
  0x000001b8cefee870 JavaThread "SCR Component Registry" daemon [_thread_blocked, id=7828, stack(0x00000025eb800000,0x00000025eb900000)]
  0x000001b8ce987310 JavaThread "Worker-JM" [_thread_blocked, id=12224, stack(0x00000025eb900000,0x00000025eba00000)]
  0x000001b8ce984fa0 JavaThread "Worker-0: Building" [_thread_in_vm, id=8704, stack(0x00000025eba00000,0x00000025ebb00000)]
  0x000001b8ce9863e0 JavaThread "Worker-1: Repository registry initialization" [_thread_blocked, id=2176, stack(0x00000025ebb00000,0x00000025ebc00000)]
  0x000001b8ce984580 JavaThread "Worker-2" [_thread_blocked, id=10356, stack(0x00000025ebc00000,0x00000025ebd00000)]
  0x000001b8ce984a90 JavaThread "Java indexing" daemon [_thread_blocked, id=13128, stack(0x00000025ebd00000,0x00000025ebe00000)]
  0x000001b8ce9859c0 JavaThread "JNA Cleaner" daemon [_thread_blocked, id=12480, stack(0x00000025ebe00000,0x00000025ebf00000)]
  0x000001b8ce9854b0 JavaThread "pool-2-thread-1" [_thread_blocked, id=9740, stack(0x00000025ec100000,0x00000025ec200000)]
  0x000001b8ce987820 JavaThread "WorkspaceEventsHandler" [_thread_blocked, id=11708, stack(0x00000025ec200000,0x00000025ec300000)]
  0x000001b8ce984070 JavaThread "pool-1-thread-1" [_thread_in_Java, id=12820, stack(0x00000025ec300000,0x00000025ec400000)]
  0x000001b8cedb3880 JavaThread "Worker-3: Synchronizing projects" [_thread_blocked, id=12800, stack(0x00000025ec400000,0x00000025ec500000)]
  0x000001b8cedb6100 JavaThread "Compiler Source File Reader" daemon [_thread_blocked, id=13292, stack(0x00000025ec500000,0x00000025ec600000)]
  0x000001b8cedb47b0 JavaThread "Compiler Source File Reader" daemon [_thread_blocked, id=32, stack(0x00000025ec600000,0x00000025ec700000)]
  0x000001b8cedb1000 JavaThread "Compiler Source File Reader" daemon [_thread_in_native, id=4308, stack(0x00000025ec700000,0x00000025ec800000)]
  0x000001b8cedb56e0 JavaThread "Compiler Source File Reader" daemon [_thread_blocked, id=528, stack(0x00000025ec800000,0x00000025ec900000)]
  0x000001b8cedb2950 JavaThread "Compiler Source File Reader" daemon [_thread_in_native, id=11040, stack(0x00000025ec900000,0x00000025eca00000)]
  0x000001b8cedb6610 JavaThread "Compiler Source File Reader" daemon [_thread_in_Java, id=10804, stack(0x00000025eca00000,0x00000025ecb00000)]
  0x000001b8cedb4cc0 JavaThread "Compiler Source File Reader" daemon [_thread_blocked, id=12092, stack(0x00000025ecb00000,0x00000025ecc00000)]

Other Threads:
  0x000001b8c808e620 VMThread "VM Thread" [stack: 0x00000025ea000000,0x00000025ea100000] [id=12440]
  0x000001b8cdbe4340 WatcherThread [stack: 0x00000025ead00000,0x00000025eae00000] [id=7440]
  0x000001b8b42361e0 GCTaskThread "GC Thread#0" [stack: 0x00000025e9f00000,0x00000025ea000000] [id=3112]
  0x000001b8ce1cb020 GCTaskThread "GC Thread#1" [stack: 0x00000025eae00000,0x00000025eaf00000] [id=2508]
  0x000001b8cde8c1e0 GCTaskThread "GC Thread#2" [stack: 0x00000025eaf00000,0x00000025eb000000] [id=4180]
  0x000001b8cde8c4a0 GCTaskThread "GC Thread#3" [stack: 0x00000025eb000000,0x00000025eb100000] [id=4488]
  0x000001b8ce42fca0 GCTaskThread "GC Thread#4" [stack: 0x00000025eb100000,0x00000025eb200000] [id=2720]
  0x000001b8ce42ff60 GCTaskThread "GC Thread#5" [stack: 0x00000025eb200000,0x00000025eb300000] [id=11764]

Threads with active compile tasks:
C2 CompilerThread0     2710 4552   !   4       org.eclipse.osgi.internal.loader.classpath.ClasspathManager::findLocalClass (210 bytes)
C1 CompilerThread0     2710 5340   !   2       org.eclipse.osgi.storage.url.BundleResourceHandler::openConnection (153 bytes)
C2 CompilerThread1     2710 4882       4       jdk.internal.jrtfs.JrtPath::getFileName (78 bytes)

VM state: not at safepoint (normal execution)

VM Mutex/Monitor currently owned by a thread:  ([mutex/lock_event])
[0x000001b8b4207eb0] Compile_lock - owner thread: 0x0000000000000000

Heap address: 0x00000000c0000000, size: 1024 MB, Compressed Oops mode: 32-bit

CDS archive(s) not mapped
Compressed class space mapped at: 0x0000000100000000-0x0000000140000000, reserved size: 1073741824
Narrow klass base: 0x0000000000000000, Narrow klass shift: 3, Narrow klass range: 0x140000000

GC Precious Log:
 CPUs: 6 total, 6 available
 Memory: 12158M
 Large Page Support: Disabled
 NUMA Support: Disabled
 Compressed Oops: Enabled (32-bit)
 Alignments: Space 512K, Generation 512K, Heap 2M
 Heap Min Capacity: 100M
 Heap Initial Capacity: 100M
 Heap Max Capacity: 1G
 Pre-touch: Disabled
 Parallel Workers: 6

Heap:
 PSYoungGen      total 23552K, used 18804K [0x00000000eab00000, 0x00000000ec480000, 0x0000000100000000)
  eden space 22016K, 82% used [0x00000000eab00000,0x00000000ebcbae90,0x00000000ec080000)
  from space 1536K, 42% used [0x00000000ec200000,0x00000000ec2a21f8,0x00000000ec380000)
  to   space 1024K, 0% used [0x00000000ec380000,0x00000000ec380000,0x00000000ec480000)
 ParOldGen       total 68608K, used 30477K [0x00000000c0000000, 0x00000000c4300000, 0x00000000eab00000)
  object space 68608K, 44% used [0x00000000c0000000,0x00000000c1dc36e0,0x00000000c4300000)
 Metaspace       used 48959K, committed 50048K, reserved 1114112K
  class space    used 5203K, committed 5696K, reserved 1048576K

Card table byte_map: [0x000001b8b3bf0000,0x000001b8b3e00000] _byte_map_base: 0x000001b8b35f0000

Marking Bits: (ParMarkBitMap*) 0x00007ff878d2d7d0
 Begin Bits: [0x000001b8c5ec0000, 0x000001b8c6ec0000)
 End Bits:   [0x000001b8c6ec0000, 0x000001b8c7ec0000)

Polling page: 0x000001b8b39e0000

Metaspace:

Usage:
  Non-class:     42.73 MB used.
      Class:      5.08 MB used.
       Both:     47.81 MB used.

Virtual space:
  Non-class space:       64.00 MB reserved,      43.31 MB ( 68%) committed,  1 nodes.
      Class space:        1.00 GB reserved,       5.56 MB ( <1%) committed,  1 nodes.
             Both:        1.06 GB reserved,      48.88 MB (  4%) committed. 

Chunk freelists:
   Non-Class:  4.28 MB
       Class:  10.42 MB
        Both:  14.70 MB

MaxMetaspaceSize: unlimited
CompressedClassSpaceSize: 1.00 GB
Initial GC threshold: 21.00 MB
Current GC threshold: 58.38 MB
CDS: off
MetaspaceReclaimPolicy: balanced
 - commit_granule_bytes: 65536.
 - commit_granule_words: 8192.
 - virtual_space_node_default_size: 8388608.
 - enlarge_chunks_in_place: 1.
 - new_chunks_are_fully_committed: 0.
 - uncommit_free_chunks: 1.
 - use_allocation_guard: 0.
 - handle_deallocations: 1.


Internal statistics:

num_allocs_failed_limit: 6.
num_arena_births: 690.
num_arena_deaths: 14.
num_vsnodes_births: 2.
num_vsnodes_deaths: 0.
num_space_committed: 782.
num_space_uncommitted: 0.
num_chunks_returned_to_freelist: 20.
num_chunks_taken_from_freelist: 2561.
num_chunk_merges: 8.
num_chunk_splits: 1573.
num_chunks_enlarged: 882.
num_inconsistent_stats: 0.

CodeHeap 'non-profiled nmethods': size=120000Kb used=2278Kb max_used=2278Kb free=117722Kb
 bounds [0x000001b8be990000, 0x000001b8bec00000, 0x000001b8c5ec0000]
CodeHeap 'profiled nmethods': size=120000Kb used=11166Kb max_used=11166Kb free=108833Kb
 bounds [0x000001b8b6ec0000, 0x000001b8b79b0000, 0x000001b8be3f0000]
CodeHeap 'non-nmethods': size=5760Kb used=1290Kb max_used=1333Kb free=4470Kb
 bounds [0x000001b8be3f0000, 0x000001b8be660000, 0x000001b8be990000]
 total_blobs=5918 nmethods=5297 adapters=534
 compilation: enabled
              stopped_count=0, restarted_count=0
 full_count=0

Compilation events (20 events):
Event: 2.673 Thread 0x000001b8cd8a5960 5287   !   2       sun.nio.fs.WindowsFileAttributes::get (236 bytes)
Event: 2.674 Thread 0x000001b8cd8a5960 nmethod 5287 0x000001b8b7983390 code [0x000001b8b7983680, 0x000001b8b79840c8]
Event: 2.674 Thread 0x000001b8cd8a5960 5288       2       org.eclipse.osgi.internal.loader.ModuleClassLoader::getResource (109 bytes)
Event: 2.674 Thread 0x000001b8cd8a5960 nmethod 5288 0x000001b8b7984c10 code [0x000001b8b7984ec0, 0x000001b8b7985488]
Event: 2.674 Thread 0x000001b8cd8a5960 5289   !   2       org.eclipse.osgi.internal.loader.BundleLoader::findResource (429 bytes)
Event: 2.676 Thread 0x000001b8cd8a5960 nmethod 5289 0x000001b8b7985910 code [0x000001b8b7985da0, 0x000001b8b7986fd8]
Event: 2.676 Thread 0x000001b8cd8a5960 5290       2       org.eclipse.core.internal.localstore.UnifiedTree::isValidLevel (60 bytes)
Event: 2.676 Thread 0x000001b8cd8a5960 nmethod 5290 0x000001b8b7987c90 code [0x000001b8b7987e40, 0x000001b8b79880b8]
Event: 2.676 Thread 0x000001b8cd8a5960 5291       2       sun.reflect.annotation.AnnotationParser$1::run (40 bytes)
Event: 2.677 Thread 0x000001b8cd8a5960 nmethod 5291 0x000001b8b7988190 code [0x000001b8b7988380, 0x000001b8b7988898]
Event: 2.677 Thread 0x000001b8cd8a5960 5292       2       com.google.common.cache.LocalCache::expiresAfterAccess (15 bytes)
Event: 2.677 Thread 0x000001b8cd8a5960 nmethod 5292 0x000001b8b7988b90 code [0x000001b8b7988d20, 0x000001b8b7988e58]
Event: 2.677 Thread 0x000001b8cd8a5960 5293       2       org.eclipse.osgi.storage.bundlefile.ZipBundleEntry::getName (8 bytes)
Event: 2.678 Thread 0x000001b8cd8a5960 nmethod 5293 0x000001b8b7988f10 code [0x000001b8b79890a0, 0x000001b8b79891c8]
Event: 2.679 Thread 0x000001b8cd8a5960 5294       2       com.google.inject.Key::get (12 bytes)
Event: 2.679 Thread 0x000001b8cd8a5960 nmethod 5294 0x000001b8b7989290 code [0x000001b8b7989440, 0x000001b8b79896c8]
Event: 2.680 Thread 0x000001b8cd8a5960 5295       2       java.util.concurrent.atomic.AtomicReferenceArray::length (6 bytes)
Event: 2.680 Thread 0x000001b8cd8a5960 nmethod 5295 0x000001b8b7989890 code [0x000001b8b7989a20, 0x000001b8b7989b38]
Event: 2.683 Thread 0x000001b8cd8a5960 5297       2       org.eclipse.jdt.ls.core.internal.filesystem.JLSFsUtils::isProjectMetadataFile (71 bytes)
Event: 2.683 Thread 0x000001b8cd8a5960 nmethod 5297 0x000001b8b7989c10 code [0x000001b8b7989e20, 0x000001b8b798a1c8]

GC Heap History (20 events):
Event: 2.032 GC heap before
{Heap before GC invocations=12 (full 2):
 PSYoungGen      total 25088K, used 1522K [0x00000000eab00000, 0x00000000ecb00000, 0x0000000100000000)
  eden space 23552K, 0% used [0x00000000eab00000,0x00000000eab00000,0x00000000ec200000)
  from space 1536K, 99% used [0x00000000ec700000,0x00000000ec87c8d8,0x00000000ec880000)
  to   space 4608K, 0% used [0x00000000ec200000,0x00000000ec200000,0x00000000ec680000)
 ParOldGen       total 68608K, used 15236K [0x00000000c0000000, 0x00000000c4300000, 0x00000000eab00000)
  object space 68608K, 22% used [0x00000000c0000000,0x00000000c0ee1090,0x00000000c4300000)
 Metaspace       used 35059K, committed 35840K, reserved 1114112K
  class space    used 3470K, committed 3776K, reserved 1048576K
}
Event: 2.050 GC heap after
{Heap after GC invocations=12 (full 2):
 PSYoungGen      total 25088K, used 0K [0x00000000eab00000, 0x00000000ecb00000, 0x0000000100000000)
  eden space 23552K, 0% used [0x00000000eab00000,0x00000000eab00000,0x00000000ec200000)
  from space 1536K, 0% used [0x00000000ec700000,0x00000000ec700000,0x00000000ec880000)
  to   space 4608K, 0% used [0x00000000ec200000,0x00000000ec200000,0x00000000ec680000)
 ParOldGen       total 68608K, used 15772K [0x00000000c0000000, 0x00000000c4300000, 0x00000000eab00000)
  object space 68608K, 22% used [0x00000000c0000000,0x00000000c0f67338,0x00000000c4300000)
 Metaspace       used 35059K, committed 35840K, reserved 1114112K
  class space    used 3470K, committed 3776K, reserved 1048576K
}
Event: 2.204 GC heap before
{Heap before GC invocations=13 (full 2):
 PSYoungGen      total 25088K, used 23552K [0x00000000eab00000, 0x00000000ecb00000, 0x0000000100000000)
  eden space 23552K, 100% used [0x00000000eab00000,0x00000000ec200000,0x00000000ec200000)
  from space 1536K, 0% used [0x00000000ec700000,0x00000000ec700000,0x00000000ec880000)
  to   space 4608K, 0% used [0x00000000ec200000,0x00000000ec200000,0x00000000ec680000)
 ParOldGen       total 68608K, used 15772K [0x00000000c0000000, 0x00000000c4300000, 0x00000000eab00000)
  object space 68608K, 22% used [0x00000000c0000000,0x00000000c0f67338,0x00000000c4300000)
 Metaspace       used 38453K, committed 39424K, reserved 1114112K
  class space    used 3844K, committed 4224K, reserved 1048576K
}
Event: 2.205 GC heap after
{Heap after GC invocations=13 (full 2):
 PSYoungGen      total 25088K, used 1605K [0x00000000eab00000, 0x00000000ec780000, 0x0000000100000000)
  eden space 23040K, 0% used [0x00000000eab00000,0x00000000eab00000,0x00000000ec180000)
  from space 2048K, 78% used [0x00000000ec200000,0x00000000ec391620,0x00000000ec400000)
  to   space 2560K, 0% used [0x00000000ec500000,0x00000000ec500000,0x00000000ec780000)
 ParOldGen       total 68608K, used 15780K [0x00000000c0000000, 0x00000000c4300000, 0x00000000eab00000)
  object space 68608K, 23% used [0x00000000c0000000,0x00000000c0f69338,0x00000000c4300000)
 Metaspace       used 38453K, committed 39424K, reserved 1114112K
  class space    used 3844K, committed 4224K, reserved 1048576K
}
Event: 2.304 GC heap before
{Heap before GC invocations=14 (full 2):
 PSYoungGen      total 25088K, used 24645K [0x00000000eab00000, 0x00000000ec780000, 0x0000000100000000)
  eden space 23040K, 100% used [0x00000000eab00000,0x00000000ec180000,0x00000000ec180000)
  from space 2048K, 78% used [0x00000000ec200000,0x00000000ec391620,0x00000000ec400000)
  to   space 2560K, 0% used [0x00000000ec500000,0x00000000ec500000,0x00000000ec780000)
 ParOldGen       total 68608K, used 15780K [0x00000000c0000000, 0x00000000c4300000, 0x00000000eab00000)
  object space 68608K, 23% used [0x00000000c0000000,0x00000000c0f69338,0x00000000c4300000)
 Metaspace       used 40534K, committed 41536K, reserved 1114112K
  class space    used 4114K, committed 4544K, reserved 1048576K
}
Event: 2.306 GC heap after
{Heap after GC invocations=14 (full 2):
 PSYoungGen      total 24576K, used 1568K [0x00000000eab00000, 0x00000000ec700000, 0x0000000100000000)
  eden space 22528K, 0% used [0x00000000eab00000,0x00000000eab00000,0x00000000ec100000)
  from space 2048K, 76% used [0x00000000ec500000,0x00000000ec688040,0x00000000ec700000)
  to   space 2048K, 0% used [0x00000000ec300000,0x00000000ec300000,0x00000000ec500000)
 ParOldGen       total 68608K, used 17312K [0x00000000c0000000, 0x00000000c4300000, 0x00000000eab00000)
  object space 68608K, 25% used [0x00000000c0000000,0x00000000c10e80f0,0x00000000c4300000)
 Metaspace       used 40534K, committed 41536K, reserved 1114112K
  class space    used 4114K, committed 4544K, reserved 1048576K
}
Event: 2.359 GC heap before
{Heap before GC invocations=15 (full 2):
 PSYoungGen      total 24576K, used 24096K [0x00000000eab00000, 0x00000000ec700000, 0x0000000100000000)
  eden space 22528K, 100% used [0x00000000eab00000,0x00000000ec100000,0x00000000ec100000)
  from space 2048K, 76% used [0x00000000ec500000,0x00000000ec688040,0x00000000ec700000)
  to   space 2048K, 0% used [0x00000000ec300000,0x00000000ec300000,0x00000000ec500000)
 ParOldGen       total 68608K, used 17312K [0x00000000c0000000, 0x00000000c4300000, 0x00000000eab00000)
  object space 68608K, 25% used [0x00000000c0000000,0x00000000c10e8108,0x00000000c4300000)
 Metaspace       used 41443K, committed 42496K, reserved 1114112K
  class space    used 4234K, committed 4672K, reserved 1048576K
}
Event: 2.361 GC heap after
{Heap after GC invocations=15 (full 2):
 PSYoungGen      total 24576K, used 2016K [0x00000000eab00000, 0x00000000ec900000, 0x0000000100000000)
  eden space 22528K, 0% used [0x00000000eab00000,0x00000000eab00000,0x00000000ec100000)
  from space 2048K, 98% used [0x00000000ec300000,0x00000000ec4f8010,0x00000000ec500000)
  to   space 4096K, 0% used [0x00000000ec500000,0x00000000ec500000,0x00000000ec900000)
 ParOldGen       total 68608K, used 18792K [0x00000000c0000000, 0x00000000c4300000, 0x00000000eab00000)
  object space 68608K, 27% used [0x00000000c0000000,0x00000000c125a148,0x00000000c4300000)
 Metaspace       used 41443K, committed 42496K, reserved 1114112K
  class space    used 4234K, committed 4672K, reserved 1048576K
}
Event: 2.409 GC heap before
{Heap before GC invocations=16 (full 2):
 PSYoungGen      total 24576K, used 24544K [0x00000000eab00000, 0x00000000ec900000, 0x0000000100000000)
  eden space 22528K, 100% used [0x00000000eab00000,0x00000000ec100000,0x00000000ec100000)
  from space 2048K, 98% used [0x00000000ec300000,0x00000000ec4f8010,0x00000000ec500000)
  to   space 4096K, 0% used [0x00000000ec500000,0x00000000ec500000,0x00000000ec900000)
 ParOldGen       total 68608K, used 18798K [0x00000000c0000000, 0x00000000c4300000, 0x00000000eab00000)
  object space 68608K, 27% used [0x00000000c0000000,0x00000000c125bbe0,0x00000000c4300000)
 Metaspace       used 42407K, committed 43456K, reserved 1114112K
  class space    used 4350K, committed 4800K, reserved 1048576K
}
Event: 2.412 GC heap after
{Heap after GC invocations=16 (full 2):
 PSYoungGen      total 24576K, used 2109K [0x00000000eab00000, 0x00000000ec780000, 0x0000000100000000)
  eden space 22016K, 0% used [0x00000000eab00000,0x00000000eab00000,0x00000000ec080000)
  from space 2560K, 82% used [0x00000000ec500000,0x00000000ec70f658,0x00000000ec780000)
  to   space 3072K, 0% used [0x00000000ec180000,0x00000000ec180000,0x00000000ec480000)
 ParOldGen       total 68608K, used 20744K [0x00000000c0000000, 0x00000000c4300000, 0x00000000eab00000)
  object space 68608K, 30% used [0x00000000c0000000,0x00000000c14423d0,0x00000000c4300000)
 Metaspace       used 42407K, committed 43456K, reserved 1114112K
  class space    used 4350K, committed 4800K, reserved 1048576K
}
Event: 2.449 GC heap before
{Heap before GC invocations=17 (full 2):
 PSYoungGen      total 24576K, used 24125K [0x00000000eab00000, 0x00000000ec780000, 0x0000000100000000)
  eden space 22016K, 100% used [0x00000000eab00000,0x00000000ec080000,0x00000000ec080000)
  from space 2560K, 82% used [0x00000000ec500000,0x00000000ec70f658,0x00000000ec780000)
  to   space 3072K, 0% used [0x00000000ec180000,0x00000000ec180000,0x00000000ec480000)
 ParOldGen       total 68608K, used 20744K [0x00000000c0000000, 0x00000000c4300000, 0x00000000eab00000)
  object space 68608K, 30% used [0x00000000c0000000,0x00000000c14423d0,0x00000000c4300000)
 Metaspace       used 43071K, committed 44096K, reserved 1114112K
  class space    used 4447K, committed 4928K, reserved 1048576K
}
Event: 2.452 GC heap after
{Heap after GC invocations=17 (full 2):
 PSYoungGen      total 25088K, used 2848K [0x00000000eab00000, 0x00000000ec680000, 0x0000000100000000)
  eden space 22016K, 0% used [0x00000000eab00000,0x00000000eab00000,0x00000000ec080000)
  from space 3072K, 92% used [0x00000000ec180000,0x00000000ec448010,0x00000000ec480000)
  to   space 2048K, 0% used [0x00000000ec480000,0x00000000ec480000,0x00000000ec680000)
 ParOldGen       total 68608K, used 22763K [0x00000000c0000000, 0x00000000c4300000, 0x00000000eab00000)
  object space 68608K, 33% used [0x00000000c0000000,0x00000000c163ac48,0x00000000c4300000)
 Metaspace       used 43071K, committed 44096K, reserved 1114112K
  class space    used 4447K, committed 4928K, reserved 1048576K
}
Event: 2.476 GC heap before
{Heap before GC invocations=18 (full 2):
 PSYoungGen      total 25088K, used 24864K [0x00000000eab00000, 0x00000000ec680000, 0x0000000100000000)
  eden space 22016K, 100% used [0x00000000eab00000,0x00000000ec080000,0x00000000ec080000)
  from space 3072K, 92% used [0x00000000ec180000,0x00000000ec448010,0x00000000ec480000)
  to   space 2048K, 0% used [0x00000000ec480000,0x00000000ec480000,0x00000000ec680000)
 ParOldGen       total 68608K, used 22763K [0x00000000c0000000, 0x00000000c4300000, 0x00000000eab00000)
  object space 68608K, 33% used [0x00000000c0000000,0x00000000c163ac48,0x00000000c4300000)
 Metaspace       used 43525K, committed 44544K, reserved 1114112K
  class space    used 4510K, committed 4992K, reserved 1048576K
}
Event: 2.479 GC heap after
{Heap after GC invocations=18 (full 2):
 PSYoungGen      total 24064K, used 2048K [0x00000000eab00000, 0x00000000ec680000, 0x0000000100000000)
  eden space 22016K, 0% used [0x00000000eab00000,0x00000000eab00000,0x00000000ec080000)
  from space 2048K, 100% used [0x00000000ec480000,0x00000000ec680000,0x00000000ec680000)
  to   space 2560K, 0% used [0x00000000ec180000,0x00000000ec180000,0x00000000ec400000)
 ParOldGen       total 68608K, used 25549K [0x00000000c0000000, 0x00000000c4300000, 0x00000000eab00000)
  object space 68608K, 37% used [0x00000000c0000000,0x00000000c18f3778,0x00000000c4300000)
 Metaspace       used 43525K, committed 44544K, reserved 1114112K
  class space    used 4510K, committed 4992K, reserved 1048576K
}
Event: 2.501 GC heap before
{Heap before GC invocations=19 (full 2):
 PSYoungGen      total 24064K, used 24064K [0x00000000eab00000, 0x00000000ec680000, 0x0000000100000000)
  eden space 22016K, 100% used [0x00000000eab00000,0x00000000ec080000,0x00000000ec080000)
  from space 2048K, 100% used [0x00000000ec480000,0x00000000ec680000,0x00000000ec680000)
  to   space 2560K, 0% used [0x00000000ec180000,0x00000000ec180000,0x00000000ec400000)
 ParOldGen       total 68608K, used 25549K [0x00000000c0000000, 0x00000000c4300000, 0x00000000eab00000)
  object space 68608K, 37% used [0x00000000c0000000,0x00000000c18f3778,0x00000000c4300000)
 Metaspace       used 44053K, committed 45120K, reserved 1114112K
  class space    used 4579K, committed 5056K, reserved 1048576K
}
Event: 2.504 GC heap after
{Heap after GC invocations=19 (full 2):
 PSYoungGen      total 24576K, used 2144K [0x00000000eab00000, 0x00000000ec580000, 0x0000000100000000)
  eden space 22016K, 0% used [0x00000000eab00000,0x00000000eab00000,0x00000000ec080000)
  from space 2560K, 83% used [0x00000000ec180000,0x00000000ec398010,0x00000000ec400000)
  to   space 1536K, 0% used [0x00000000ec400000,0x00000000ec400000,0x00000000ec580000)
 ParOldGen       total 68608K, used 27533K [0x00000000c0000000, 0x00000000c4300000, 0x00000000eab00000)
  object space 68608K, 40% used [0x00000000c0000000,0x00000000c1ae3778,0x00000000c4300000)
 Metaspace       used 44053K, committed 45120K, reserved 1114112K
  class space    used 4579K, committed 5056K, reserved 1048576K
}
Event: 2.560 GC heap before
{Heap before GC invocations=20 (full 2):
 PSYoungGen      total 24576K, used 24160K [0x00000000eab00000, 0x00000000ec580000, 0x0000000100000000)
  eden space 22016K, 100% used [0x00000000eab00000,0x00000000ec080000,0x00000000ec080000)
  from space 2560K, 83% used [0x00000000ec180000,0x00000000ec398010,0x00000000ec400000)
  to   space 1536K, 0% used [0x00000000ec400000,0x00000000ec400000,0x00000000ec580000)
 ParOldGen       total 68608K, used 27533K [0x00000000c0000000, 0x00000000c4300000, 0x00000000eab00000)
  object space 68608K, 40% used [0x00000000c0000000,0x00000000c1ae3778,0x00000000c4300000)
 Metaspace       used 45489K, committed 46592K, reserved 1114112K
  class space    used 4758K, committed 5248K, reserved 1048576K
}
Event: 2.561 GC heap after
{Heap after GC invocations=20 (full 2):
 PSYoungGen      total 23040K, used 992K [0x00000000eab00000, 0x00000000ec500000, 0x0000000100000000)
  eden space 22016K, 0% used [0x00000000eab00000,0x00000000eab00000,0x00000000ec080000)
  from space 1024K, 96% used [0x00000000ec400000,0x00000000ec4f8000,0x00000000ec500000)
  to   space 1536K, 0% used [0x00000000ec200000,0x00000000ec200000,0x00000000ec380000)
 ParOldGen       total 68608K, used 29565K [0x00000000c0000000, 0x00000000c4300000, 0x00000000eab00000)
  object space 68608K, 43% used [0x00000000c0000000,0x00000000c1cdf788,0x00000000c4300000)
 Metaspace       used 45489K, committed 46592K, reserved 1114112K
  class space    used 4758K, committed 5248K, reserved 1048576K
}
Event: 2.625 GC heap before
{Heap before GC invocations=21 (full 2):
 PSYoungGen      total 23040K, used 23008K [0x00000000eab00000, 0x00000000ec500000, 0x0000000100000000)
  eden space 22016K, 100% used [0x00000000eab00000,0x00000000ec080000,0x00000000ec080000)
  from space 1024K, 96% used [0x00000000ec400000,0x00000000ec4f8000,0x00000000ec500000)
  to   space 1536K, 0% used [0x00000000ec200000,0x00000000ec200000,0x00000000ec380000)
 ParOldGen       total 68608K, used 29565K [0x00000000c0000000, 0x00000000c4300000, 0x00000000eab00000)
  object space 68608K, 43% used [0x00000000c0000000,0x00000000c1cdf788,0x00000000c4300000)
 Metaspace       used 47354K, committed 48384K, reserved 1114112K
  class space    used 4974K, committed 5440K, reserved 1048576K
}
Event: 2.626 GC heap after
{Heap after GC invocations=21 (full 2):
 PSYoungGen      total 23552K, used 648K [0x00000000eab00000, 0x00000000ec480000, 0x0000000100000000)
  eden space 22016K, 0% used [0x00000000eab00000,0x00000000eab00000,0x00000000ec080000)
  from space 1536K, 42% used [0x00000000ec200000,0x00000000ec2a21f8,0x00000000ec380000)
  to   space 1024K, 0% used [0x00000000ec380000,0x00000000ec380000,0x00000000ec480000)
 ParOldGen       total 68608K, used 30477K [0x00000000c0000000, 0x00000000c4300000, 0x00000000eab00000)
  object space 68608K, 44% used [0x00000000c0000000,0x00000000c1dc36e0,0x00000000c4300000)
 Metaspace       used 47354K, committed 48384K, reserved 1114112K
  class space    used 4974K, committed 5440K, reserved 1048576K
}

Dll operation events (10 events):
Event: 0.004 Loaded shared library c:\Users\Usuario\.vscode\extensions\redhat.java-1.28.1-win32-x64\jre\17.0.10-win32-x86_64\bin\java.dll
Event: 0.085 Loaded shared library c:\Users\Usuario\.vscode\extensions\redhat.java-1.28.1-win32-x64\jre\17.0.10-win32-x86_64\bin\zip.dll
Event: 0.086 Loaded shared library C:\Users\Usuario\.vscode\extensions\redhat.java-1.28.1-win32-x64\jre\17.0.10-win32-x86_64\bin\instrument.dll
Event: 0.094 Loaded shared library C:\Users\Usuario\.vscode\extensions\redhat.java-1.28.1-win32-x64\jre\17.0.10-win32-x86_64\bin\net.dll
Event: 0.095 Loaded shared library C:\Users\Usuario\.vscode\extensions\redhat.java-1.28.1-win32-x64\jre\17.0.10-win32-x86_64\bin\nio.dll
Event: 0.099 Loaded shared library C:\Users\Usuario\.vscode\extensions\redhat.java-1.28.1-win32-x64\jre\17.0.10-win32-x86_64\bin\zip.dll
Event: 0.107 Loaded shared library C:\Users\Usuario\.vscode\extensions\redhat.java-1.28.1-win32-x64\jre\17.0.10-win32-x86_64\bin\jimage.dll
Event: 0.141 Loaded shared library c:\Users\Usuario\.vscode\extensions\redhat.java-1.28.1-win32-x64\jre\17.0.10-win32-x86_64\bin\verify.dll
Event: 0.637 Loaded shared library C:\Users\Usuario\AppData\Roaming\Code\User\globalStorage\redhat.java\1.28.1\config_win\org.eclipse.equinox.launcher\org.eclipse.equinox.launcher.win32.win32.x86_64_1.2.900.v20240129-1338\eclipse_11900.dll
Event: 2.127 Loaded shared library C:\Users\Usuario\AppData\Local\Temp\jna-1531808526\jna659827022662267367.dll

Deoptimization events (20 events):
Event: 2.613 Thread 0x000001b8ce984fa0 DEOPT PACKING pc=0x000001b8b78ee51e sp=0x00000025ebafdc90
Event: 2.613 Thread 0x000001b8ce984fa0 DEOPT UNPACKING pc=0x000001b8be446e43 sp=0x00000025ebafd188 mode 0
Event: 2.621 Thread 0x000001b8ce984070 Uncommon trap: trap_request=0xffffff66 fr.pc=0x000001b8beb26d18 relative=0x00000000000000f8
Event: 2.621 Thread 0x000001b8ce984070 Uncommon trap: reason=speculate_class_check action=maybe_recompile pc=0x000001b8beb26d18 method=java.util.regex.Pattern$CharPredicate.lambda$negate$3(I)Z @ 2 c2
Event: 2.621 Thread 0x000001b8ce984070 DEOPT PACKING pc=0x000001b8beb26d18 sp=0x00000025ec3fcd00
Event: 2.621 Thread 0x000001b8ce984070 DEOPT UNPACKING pc=0x000001b8be4466a3 sp=0x00000025ec3fcc20 mode 2
Event: 2.621 Thread 0x000001b8ce984070 Uncommon trap: trap_request=0xffffff66 fr.pc=0x000001b8beb26d18 relative=0x00000000000000f8
Event: 2.621 Thread 0x000001b8ce984070 Uncommon trap: reason=speculate_class_check action=maybe_recompile pc=0x000001b8beb26d18 method=java.util.regex.Pattern$CharPredicate.lambda$negate$3(I)Z @ 2 c2
Event: 2.621 Thread 0x000001b8ce984070 DEOPT PACKING pc=0x000001b8beb26d18 sp=0x00000025ec3fcd00
Event: 2.621 Thread 0x000001b8ce984070 DEOPT UNPACKING pc=0x000001b8be4466a3 sp=0x00000025ec3fcc20 mode 2
Event: 2.621 Thread 0x000001b8ce984070 Uncommon trap: trap_request=0xffffff66 fr.pc=0x000001b8beb26d18 relative=0x00000000000000f8
Event: 2.621 Thread 0x000001b8ce984070 Uncommon trap: reason=speculate_class_check action=maybe_recompile pc=0x000001b8beb26d18 method=java.util.regex.Pattern$CharPredicate.lambda$negate$3(I)Z @ 2 c2
Event: 2.621 Thread 0x000001b8ce984070 DEOPT PACKING pc=0x000001b8beb26d18 sp=0x00000025ec3fcd00
Event: 2.621 Thread 0x000001b8ce984070 DEOPT UNPACKING pc=0x000001b8be4466a3 sp=0x00000025ec3fcc20 mode 2
Event: 2.621 Thread 0x000001b8ce984070 Uncommon trap: trap_request=0xffffff66 fr.pc=0x000001b8beb26d18 relative=0x00000000000000f8
Event: 2.621 Thread 0x000001b8ce984070 Uncommon trap: reason=speculate_class_check action=maybe_recompile pc=0x000001b8beb26d18 method=java.util.regex.Pattern$CharPredicate.lambda$negate$3(I)Z @ 2 c2
Event: 2.621 Thread 0x000001b8ce984070 DEOPT PACKING pc=0x000001b8beb26d18 sp=0x00000025ec3fcd00
Event: 2.621 Thread 0x000001b8ce984070 DEOPT UNPACKING pc=0x000001b8be4466a3 sp=0x00000025ec3fcc20 mode 2
Event: 2.648 Thread 0x000001b8ce984070 DEOPT PACKING pc=0x000001b8b795dcd9 sp=0x00000025ec3fcc50
Event: 2.648 Thread 0x000001b8ce984070 DEOPT UNPACKING pc=0x000001b8be446e43 sp=0x00000025ec3fc0a8 mode 0

Classes unloaded (7 events):
Event: 1.271 Thread 0x000001b8c808e620 Unloading class 0x000000010024c400 'java/lang/invoke/LambdaForm$MH+0x000000010024c400'
Event: 1.271 Thread 0x000001b8c808e620 Unloading class 0x000000010024c000 'java/lang/invoke/LambdaForm$MH+0x000000010024c000'
Event: 1.271 Thread 0x000001b8c808e620 Unloading class 0x000000010024bc00 'java/lang/invoke/LambdaForm$MH+0x000000010024bc00'
Event: 1.271 Thread 0x000001b8c808e620 Unloading class 0x000000010024b800 'java/lang/invoke/LambdaForm$MH+0x000000010024b800'
Event: 1.271 Thread 0x000001b8c808e620 Unloading class 0x000000010024b400 'java/lang/invoke/LambdaForm$BMH+0x000000010024b400'
Event: 1.271 Thread 0x000001b8c808e620 Unloading class 0x000000010024b000 'java/lang/invoke/LambdaForm$DMH+0x000000010024b000'
Event: 1.271 Thread 0x000001b8c808e620 Unloading class 0x0000000100248400 'java/lang/invoke/LambdaForm$DMH+0x0000000100248400'

Classes redefined (0 events):
No events

Internal exceptions (20 events):
Event: 2.443 Thread 0x000001b8cedb3880 Exception <a 'java/lang/NoSuchMethodError'{0x00000000ebc0e7e8}: 'int java.lang.invoke.DirectMethodHandle$Holder.invokeSpecialIFC(java.lang.Object, java.lang.Object, java.lang.Object, java.lang.Object)'> (0x00000000ebc0e7e8) 
thrown [s\src\hotspot\share\interpreter\linkResolver.cpp, line 759]
Event: 2.458 Thread 0x000001b8ce984070 Exception <a 'java/lang/NoSuchMethodError'{0x00000000eafd14b0}: 'java.lang.Object java.lang.invoke.DirectMethodHandle$Holder.invokeSpecialIFC(java.lang.Object, java.lang.Object, java.lang.Object, java.lang.Object)'> (0x00000000eafd14b0) 
thrown [s\src\hotspot\share\interpreter\linkResolver.cpp, line 759]
Event: 2.516 Thread 0x000001b8ce984070 Exception <a 'java/lang/NoSuchMethodError'{0x00000000eb3665a0}: 'int java.lang.invoke.DirectMethodHandle$Holder.invokeSpecialIFC(java.lang.Object, java.lang.Object, java.lang.Object, java.lang.Object, java.lang.Object)'> (0x00000000eb3665a0) 
thrown [s\src\hotspot\share\interpreter\linkResolver.cpp, line 759]
Event: 2.523 Thread 0x000001b8ce984fa0 Exception <a 'java/lang/NoSuchMethodError'{0x00000000eb650808}: 'java.lang.Object java.lang.invoke.DirectMethodHandle$Holder.invokeVirtual(java.lang.Object, java.lang.Object, java.lang.Object)'> (0x00000000eb650808) 
thrown [s\src\hotspot\share\interpreter\linkResolver.cpp, line 759]
Event: 2.571 Thread 0x000001b8ce984070 Exception <a 'java/lang/NoClassDefFoundError'{0x00000000eade1128}: javax/enterprise/inject/Typed> (0x00000000eade1128) 
thrown [s\src\hotspot\share\classfile\systemDictionary.cpp, line 245]
Event: 2.664 Thread 0x000001b8ce984fa0 Exception <a 'sun/nio/fs/WindowsException'{0x00000000eb2f5ab8}> (0x00000000eb2f5ab8) 
thrown [s\src\hotspot\share\prims\jni.cpp, line 516]
Event: 2.664 Thread 0x000001b8ce984fa0 Exception <a 'sun/nio/fs/WindowsException'{0x00000000eb2f6540}> (0x00000000eb2f6540) 
thrown [s\src\hotspot\share\prims\jni.cpp, line 516]
Event: 2.664 Thread 0x000001b8ce984fa0 Exception <a 'sun/nio/fs/WindowsException'{0x00000000eb2f6eb0}> (0x00000000eb2f6eb0) 
thrown [s\src\hotspot\share\prims\jni.cpp, line 516]
Event: 2.664 Thread 0x000001b8ce984fa0 Exception <a 'sun/nio/fs/WindowsException'{0x00000000eb2f7858}> (0x00000000eb2f7858) 
thrown [s\src\hotspot\share\prims\jni.cpp, line 516]
Event: 2.665 Thread 0x000001b8ce984fa0 Exception <a 'sun/nio/fs/WindowsException'{0x00000000eb2f8670}> (0x00000000eb2f8670) 
thrown [s\src\hotspot\share\prims\jni.cpp, line 516]
Event: 2.668 Thread 0x000001b8ce984fa0 Exception <a 'sun/nio/fs/WindowsException'{0x00000000eb300220}> (0x00000000eb300220) 
thrown [s\src\hotspot\share\prims\jni.cpp, line 516]
Event: 2.668 Thread 0x000001b8ce984fa0 Exception <a 'sun/nio/fs/WindowsException'{0x00000000eb301d90}> (0x00000000eb301d90) 
thrown [s\src\hotspot\share\prims\jni.cpp, line 516]
Event: 2.671 Thread 0x000001b8ce984fa0 Exception <a 'sun/nio/fs/WindowsException'{0x00000000eb3088d8}> (0x00000000eb3088d8) 
thrown [s\src\hotspot\share\prims\jni.cpp, line 516]
Event: 2.671 Thread 0x000001b8ce984fa0 Exception <a 'sun/nio/fs/WindowsException'{0x00000000eb3095b8}> (0x00000000eb3095b8) 
thrown [s\src\hotspot\share\prims\jni.cpp, line 516]
Event: 2.672 Thread 0x000001b8ce984fa0 Exception <a 'sun/nio/fs/WindowsException'{0x00000000eb30bb50}> (0x00000000eb30bb50) 
thrown [s\src\hotspot\share\prims\jni.cpp, line 516]
Event: 2.676 Thread 0x000001b8ce984fa0 Exception <a 'sun/nio/fs/WindowsException'{0x00000000eb526088}> (0x00000000eb526088) 
thrown [s\src\hotspot\share\prims\jni.cpp, line 516]
Event: 2.678 Thread 0x000001b8ce984fa0 Exception <a 'sun/nio/fs/WindowsException'{0x00000000eb52ebe8}> (0x00000000eb52ebe8) 
thrown [s\src\hotspot\share\prims\jni.cpp, line 516]
Event: 2.680 Thread 0x000001b8ce984fa0 Exception <a 'sun/nio/fs/WindowsException'{0x00000000eb537ff8}> (0x00000000eb537ff8) 
thrown [s\src\hotspot\share\prims\jni.cpp, line 516]
Event: 2.681 Thread 0x000001b8ce984fa0 Exception <a 'sun/nio/fs/WindowsException'{0x00000000eb541ed0}> (0x00000000eb541ed0) 
thrown [s\src\hotspot\share\prims\jni.cpp, line 516]
Event: 2.683 Thread 0x000001b8ce984fa0 Exception <a 'sun/nio/fs/WindowsException'{0x00000000eb6c4af8}> (0x00000000eb6c4af8) 
thrown [s\src\hotspot\share\prims\jni.cpp, line 516]

VM Operations (20 events):
Event: 2.415 Executing VM operation: HandshakeAllThreads
Event: 2.415 Executing VM operation: HandshakeAllThreads done
Event: 2.442 Executing VM operation: HandshakeAllThreads
Event: 2.442 Executing VM operation: HandshakeAllThreads done
Event: 2.449 Executing VM operation: ParallelGCFailedAllocation
Event: 2.452 Executing VM operation: ParallelGCFailedAllocation done
Event: 2.463 Executing VM operation: HandshakeAllThreads
Event: 2.463 Executing VM operation: HandshakeAllThreads done
Event: 2.476 Executing VM operation: ParallelGCFailedAllocation
Event: 2.479 Executing VM operation: ParallelGCFailedAllocation done
Event: 2.501 Executing VM operation: ParallelGCFailedAllocation
Event: 2.504 Executing VM operation: ParallelGCFailedAllocation done
Event: 2.560 Executing VM operation: ParallelGCFailedAllocation
Event: 2.561 Executing VM operation: ParallelGCFailedAllocation done
Event: 2.566 Executing VM operation: HandshakeAllThreads
Event: 2.566 Executing VM operation: HandshakeAllThreads done
Event: 2.625 Executing VM operation: ParallelGCFailedAllocation
Event: 2.626 Executing VM operation: ParallelGCFailedAllocation done
Event: 2.636 Executing VM operation: HandshakeAllThreads
Event: 2.636 Executing VM operation: HandshakeAllThreads done

Events (20 events):
Event: 2.508 loading class sun/reflect/annotation/TypeAnnotation$LocationInfo$Location
Event: 2.508 loading class sun/reflect/annotation/TypeAnnotation$LocationInfo$Location done
Event: 2.508 loading class sun/reflect/annotation/AnnotatedTypeFactory
Event: 2.508 loading class sun/reflect/annotation/AnnotatedTypeFactory done
Event: 2.508 loading class sun/reflect/annotation/AnnotatedTypeFactory$AnnotatedTypeBaseImpl
Event: 2.508 loading class sun/reflect/annotation/AnnotatedTypeFactory$AnnotatedTypeBaseImpl done
Event: 2.508 loading class java/util/stream/Streams$ConcatSpliterator$OfRef
Event: 2.508 loading class java/util/stream/Streams$ConcatSpliterator
Event: 2.508 loading class java/util/stream/Streams$ConcatSpliterator done
Event: 2.508 loading class java/util/stream/Streams$ConcatSpliterator$OfRef done
Event: 2.508 loading class java/util/stream/Streams$2
Event: 2.508 loading class java/util/stream/Streams$2 done
Event: 2.534 loading class java/lang/annotation/ElementType
Event: 2.534 loading class java/lang/annotation/ElementType done
Event: 2.567 loading class java/lang/Short$ShortCache
Event: 2.567 loading class java/lang/Short$ShortCache done
Event: 2.571 loading class java/lang/annotation/IncompleteAnnotationException
Event: 2.571 loading class java/lang/annotation/IncompleteAnnotationException done
Event: 2.571 loading class java/lang/ExceptionInInitializerError
Event: 2.571 loading class java/lang/ExceptionInInitializerError done


Dynamic libraries:
0x00007ff6860d0000 - 0x00007ff6860de000 	c:\Users\Usuario\.vscode\extensions\redhat.java-1.28.1-win32-x64\jre\17.0.10-win32-x86_64\bin\java.exe
0x00007ff8b5090000 - 0x00007ff8b5288000 	C:\Windows\SYSTEM32\ntdll.dll
0x00007ff8b31b0000 - 0x00007ff8b326d000 	C:\Windows\System32\KERNEL32.DLL
0x00007ff8b2810000 - 0x00007ff8b2b06000 	C:\Windows\System32\KERNELBASE.dll
0x00007ff8b2ed0000 - 0x00007ff8b2fd0000 	C:\Windows\System32\ucrtbase.dll
0x00007ff8ab440000 - 0x00007ff8ab457000 	c:\Users\Usuario\.vscode\extensions\redhat.java-1.28.1-win32-x64\jre\17.0.10-win32-x86_64\bin\jli.dll
0x00007ff89b2c0000 - 0x00007ff89b2db000 	c:\Users\Usuario\.vscode\extensions\redhat.java-1.28.1-win32-x64\jre\17.0.10-win32-x86_64\bin\VCRUNTIME140.dll
0x00007ff8b4eb0000 - 0x00007ff8b504e000 	C:\Windows\System32\USER32.dll
0x00007ff8b2c60000 - 0x00007ff8b2c82000 	C:\Windows\System32\win32u.dll
0x00007ff8b1be0000 - 0x00007ff8b1e7a000 	C:\Windows\WinSxS\amd64_microsoft.windows.common-controls_6595b64144ccf1df_6.0.19041.1110_none_60b5254171f9507e\COMCTL32.dll
0x00007ff8b37f0000 - 0x00007ff8b381c000 	C:\Windows\System32\GDI32.dll
0x00007ff8b4c30000 - 0x00007ff8b4cce000 	C:\Windows\System32\msvcrt.dll
0x00007ff8b2fd0000 - 0x00007ff8b30ea000 	C:\Windows\System32\gdi32full.dll
0x00007ff8b2bc0000 - 0x00007ff8b2c5d000 	C:\Windows\System32\msvcp_win.dll
0x00007ff8b3100000 - 0x00007ff8b3130000 	C:\Windows\System32\IMM32.DLL
0x00007ff8abef0000 - 0x00007ff8abefc000 	c:\Users\Usuario\.vscode\extensions\redhat.java-1.28.1-win32-x64\jre\17.0.10-win32-x86_64\bin\vcruntime140_1.dll
0x00007ff887730000 - 0x00007ff8877bd000 	c:\Users\Usuario\.vscode\extensions\redhat.java-1.28.1-win32-x64\jre\17.0.10-win32-x86_64\bin\msvcp140.dll
0x00007ff878190000 - 0x00007ff878df2000 	c:\Users\Usuario\.vscode\extensions\redhat.java-1.28.1-win32-x64\jre\17.0.10-win32-x86_64\bin\server\jvm.dll
0x00007ff8b4b80000 - 0x00007ff8b4c2e000 	C:\Windows\System32\ADVAPI32.dll
0x00007ff8b3750000 - 0x00007ff8b37ec000 	C:\Windows\System32\sechost.dll
0x00007ff8b3350000 - 0x00007ff8b3476000 	C:\Windows\System32\RPCRT4.dll
0x00007ff8b25d0000 - 0x00007ff8b261b000 	C:\Windows\SYSTEM32\POWRPROF.dll
0x00007ff87eee0000 - 0x00007ff87eee9000 	C:\Windows\SYSTEM32\WSOCK32.dll
0x00007ff8969c0000 - 0x00007ff8969e7000 	C:\Windows\SYSTEM32\WINMM.dll
0x00007ff8b3480000 - 0x00007ff8b34eb000 	C:\Windows\System32\WS2_32.dll
0x00007ff8a8040000 - 0x00007ff8a804a000 	C:\Windows\SYSTEM32\VERSION.dll
0x00007ff8b25b0000 - 0x00007ff8b25c2000 	C:\Windows\SYSTEM32\UMPDC.dll
0x00007ff8affc0000 - 0x00007ff8affd2000 	C:\Windows\SYSTEM32\kernel.appcore.dll
0x00007ff8ab620000 - 0x00007ff8ab62a000 	c:\Users\Usuario\.vscode\extensions\redhat.java-1.28.1-win32-x64\jre\17.0.10-win32-x86_64\bin\jimage.dll
0x00007ff8b2080000 - 0x00007ff8b2264000 	C:\Windows\SYSTEM32\DBGHELP.DLL
0x00007ff8b1ea0000 - 0x00007ff8b1ed4000 	C:\Windows\SYSTEM32\dbgcore.DLL
0x00007ff8b2df0000 - 0x00007ff8b2e72000 	C:\Windows\System32\bcryptPrimitives.dll
0x00007ff8ab540000 - 0x00007ff8ab54e000 	c:\Users\Usuario\.vscode\extensions\redhat.java-1.28.1-win32-x64\jre\17.0.10-win32-x86_64\bin\instrument.dll
0x00007ff88e770000 - 0x00007ff88e795000 	c:\Users\Usuario\.vscode\extensions\redhat.java-1.28.1-win32-x64\jre\17.0.10-win32-x86_64\bin\java.dll
0x00007ff89b1e0000 - 0x00007ff89b1f8000 	c:\Users\Usuario\.vscode\extensions\redhat.java-1.28.1-win32-x64\jre\17.0.10-win32-x86_64\bin\zip.dll
0x00007ff8b3d00000 - 0x00007ff8b4444000 	C:\Windows\System32\SHELL32.dll
0x00007ff8b01c0000 - 0x00007ff8b095b000 	C:\Windows\SYSTEM32\windows.storage.dll
0x00007ff8b4670000 - 0x00007ff8b49c4000 	C:\Windows\System32\combase.dll
0x00007ff8b1910000 - 0x00007ff8b193d000 	C:\Windows\SYSTEM32\Wldp.dll
0x00007ff8b4e00000 - 0x00007ff8b4ead000 	C:\Windows\System32\SHCORE.dll
0x00007ff8b4450000 - 0x00007ff8b44a5000 	C:\Windows\System32\shlwapi.dll
0x00007ff8b26a0000 - 0x00007ff8b26c5000 	C:\Windows\SYSTEM32\profapi.dll
0x00007ff8957e0000 - 0x00007ff8957f9000 	C:\Users\Usuario\.vscode\extensions\redhat.java-1.28.1-win32-x64\jre\17.0.10-win32-x86_64\bin\net.dll
0x00007ff8ad870000 - 0x00007ff8ad97a000 	C:\Windows\SYSTEM32\WINHTTP.dll
0x00007ff8b1780000 - 0x00007ff8b17ea000 	C:\Windows\system32\mswsock.dll
0x00007ff8913a0000 - 0x00007ff8913b6000 	C:\Users\Usuario\.vscode\extensions\redhat.java-1.28.1-win32-x64\jre\17.0.10-win32-x86_64\bin\nio.dll
0x00007ff8aa370000 - 0x00007ff8aa380000 	c:\Users\Usuario\.vscode\extensions\redhat.java-1.28.1-win32-x64\jre\17.0.10-win32-x86_64\bin\verify.dll
0x00007ff88bd70000 - 0x00007ff88bdae000 	C:\Users\Usuario\AppData\Roaming\Code\User\globalStorage\redhat.java\1.28.1\config_win\org.eclipse.equinox.launcher\org.eclipse.equinox.launcher.win32.win32.x86_64_1.2.900.v20240129-1338\eclipse_11900.dll
0x00007ff8b4cd0000 - 0x00007ff8b4dfa000 	C:\Windows\System32\ole32.dll
0x00007ff8b2470000 - 0x00007ff8b2488000 	C:\Windows\SYSTEM32\CRYPTSP.dll
0x00007ff8b1120000 - 0x00007ff8b1154000 	C:\Windows\system32\rsaenh.dll
0x00007ff8b27e0000 - 0x00007ff8b2807000 	C:\Windows\System32\bcrypt.dll
0x00007ff8b2620000 - 0x00007ff8b264e000 	C:\Windows\SYSTEM32\USERENV.dll
0x00007ff8b1a40000 - 0x00007ff8b1a4c000 	C:\Windows\SYSTEM32\CRYPTBASE.dll
0x00007ff8b14a0000 - 0x00007ff8b14db000 	C:\Windows\SYSTEM32\IPHLPAPI.DLL
0x00007ff8b3340000 - 0x00007ff8b3348000 	C:\Windows\System32\NSI.dll
0x00007ff8aaf30000 - 0x00007ff8aaf47000 	C:\Windows\SYSTEM32\dhcpcsvc6.DLL
0x00007ff8aadd0000 - 0x00007ff8aaded000 	C:\Windows\SYSTEM32\dhcpcsvc.DLL
0x00007ff8b14e0000 - 0x00007ff8b15aa000 	C:\Windows\SYSTEM32\DNSAPI.dll
0x00007ff88b9e0000 - 0x00007ff88ba25000 	C:\Users\Usuario\AppData\Local\Temp\jna-1531808526\jna659827022662267367.dll
0x00007ff8b30f0000 - 0x00007ff8b30f8000 	C:\Windows\System32\PSAPI.DLL

dbghelp: loaded successfully - version: 4.0.5 - missing functions: none
symbol engine: initialized successfully - sym options: 0x614 - pdb path: .;c:\Users\Usuario\.vscode\extensions\redhat.java-1.28.1-win32-x64\jre\17.0.10-win32-x86_64\bin;C:\Windows\SYSTEM32;C:\Windows\WinSxS\amd64_microsoft.windows.common-controls_6595b64144ccf1df_6.0.19041.1110_none_60b5254171f9507e;c:\Users\Usuario\.vscode\extensions\redhat.java-1.28.1-win32-x64\jre\17.0.10-win32-x86_64\bin\server;C:\Users\Usuario\AppData\Roaming\Code\User\globalStorage\redhat.java\1.28.1\config_win\org.eclipse.equinox.launcher\org.eclipse.equinox.launcher.win32.win32.x86_64_1.2.900.v20240129-1338;C:\Users\Usuario\AppData\Local\Temp\jna-1531808526

VM Arguments:
jvm_args: --add-modules=ALL-SYSTEM --add-opens=java.base/java.util=ALL-UNNAMED --add-opens=java.base/java.lang=ALL-UNNAMED --add-opens=java.base/sun.nio.fs=ALL-UNNAMED -Declipse.application=org.eclipse.jdt.ls.core.id1 -Dosgi.bundles.defaultStartLevel=4 -Declipse.product=org.eclipse.jdt.ls.core.product -Djava.import.generatesMetadataFilesAtProjectRoot=false -DDetectVMInstallationsJob.disabled=true -Dfile.encoding=utf8 -XX:+UseParallelGC -XX:GCTimeRatio=4 -XX:AdaptiveSizePolicyWeight=90 -Dsun.zip.disableMemoryMapping=true -Xmx1G -Xms100m -Xlog:disable -javaagent:c:\Users\Usuario\.vscode\extensions\redhat.java-1.28.1-win32-x64\lombok\lombok-1.18.31.jar -XX:+HeapDumpOnOutOfMemoryError -XX:HeapDumpPath=c:\Users\Usuario\AppData\Roaming\Code\User\workspaceStorage\ef68fe475a4c8989c11858262eae5c25\redhat.java -Daether.dependencyCollector.impl=bf 
java_command: c:\Users\Usuario\.vscode\extensions\redhat.java-1.28.1-win32-x64\server\plugins\org.eclipse.equinox.launcher_1.6.700.v20231214-2017.jar -configuration c:\Users\Usuario\AppData\Roaming\Code\User\globalStorage\redhat.java\1.28.1\config_win -data c:\Users\Usuario\AppData\Roaming\Code\User\workspaceStorage\ef68fe475a4c8989c11858262eae5c25\redhat.java\jdt_ws --stdio
java_class_path (initial): c:\Users\Usuario\.vscode\extensions\redhat.java-1.28.1-win32-x64\server\plugins\org.eclipse.equinox.launcher_1.6.700.v20231214-2017.jar
Launcher Type: SUN_STANDARD

[Global flags]
    uintx AdaptiveSizePolicyWeight                 = 90                                        {product} {command line}
     intx CICompilerCount                          = 3                                         {product} {ergonomic}
    uintx GCTimeRatio                              = 4                                         {product} {command line}
     bool HeapDumpOnOutOfMemoryError               = true                                   {manageable} {command line}
    ccstr HeapDumpPath                             = c:\Users\Usuario\AppData\Roaming\Code\User\workspaceStorage\ef68fe475a4c8989c11858262eae5c25\redhat.java         {manageable} {command line}
   size_t InitialHeapSize                          = 104857600                                 {product} {command line}
   size_t MaxHeapSize                              = 1073741824                                {product} {command line}
   size_t MaxNewSize                               = 357564416                                 {product} {ergonomic}
   size_t MinHeapDeltaBytes                        = 524288                                    {product} {ergonomic}
   size_t MinHeapSize                              = 104857600                                 {product} {command line}
   size_t NewSize                                  = 34603008                                  {product} {ergonomic}
    uintx NonNMethodCodeHeapSize                   = 5832780                                {pd product} {ergonomic}
    uintx NonProfiledCodeHeapSize                  = 122912730                              {pd product} {ergonomic}
   size_t OldSize                                  = 70254592                                  {product} {ergonomic}
    uintx ProfiledCodeHeapSize                     = 122912730                              {pd product} {ergonomic}
    uintx ReservedCodeCacheSize                    = 251658240                              {pd product} {ergonomic}
     bool SegmentedCodeCache                       = true                                      {product} {ergonomic}
   size_t SoftMaxHeapSize                          = 1073741824                             {manageable} {ergonomic}
     bool UseCompressedClassPointers               = true                           {product lp64_product} {ergonomic}
     bool UseCompressedOops                        = true                           {product lp64_product} {ergonomic}
     bool UseLargePagesIndividualAllocation        = false                                  {pd product} {ergonomic}
     bool UseParallelGC                            = true                                      {product} {command line}

Logging:
Log output configuration:
 #0: stdout all=off uptime,level,tags
 #1: stderr all=off uptime,level,tags

Environment Variables:
PATH=C:\Program Files (x86)\VMware\VMware Player\bin\;C:\Program Files\Common Files\Oracle\Java\javapath;C:\Windows\system32;C:\Windows;C:\Windows\System32\Wbem;C:\Windows\System32\WindowsPowerShell\v1.0\;C:\Windows\System32\OpenSSH\;C:\Program Files\PuTTY\;C:\msys64\ucrt64\bin;C:\workspace\apache-maven-3.9.6\bin;C:\Program Files\Git\cmd;C:\Users\Usuario\AppData\Local\Microsoft\WindowsApps;;C:\Users\Usuario\AppData\Local\Programs\Microsoft VS Code\bin
USERNAME=Usuario
OS=Windows_NT
PROCESSOR_IDENTIFIER=Intel64 Family 6 Model 158 Stepping 13, GenuineIntel
TMP=C:\Users\Usuario\AppData\Local\Temp
TEMP=C:\Users\Usuario\AppData\Local\Temp



Periodic native trim disabled


---------------  S Y S T E M  ---------------

OS:
 Windows 10 , 64 bit Build 19041 (10.0.19041.3393)
OS uptime: 0 days 3:38 hours

CPU: total 6 (initial active 6) (6 cores per cpu, 1 threads per core) family 6 model 158 stepping 13 microcode 0xbe, cx8, cmov, fxsr, mmx, 3dnowpref, sse, sse2, sse3, ssse3, sse4.1, sse4.2, popcnt, lzcnt, tsc, tscinvbit, avx, avx2, aes, erms, clmul, bmi1, bmi2, adx, fma, vzeroupper, clflush, clflushopt
Processor Information for all 6 processors :
  Max Mhz: 2904, Current Mhz: 2904, Mhz Limit: 2904

Memory: 4k page, system-wide physical 12158M (4855M free)
TotalPageFile size 14014M (AvailPageFile size 5933M)
current process WorkingSet (physical memory assigned to process): 217M, peak: 217M
current process commit charge ("private bytes"): 291M, peak: 291M

vm_info: OpenJDK 64-Bit Server VM (17.0.10+7) for windows-amd64 JRE (17.0.10+7), built on Jan 16 2024 23:25:11 by "admin" with MS VC++ 16.10 / 16.11 (VS2019)

END.
