#
# A fatal error has been detected by the Java Runtime Environment:
#
#  EXCEPTION_ACCESS_VIOLATION (0xc0000005) at pc=0x00007ff8b50be414, pid=12668, tid=3208
#
# JRE version: OpenJDK Runtime Environment Temurin-17.0.10+7 (17.0.10+7) (build 17.0.10+7)
# Java VM: OpenJDK 64-Bit Server VM Temurin-17.0.10+7 (17.0.10+7, mixed mode, tiered, compressed oops, compressed class ptrs, parallel gc, windows-amd64)
# Problematic frame:
# C  [ntdll.dll+0x2e414]
#
# No core dump will be written. Minidumps are not enabled by default on client versions of Windows
#
# If you would like to submit a bug report, please visit:
#   https://github.com/adoptium/adoptium-support/issues
#

---------------  S U M M A R Y ------------

Command Line: --add-modules=ALL-SYSTEM --add-opens=java.base/java.util=ALL-UNNAMED --add-opens=java.base/java.lang=ALL-UNNAMED --add-opens=java.base/sun.nio.fs=ALL-UNNAMED -Declipse.application=org.eclipse.jdt.ls.core.id1 -Dosgi.bundles.defaultStartLevel=4 -Declipse.product=org.eclipse.jdt.ls.core.product -Djava.import.generatesMetadataFilesAtProjectRoot=false -DDetectVMInstallationsJob.disabled=true -Dfile.encoding=utf8 -XX:+UseParallelGC -XX:GCTimeRatio=4 -XX:AdaptiveSizePolicyWeight=90 -Dsun.zip.disableMemoryMapping=true -Xmx1G -Xms100m -Xlog:disable -javaagent:c:\Users\Usuario\.vscode\extensions\redhat.java-1.28.1-win32-x64\lombok\lombok-1.18.31.jar -XX:+HeapDumpOnOutOfMemoryError -XX:HeapDumpPath=c:\Users\Usuario\AppData\Roaming\Code\User\workspaceStorage\ef68fe475a4c8989c11858262eae5c25\redhat.java -Daether.dependencyCollector.impl=bf c:\Users\Usuario\.vscode\extensions\redhat.java-1.28.1-win32-x64\server\plugins\org.eclipse.equinox.launcher_1.6.700.v20231214-2017.jar -configuration c:\Users\Usuario\AppData\Roaming\Code\User\globalStorage\redhat.java\1.28.1\config_win -data c:\Users\Usuario\AppData\Roaming\Code\User\workspaceStorage\ef68fe475a4c8989c11858262eae5c25\redhat.java\jdt_ws --stdio

Host: Intel(R) Core(TM) i5-9400 CPU @ 2.90GHz, 6 cores, 11G,  Windows 10 , 64 bit Build 19041 (10.0.19041.3393)
Time: Fri Mar  1 17:18:03 2024 Hora est. Pacífico, Sudamérica elapsed time: 24.639080 seconds (0d 0h 0m 24s)

---------------  T H R E A D  ---------------

Current thread (0x00000258a8acc5f0):  JavaThread "C2 CompilerThread0" daemon [_thread_in_native, id=3208, stack(0x0000008725d00000,0x0000008725e00000)]


Current CompileTask:
C2:  24639 13949       4       org.eclipse.jdt.internal.compiler.lookup.LookupEnvironment::getTypeFromTypeSignature (770 bytes)

Stack: [0x0000008725d00000,0x0000008725e00000],  sp=0x0000008725df9d60,  free space=999k
Native frames: (J=compiled Java code, j=interpreted, Vv=VM code, C=native code)
C  [ntdll.dll+0x2e414]
C  [ntdll.dll+0x2b44d]
C  [ucrtbase.dll+0xfde6]
V  [jvm.dll+0x66fd3c]
V  [jvm.dll+0xac4e2]
V  [jvm.dll+0xacb5c]
V  [jvm.dll+0x2aed1f]
V  [jvm.dll+0x584b67]
V  [jvm.dll+0x2228a2]
V  [jvm.dll+0x222c8f]
V  [jvm.dll+0x21bdb6]
V  [jvm.dll+0x219201]
V  [jvm.dll+0x1a502d]
V  [jvm.dll+0x2290de]
V  [jvm.dll+0x2272ac]
V  [jvm.dll+0x7e9bb7]
V  [jvm.dll+0x7e3fba]
V  [jvm.dll+0x67c1b5]
C  [ucrtbase.dll+0x21bb2]
C  [KERNEL32.DLL+0x17344]
C  [ntdll.dll+0x526b1]


siginfo: EXCEPTION_ACCESS_VIOLATION (0xc0000005), reading address 0x00000258291ab000


Registers:
RAX=0x00000258bb4209e0, RBX=0x000002588d280000, RCX=0x00000258291ab000, RDX=0x00000000000006fa
RSP=0x0000008725df9d60, RBP=0x0000008725dfa059, RSI=0x00000258bb4209d0, RDI=0x0000000049080746
R8 =0x00000258b5c67ee0, R9 =0x00000258bb000000, R10=0x0000000000000000, R11=0x00000258bbab8010
R12=0x00000258b5c67ef0, R13=0x000002588d289700, R14=0x00000258b5c67ef0, R15=0x00000258bb33f000
RIP=0x00007ff8b50be414, EFLAGS=0x0000000000010287


Register to memory mapping:

RIP=0x00007ff8b50be414 ntdll.dll
RAX=0x00000258bb4209e0 points into unknown readable memory: 0xffffffffffffffff | ff ff ff ff ff ff ff ff
RBX=0x000002588d280000 points into unknown readable memory: 0x0000000000000000 | 00 00 00 00 00 00 00 00
RCX=0x00000258291ab000 is an unknown value
RDX=0x00000000000006fa is an unknown value
RSP=0x0000008725df9d60 is pointing into the stack for thread: 0x00000258a8acc5f0
RBP=0x0000008725dfa059 is pointing into the stack for thread: 0x00000258a8acc5f0
RSI=0x00000258bb4209d0 points into unknown readable memory: 0xffffffffffffffff | ff ff ff ff ff ff ff ff
RDI=0x0000000049080746 is an unknown value
R8 =0x00000258b5c67ee0 points into unknown readable memory: 0x0000000000000000 | 00 00 00 00 00 00 00 00
R9 =0x00000258bb000000 points into unknown readable memory: 0x0000000000000000 | 00 00 00 00 00 00 00 00
R10=0x0 is NULL
R11=0x00000258bbab8010 points into unknown readable memory: 0x00000258b694a010 | 10 a0 94 b6 58 02 00 00
R12=0x00000258b5c67ef0 points into unknown readable memory: 0x00000258a93c4780 | 80 47 3c a9 58 02 00 00
R13=0x000002588d289700 points into unknown readable memory: 0x0000000000000000 | 00 00 00 00 00 00 00 00
R14=0x00000258b5c67ef0 points into unknown readable memory: 0x00000258a93c4780 | 80 47 3c a9 58 02 00 00
R15=0x00000258bb33f000 points into unknown readable memory: 0x00007ff878d13d88 | 88 3d d1 78 f8 7f 00 00


Top of Stack: (sp=0x0000008725df9d60)
0x0000008725df9d60:   000002588d447700 0000000000000003
0x0000008725df9d70:   0000000000000001 00000258ad02aa80
0x0000008725df9d80:   00000258acf2b060 00007ff87871472c
0x0000008725df9d90:   00000258ad02ab01 00000000000006fa
0x0000008725df9da0:   0000008725dfb600 0000000000000000
0x0000008725df9db0:   0000000000000000 0000000000000001
0x0000008725df9dc0:   00000258bb33f000 0000008725dfa610
0x0000008725df9dd0:   00000000000006fa 0000008725dfc068
0x0000008725df9de0:   000002588d280150 0000000000000003
0x0000008725df9df0:   0000000000000010 00000000a8c07ec0
0x0000008725df9e00:   00000258bb33f000 00007ff87871472c
0x0000008725df9e10:   00000000000003ff 00007ff8b50bdf4c
0x0000008725df9e20:   0000008725dfb6e0 00000000000003ff
0x0000008725df9e30:   000002588d280000 00000000000003ff
0x0000008725df9e40:   00000258b694a010 0000008725dfa610
0x0000008725df9e50:   0000000000000000 000002588d280150
0x0000008725df9e60:   000002588d447700 00000000000003ff
0x0000008725df9e70:   0000000000000000 0000000000000001
0x0000008725df9e80:   00000258ad66ab20 00007ff87871472c
0x0000008725df9e90:   00000258aa9cbca0 000000870000014b
0x0000008725df9ea0:   000002588d280150 000002588d280150
0x0000008725df9eb0:   000000000000037f 00000000000003ff
0x0000008725df9ec0:   00000258ad66ab20 0000008725dfa610
0x0000008725df9ed0:   00000000000003ff 0000008725dfc068
0x0000008725df9ee0:   0000025849080746 0000000000000043
0x0000008725df9ef0:   0000000000000001 000000000f08fbfc
0x0000008725df9f00:   00000258ad470060 0000000002000002
0x0000008725df9f10:   00000258a8c07f60 000002587f00e897
0x0000008725df9f20:   0000008725dfb6e0 00000000000003ff
0x0000008725df9f30:   0000000000000001 000000000f08fbfc
0x0000008725df9f40:   000002588d289760 0000000002000002
0x0000008725df9f50:   0000000000000001 0000008749080746 

Instructions: (pc=0x00007ff8b50be414)
0x00007ff8b50be314:   84 d2 74 10 0f b6 c1 48 8d 0d fe 85 0f 00 0f b6
0x00007ff8b50be324:   0c 08 eb 48 48 c1 e9 08 0f b6 c1 48 8d 0d ea 85
0x00007ff8b50be334:   0f 00 0f b6 0c 08 83 c1 08 eb 31 f7 c2 00 00 ff
0x00007ff8b50be344:   00 74 17 48 c1 e9 10 0f b6 c1 48 8d 0d cb 85 0f
0x00007ff8b50be354:   00 0f b6 0c 08 83 c1 10 eb 12 48 c1 e9 18 48 8d
0x00007ff8b50be364:   05 b7 85 0f 00 0f b6 0c 01 83 c1 18 c1 e7 05 03
0x00007ff8b50be374:   f9 89 7c 24 78 41 83 7d 0c 00 74 02 03 ff 49 8b
0x00007ff8b50be384:   45 30 4c 8b 24 f8 4d 85 e4 74 0e 48 8b 54 24 38
0x00007ff8b50be394:   48 8d 83 50 01 00 00 eb 23 4d 8b 6d 00 45 8b 75
0x00007ff8b50be3a4:   18 4c 89 b4 24 b0 00 00 00 45 33 d2 e9 30 fd ff
0x00007ff8b50be3b4:   ff 4c 8b e8 e9 f9 fc ff ff 4c 8b 20 49 3b c4 74
0x00007ff8b50be3c4:   46 83 7b 7c 00 74 25 41 8b 4c 24 f8 89 8c 24 80
0x00007ff8b50be3d4:   01 00 00 85 4b 7c 74 1a 8b 83 88 00 00 00 33 c1
0x00007ff8b50be3e4:   89 84 24 80 01 00 00 0f b7 c8 eb 06 41 0f b7 4c
0x00007ff8b50be3f4:   24 f8 0f b7 c1 48 3b d0 76 0d 4d 8b 24 24 48 8d
0x00007ff8b50be404:   83 50 01 00 00 eb b5 48 8d 46 10 49 8b 4c 24 08
0x00007ff8b50be414:   48 8b 11 49 3b d4 75 11 4c 89 20 48 89 48 08 48
0x00007ff8b50be424:   89 01 49 89 44 24 08 eb 1e 48 c7 44 24 28 00 00
0x00007ff8b50be434:   00 00 48 89 54 24 20 45 33 c9 4d 8b c4 33 d2 8d
0x00007ff8b50be444:   4a 0d e8 c1 fa 0d 00 0f b7 46 08 48 01 83 c0 00
0x00007ff8b50be454:   00 00 48 8b bb 38 01 00 00 48 85 ff 0f 84 21 01
0x00007ff8b50be464:   00 00 44 0f b7 66 08 0f 1f 44 00 00 8b 4f 08 4c
0x00007ff8b50be474:   3b e1 73 0d 4c 89 a4 24 28 01 00 00 41 8b cc eb
0x00007ff8b50be484:   18 48 8b 07 48 85 c0 0f 85 1b 01 00 00 ff c9 8b
0x00007ff8b50be494:   c1 48 89 84 24 28 01 00 00 4c 89 a4 24 e8 00 00
0x00007ff8b50be4a4:   00 44 8b e9 44 2b 6f 18 ff 47 10 46 8d 0c 6d 00
0x00007ff8b50be4b4:   00 00 00 83 7f 0c 00 45 0f 44 cd 4c 89 8c 24 90
0x00007ff8b50be4c4:   00 00 00 48 8b 47 30 4a 8b 14 c8 48 89 54 24 70
0x00007ff8b50be4d4:   8b 47 08 ff c8 3b c8 75 03 ff 47 14 48 85 d2 74
0x00007ff8b50be4e4:   73 4c 8d 42 f0 45 8b 70 08 44 89 b4 24 08 02 00
0x00007ff8b50be4f4:   00 83 7b 7c 00 74 51 8b 83 88 00 00 00 41 33 c6
0x00007ff8b50be504:   44 8b f0 89 84 24 08 02 00 00 8b c8 c1 e9 10 c1 


Stack slot to memory mapping:
stack at sp + 0 slots: 0x000002588d447700 points into unknown readable memory: 0x00000000302e3031 | 31 30 2e 30 00 00 00 00
stack at sp + 1 slots: 0x0000000000000003 is an unknown value
stack at sp + 2 slots: 0x0000000000000001 is an unknown value
stack at sp + 3 slots: 0x00000258ad02aa80 points into unknown readable memory: 0x00000258a9131eb0 | b0 1e 13 a9 58 02 00 00
stack at sp + 4 slots: 0x00000258acf2b060 points into unknown readable memory: 0x00007ff878aa7d38 | 38 7d aa 78 f8 7f 00 00
stack at sp + 5 slots: 0x00007ff87871472c jvm.dll
stack at sp + 6 slots: 0x00000258ad02ab01 points into unknown readable memory: 00 00 00 00 00 00 00
stack at sp + 7 slots: 0x00000000000006fa is an unknown value


---------------  P R O C E S S  ---------------

Threads class SMR info:
_java_thread_list=0x00000258ac8205f0, length=35, elements={
0x000002588d4398e0, 0x000002588d4f7550, 0x000002588d4f8df0, 0x00000258a8ac3450,
0x00000258a8ac41e0, 0x00000258a8ac5800, 0x00000258a8ac7b70, 0x00000258a8acc5f0,
0x00000258a8ad1330, 0x00000258a8ad4040, 0x00000258a8bc5880, 0x00000258a8f20ea0,
0x00000258a96366a0, 0x00000258a95e7010, 0x00000258a9a4e2c0, 0x00000258a9f303c0,
0x00000258a9aff9b0, 0x00000258a913bd40, 0x00000258a913cc70, 0x00000258a9139ee0,
0x00000258a913a3f0, 0x00000258a913d690, 0x00000258a913b830, 0x00000258a913a900,
0x00000258ac387f90, 0x00000258ac381a50, 0x00000258ac383dc0, 0x00000258ac3842d0,
0x00000258ac3884a0, 0x00000258ac382470, 0x00000258ac3838b0, 0x00000258ac387060,
0x00000258ac385200, 0x00000258ac3847e0, 0x00000258ac385c20
}

Java Threads: ( => current thread )
  0x000002588d4398e0 JavaThread "main" [_thread_blocked, id=7236, stack(0x0000008725400000,0x0000008725500000)]
  0x000002588d4f7550 JavaThread "Reference Handler" daemon [_thread_blocked, id=6664, stack(0x0000008725700000,0x0000008725800000)]
  0x000002588d4f8df0 JavaThread "Finalizer" daemon [_thread_blocked, id=2204, stack(0x0000008725800000,0x0000008725900000)]
  0x00000258a8ac3450 JavaThread "Signal Dispatcher" daemon [_thread_blocked, id=7744, stack(0x0000008725900000,0x0000008725a00000)]
  0x00000258a8ac41e0 JavaThread "Attach Listener" daemon [_thread_blocked, id=1404, stack(0x0000008725a00000,0x0000008725b00000)]
  0x00000258a8ac5800 JavaThread "Service Thread" daemon [_thread_blocked, id=13168, stack(0x0000008725b00000,0x0000008725c00000)]
  0x00000258a8ac7b70 JavaThread "Monitor Deflation Thread" daemon [_thread_blocked, id=11584, stack(0x0000008725c00000,0x0000008725d00000)]
=>0x00000258a8acc5f0 JavaThread "C2 CompilerThread0" daemon [_thread_in_native, id=3208, stack(0x0000008725d00000,0x0000008725e00000)]
  0x00000258a8ad1330 JavaThread "C1 CompilerThread0" daemon [_thread_blocked, id=11992, stack(0x0000008725e00000,0x0000008725f00000)]
  0x00000258a8ad4040 JavaThread "Sweeper thread" daemon [_thread_blocked, id=3704, stack(0x0000008725f00000,0x0000008726000000)]
  0x00000258a8bc5880 JavaThread "Common-Cleaner" daemon [_thread_blocked, id=2720, stack(0x0000008726000000,0x0000008726100000)]
  0x00000258a8f20ea0 JavaThread "Notification Thread" daemon [_thread_blocked, id=11572, stack(0x0000008726200000,0x0000008726300000)]
  0x00000258a96366a0 JavaThread "Active Thread: Equinox Container: 671626c8-5490-40e5-8ecf-f33ab5af07fa" [_thread_blocked, id=1000, stack(0x0000008726900000,0x0000008726a00000)]
  0x00000258a95e7010 JavaThread "Framework Event Dispatcher: Equinox Container: 671626c8-5490-40e5-8ecf-f33ab5af07fa" daemon [_thread_blocked, id=12200, stack(0x0000008726a00000,0x0000008726b00000)]
  0x00000258a9a4e2c0 JavaThread "Start Level: Equinox Container: 671626c8-5490-40e5-8ecf-f33ab5af07fa" daemon [_thread_blocked, id=10180, stack(0x0000008726b00000,0x0000008726c00000)]
  0x00000258a9f303c0 JavaThread "Bundle File Closer" daemon [_thread_blocked, id=4684, stack(0x0000008726c00000,0x0000008726d00000)]
  0x00000258a9aff9b0 JavaThread "SCR Component Actor" daemon [_thread_blocked, id=6708, stack(0x0000008726d00000,0x0000008726e00000)]
  0x00000258a913bd40 JavaThread "Worker-JM" [_thread_blocked, id=8388, stack(0x0000008726f00000,0x0000008727000000)]
  0x00000258a913cc70 JavaThread "Worker-0" [_thread_blocked, id=13080, stack(0x0000008727000000,0x0000008727100000)]
  0x00000258a9139ee0 JavaThread "Worker-1" [_thread_blocked, id=11856, stack(0x0000008727100000,0x0000008727200000)]
  0x00000258a913a3f0 JavaThread "Worker-2" [_thread_blocked, id=7556, stack(0x0000008727200000,0x0000008727300000)]
  0x00000258a913d690 JavaThread "Java indexing" daemon [_thread_blocked, id=3968, stack(0x0000008727300000,0x0000008727400000)]
  0x00000258a913b830 JavaThread "JNA Cleaner" daemon [_thread_blocked, id=11736, stack(0x0000008727400000,0x0000008727500000)]
  0x00000258a913a900 JavaThread "Worker-3" [_thread_blocked, id=10212, stack(0x0000008727700000,0x0000008727800000)]
  0x00000258ac387f90 JavaThread "pool-2-thread-1" [_thread_blocked, id=9688, stack(0x0000008727800000,0x0000008727900000)]
  0x00000258ac381a50 JavaThread "WorkspaceEventsHandler" [_thread_blocked, id=12596, stack(0x0000008727900000,0x0000008727a00000)]
  0x00000258ac383dc0 JavaThread "pool-1-thread-1" [_thread_in_native, id=12464, stack(0x0000008727a00000,0x0000008727b00000)]
  0x00000258ac3842d0 JavaThread "ForkJoinPool.commonPool-worker-1" daemon [_thread_blocked, id=13272, stack(0x0000008727b00000,0x0000008727c00000)]
  0x00000258ac3884a0 JavaThread "ForkJoinPool.commonPool-worker-2" daemon [_thread_blocked, id=3028, stack(0x0000008727c00000,0x0000008727d00000)]
  0x00000258ac382470 JavaThread "ForkJoinPool.commonPool-worker-3" daemon [_thread_blocked, id=7088, stack(0x0000008727d00000,0x0000008727e00000)]
  0x00000258ac3838b0 JavaThread "ForkJoinPool.commonPool-worker-4" daemon [_thread_blocked, id=11124, stack(0x0000008727e00000,0x0000008727f00000)]
  0x00000258ac387060 JavaThread "ForkJoinPool.commonPool-worker-5" daemon [_thread_blocked, id=4200, stack(0x0000008727f00000,0x0000008728000000)]
  0x00000258ac385200 JavaThread "Worker-4" [_thread_blocked, id=1060, stack(0x0000008728000000,0x0000008728100000)]
  0x00000258ac3847e0 JavaThread "Worker-5" [_thread_blocked, id=9040, stack(0x0000008728100000,0x0000008728200000)]
  0x00000258ac385c20 JavaThread "Worker-6" [_thread_blocked, id=10872, stack(0x0000008728200000,0x0000008728300000)]

Other Threads:
  0x000002588d4f4470 VMThread "VM Thread" [stack: 0x0000008725600000,0x0000008725700000] [id=12220]
  0x00000258a8e74820 WatcherThread [stack: 0x0000008726300000,0x0000008726400000] [id=2960]
  0x000002588d450030 GCTaskThread "GC Thread#0" [stack: 0x0000008725500000,0x0000008725600000] [id=5676]
  0x00000258a93813e0 GCTaskThread "GC Thread#1" [stack: 0x0000008726400000,0x0000008726500000] [id=5684]
  0x00000258a9381ee0 GCTaskThread "GC Thread#2" [stack: 0x0000008726500000,0x0000008726600000] [id=11052]
  0x00000258a9380e60 GCTaskThread "GC Thread#3" [stack: 0x0000008726600000,0x0000008726700000] [id=12568]
  0x00000258a9381c20 GCTaskThread "GC Thread#4" [stack: 0x0000008726700000,0x0000008726800000] [id=9148]
  0x00000258a9381120 GCTaskThread "GC Thread#5" [stack: 0x0000008726800000,0x0000008726900000] [id=10644]

Threads with active compile tasks:
C2 CompilerThread0    24664 13949       4       org.eclipse.jdt.internal.compiler.lookup.LookupEnvironment::getTypeFromTypeSignature (770 bytes)

VM state: not at safepoint (normal execution)

VM Mutex/Monitor currently owned by a thread: None

Heap address: 0x00000000c0000000, size: 1024 MB, Compressed Oops mode: 32-bit

CDS archive(s) not mapped
Compressed class space mapped at: 0x0000000100000000-0x0000000140000000, reserved size: 1073741824
Narrow klass base: 0x0000000000000000, Narrow klass shift: 3, Narrow klass range: 0x140000000

GC Precious Log:
 CPUs: 6 total, 6 available
 Memory: 12158M
 Large Page Support: Disabled
 NUMA Support: Disabled
 Compressed Oops: Enabled (32-bit)
 Alignments: Space 512K, Generation 512K, Heap 2M
 Heap Min Capacity: 100M
 Heap Initial Capacity: 100M
 Heap Max Capacity: 1G
 Pre-touch: Disabled
 Parallel Workers: 6

Heap:
 PSYoungGen      total 5120K, used 1768K [0x00000000eab00000, 0x00000000eb180000, 0x0000000100000000)
  eden space 4608K, 33% used [0x00000000eab00000,0x00000000eac83928,0x00000000eaf80000)
  from space 512K, 42% used [0x00000000eb080000,0x00000000eb0b6900,0x00000000eb100000)
  to   space 512K, 0% used [0x00000000eb100000,0x00000000eb100000,0x00000000eb180000)
 ParOldGen       total 80384K, used 72292K [0x00000000c0000000, 0x00000000c4e80000, 0x00000000eab00000)
  object space 80384K, 89% used [0x00000000c0000000,0x00000000c4699240,0x00000000c4e80000)
 Metaspace       used 77954K, committed 79360K, reserved 1179648K
  class space    used 8037K, committed 8704K, reserved 1048576K

Card table byte_map: [0x00000258a0aa0000,0x00000258a0cb0000] _byte_map_base: 0x00000258a04a0000

Marking Bits: (ParMarkBitMap*) 0x00007ff878d2d7d0
 Begin Bits: [0x00000258a0e10000, 0x00000258a1e10000)
 End Bits:   [0x00000258a1e10000, 0x00000258a2e10000)

Polling page: 0x000002588d500000

Metaspace:

Usage:
  Non-class:     68.28 MB used.
      Class:      7.85 MB used.
       Both:     76.13 MB used.

Virtual space:
  Non-class space:      128.00 MB reserved,      69.00 MB ( 54%) committed,  2 nodes.
      Class space:        1.00 GB reserved,       8.50 MB ( <1%) committed,  1 nodes.
             Both:        1.12 GB reserved,      77.50 MB (  7%) committed. 

Chunk freelists:
   Non-Class:  10.31 MB
       Class:  7.48 MB
        Both:  17.79 MB

MaxMetaspaceSize: unlimited
CompressedClassSpaceSize: 1.00 GB
Initial GC threshold: 21.00 MB
Current GC threshold: 128.12 MB
CDS: off
MetaspaceReclaimPolicy: balanced
 - commit_granule_bytes: 65536.
 - commit_granule_words: 8192.
 - virtual_space_node_default_size: 8388608.
 - enlarge_chunks_in_place: 1.
 - new_chunks_are_fully_committed: 0.
 - uncommit_free_chunks: 1.
 - use_allocation_guard: 0.
 - handle_deallocations: 1.


Internal statistics:

num_allocs_failed_limit: 9.
num_arena_births: 984.
num_arena_deaths: 22.
num_vsnodes_births: 3.
num_vsnodes_deaths: 0.
num_space_committed: 1240.
num_space_uncommitted: 0.
num_chunks_returned_to_freelist: 34.
num_chunks_taken_from_freelist: 4390.
num_chunk_merges: 13.
num_chunk_splits: 2624.
num_chunks_enlarged: 1430.
num_inconsistent_stats: 0.

CodeHeap 'non-profiled nmethods': size=120000Kb used=6994Kb max_used=6994Kb free=113005Kb
 bounds [0x0000025899380000, 0x0000025899a60000, 0x00000258a08b0000]
CodeHeap 'profiled nmethods': size=120000Kb used=24712Kb max_used=24712Kb free=95288Kb
 bounds [0x00000258918b0000, 0x00000258930e0000, 0x0000025898de0000]
CodeHeap 'non-nmethods': size=5760Kb used=1376Kb max_used=1490Kb free=4383Kb
 bounds [0x0000025898de0000, 0x0000025899050000, 0x0000025899380000]
 total_blobs=12339 nmethods=11615 adapters=635
 compilation: enabled
              stopped_count=0, restarted_count=0
 full_count=0

Compilation events (20 events):
Event: 24.506 Thread 0x00000258a8ad1330 nmethod 13943 0x00000258930ca690 code [0x00000258930ca880, 0x00000258930cad08]
Event: 24.506 Thread 0x00000258a8ad1330 13944       3       org.eclipse.jdt.internal.compiler.parser.Parser::parse (9 bytes)
Event: 24.506 Thread 0x00000258a8ad1330 nmethod 13944 0x00000258930caf10 code [0x00000258930cb0c0, 0x00000258930cb288]
Event: 24.506 Thread 0x00000258a8ad1330 13945       3       org.eclipse.jdt.internal.compiler.parser.Parser::consumeInternalCompilationUnitWithTypes (130 bytes)
Event: 24.506 Thread 0x00000258a8ad1330 nmethod 13945 0x00000258930cb310 code [0x00000258930cb520, 0x00000258930cbd68]
Event: 24.507 Thread 0x00000258a8ad1330 13946       3       org.eclipse.jdt.internal.core.JavaElementRequestor::getPackageFragments (35 bytes)
Event: 24.507 Thread 0x00000258a8ad1330 nmethod 13946 0x00000258930cc010 code [0x00000258930cc1c0, 0x00000258930cc528]
Event: 24.508 Thread 0x00000258a8acc5f0 13947       4       java.util.stream.ReferencePipeline$3::opWrapSink (10 bytes)
Event: 24.508 Thread 0x00000258a8ad1330 13948       3       org.eclipse.jdt.internal.compiler.lookup.LookupEnvironment::askForType (393 bytes)
Event: 24.508 Thread 0x00000258a8acc5f0 nmethod 13947 0x0000025899a54390 code [0x0000025899a54520, 0x0000025899a54698]
Event: 24.508 Thread 0x00000258a8acc5f0 13949       4       org.eclipse.jdt.internal.compiler.lookup.LookupEnvironment::getTypeFromTypeSignature (770 bytes)
Event: 24.509 Thread 0x00000258a8ad1330 nmethod 13948 0x00000258930cc610 code [0x00000258930cc9a0, 0x00000258930ce7c8]
Event: 24.509 Thread 0x00000258a8ad1330 13951 %     3       java.util.concurrent.ForkJoinPool::scan @ 36 (235 bytes)
Event: 24.510 Thread 0x00000258a8ad1330 nmethod 13951% 0x00000258930cf290 code [0x00000258930cf5a0, 0x00000258930d0918]
Event: 24.510 Thread 0x00000258a8ad1330 13953       3       java.lang.StackFrameInfo::declaringClass (13 bytes)
Event: 24.511 Thread 0x00000258a8ad1330 nmethod 13953 0x00000258930d1110 code [0x00000258930d12c0, 0x00000258930d1538]
Event: 24.511 Thread 0x00000258a8ad1330 13952       1       org.eclipse.lsp4j.jsonrpc.messages.ResponseMessage::getError (5 bytes)
Event: 24.511 Thread 0x00000258a8ad1330 nmethod 13952 0x0000025899a54810 code [0x0000025899a549a0, 0x0000025899a54a78]
Event: 24.511 Thread 0x00000258a8ad1330 13954       3       java.util.Formatter$FormatSpecifier::appendJustified (91 bytes)
Event: 24.511 Thread 0x00000258a8ad1330 nmethod 13954 0x00000258930d1690 code [0x00000258930d18a0, 0x00000258930d2068]

GC Heap History (20 events):
Event: 13.573 GC heap before
{Heap before GC invocations=135 (full 5):
 PSYoungGen      total 5632K, used 4768K [0x00000000eab00000, 0x00000000eb200000, 0x0000000100000000)
  eden space 4608K, 100% used [0x00000000eab00000,0x00000000eaf80000,0x00000000eaf80000)
  from space 1024K, 15% used [0x00000000eb080000,0x00000000eb0a8000,0x00000000eb180000)
  to   space 512K, 0% used [0x00000000eb180000,0x00000000eb180000,0x00000000eb200000)
 ParOldGen       total 80384K, used 72292K [0x00000000c0000000, 0x00000000c4e80000, 0x00000000eab00000)
  object space 80384K, 89% used [0x00000000c0000000,0x00000000c4699240,0x00000000c4e80000)
 Metaspace       used 77864K, committed 79296K, reserved 1179648K
  class space    used 8034K, committed 8704K, reserved 1048576K
}
Event: 13.574 GC heap after
{Heap after GC invocations=135 (full 5):
 PSYoungGen      total 5120K, used 186K [0x00000000eab00000, 0x00000000eb200000, 0x0000000100000000)
  eden space 4608K, 0% used [0x00000000eab00000,0x00000000eab00000,0x00000000eaf80000)
  from space 512K, 36% used [0x00000000eb180000,0x00000000eb1ae900,0x00000000eb200000)
  to   space 512K, 0% used [0x00000000eb100000,0x00000000eb100000,0x00000000eb180000)
 ParOldGen       total 80384K, used 72292K [0x00000000c0000000, 0x00000000c4e80000, 0x00000000eab00000)
  object space 80384K, 89% used [0x00000000c0000000,0x00000000c4699240,0x00000000c4e80000)
 Metaspace       used 77864K, committed 79296K, reserved 1179648K
  class space    used 8034K, committed 8704K, reserved 1048576K
}
Event: 15.493 GC heap before
{Heap before GC invocations=136 (full 5):
 PSYoungGen      total 5120K, used 4794K [0x00000000eab00000, 0x00000000eb200000, 0x0000000100000000)
  eden space 4608K, 100% used [0x00000000eab00000,0x00000000eaf80000,0x00000000eaf80000)
  from space 512K, 36% used [0x00000000eb180000,0x00000000eb1ae900,0x00000000eb200000)
  to   space 512K, 0% used [0x00000000eb100000,0x00000000eb100000,0x00000000eb180000)
 ParOldGen       total 80384K, used 72292K [0x00000000c0000000, 0x00000000c4e80000, 0x00000000eab00000)
  object space 80384K, 89% used [0x00000000c0000000,0x00000000c4699240,0x00000000c4e80000)
 Metaspace       used 77865K, committed 79296K, reserved 1179648K
  class space    used 8034K, committed 8704K, reserved 1048576K
}
Event: 15.494 GC heap after
{Heap after GC invocations=136 (full 5):
 PSYoungGen      total 5120K, used 250K [0x00000000eab00000, 0x00000000eb200000, 0x0000000100000000)
  eden space 4608K, 0% used [0x00000000eab00000,0x00000000eab00000,0x00000000eaf80000)
  from space 512K, 48% used [0x00000000eb100000,0x00000000eb13e920,0x00000000eb180000)
  to   space 512K, 0% used [0x00000000eb180000,0x00000000eb180000,0x00000000eb200000)
 ParOldGen       total 80384K, used 72292K [0x00000000c0000000, 0x00000000c4e80000, 0x00000000eab00000)
  object space 80384K, 89% used [0x00000000c0000000,0x00000000c4699240,0x00000000c4e80000)
 Metaspace       used 77865K, committed 79296K, reserved 1179648K
  class space    used 8034K, committed 8704K, reserved 1048576K
}
Event: 17.747 GC heap before
{Heap before GC invocations=137 (full 5):
 PSYoungGen      total 5120K, used 4858K [0x00000000eab00000, 0x00000000eb200000, 0x0000000100000000)
  eden space 4608K, 99% used [0x00000000eab00000,0x00000000eaf7ffc0,0x00000000eaf80000)
  from space 512K, 48% used [0x00000000eb100000,0x00000000eb13e920,0x00000000eb180000)
  to   space 512K, 0% used [0x00000000eb180000,0x00000000eb180000,0x00000000eb200000)
 ParOldGen       total 80384K, used 72292K [0x00000000c0000000, 0x00000000c4e80000, 0x00000000eab00000)
  object space 80384K, 89% used [0x00000000c0000000,0x00000000c4699240,0x00000000c4e80000)
 Metaspace       used 77868K, committed 79296K, reserved 1179648K
  class space    used 8034K, committed 8704K, reserved 1048576K
}
Event: 17.747 GC heap after
{Heap after GC invocations=137 (full 5):
 PSYoungGen      total 5120K, used 474K [0x00000000eab00000, 0x00000000eb200000, 0x0000000100000000)
  eden space 4608K, 0% used [0x00000000eab00000,0x00000000eab00000,0x00000000eaf80000)
  from space 512K, 92% used [0x00000000eb180000,0x00000000eb1f6920,0x00000000eb200000)
  to   space 1024K, 0% used [0x00000000eb000000,0x00000000eb000000,0x00000000eb100000)
 ParOldGen       total 80384K, used 72292K [0x00000000c0000000, 0x00000000c4e80000, 0x00000000eab00000)
  object space 80384K, 89% used [0x00000000c0000000,0x00000000c4699240,0x00000000c4e80000)
 Metaspace       used 77868K, committed 79296K, reserved 1179648K
  class space    used 8034K, committed 8704K, reserved 1048576K
}
Event: 20.165 GC heap before
{Heap before GC invocations=138 (full 5):
 PSYoungGen      total 5120K, used 5082K [0x00000000eab00000, 0x00000000eb200000, 0x0000000100000000)
  eden space 4608K, 99% used [0x00000000eab00000,0x00000000eaf7fff0,0x00000000eaf80000)
  from space 512K, 92% used [0x00000000eb180000,0x00000000eb1f6920,0x00000000eb200000)
  to   space 1024K, 0% used [0x00000000eb000000,0x00000000eb000000,0x00000000eb100000)
 ParOldGen       total 80384K, used 72292K [0x00000000c0000000, 0x00000000c4e80000, 0x00000000eab00000)
  object space 80384K, 89% used [0x00000000c0000000,0x00000000c4699240,0x00000000c4e80000)
 Metaspace       used 77871K, committed 79296K, reserved 1179648K
  class space    used 8034K, committed 8704K, reserved 1048576K
}
Event: 20.166 GC heap after
{Heap after GC invocations=138 (full 5):
 PSYoungGen      total 5632K, used 570K [0x00000000eab00000, 0x00000000eb200000, 0x0000000100000000)
  eden space 4608K, 0% used [0x00000000eab00000,0x00000000eab00000,0x00000000eaf80000)
  from space 1024K, 55% used [0x00000000eb000000,0x00000000eb08e920,0x00000000eb100000)
  to   space 1024K, 0% used [0x00000000eb100000,0x00000000eb100000,0x00000000eb200000)
 ParOldGen       total 80384K, used 72292K [0x00000000c0000000, 0x00000000c4e80000, 0x00000000eab00000)
  object space 80384K, 89% used [0x00000000c0000000,0x00000000c4699240,0x00000000c4e80000)
 Metaspace       used 77871K, committed 79296K, reserved 1179648K
  class space    used 8034K, committed 8704K, reserved 1048576K
}
Event: 22.427 GC heap before
{Heap before GC invocations=139 (full 5):
 PSYoungGen      total 5632K, used 5178K [0x00000000eab00000, 0x00000000eb200000, 0x0000000100000000)
  eden space 4608K, 100% used [0x00000000eab00000,0x00000000eaf80000,0x00000000eaf80000)
  from space 1024K, 55% used [0x00000000eb000000,0x00000000eb08e920,0x00000000eb100000)
  to   space 1024K, 0% used [0x00000000eb100000,0x00000000eb100000,0x00000000eb200000)
 ParOldGen       total 80384K, used 72292K [0x00000000c0000000, 0x00000000c4e80000, 0x00000000eab00000)
  object space 80384K, 89% used [0x00000000c0000000,0x00000000c4699240,0x00000000c4e80000)
 Metaspace       used 77889K, committed 79360K, reserved 1179648K
  class space    used 8034K, committed 8704K, reserved 1048576K
}
Event: 22.427 GC heap after
{Heap after GC invocations=139 (full 5):
 PSYoungGen      total 5120K, used 212K [0x00000000eab00000, 0x00000000eb180000, 0x0000000100000000)
  eden space 4608K, 0% used [0x00000000eab00000,0x00000000eab00000,0x00000000eaf80000)
  from space 512K, 41% used [0x00000000eb100000,0x00000000eb135200,0x00000000eb180000)
  to   space 512K, 0% used [0x00000000eb080000,0x00000000eb080000,0x00000000eb100000)
 ParOldGen       total 80384K, used 72292K [0x00000000c0000000, 0x00000000c4e80000, 0x00000000eab00000)
  object space 80384K, 89% used [0x00000000c0000000,0x00000000c4699240,0x00000000c4e80000)
 Metaspace       used 77889K, committed 79360K, reserved 1179648K
  class space    used 8034K, committed 8704K, reserved 1048576K
}
Event: 22.608 GC heap before
{Heap before GC invocations=140 (full 5):
 PSYoungGen      total 5120K, used 4820K [0x00000000eab00000, 0x00000000eb180000, 0x0000000100000000)
  eden space 4608K, 100% used [0x00000000eab00000,0x00000000eaf80000,0x00000000eaf80000)
  from space 512K, 41% used [0x00000000eb100000,0x00000000eb135200,0x00000000eb180000)
  to   space 512K, 0% used [0x00000000eb080000,0x00000000eb080000,0x00000000eb100000)
 ParOldGen       total 80384K, used 72292K [0x00000000c0000000, 0x00000000c4e80000, 0x00000000eab00000)
  object space 80384K, 89% used [0x00000000c0000000,0x00000000c4699240,0x00000000c4e80000)
 Metaspace       used 77899K, committed 79360K, reserved 1179648K
  class space    used 8035K, committed 8704K, reserved 1048576K
}
Event: 22.609 GC heap after
{Heap after GC invocations=140 (full 5):
 PSYoungGen      total 5120K, used 192K [0x00000000eab00000, 0x00000000eb180000, 0x0000000100000000)
  eden space 4608K, 0% used [0x00000000eab00000,0x00000000eab00000,0x00000000eaf80000)
  from space 512K, 37% used [0x00000000eb080000,0x00000000eb0b0000,0x00000000eb100000)
  to   space 512K, 0% used [0x00000000eb100000,0x00000000eb100000,0x00000000eb180000)
 ParOldGen       total 80384K, used 72292K [0x00000000c0000000, 0x00000000c4e80000, 0x00000000eab00000)
  object space 80384K, 89% used [0x00000000c0000000,0x00000000c4699240,0x00000000c4e80000)
 Metaspace       used 77899K, committed 79360K, reserved 1179648K
  class space    used 8035K, committed 8704K, reserved 1048576K
}
Event: 23.013 GC heap before
{Heap before GC invocations=141 (full 5):
 PSYoungGen      total 5120K, used 4800K [0x00000000eab00000, 0x00000000eb180000, 0x0000000100000000)
  eden space 4608K, 100% used [0x00000000eab00000,0x00000000eaf80000,0x00000000eaf80000)
  from space 512K, 37% used [0x00000000eb080000,0x00000000eb0b0000,0x00000000eb100000)
  to   space 512K, 0% used [0x00000000eb100000,0x00000000eb100000,0x00000000eb180000)
 ParOldGen       total 80384K, used 72292K [0x00000000c0000000, 0x00000000c4e80000, 0x00000000eab00000)
  object space 80384K, 89% used [0x00000000c0000000,0x00000000c4699240,0x00000000c4e80000)
 Metaspace       used 77935K, committed 79360K, reserved 1179648K
  class space    used 8037K, committed 8704K, reserved 1048576K
}
Event: 23.014 GC heap after
{Heap after GC invocations=141 (full 5):
 PSYoungGen      total 5120K, used 250K [0x00000000eab00000, 0x00000000eb180000, 0x0000000100000000)
  eden space 4608K, 0% used [0x00000000eab00000,0x00000000eab00000,0x00000000eaf80000)
  from space 512K, 48% used [0x00000000eb100000,0x00000000eb13e920,0x00000000eb180000)
  to   space 512K, 0% used [0x00000000eb080000,0x00000000eb080000,0x00000000eb100000)
 ParOldGen       total 80384K, used 72292K [0x00000000c0000000, 0x00000000c4e80000, 0x00000000eab00000)
  object space 80384K, 89% used [0x00000000c0000000,0x00000000c4699240,0x00000000c4e80000)
 Metaspace       used 77935K, committed 79360K, reserved 1179648K
  class space    used 8037K, committed 8704K, reserved 1048576K
}
Event: 23.396 GC heap before
{Heap before GC invocations=142 (full 5):
 PSYoungGen      total 5120K, used 4858K [0x00000000eab00000, 0x00000000eb180000, 0x0000000100000000)
  eden space 4608K, 100% used [0x00000000eab00000,0x00000000eaf80000,0x00000000eaf80000)
  from space 512K, 48% used [0x00000000eb100000,0x00000000eb13e920,0x00000000eb180000)
  to   space 512K, 0% used [0x00000000eb080000,0x00000000eb080000,0x00000000eb100000)
 ParOldGen       total 80384K, used 72292K [0x00000000c0000000, 0x00000000c4e80000, 0x00000000eab00000)
  object space 80384K, 89% used [0x00000000c0000000,0x00000000c4699240,0x00000000c4e80000)
 Metaspace       used 77942K, committed 79360K, reserved 1179648K
  class space    used 8037K, committed 8704K, reserved 1048576K
}
Event: 23.397 GC heap after
{Heap after GC invocations=142 (full 5):
 PSYoungGen      total 5120K, used 410K [0x00000000eab00000, 0x00000000eb180000, 0x0000000100000000)
  eden space 4608K, 0% used [0x00000000eab00000,0x00000000eab00000,0x00000000eaf80000)
  from space 512K, 80% used [0x00000000eb080000,0x00000000eb0e6920,0x00000000eb100000)
  to   space 512K, 0% used [0x00000000eb100000,0x00000000eb100000,0x00000000eb180000)
 ParOldGen       total 80384K, used 72292K [0x00000000c0000000, 0x00000000c4e80000, 0x00000000eab00000)
  object space 80384K, 89% used [0x00000000c0000000,0x00000000c4699240,0x00000000c4e80000)
 Metaspace       used 77942K, committed 79360K, reserved 1179648K
  class space    used 8037K, committed 8704K, reserved 1048576K
}
Event: 24.312 GC heap before
{Heap before GC invocations=143 (full 5):
 PSYoungGen      total 5120K, used 5018K [0x00000000eab00000, 0x00000000eb180000, 0x0000000100000000)
  eden space 4608K, 100% used [0x00000000eab00000,0x00000000eaf80000,0x00000000eaf80000)
  from space 512K, 80% used [0x00000000eb080000,0x00000000eb0e6920,0x00000000eb100000)
  to   space 512K, 0% used [0x00000000eb100000,0x00000000eb100000,0x00000000eb180000)
 ParOldGen       total 80384K, used 72292K [0x00000000c0000000, 0x00000000c4e80000, 0x00000000eab00000)
  object space 80384K, 89% used [0x00000000c0000000,0x00000000c4699240,0x00000000c4e80000)
 Metaspace       used 77946K, committed 79360K, reserved 1179648K
  class space    used 8037K, committed 8704K, reserved 1048576K
}
Event: 24.313 GC heap after
{Heap after GC invocations=143 (full 5):
 PSYoungGen      total 5120K, used 192K [0x00000000eab00000, 0x00000000eb180000, 0x0000000100000000)
  eden space 4608K, 0% used [0x00000000eab00000,0x00000000eab00000,0x00000000eaf80000)
  from space 512K, 37% used [0x00000000eb100000,0x00000000eb130000,0x00000000eb180000)
  to   space 512K, 0% used [0x00000000eb080000,0x00000000eb080000,0x00000000eb100000)
 ParOldGen       total 80384K, used 72292K [0x00000000c0000000, 0x00000000c4e80000, 0x00000000eab00000)
  object space 80384K, 89% used [0x00000000c0000000,0x00000000c4699240,0x00000000c4e80000)
 Metaspace       used 77946K, committed 79360K, reserved 1179648K
  class space    used 8037K, committed 8704K, reserved 1048576K
}
Event: 24.505 GC heap before
{Heap before GC invocations=144 (full 5):
 PSYoungGen      total 5120K, used 4800K [0x00000000eab00000, 0x00000000eb180000, 0x0000000100000000)
  eden space 4608K, 100% used [0x00000000eab00000,0x00000000eaf80000,0x00000000eaf80000)
  from space 512K, 37% used [0x00000000eb100000,0x00000000eb130000,0x00000000eb180000)
  to   space 512K, 0% used [0x00000000eb080000,0x00000000eb080000,0x00000000eb100000)
 ParOldGen       total 80384K, used 72292K [0x00000000c0000000, 0x00000000c4e80000, 0x00000000eab00000)
  object space 80384K, 89% used [0x00000000c0000000,0x00000000c4699240,0x00000000c4e80000)
 Metaspace       used 77952K, committed 79360K, reserved 1179648K
  class space    used 8037K, committed 8704K, reserved 1048576K
}
Event: 24.505 GC heap after
{Heap after GC invocations=144 (full 5):
 PSYoungGen      total 5120K, used 218K [0x00000000eab00000, 0x00000000eb180000, 0x0000000100000000)
  eden space 4608K, 0% used [0x00000000eab00000,0x00000000eab00000,0x00000000eaf80000)
  from space 512K, 42% used [0x00000000eb080000,0x00000000eb0b6900,0x00000000eb100000)
  to   space 512K, 0% used [0x00000000eb100000,0x00000000eb100000,0x00000000eb180000)
 ParOldGen       total 80384K, used 72292K [0x00000000c0000000, 0x00000000c4e80000, 0x00000000eab00000)
  object space 80384K, 89% used [0x00000000c0000000,0x00000000c4699240,0x00000000c4e80000)
 Metaspace       used 77952K, committed 79360K, reserved 1179648K
  class space    used 8037K, committed 8704K, reserved 1048576K
}

Dll operation events (10 events):
Event: 0.004 Loaded shared library c:\Users\Usuario\.vscode\extensions\redhat.java-1.28.1-win32-x64\jre\17.0.10-win32-x86_64\bin\java.dll
Event: 0.084 Loaded shared library c:\Users\Usuario\.vscode\extensions\redhat.java-1.28.1-win32-x64\jre\17.0.10-win32-x86_64\bin\zip.dll
Event: 0.086 Loaded shared library C:\Users\Usuario\.vscode\extensions\redhat.java-1.28.1-win32-x64\jre\17.0.10-win32-x86_64\bin\instrument.dll
Event: 0.096 Loaded shared library C:\Users\Usuario\.vscode\extensions\redhat.java-1.28.1-win32-x64\jre\17.0.10-win32-x86_64\bin\net.dll
Event: 0.097 Loaded shared library C:\Users\Usuario\.vscode\extensions\redhat.java-1.28.1-win32-x64\jre\17.0.10-win32-x86_64\bin\nio.dll
Event: 0.101 Loaded shared library C:\Users\Usuario\.vscode\extensions\redhat.java-1.28.1-win32-x64\jre\17.0.10-win32-x86_64\bin\zip.dll
Event: 0.111 Loaded shared library C:\Users\Usuario\.vscode\extensions\redhat.java-1.28.1-win32-x64\jre\17.0.10-win32-x86_64\bin\jimage.dll
Event: 0.146 Loaded shared library c:\Users\Usuario\.vscode\extensions\redhat.java-1.28.1-win32-x64\jre\17.0.10-win32-x86_64\bin\verify.dll
Event: 0.683 Loaded shared library C:\Users\Usuario\AppData\Roaming\Code\User\globalStorage\redhat.java\1.28.1\config_win\org.eclipse.equinox.launcher\org.eclipse.equinox.launcher.win32.win32.x86_64_1.2.900.v20240129-1338\eclipse_11900.dll
Event: 1.991 Loaded shared library C:\Users\Usuario\AppData\Local\Temp\jna-1531808526\jna12483851539718156068.dll

Deoptimization events (20 events):
Event: 10.180 Thread 0x00000258ac387060 DEOPT PACKING pc=0x00000258927e85d5 sp=0x0000008727ffec30
Event: 10.180 Thread 0x00000258ac3838b0 DEOPT PACKING pc=0x00000258927e85d5 sp=0x0000008727efe8b0
Event: 10.180 Thread 0x00000258ac382470 DEOPT PACKING pc=0x00000258927e85d5 sp=0x0000008727dfe610
Event: 10.180 Thread 0x00000258ac387060 DEOPT UNPACKING pc=0x0000025898e36e43 sp=0x0000008727ffe1b8 mode 0
Event: 10.180 Thread 0x00000258ac3838b0 DEOPT UNPACKING pc=0x0000025898e36e43 sp=0x0000008727efde38 mode 0
Event: 10.180 Thread 0x00000258ac382470 DEOPT UNPACKING pc=0x0000025898e36e43 sp=0x0000008727dfdb98 mode 0
Event: 10.180 Thread 0x00000258ac3842d0 DEOPT PACKING pc=0x00000258927e85d5 sp=0x0000008727bfe650
Event: 10.180 Thread 0x00000258ac3842d0 DEOPT UNPACKING pc=0x0000025898e36e43 sp=0x0000008727bfdbd8 mode 0
Event: 10.535 Thread 0x00000258ac3884a0 DEOPT PACKING pc=0x00000258929182e0 sp=0x0000008727cfdec0
Event: 10.535 Thread 0x00000258ac3884a0 DEOPT UNPACKING pc=0x0000025898e36e43 sp=0x0000008727cfd378 mode 0
Event: 17.738 Thread 0x00000258ac3884a0 DEOPT PACKING pc=0x000002589203064d sp=0x0000008727cfda40
Event: 17.738 Thread 0x00000258ac3884a0 DEOPT UNPACKING pc=0x0000025898e36e43 sp=0x0000008727cfcf70 mode 0
Event: 17.739 Thread 0x00000258ac3884a0 DEOPT PACKING pc=0x0000025892a01ac6 sp=0x0000008727cfd6e0
Event: 17.739 Thread 0x00000258ac3884a0 DEOPT UNPACKING pc=0x0000025898e36e43 sp=0x0000008727cfcb68 mode 0
Event: 21.347 Thread 0x00000258ac3884a0 DEOPT PACKING pc=0x0000025892ae6312 sp=0x0000008727cfdb80
Event: 21.347 Thread 0x00000258ac3884a0 DEOPT UNPACKING pc=0x0000025898e36e43 sp=0x0000008727cfd0c0 mode 0
Event: 22.434 Thread 0x00000258ac3884a0 DEOPT PACKING pc=0x00000258919760a9 sp=0x0000008727cfdef0
Event: 22.434 Thread 0x00000258ac3884a0 DEOPT UNPACKING pc=0x0000025898e36e43 sp=0x0000008727cfd410 mode 0
Event: 23.012 Thread 0x00000258ac3884a0 DEOPT PACKING pc=0x00000258920de720 sp=0x0000008727cfe330
Event: 23.012 Thread 0x00000258ac3884a0 DEOPT UNPACKING pc=0x0000025898e36e43 sp=0x0000008727cfd7e8 mode 0

Classes unloaded (11 events):
Event: 1.984 Thread 0x000002588d4f4470 Unloading class 0x0000000100250400 'java/lang/invoke/LambdaForm$MH+0x0000000100250400'
Event: 1.984 Thread 0x000002588d4f4470 Unloading class 0x0000000100250000 'java/lang/invoke/LambdaForm$MH+0x0000000100250000'
Event: 1.984 Thread 0x000002588d4f4470 Unloading class 0x000000010024fc00 'java/lang/invoke/LambdaForm$MH+0x000000010024fc00'
Event: 1.984 Thread 0x000002588d4f4470 Unloading class 0x000000010024f800 'java/lang/invoke/LambdaForm$MH+0x000000010024f800'
Event: 1.984 Thread 0x000002588d4f4470 Unloading class 0x000000010024f400 'java/lang/invoke/LambdaForm$BMH+0x000000010024f400'
Event: 1.984 Thread 0x000002588d4f4470 Unloading class 0x000000010024f000 'java/lang/invoke/LambdaForm$DMH+0x000000010024f000'
Event: 1.984 Thread 0x000002588d4f4470 Unloading class 0x000000010024c400 'java/lang/invoke/LambdaForm$DMH+0x000000010024c400'
Event: 3.953 Thread 0x000002588d4f4470 Unloading class 0x0000000100626400 'java/lang/invoke/LambdaForm$DMH+0x0000000100626400'
Event: 5.717 Thread 0x000002588d4f4470 Unloading class 0x00000001006f5c00 'java/lang/invoke/LambdaForm$DMH+0x00000001006f5c00'
Event: 5.717 Thread 0x000002588d4f4470 Unloading class 0x00000001006f5800 'java/lang/invoke/LambdaForm$DMH+0x00000001006f5800'
Event: 5.717 Thread 0x000002588d4f4470 Unloading class 0x00000001006f5400 'java/lang/invoke/LambdaForm$DMH+0x00000001006f5400'

Classes redefined (0 events):
No events

Internal exceptions (20 events):
Event: 7.385 Thread 0x00000258ac385c20 Exception <a 'sun/nio/fs/WindowsException'{0x00000000eae6d948}> (0x00000000eae6d948) 
thrown [s\src\hotspot\share\prims\jni.cpp, line 516]
Event: 7.388 Thread 0x00000258ac385c20 Exception <a 'sun/nio/fs/WindowsException'{0x00000000eaf13318}> (0x00000000eaf13318) 
thrown [s\src\hotspot\share\prims\jni.cpp, line 516]
Event: 7.389 Thread 0x00000258ac385c20 Exception <a 'sun/nio/fs/WindowsException'{0x00000000eaf2fa90}> (0x00000000eaf2fa90) 
thrown [s\src\hotspot\share\prims\jni.cpp, line 516]
Event: 7.391 Thread 0x00000258ac385c20 Exception <a 'sun/nio/fs/WindowsException'{0x00000000eaf48a70}> (0x00000000eaf48a70) 
thrown [s\src\hotspot\share\prims\jni.cpp, line 516]
Event: 7.392 Thread 0x00000258ac385c20 Exception <a 'sun/nio/fs/WindowsException'{0x00000000eaf71870}> (0x00000000eaf71870) 
thrown [s\src\hotspot\share\prims\jni.cpp, line 516]
Event: 7.394 Thread 0x00000258ac385c20 Exception <a 'sun/nio/fs/WindowsException'{0x00000000eafa3fa8}> (0x00000000eafa3fa8) 
thrown [s\src\hotspot\share\prims\jni.cpp, line 516]
Event: 7.416 Thread 0x00000258ac385c20 Exception <a 'sun/nio/fs/WindowsException'{0x00000000eab990e8}> (0x00000000eab990e8) 
thrown [s\src\hotspot\share\prims\jni.cpp, line 516]
Event: 7.445 Thread 0x00000258ac385c20 Exception <a 'sun/nio/fs/WindowsException'{0x00000000eadef620}> (0x00000000eadef620) 
thrown [s\src\hotspot\share\prims\jni.cpp, line 516]
Event: 7.943 Thread 0x00000258a913d690 Exception <a 'sun/nio/fs/WindowsException'{0x00000000eacc41d0}> (0x00000000eacc41d0) 
thrown [s\src\hotspot\share\prims\jni.cpp, line 516]
Event: 7.982 Thread 0x00000258a913d690 Exception <a 'sun/nio/fs/WindowsException'{0x00000000eae215a8}> (0x00000000eae215a8) 
thrown [s\src\hotspot\share\prims\jni.cpp, line 516]
Event: 8.069 Thread 0x00000258a913d690 Exception <a 'sun/nio/fs/WindowsException'{0x00000000eaea32b8}> (0x00000000eaea32b8) 
thrown [s\src\hotspot\share\prims\jni.cpp, line 516]
Event: 8.098 Thread 0x00000258a913d690 Exception <a 'sun/nio/fs/WindowsException'{0x00000000eab2d808}> (0x00000000eab2d808) 
thrown [s\src\hotspot\share\prims\jni.cpp, line 516]
Event: 8.119 Thread 0x00000258a913d690 Exception <a 'sun/nio/fs/WindowsException'{0x00000000eac8ee40}> (0x00000000eac8ee40) 
thrown [s\src\hotspot\share\prims\jni.cpp, line 516]
Event: 8.138 Thread 0x00000258a913d690 Exception <a 'sun/nio/fs/WindowsException'{0x00000000eacdddb8}> (0x00000000eacdddb8) 
thrown [s\src\hotspot\share\prims\jni.cpp, line 516]
Event: 8.156 Thread 0x00000258a913d690 Exception <a 'sun/nio/fs/WindowsException'{0x00000000eadd46f0}> (0x00000000eadd46f0) 
thrown [s\src\hotspot\share\prims\jni.cpp, line 516]
Event: 8.172 Thread 0x00000258a913d690 Exception <a 'sun/nio/fs/WindowsException'{0x00000000eae61410}> (0x00000000eae61410) 
thrown [s\src\hotspot\share\prims\jni.cpp, line 516]
Event: 8.366 Thread 0x00000258a913d690 Exception <a 'sun/nio/fs/WindowsException'{0x00000000eafff430}> (0x00000000eafff430) 
thrown [s\src\hotspot\share\prims\jni.cpp, line 516]
Event: 8.384 Thread 0x00000258a913d690 Exception <a 'sun/nio/fs/WindowsException'{0x00000000eabaec38}> (0x00000000eabaec38) 
thrown [s\src\hotspot\share\prims\jni.cpp, line 516]
Event: 8.490 Thread 0x00000258a913d690 Exception <a 'sun/nio/fs/WindowsException'{0x00000000eacdd568}> (0x00000000eacdd568) 
thrown [s\src\hotspot\share\prims\jni.cpp, line 516]
Event: 8.522 Thread 0x00000258a913d690 Exception <a 'sun/nio/fs/WindowsException'{0x00000000ead3aad0}> (0x00000000ead3aad0) 
thrown [s\src\hotspot\share\prims\jni.cpp, line 516]

VM Operations (20 events):
Event: 18.751 Executing VM operation: Cleanup
Event: 18.751 Executing VM operation: Cleanup done
Event: 20.165 Executing VM operation: ParallelGCFailedAllocation
Event: 20.166 Executing VM operation: ParallelGCFailedAllocation done
Event: 21.170 Executing VM operation: Cleanup
Event: 21.170 Executing VM operation: Cleanup done
Event: 22.172 Executing VM operation: Cleanup
Event: 22.172 Executing VM operation: Cleanup done
Event: 22.427 Executing VM operation: ParallelGCFailedAllocation
Event: 22.427 Executing VM operation: ParallelGCFailedAllocation done
Event: 22.608 Executing VM operation: ParallelGCFailedAllocation
Event: 22.609 Executing VM operation: ParallelGCFailedAllocation done
Event: 23.013 Executing VM operation: ParallelGCFailedAllocation
Event: 23.014 Executing VM operation: ParallelGCFailedAllocation done
Event: 23.396 Executing VM operation: ParallelGCFailedAllocation
Event: 23.397 Executing VM operation: ParallelGCFailedAllocation done
Event: 24.312 Executing VM operation: ParallelGCFailedAllocation
Event: 24.313 Executing VM operation: ParallelGCFailedAllocation done
Event: 24.505 Executing VM operation: ParallelGCFailedAllocation
Event: 24.505 Executing VM operation: ParallelGCFailedAllocation done

Events (20 events):
Event: 8.716 Thread 0x00000258a8ad4040 flushing nmethod 0x00000258924dd790
Event: 8.718 Thread 0x00000258a8ad4040 flushing nmethod 0x0000025892a8e510
Event: 9.871 Thread 0x00000258a8bcf710 Thread exited: 0x00000258a8bcf710
Event: 9.879 Thread 0x00000258aa67c5c0 Thread added: 0x00000258aa67c5c0
Event: 10.163 Thread 0x00000258aa67c5c0 Thread exited: 0x00000258aa67c5c0
Event: 10.169 Thread 0x00000258aa67c5c0 Thread added: 0x00000258aa67c5c0
Event: 10.531 Thread 0x00000258aa67c5c0 Thread exited: 0x00000258aa67c5c0
Event: 10.533 Thread 0x00000258aa67c5c0 Thread added: 0x00000258aa67c5c0
Event: 11.057 Thread 0x00000258aa67c5c0 Thread exited: 0x00000258aa67c5c0
Event: 11.057 Thread 0x00000258a9a93fc0 Thread exited: 0x00000258a9a93fc0
Event: 13.237 Thread 0x00000258aa67c5c0 Thread added: 0x00000258aa67c5c0
Event: 13.565 Thread 0x00000258aa67c5c0 Thread exited: 0x00000258aa67c5c0
Event: 13.567 Thread 0x00000258aa67c5c0 Thread added: 0x00000258aa67c5c0
Event: 22.606 Thread 0x00000258aa67c5c0 Thread exited: 0x00000258aa67c5c0
Event: 22.621 Thread 0x00000258aa67c5c0 Thread added: 0x00000258aa67c5c0
Event: 23.010 Thread 0x00000258aa67c5c0 Thread exited: 0x00000258aa67c5c0
Event: 23.016 Thread 0x00000258aa67c5c0 Thread added: 0x00000258aa67c5c0
Event: 23.393 Thread 0x00000258aa67c5c0 Thread exited: 0x00000258aa67c5c0
Event: 24.322 Thread 0x00000258aa67c5c0 Thread added: 0x00000258aa67c5c0
Event: 24.503 Thread 0x00000258aa67c5c0 Thread exited: 0x00000258aa67c5c0


Dynamic libraries:
0x00007ff6860d0000 - 0x00007ff6860de000 	c:\Users\Usuario\.vscode\extensions\redhat.java-1.28.1-win32-x64\jre\17.0.10-win32-x86_64\bin\java.exe
0x00007ff8b5090000 - 0x00007ff8b5288000 	C:\Windows\SYSTEM32\ntdll.dll
0x00007ff8b31b0000 - 0x00007ff8b326d000 	C:\Windows\System32\KERNEL32.DLL
0x00007ff8b2810000 - 0x00007ff8b2b06000 	C:\Windows\System32\KERNELBASE.dll
0x00007ff8b2ed0000 - 0x00007ff8b2fd0000 	C:\Windows\System32\ucrtbase.dll
0x00007ff8ab440000 - 0x00007ff8ab457000 	c:\Users\Usuario\.vscode\extensions\redhat.java-1.28.1-win32-x64\jre\17.0.10-win32-x86_64\bin\jli.dll
0x00007ff89b2c0000 - 0x00007ff89b2db000 	c:\Users\Usuario\.vscode\extensions\redhat.java-1.28.1-win32-x64\jre\17.0.10-win32-x86_64\bin\VCRUNTIME140.dll
0x00007ff8b4eb0000 - 0x00007ff8b504e000 	C:\Windows\System32\USER32.dll
0x00007ff8b2c60000 - 0x00007ff8b2c82000 	C:\Windows\System32\win32u.dll
0x00007ff8b37f0000 - 0x00007ff8b381c000 	C:\Windows\System32\GDI32.dll
0x00007ff8b1be0000 - 0x00007ff8b1e7a000 	C:\Windows\WinSxS\amd64_microsoft.windows.common-controls_6595b64144ccf1df_6.0.19041.1110_none_60b5254171f9507e\COMCTL32.dll
0x00007ff8b2fd0000 - 0x00007ff8b30ea000 	C:\Windows\System32\gdi32full.dll
0x00007ff8b4c30000 - 0x00007ff8b4cce000 	C:\Windows\System32\msvcrt.dll
0x00007ff8b2bc0000 - 0x00007ff8b2c5d000 	C:\Windows\System32\msvcp_win.dll
0x00007ff8b3100000 - 0x00007ff8b3130000 	C:\Windows\System32\IMM32.DLL
0x00007ff8abef0000 - 0x00007ff8abefc000 	c:\Users\Usuario\.vscode\extensions\redhat.java-1.28.1-win32-x64\jre\17.0.10-win32-x86_64\bin\vcruntime140_1.dll
0x00007ff88a000000 - 0x00007ff88a08d000 	c:\Users\Usuario\.vscode\extensions\redhat.java-1.28.1-win32-x64\jre\17.0.10-win32-x86_64\bin\msvcp140.dll
0x00007ff878190000 - 0x00007ff878df2000 	c:\Users\Usuario\.vscode\extensions\redhat.java-1.28.1-win32-x64\jre\17.0.10-win32-x86_64\bin\server\jvm.dll
0x00007ff8b4b80000 - 0x00007ff8b4c2e000 	C:\Windows\System32\ADVAPI32.dll
0x00007ff8b3750000 - 0x00007ff8b37ec000 	C:\Windows\System32\sechost.dll
0x00007ff8b3350000 - 0x00007ff8b3476000 	C:\Windows\System32\RPCRT4.dll
0x00007ff8b25d0000 - 0x00007ff8b261b000 	C:\Windows\SYSTEM32\POWRPROF.dll
0x00007ff87eee0000 - 0x00007ff87eee9000 	C:\Windows\SYSTEM32\WSOCK32.dll
0x00007ff8969c0000 - 0x00007ff8969e7000 	C:\Windows\SYSTEM32\WINMM.dll
0x00007ff8a8040000 - 0x00007ff8a804a000 	C:\Windows\SYSTEM32\VERSION.dll
0x00007ff8b3480000 - 0x00007ff8b34eb000 	C:\Windows\System32\WS2_32.dll
0x00007ff8b25b0000 - 0x00007ff8b25c2000 	C:\Windows\SYSTEM32\UMPDC.dll
0x00007ff8affc0000 - 0x00007ff8affd2000 	C:\Windows\SYSTEM32\kernel.appcore.dll
0x00007ff8adb60000 - 0x00007ff8adb6a000 	c:\Users\Usuario\.vscode\extensions\redhat.java-1.28.1-win32-x64\jre\17.0.10-win32-x86_64\bin\jimage.dll
0x00007ff8b2080000 - 0x00007ff8b2264000 	C:\Windows\SYSTEM32\DBGHELP.DLL
0x00007ff8b1ea0000 - 0x00007ff8b1ed4000 	C:\Windows\SYSTEM32\dbgcore.DLL
0x00007ff8b2df0000 - 0x00007ff8b2e72000 	C:\Windows\System32\bcryptPrimitives.dll
0x00007ff8ac9d0000 - 0x00007ff8ac9de000 	c:\Users\Usuario\.vscode\extensions\redhat.java-1.28.1-win32-x64\jre\17.0.10-win32-x86_64\bin\instrument.dll
0x00007ff89b580000 - 0x00007ff89b5a5000 	c:\Users\Usuario\.vscode\extensions\redhat.java-1.28.1-win32-x64\jre\17.0.10-win32-x86_64\bin\java.dll
0x00007ff8ac820000 - 0x00007ff8ac838000 	c:\Users\Usuario\.vscode\extensions\redhat.java-1.28.1-win32-x64\jre\17.0.10-win32-x86_64\bin\zip.dll
0x00007ff8b3d00000 - 0x00007ff8b4444000 	C:\Windows\System32\SHELL32.dll
0x00007ff8b01c0000 - 0x00007ff8b095b000 	C:\Windows\SYSTEM32\windows.storage.dll
0x00007ff8b4670000 - 0x00007ff8b49c4000 	C:\Windows\System32\combase.dll
0x00007ff8b1910000 - 0x00007ff8b193d000 	C:\Windows\SYSTEM32\Wldp.dll
0x00007ff8b4e00000 - 0x00007ff8b4ead000 	C:\Windows\System32\SHCORE.dll
0x00007ff8b4450000 - 0x00007ff8b44a5000 	C:\Windows\System32\shlwapi.dll
0x00007ff8b26a0000 - 0x00007ff8b26c5000 	C:\Windows\SYSTEM32\profapi.dll
0x00007ff8abf00000 - 0x00007ff8abf19000 	C:\Users\Usuario\.vscode\extensions\redhat.java-1.28.1-win32-x64\jre\17.0.10-win32-x86_64\bin\net.dll
0x00007ff8ad870000 - 0x00007ff8ad97a000 	C:\Windows\SYSTEM32\WINHTTP.dll
0x00007ff8b1780000 - 0x00007ff8b17ea000 	C:\Windows\system32\mswsock.dll
0x00007ff89b560000 - 0x00007ff89b576000 	C:\Users\Usuario\.vscode\extensions\redhat.java-1.28.1-win32-x64\jre\17.0.10-win32-x86_64\bin\nio.dll
0x00007ff8abde0000 - 0x00007ff8abdf0000 	c:\Users\Usuario\.vscode\extensions\redhat.java-1.28.1-win32-x64\jre\17.0.10-win32-x86_64\bin\verify.dll
0x00007ff88b9f0000 - 0x00007ff88ba2e000 	C:\Users\Usuario\AppData\Roaming\Code\User\globalStorage\redhat.java\1.28.1\config_win\org.eclipse.equinox.launcher\org.eclipse.equinox.launcher.win32.win32.x86_64_1.2.900.v20240129-1338\eclipse_11900.dll
0x00007ff8b4cd0000 - 0x00007ff8b4dfa000 	C:\Windows\System32\ole32.dll
0x00007ff8b2470000 - 0x00007ff8b2488000 	C:\Windows\SYSTEM32\CRYPTSP.dll
0x00007ff8b1120000 - 0x00007ff8b1154000 	C:\Windows\system32\rsaenh.dll
0x00007ff8b27e0000 - 0x00007ff8b2807000 	C:\Windows\System32\bcrypt.dll
0x00007ff8b2620000 - 0x00007ff8b264e000 	C:\Windows\SYSTEM32\USERENV.dll
0x00007ff8b1a40000 - 0x00007ff8b1a4c000 	C:\Windows\SYSTEM32\CRYPTBASE.dll
0x00007ff8b14a0000 - 0x00007ff8b14db000 	C:\Windows\SYSTEM32\IPHLPAPI.DLL
0x00007ff8b3340000 - 0x00007ff8b3348000 	C:\Windows\System32\NSI.dll
0x00007ff8aaf30000 - 0x00007ff8aaf47000 	C:\Windows\SYSTEM32\dhcpcsvc6.DLL
0x00007ff8aadd0000 - 0x00007ff8aaded000 	C:\Windows\SYSTEM32\dhcpcsvc.DLL
0x00007ff8b14e0000 - 0x00007ff8b15aa000 	C:\Windows\SYSTEM32\DNSAPI.dll
0x00007ff889fb0000 - 0x00007ff889ff5000 	C:\Users\Usuario\AppData\Local\Temp\jna-1531808526\jna12483851539718156068.dll
0x00007ff8b30f0000 - 0x00007ff8b30f8000 	C:\Windows\System32\PSAPI.DLL

dbghelp: loaded successfully - version: 4.0.5 - missing functions: none
symbol engine: initialized successfully - sym options: 0x614 - pdb path: .;c:\Users\Usuario\.vscode\extensions\redhat.java-1.28.1-win32-x64\jre\17.0.10-win32-x86_64\bin;C:\Windows\SYSTEM32;C:\Windows\WinSxS\amd64_microsoft.windows.common-controls_6595b64144ccf1df_6.0.19041.1110_none_60b5254171f9507e;c:\Users\Usuario\.vscode\extensions\redhat.java-1.28.1-win32-x64\jre\17.0.10-win32-x86_64\bin\server;C:\Users\Usuario\AppData\Roaming\Code\User\globalStorage\redhat.java\1.28.1\config_win\org.eclipse.equinox.launcher\org.eclipse.equinox.launcher.win32.win32.x86_64_1.2.900.v20240129-1338;C:\Users\Usuario\AppData\Local\Temp\jna-1531808526

VM Arguments:
jvm_args: --add-modules=ALL-SYSTEM --add-opens=java.base/java.util=ALL-UNNAMED --add-opens=java.base/java.lang=ALL-UNNAMED --add-opens=java.base/sun.nio.fs=ALL-UNNAMED -Declipse.application=org.eclipse.jdt.ls.core.id1 -Dosgi.bundles.defaultStartLevel=4 -Declipse.product=org.eclipse.jdt.ls.core.product -Djava.import.generatesMetadataFilesAtProjectRoot=false -DDetectVMInstallationsJob.disabled=true -Dfile.encoding=utf8 -XX:+UseParallelGC -XX:GCTimeRatio=4 -XX:AdaptiveSizePolicyWeight=90 -Dsun.zip.disableMemoryMapping=true -Xmx1G -Xms100m -Xlog:disable -javaagent:c:\Users\Usuario\.vscode\extensions\redhat.java-1.28.1-win32-x64\lombok\lombok-1.18.31.jar -XX:+HeapDumpOnOutOfMemoryError -XX:HeapDumpPath=c:\Users\Usuario\AppData\Roaming\Code\User\workspaceStorage\ef68fe475a4c8989c11858262eae5c25\redhat.java -Daether.dependencyCollector.impl=bf 
java_command: c:\Users\Usuario\.vscode\extensions\redhat.java-1.28.1-win32-x64\server\plugins\org.eclipse.equinox.launcher_1.6.700.v20231214-2017.jar -configuration c:\Users\Usuario\AppData\Roaming\Code\User\globalStorage\redhat.java\1.28.1\config_win -data c:\Users\Usuario\AppData\Roaming\Code\User\workspaceStorage\ef68fe475a4c8989c11858262eae5c25\redhat.java\jdt_ws --stdio
java_class_path (initial): c:\Users\Usuario\.vscode\extensions\redhat.java-1.28.1-win32-x64\server\plugins\org.eclipse.equinox.launcher_1.6.700.v20231214-2017.jar
Launcher Type: SUN_STANDARD

[Global flags]
    uintx AdaptiveSizePolicyWeight                 = 90                                        {product} {command line}
     intx CICompilerCount                          = 3                                         {product} {ergonomic}
    uintx GCTimeRatio                              = 4                                         {product} {command line}
     bool HeapDumpOnOutOfMemoryError               = true                                   {manageable} {command line}
    ccstr HeapDumpPath                             = c:\Users\Usuario\AppData\Roaming\Code\User\workspaceStorage\ef68fe475a4c8989c11858262eae5c25\redhat.java         {manageable} {command line}
   size_t InitialHeapSize                          = 104857600                                 {product} {command line}
   size_t MaxHeapSize                              = 1073741824                                {product} {command line}
   size_t MaxNewSize                               = 357564416                                 {product} {ergonomic}
   size_t MinHeapDeltaBytes                        = 524288                                    {product} {ergonomic}
   size_t MinHeapSize                              = 104857600                                 {product} {command line}
   size_t NewSize                                  = 34603008                                  {product} {ergonomic}
    uintx NonNMethodCodeHeapSize                   = 5832780                                {pd product} {ergonomic}
    uintx NonProfiledCodeHeapSize                  = 122912730                              {pd product} {ergonomic}
   size_t OldSize                                  = 70254592                                  {product} {ergonomic}
    uintx ProfiledCodeHeapSize                     = 122912730                              {pd product} {ergonomic}
    uintx ReservedCodeCacheSize                    = 251658240                              {pd product} {ergonomic}
     bool SegmentedCodeCache                       = true                                      {product} {ergonomic}
   size_t SoftMaxHeapSize                          = 1073741824                             {manageable} {ergonomic}
     bool UseCompressedClassPointers               = true                           {product lp64_product} {ergonomic}
     bool UseCompressedOops                        = true                           {product lp64_product} {ergonomic}
     bool UseLargePagesIndividualAllocation        = false                                  {pd product} {ergonomic}
     bool UseParallelGC                            = true                                      {product} {command line}

Logging:
Log output configuration:
 #0: stdout all=off uptime,level,tags
 #1: stderr all=off uptime,level,tags

Environment Variables:
PATH=C:\Program Files (x86)\VMware\VMware Player\bin\;C:\Program Files\Common Files\Oracle\Java\javapath;C:\Windows\system32;C:\Windows;C:\Windows\System32\Wbem;C:\Windows\System32\WindowsPowerShell\v1.0\;C:\Windows\System32\OpenSSH\;C:\Program Files\PuTTY\;C:\msys64\ucrt64\bin;C:\workspace\apache-maven-3.9.6\bin;C:\Program Files\Git\cmd;C:\Users\Usuario\AppData\Local\Microsoft\WindowsApps;;C:\Users\Usuario\AppData\Local\Programs\Microsoft VS Code\bin
USERNAME=Usuario
OS=Windows_NT
PROCESSOR_IDENTIFIER=Intel64 Family 6 Model 158 Stepping 13, GenuineIntel
TMP=C:\Users\Usuario\AppData\Local\Temp
TEMP=C:\Users\Usuario\AppData\Local\Temp



Periodic native trim disabled


---------------  S Y S T E M  ---------------

OS:
 Windows 10 , 64 bit Build 19041 (10.0.19041.3393)
OS uptime: 0 days 4:57 hours

CPU: total 6 (initial active 6) (6 cores per cpu, 1 threads per core) family 6 model 158 stepping 13 microcode 0xbe, cx8, cmov, fxsr, mmx, 3dnowpref, sse, sse2, sse3, ssse3, sse4.1, sse4.2, popcnt, lzcnt, tsc, tscinvbit, avx, avx2, aes, erms, clmul, bmi1, bmi2, adx, fma, vzeroupper, clflush, clflushopt
Processor Information for all 6 processors :
  Max Mhz: 2904, Current Mhz: 2904, Mhz Limit: 2904

Memory: 4k page, system-wide physical 12158M (4970M free)
TotalPageFile size 14014M (AvailPageFile size 5680M)
current process WorkingSet (physical memory assigned to process): 300M, peak: 343M
current process commit charge ("private bytes"): 331M, peak: 378M

vm_info: OpenJDK 64-Bit Server VM (17.0.10+7) for windows-amd64 JRE (17.0.10+7), built on Jan 16 2024 23:25:11 by "admin" with MS VC++ 16.10 / 16.11 (VS2019)

END.
