#
# A fatal error has been detected by the Java Runtime Environment:
#
#  EXCEPTION_ACCESS_VIOLATION (0xc0000005) at pc=0x00007ff8784ff78b, pid=8744, tid=8236
#
# JRE version: OpenJDK Runtime Environment Temurin-17.0.10+7 (17.0.10+7) (build 17.0.10+7)
# Java VM: OpenJDK 64-Bit Server VM Temurin-17.0.10+7 (17.0.10+7, mixed mode, tiered, compressed oops, compressed class ptrs, parallel gc, windows-amd64)
# Problematic frame:
# V  [jvm.dll+0x36f78b]
#
# No core dump will be written. Minidumps are not enabled by default on client versions of Windows
#
# If you would like to submit a bug report, please visit:
#   https://github.com/adoptium/adoptium-support/issues
#

---------------  S U M M A R Y ------------

Command Line: --add-modules=ALL-SYSTEM --add-opens=java.base/java.util=ALL-UNNAMED --add-opens=java.base/java.lang=ALL-UNNAMED --add-opens=java.base/sun.nio.fs=ALL-UNNAMED -Declipse.application=org.eclipse.jdt.ls.core.id1 -Dosgi.bundles.defaultStartLevel=4 -Declipse.product=org.eclipse.jdt.ls.core.product -Djava.import.generatesMetadataFilesAtProjectRoot=false -DDetectVMInstallationsJob.disabled=true -Dfile.encoding=utf8 -XX:+UseParallelGC -XX:GCTimeRatio=4 -XX:AdaptiveSizePolicyWeight=90 -Dsun.zip.disableMemoryMapping=true -Xmx1G -Xms100m -Xlog:disable -javaagent:c:\Users\Usuario\.vscode\extensions\redhat.java-1.28.1-win32-x64\lombok\lombok-1.18.31.jar -XX:+HeapDumpOnOutOfMemoryError -XX:HeapDumpPath=c:\Users\Usuario\AppData\Roaming\Code\User\workspaceStorage\ef68fe475a4c8989c11858262eae5c25\redhat.java -Daether.dependencyCollector.impl=bf c:\Users\Usuario\.vscode\extensions\redhat.java-1.28.1-win32-x64\server\plugins\org.eclipse.equinox.launcher_1.6.700.v20231214-2017.jar -configuration c:\Users\Usuario\AppData\Roaming\Code\User\globalStorage\redhat.java\1.28.1\config_win -data c:\Users\Usuario\AppData\Roaming\Code\User\workspaceStorage\ef68fe475a4c8989c11858262eae5c25\redhat.java\jdt_ws --stdio

Host: Intel(R) Core(TM) i5-9400 CPU @ 2.90GHz, 6 cores, 11G,  Windows 10 , 64 bit Build 19041 (10.0.19041.3393)
Time: Fri Mar  1 16:59:42 2024 Hora est. Pacífico, Sudamérica elapsed time: 1.913112 seconds (0d 0h 0m 1s)

---------------  T H R E A D  ---------------

Current thread (0x00000216a731e770):  VMThread "VM Thread" [stack: 0x000000b753200000,0x000000b753300000] [id=8236]

Stack: [0x000000b753200000,0x000000b753300000],  sp=0x000000b7532fe400,  free space=1017k
Native frames: (J=compiled Java code, j=interpreted, Vv=VM code, C=native code)
V  [jvm.dll+0x36f78b]
V  [jvm.dll+0x540890]
V  [jvm.dll+0x6b76d1]
V  [jvm.dll+0x6b6776]
V  [jvm.dll+0x6b63ca]
V  [jvm.dll+0x211e0b]
V  [jvm.dll+0x32f3fc]
V  [jvm.dll+0x83b11b]
V  [jvm.dll+0x83be61]
V  [jvm.dll+0x83c37d]
V  [jvm.dll+0x83c754]
V  [jvm.dll+0x83c820]
V  [jvm.dll+0x7e3fba]
V  [jvm.dll+0x67c1b5]
C  [ucrtbase.dll+0x21bb2]
C  [KERNEL32.DLL+0x17344]
C  [ntdll.dll+0x526b1]


siginfo: EXCEPTION_ACCESS_VIOLATION (0xc0000005), reading address 0x00000000200000a4


Registers:
RAX=0x00000216bf5c1ad8, RBX=0x0000000020000000, RCX=0x0000000020000000, RDX=0x00000216c5ec0c01
RSP=0x000000b7532fe400, RBP=0x000000b7532fe4c8, RSI=0x0000000000000001, RDI=0x00000001002a8800
R8 =0x0000000000000000, R9 =0x0000000000000004, R10=0x0000000000000000, R11=0x000000b7532fe410
R12=0x00007ff878d09c00, R13=0x00007ff878acdf00, R14=0x0000000000000000, R15=0x00007ff878b1e9e0
RIP=0x00007ff8784ff78b, EFLAGS=0x0000000000010206


Register to memory mapping:

RIP=0x00007ff8784ff78b jvm.dll
RAX=0x00000216bf5c1ad8 is pointing into metadata
RBX=0x0000000020000000 is an unknown value
RCX=0x0000000020000000 is an unknown value
RDX=0x00000216c5ec0c01 points into unknown readable memory: 3d d1 78 f8 7f 00 00
RSP=0x000000b7532fe400 points into unknown readable memory: 0x00000000000003d8 | d8 03 00 00 00 00 00 00
RBP=0x000000b7532fe4c8 points into unknown readable memory: 0x0000000000000000 | 00 00 00 00 00 00 00 00
RSI=0x0000000000000001 is an unknown value
RDI=0x00000001002a8800 is a pointer to class: 
java.lang.invoke.LambdaForm$MH/0x00000001002a8800 {0x00000001002a8808}
 - instance size:     2
 - klass size:        64
 - access:            final synchronized 
 - state:             fully_initialized
 - name:              'java/lang/invoke/LambdaForm$MH+0x00000001002a8800'
 - super:             'java/lang/Object'
 - sub:               
 - arrays:            NULL
 - methods:           Array<T>(0x00000216bf5c12c0)
 - method ordering:   Array<T>(0x00000216be000018)
 - default_methods:   Array<T>(0x0000000000000000)
 - local interfaces:  Array<T>(0x00000216be000058)
 - trans. interfaces: Array<T>(0x00000216be000058)
 - constants:         constant pool [59] {0x00000216bf5c1050} for 'java/lang/invoke/LambdaForm$MH+0x00000001002a8800' cache=0x00000216bf5c1460
 - class loader data:  loader data: 0x00000216c354bba0 of 'bootstrap' has a class holder
 - source file:       'LambdaForm$MH'
 - class annotations:       Array<T>(0x0000000000000000)
 - class type annotations:  Array<T>(0x0000000000000000)
 - field annotations:       Array<T>(0x0000000000000000)
 - field type annotations:  Array<T>(0x0000000000000000)
 - inner classes:     Array<T>(0x00000216be000028)
 - nest members:     Array<T>(0x00000216be000028)
 - permitted subclasses:     Array<T>(0x00000216be000028)
 - java mirror:       a 'java/lang/Class'{0x00000000c0b08d88} = 'java/lang/invoke/LambdaForm$MH+0x00000001002a8800'
 - vtable length      5  (start addr: 0x00000001002a89c8)
 - itable length      2 (start addr: 0x00000001002a89f0)
 - ---- static fields (1 words):
 - static final '_D_0' 'Ljava/lang/invoke/LambdaForm;' @112 
 - ---- non-static fields (0 words):
 - non-static oop maps: 
R8 =0x0 is NULL
R9 =0x0000000000000004 is an unknown value
R10=0x0 is NULL
R11=0x000000b7532fe410 points into unknown readable memory: 0x00000001001f7bb8 | b8 7b 1f 00 01 00 00 00
R12=0x00007ff878d09c00 jvm.dll
R13=0x00007ff878acdf00 jvm.dll
R14=0x0 is NULL
R15=0x00007ff878b1e9e0 jvm.dll


Top of Stack: (sp=0x000000b7532fe400)
0x000000b7532fe400:   00000000000003d8 00000216bf781b80
0x000000b7532fe410:   00000001001f7bb8 00007ff8786d06cc
0x000000b7532fe420:   0000000000000000 00000001002a8800
0x000000b7532fe430:   0000000000000001 000000b7532fe4c8
0x000000b7532fe440:   0000000020000000 00007ff8786d0890
0x000000b7532fe450:   00000001002a8c00 000000b7532fe4c8
0x000000b7532fe460:   0000000000000001 00007ff800000002
0x000000b7532fe470:   00007ff878b1e9e0 00000000000001fe
0x000000b7532fe480:   ffffffffffffff00 0000000000000004
0x000000b7532fe490:   000000000000005e 0000000000000000
0x000000b7532fe4a0:   0000000000000000 00000216c5ec0ca0
0x000000b7532fe4b0:   0000000000000000 000000b7532fe498
0x000000b7532fe4c0:   00007ff878d09c70 0000000000000000
0x000000b7532fe4d0:   000000b7532fe5e0 00007ff8788476d1
0x000000b7532fe4e0:   0000000000000001 00007ff878acdf18
0x000000b7532fe4f0:   00007ff878cbc7f0 0000000000000000
0x000000b7532fe500:   0000000001229b39 00000001465f1eb3
0x000000b7532fe510:   0000000000000002 00007ff878d09c70
0x000000b7532fe520:   0000000000000002 00007ff878d09c00
0x000000b7532fe530:   00007ff878acdf00 0000000000000000
0x000000b7532fe540:   00007ff878b41c20 000000000000000d
0x000000b7532fe550:   0000000000000002 00007ff878d09c00
0x000000b7532fe560:   0000021600000002 00007ff878d09c70
0x000000b7532fe570:   ffffffffffffffff 0000000000000000
0x000000b7532fe580:   0000000000000000 00007ff878acdf18
0x000000b7532fe590:   00007ff878b41c20 00007ff878cbc7f0
0x000000b7532fe5a0:   0000000000000000 000000b7532fe588
0x000000b7532fe5b0:   0000000000000000 000000b7532feec0
0x000000b7532fe5c0:   00007ff878acdf00 00007ff87880c900
0x000000b7532fe5d0:   00007ff878ae5588 000000000000000d
0x000000b7532fe5e0:   0000000000000002 00007ff878d09c00
0x000000b7532fe5f0:   0000000000000002 00007ff878d09c70 

Instructions: (pc=0x00007ff8784ff78b)
0x00007ff8784ff68b:   20 48 89 44 24 28 e8 fa ef ee ff 48 83 c4 38 c3
0x00007ff8784ff69b:   cc cc cc cc cc 48 89 5c 24 08 48 89 6c 24 10 48
0x00007ff8784ff6ab:   89 74 24 18 48 89 7c 24 20 41 54 41 56 41 57 48
0x00007ff8784ff6bb:   83 ec 20 48 8b 3d fb 92 82 00 48 85 ff 74 08 48
0x00007ff8784ff6cb:   8b cf e8 be e1 2d 00 4c 8d 3d 57 47 81 00 4c 8d
0x00007ff8784ff6db:   25 a8 4a 81 00 49 8b 37 4d 8b f7 48 85 f6 74 5d
0x00007ff8784ff6eb:   0f 1f 44 00 00 48 8b 4e 08 48 8b 5e 10 48 8b 89
0x00007ff8784ff6fb:   98 00 00 00 e8 6c 67 e8 ff 84 c0 75 34 e8 63 78
0x00007ff8784ff70b:   49 00 48 8b e8 48 85 db 74 16 33 d2 48 8b cb ff
0x00007ff8784ff71b:   15 48 78 7a 00 48 8b d3 48 8b cd e8 65 e7 2f 00
0x00007ff8784ff72b:   48 8b 46 18 48 8b ce 49 89 06 e8 66 74 d3 ff eb
0x00007ff8784ff73b:   04 4c 8d 76 18 49 8b 36 48 85 f6 75 a8 49 83 c7
0x00007ff8784ff74b:   08 4d 3b fc 72 8f 48 85 ff 74 08 48 8b cf e8 12
0x00007ff8784ff75b:   e4 2d 00 48 8b 5c 24 40 48 8b 6c 24 48 48 8b 74
0x00007ff8784ff76b:   24 50 48 8b 7c 24 58 48 83 c4 20 41 5f 41 5e 41
0x00007ff8784ff77b:   5c c3 cc cc cc 40 53 55 56 57 41 56 48 83 ec 20
0x00007ff8784ff78b:   8b 81 a4 00 00 00 33 ff c1 e8 09 48 8b e9 a8 01
0x00007ff8784ff79b:   0f 84 0d 01 00 00 e8 ba ed ff ff 48 8b 18 48 85
0x00007ff8784ff7ab:   db 0f 84 fc 00 00 00 48 8b 8b 98 00 00 00 e8 b2
0x00007ff8784ff7bb:   66 e8 ff 84 c0 0f 85 e8 00 00 00 48 8b cd e8 92
0x00007ff8784ff7cb:   ed ff ff 48 8b c8 48 8b c3 f0 48 0f b1 39 74 15
0x00007ff8784ff7db:   48 8b cd e8 7d ed ff ff 48 8b 18 48 85 db 75 c7
0x00007ff8784ff7eb:   e9 be 00 00 00 48 8b 15 89 4b 81 00 48 85 d2 0f
0x00007ff8784ff7fb:   84 ae 00 00 00 65 48 8b 04 25 58 00 00 00 8b 0d
0x00007ff8784ff80b:   e9 36 85 00 4c 89 64 24 50 4c 89 6c 24 58 4c 89
0x00007ff8784ff81b:   7c 24 60 48 8b 34 c8 b8 50 00 00 00 40 38 3c 30
0x00007ff8784ff82b:   75 0c e8 96 09 52 00 48 8b 15 47 4b 81 00 b8 20
0x00007ff8784ff83b:   00 00 00 48 8b 04 30 48 8b b0 38 02 00 00 4c 8b
0x00007ff8784ff84b:   76 10 4c 8b 7e 18 4c 8b 66 20 4c 8b 6e 28 48 85
0x00007ff8784ff85b:   d2 74 17 48 8b cb e8 fa 12 1d 00 48 8b d0 48 8d
0x00007ff8784ff86b:   0d 90 3c 5f 00 e8 bb d1 ff ff 49 39 3e 74 13 49
0x00007ff8784ff87b:   8b d5 48 8b ce e8 fb d4 d3 ff 49 8b ce e8 d3 d4 


Stack slot to memory mapping:
stack at sp + 0 slots: 0x00000000000003d8 is an unknown value
stack at sp + 1 slots: 0x00000216bf781b80 is pointing into metadata
stack at sp + 2 slots: 0x00000001001f7bb8 is a pointer to class: 
java.io.ObjectInputStream$HandleTable {0x00000001001f7bc0}
 - instance size:     4
 - klass size:        74
 - access:            synchronized 
 - state:             fully_initialized
 - name:              'java/io/ObjectInputStream$HandleTable'
 - super:             'java/lang/Object'
 - sub:               
 - arrays:            NULL
 - methods:           Array<T>(0x00000216bf731380)
 - method ordering:   Array<T>(0x00000216be000018)
 - default_methods:   Array<T>(0x0000000000000000)
 - local interfaces:  Array<T>(0x00000216be000058)
 - trans. interfaces: Array<T>(0x00000216be000058)
 - constants:         constant pool [97] {0x00000216bf730f88} for 'java/io/ObjectInputStream$HandleTable' cache=0x00000216bf731cd0
 - class loader data:  loader data: 0x00000216a7279640 of 'bootstrap'
 - class annotations:       Array<T>(0x0000000000000000)
 - class type annotations:  Array<T>(0x0000000000000000)
 - field annotations:       Array<T>(0x0000000000000000)
 - field type annotations:  Array<T>(0x0000000000000000)
 - inner classes:     Array<T>(0x00000216bf731cb0)
 - nest members:     Array<T>(0x00000216be000028)
 - permitted subclasses:     Array<T>(0x00000216be000028)
 - java mirror:       a 'java/lang/Class'{0x00000000c0b54018} = 'java/io/ObjectInputStream$HandleTable'
 - vtable length      14  (start addr: 0x00000001001f7d80)
 - itable length      2 (start addr: 0x00000001001f7df0)
 - ---- static fields (1 words):
 - private static final 'STATUS_OK' 'B' @112 
 - private static final 'STATUS_UNKNOWN' 'B' @113 
 - private static final 'STATUS_EXCEPTION' 'B' @114 
 - ---- non-static fields (5 words):
 - 'lowDep' 'I' @12 
 - 'size' 'I' @16 
 - 'status' '[B' @20 
 - 'entries' '[Ljava/lang/Object;' @24 
 - 'deps' '[Ljava/io/ObjectInputStream$HandleTable$HandleList;' @28 
 - non-static oop maps: 20-28 
stack at sp + 3 slots: 0x00007ff8786d06cc jvm.dll
stack at sp + 4 slots: 0x0 is NULL
stack at sp + 5 slots: 0x00000001002a8800 is a pointer to class: 
java.lang.invoke.LambdaForm$MH/0x00000001002a8800 {0x00000001002a8808}
 - instance size:     2
 - klass size:        64
 - access:            final synchronized 
 - state:             fully_initialized
 - name:              'java/lang/invoke/LambdaForm$MH+0x00000001002a8800'
 - super:             'java/lang/Object'
 - sub:               
 - arrays:            NULL
 - methods:           Array<T>(0x00000216bf5c12c0)
 - method ordering:   Array<T>(0x00000216be000018)
 - default_methods:   Array<T>(0x0000000000000000)
 - local interfaces:  Array<T>(0x00000216be000058)
 - trans. interfaces: Array<T>(0x00000216be000058)
 - constants:         constant pool [59] {0x00000216bf5c1050} for 'java/lang/invoke/LambdaForm$MH+0x00000001002a8800' cache=0x00000216bf5c1460
 - class loader data:  loader data: 0x00000216c354bba0 of 'bootstrap' has a class holder
 - source file:       'LambdaForm$MH'
 - class annotations:       Array<T>(0x0000000000000000)
 - class type annotations:  Array<T>(0x0000000000000000)
 - field annotations:       Array<T>(0x0000000000000000)
 - field type annotations:  Array<T>(0x0000000000000000)
 - inner classes:     Array<T>(0x00000216be000028)
 - nest members:     Array<T>(0x00000216be000028)
 - permitted subclasses:     Array<T>(0x00000216be000028)
 - java mirror:       a 'java/lang/Class'{0x00000000c0b08d88} = 'java/lang/invoke/LambdaForm$MH+0x00000001002a8800'
 - vtable length      5  (start addr: 0x00000001002a89c8)
 - itable length      2 (start addr: 0x00000001002a89f0)
 - ---- static fields (1 words):
 - static final '_D_0' 'Ljava/lang/invoke/LambdaForm;' @112 
 - ---- non-static fields (0 words):
 - non-static oop maps: 
stack at sp + 6 slots: 0x0000000000000001 is an unknown value
stack at sp + 7 slots: 0x000000b7532fe4c8 points into unknown readable memory: 0x0000000000000000 | 00 00 00 00 00 00 00 00

VM_Operation (0x000000b7547fc9e0): CollectForMetadataAllocation, mode: safepoint, requested by thread 0x00000216c3b15780


---------------  P R O C E S S  ---------------

Threads class SMR info:
_java_thread_list=0x00000216c4191130, length=25, elements={
0x00000216a725be80, 0x00000216a73143a0, 0x00000216bd0308d0, 0x00000216bd044890,
0x00000216bd045260, 0x00000216bd0464d0, 0x00000216bd049750, 0x00000216c28ca800,
0x00000216c28d21f0, 0x00000216c28d52f0, 0x00000216c29e00c0, 0x00000216c2be2830,
0x00000216c2ce0020, 0x00000216c2f61950, 0x00000216c3694860, 0x00000216c3b15780,
0x00000216c368fda0, 0x00000216c3a654e0, 0x00000216c3f36f70, 0x00000216c3b69230,
0x00000216c3b6a670, 0x00000216c3b69740, 0x00000216c3b6ab80, 0x00000216c3b6b090,
0x00000216c3b6a160
}

Java Threads: ( => current thread )
  0x00000216a725be80 JavaThread "main" [_thread_blocked, id=11040, stack(0x000000b753000000,0x000000b753100000)]
  0x00000216a73143a0 JavaThread "Reference Handler" daemon [_thread_blocked, id=12324, stack(0x000000b753300000,0x000000b753400000)]
  0x00000216bd0308d0 JavaThread "Finalizer" daemon [_thread_blocked, id=9020, stack(0x000000b753400000,0x000000b753500000)]
  0x00000216bd044890 JavaThread "Signal Dispatcher" daemon [_thread_blocked, id=11700, stack(0x000000b753500000,0x000000b753600000)]
  0x00000216bd045260 JavaThread "Attach Listener" daemon [_thread_blocked, id=7380, stack(0x000000b753600000,0x000000b753700000)]
  0x00000216bd0464d0 JavaThread "Service Thread" daemon [_thread_blocked, id=9784, stack(0x000000b753700000,0x000000b753800000)]
  0x00000216bd049750 JavaThread "Monitor Deflation Thread" daemon [_thread_blocked, id=11128, stack(0x000000b753800000,0x000000b753900000)]
  0x00000216c28ca800 JavaThread "C2 CompilerThread0" daemon [_thread_in_native, id=12588, stack(0x000000b753900000,0x000000b753a00000)]
  0x00000216c28d21f0 JavaThread "C1 CompilerThread0" daemon [_thread_blocked, id=11176, stack(0x000000b753a00000,0x000000b753b00000)]
  0x00000216c28d52f0 JavaThread "Sweeper thread" daemon [_thread_blocked, id=11316, stack(0x000000b753b00000,0x000000b753c00000)]
  0x00000216c29e00c0 JavaThread "Common-Cleaner" daemon [_thread_blocked, id=10832, stack(0x000000b753c00000,0x000000b753d00000)]
  0x00000216c2be2830 JavaThread "C2 CompilerThread1" daemon [_thread_in_native, id=10072, stack(0x000000b753d00000,0x000000b753e00000)]
  0x00000216c2ce0020 JavaThread "Notification Thread" daemon [_thread_blocked, id=11504, stack(0x000000b753e00000,0x000000b753f00000)]
  0x00000216c2f61950 JavaThread "Active Thread: Equinox Container: 539489c7-9de0-436f-a6da-c61b543f7685" [_thread_blocked, id=4964, stack(0x000000b754500000,0x000000b754600000)]
  0x00000216c3694860 JavaThread "Framework Event Dispatcher: Equinox Container: 539489c7-9de0-436f-a6da-c61b543f7685" daemon [_thread_blocked, id=9348, stack(0x000000b754600000,0x000000b754700000)]
  0x00000216c3b15780 JavaThread "Start Level: Equinox Container: 539489c7-9de0-436f-a6da-c61b543f7685" daemon [_thread_blocked, id=8308, stack(0x000000b754700000,0x000000b754800000)]
  0x00000216c368fda0 JavaThread "Bundle File Closer" daemon [_thread_blocked, id=13268, stack(0x000000b754800000,0x000000b754900000)]
  0x00000216c3a654e0 JavaThread "SCR Component Actor" daemon [_thread_blocked, id=7716, stack(0x000000b754900000,0x000000b754a00000)]
  0x00000216c3f36f70 JavaThread "SCR Component Registry" daemon [_thread_blocked, id=9704, stack(0x000000b754a00000,0x000000b754b00000)]
  0x00000216c3b69230 JavaThread "Worker-JM" [_thread_blocked, id=13152, stack(0x000000b754b00000,0x000000b754c00000)]
  0x00000216c3b6a670 JavaThread "Worker-0: Processing Java changes since last activation" [_thread_blocked, id=10052, stack(0x000000b754c00000,0x000000b754d00000)]
  0x00000216c3b69740 JavaThread "Worker-1: Refreshing workspace" [_thread_blocked, id=9956, stack(0x000000b754d00000,0x000000b754e00000)]
  0x00000216c3b6ab80 JavaThread "Worker-2: Synchronizing projects" [_thread_blocked, id=12616, stack(0x000000b754e00000,0x000000b754f00000)]
  0x00000216c3b6b090 JavaThread "Java indexing" daemon [_thread_blocked, id=9448, stack(0x000000b754f00000,0x000000b755000000)]
  0x00000216c3b6a160 JavaThread "Worker-3" [_thread_blocked, id=2388, stack(0x000000b755000000,0x000000b755100000)]

Other Threads:
=>0x00000216a731e770 VMThread "VM Thread" [stack: 0x000000b753200000,0x000000b753300000] [id=8236]
  0x00000216c2c3ae30 WatcherThread [stack: 0x000000b753f00000,0x000000b754000000] [id=10524]
  0x00000216a7272260 GCTaskThread "GC Thread#0" [stack: 0x000000b753100000,0x000000b753200000] [id=10124]
  0x00000216c2b84ad0 GCTaskThread "GC Thread#1" [stack: 0x000000b754000000,0x000000b754100000] [id=11400]
  0x00000216c34aec20 GCTaskThread "GC Thread#2" [stack: 0x000000b754100000,0x000000b754200000] [id=5864]
  0x00000216c31159c0 GCTaskThread "GC Thread#3" [stack: 0x000000b754200000,0x000000b754300000] [id=11640]
  0x00000216c3115c80 GCTaskThread "GC Thread#4" [stack: 0x000000b754300000,0x000000b754400000] [id=12364]
  0x00000216c2f1f440 GCTaskThread "GC Thread#5" [stack: 0x000000b754400000,0x000000b754500000] [id=8208]

Threads with active compile tasks:
C2 CompilerThread0     1935 3898 %     4       java.io.WinNTFileSystem::normalize @ 22 (143 bytes)
C2 CompilerThread1     1935 3792       4       org.lombokweb.asm.ClassReader::readMethod (1066 bytes)

VM state: at safepoint (normal execution)

VM Mutex/Monitor currently owned by a thread:  ([mutex/lock_event])
[0x00000216a7258f60] Threads_lock - owner thread: 0x00000216a731e770
[0x00000216a7258420] Heap_lock - owner thread: 0x00000216c3b15780

Heap address: 0x00000000c0000000, size: 1024 MB, Compressed Oops mode: 32-bit

CDS archive(s) not mapped
Compressed class space mapped at: 0x0000000100000000-0x0000000140000000, reserved size: 1073741824
Narrow klass base: 0x0000000000000000, Narrow klass shift: 3, Narrow klass range: 0x140000000

GC Precious Log:
 CPUs: 6 total, 6 available
 Memory: 12158M
 Large Page Support: Disabled
 NUMA Support: Disabled
 Compressed Oops: Enabled (32-bit)
 Alignments: Space 512K, Generation 512K, Heap 2M
 Heap Min Capacity: 100M
 Heap Initial Capacity: 100M
 Heap Max Capacity: 1G
 Pre-touch: Disabled
 Parallel Workers: 6

Heap:
 PSYoungGen      total 26112K, used 2530K [0x00000000eab00000, 0x00000000ecb00000, 0x0000000100000000)
  eden space 23552K, 0% used [0x00000000eab00000,0x00000000eab00000,0x00000000ec200000)
  from space 2560K, 98% used [0x00000000ec680000,0x00000000ec8f88e8,0x00000000ec900000)
  to   space 4608K, 0% used [0x00000000ec200000,0x00000000ec200000,0x00000000ec680000)
 ParOldGen       total 68608K, used 14982K [0x00000000c0000000, 0x00000000c4300000, 0x00000000eab00000)
  object space 68608K, 21% used [0x00000000c0000000,0x00000000c0ea1a60,0x00000000c4300000)
 Metaspace       used 35162K, committed 35840K, reserved 1114112K
  class space    used 3468K, committed 3776K, reserved 1048576K

Card table byte_map: [0x00000216ba8c0000,0x00000216baad0000] _byte_map_base: 0x00000216ba2c0000

Marking Bits: (ParMarkBitMap*) 0x00007ff878d2d7d0
 Begin Bits: [0x00000216bac30000, 0x00000216bbc30000)
 End Bits:   [0x00000216bbc30000, 0x00000216bcc30000)

Polling page: 0x00000216ab6b0000

Metaspace:

Usage:
  Non-class:     30.95 MB used.
      Class:      3.39 MB used.
       Both:     34.34 MB used.

Virtual space:
  Non-class space:       64.00 MB reserved,      31.31 MB ( 49%) committed,  1 nodes.
      Class space:        1.00 GB reserved,       3.69 MB ( <1%) committed,  1 nodes.
             Both:        1.06 GB reserved,      35.00 MB (  3%) committed. 

Chunk freelists:
   Non-Class:  16.00 MB
       Class:  12.31 MB
        Both:  28.31 MB

MaxMetaspaceSize: unlimited
CompressedClassSpaceSize: 1.00 GB
Initial GC threshold: 21.00 MB
Current GC threshold: 35.00 MB
CDS: off
MetaspaceReclaimPolicy: balanced
 - commit_granule_bytes: 65536.
 - commit_granule_words: 8192.
 - virtual_space_node_default_size: 8388608.
 - enlarge_chunks_in_place: 1.
 - new_chunks_are_fully_committed: 0.
 - uncommit_free_chunks: 1.
 - use_allocation_guard: 0.
 - handle_deallocations: 1.


Internal statistics:

num_allocs_failed_limit: 6.
num_arena_births: 596.
num_arena_deaths: 0.
num_vsnodes_births: 2.
num_vsnodes_deaths: 0.
num_space_committed: 560.
num_space_uncommitted: 0.
num_chunks_returned_to_freelist: 6.
num_chunks_taken_from_freelist: 1696.
num_chunk_merges: 6.
num_chunk_splits: 1112.
num_chunks_enlarged: 702.
num_inconsistent_stats: 0.

CodeHeap 'non-profiled nmethods': size=120000Kb used=1671Kb max_used=1671Kb free=118328Kb
 bounds [0x00000216b31a0000, 0x00000216b3410000, 0x00000216ba6d0000]
CodeHeap 'profiled nmethods': size=120000Kb used=8429Kb max_used=8429Kb free=111570Kb
 bounds [0x00000216ab6d0000, 0x00000216abf10000, 0x00000216b2c00000]
CodeHeap 'non-nmethods': size=5760Kb used=1262Kb max_used=1277Kb free=4497Kb
 bounds [0x00000216b2c00000, 0x00000216b2e70000, 0x00000216b31a0000]
 total_blobs=4556 nmethods=3973 adapters=496
 compilation: enabled
              stopped_count=0, restarted_count=0
 full_count=0

Compilation events (20 events):
Event: 1.858 Thread 0x00000216c28d21f0 3976  s    3       java.util.Hashtable::putAll (52 bytes)
Event: 1.858 Thread 0x00000216c28d21f0 nmethod 3976 0x00000216abf02f90 code [0x00000216abf031c0, 0x00000216abf03a68]
Event: 1.858 Thread 0x00000216c28d21f0 3977       3       org.eclipse.jdt.internal.core.JavaModelManager::getOptionLevel (30 bytes)
Event: 1.858 Thread 0x00000216c28d21f0 nmethod 3977 0x00000216abf03c90 code [0x00000216abf03e60, 0x00000216abf042b8]
Event: 1.859 Thread 0x00000216c28d21f0 3978       3       org.eclipse.jdt.internal.core.JavaModelManager::storePreference (168 bytes)
Event: 1.859 Thread 0x00000216c28d21f0 nmethod 3978 0x00000216abf04410 code [0x00000216abf046a0, 0x00000216abf05568]
Event: 1.859 Thread 0x00000216c28d21f0 3979   !   3       org.eclipse.core.internal.preferences.EclipsePreferences::remove (59 bytes)
Event: 1.860 Thread 0x00000216c28d21f0 nmethod 3979 0x00000216abf05990 code [0x00000216abf05c40, 0x00000216abf06be8]
Event: 1.860 Thread 0x00000216c28d21f0 3980       3       jdk.internal.org.objectweb.asm.FieldVisitor::<init> (88 bytes)
Event: 1.860 Thread 0x00000216c28d21f0 nmethod 3980 0x00000216abf07290 code [0x00000216abf074e0, 0x00000216abf07d68]
Event: 1.860 Thread 0x00000216c28d21f0 3981       3       java.lang.Module::allows (60 bytes)
Event: 1.861 Thread 0x00000216c28d21f0 nmethod 3981 0x00000216abf08090 code [0x00000216abf08280, 0x00000216abf088a8]
Event: 1.861 Thread 0x00000216c28d21f0 3982       3       jdk.internal.reflect.ReflectionFactory::newConstructorAccessor (155 bytes)
Event: 1.861 Thread 0x00000216c28d21f0 nmethod 3982 0x00000216abf08a10 code [0x00000216abf08d60, 0x00000216abf0a2b8]
Event: 1.861 Thread 0x00000216c28d21f0 3983       3       java.lang.reflect.Constructor::getRoot (5 bytes)
Event: 1.862 Thread 0x00000216c28d21f0 nmethod 3983 0x00000216abf0aa90 code [0x00000216abf0ac20, 0x00000216abf0ad38]
Event: 1.863 Thread 0x00000216c28d21f0 3984       3       java.util.StringTokenizer::countTokens (46 bytes)
Event: 1.863 Thread 0x00000216c28d21f0 nmethod 3984 0x00000216abf0ae10 code [0x00000216abf0afc0, 0x00000216abf0b258]
Event: 1.863 Thread 0x00000216c28d21f0 3985       3       jdk.internal.org.objectweb.asm.Type::<init> (26 bytes)
Event: 1.863 Thread 0x00000216c28d21f0 nmethod 3985 0x00000216abf0b390 code [0x00000216abf0b520, 0x00000216abf0b6b8]

GC Heap History (20 events):
Event: 0.672 GC heap after
{Heap after GC invocations=2 (full 0):
 PSYoungGen      total 29696K, used 4084K [0x00000000eab00000, 0x00000000ecc00000, 0x0000000100000000)
  eden space 25600K, 0% used [0x00000000eab00000,0x00000000eab00000,0x00000000ec400000)
  from space 4096K, 99% used [0x00000000ec800000,0x00000000ecbfd130,0x00000000ecc00000)
  to   space 4096K, 0% used [0x00000000ec400000,0x00000000ec400000,0x00000000ec800000)
 ParOldGen       total 68608K, used 1423K [0x00000000c0000000, 0x00000000c4300000, 0x00000000eab00000)
  object space 68608K, 2% used [0x00000000c0000000,0x00000000c0163d20,0x00000000c4300000)
 Metaspace       used 14601K, committed 14848K, reserved 1114112K
  class space    used 1462K, committed 1600K, reserved 1048576K
}
Event: 0.868 GC heap before
{Heap before GC invocations=3 (full 0):
 PSYoungGen      total 29696K, used 29684K [0x00000000eab00000, 0x00000000ecc00000, 0x0000000100000000)
  eden space 25600K, 100% used [0x00000000eab00000,0x00000000ec400000,0x00000000ec400000)
  from space 4096K, 99% used [0x00000000ec800000,0x00000000ecbfd130,0x00000000ecc00000)
  to   space 4096K, 0% used [0x00000000ec400000,0x00000000ec400000,0x00000000ec800000)
 ParOldGen       total 68608K, used 1423K [0x00000000c0000000, 0x00000000c4300000, 0x00000000eab00000)
  object space 68608K, 2% used [0x00000000c0000000,0x00000000c0163d20,0x00000000c4300000)
 Metaspace       used 16314K, committed 16576K, reserved 1114112K
  class space    used 1643K, committed 1728K, reserved 1048576K
}
Event: 0.872 GC heap after
{Heap after GC invocations=3 (full 0):
 PSYoungGen      total 29696K, used 4068K [0x00000000eab00000, 0x00000000ecc00000, 0x0000000100000000)
  eden space 25600K, 0% used [0x00000000eab00000,0x00000000eab00000,0x00000000ec400000)
  from space 4096K, 99% used [0x00000000ec400000,0x00000000ec7f9338,0x00000000ec800000)
  to   space 4096K, 0% used [0x00000000ec800000,0x00000000ec800000,0x00000000ecc00000)
 ParOldGen       total 68608K, used 5232K [0x00000000c0000000, 0x00000000c4300000, 0x00000000eab00000)
  object space 68608K, 7% used [0x00000000c0000000,0x00000000c051c368,0x00000000c4300000)
 Metaspace       used 16314K, committed 16576K, reserved 1114112K
  class space    used 1643K, committed 1728K, reserved 1048576K
}
Event: 1.098 GC heap before
{Heap before GC invocations=4 (full 0):
 PSYoungGen      total 29696K, used 29654K [0x00000000eab00000, 0x00000000ecc00000, 0x0000000100000000)
  eden space 25600K, 99% used [0x00000000eab00000,0x00000000ec3fc4f8,0x00000000ec400000)
  from space 4096K, 99% used [0x00000000ec400000,0x00000000ec7f9338,0x00000000ec800000)
  to   space 4096K, 0% used [0x00000000ec800000,0x00000000ec800000,0x00000000ecc00000)
 ParOldGen       total 68608K, used 5232K [0x00000000c0000000, 0x00000000c4300000, 0x00000000eab00000)
  object space 68608K, 7% used [0x00000000c0000000,0x00000000c051c368,0x00000000c4300000)
 Metaspace       used 19974K, committed 20416K, reserved 1114112K
  class space    used 2020K, committed 2240K, reserved 1048576K
}
Event: 1.101 GC heap after
{Heap after GC invocations=4 (full 0):
 PSYoungGen      total 29696K, used 4095K [0x00000000eab00000, 0x00000000ecc00000, 0x0000000100000000)
  eden space 25600K, 0% used [0x00000000eab00000,0x00000000eab00000,0x00000000ec400000)
  from space 4096K, 99% used [0x00000000ec800000,0x00000000ecbffe60,0x00000000ecc00000)
  to   space 4096K, 0% used [0x00000000ec400000,0x00000000ec400000,0x00000000ec800000)
 ParOldGen       total 68608K, used 6519K [0x00000000c0000000, 0x00000000c4300000, 0x00000000eab00000)
  object space 68608K, 9% used [0x00000000c0000000,0x00000000c065de80,0x00000000c4300000)
 Metaspace       used 19974K, committed 20416K, reserved 1114112K
  class space    used 2020K, committed 2240K, reserved 1048576K
}
Event: 1.155 GC heap before
{Heap before GC invocations=5 (full 0):
 PSYoungGen      total 29696K, used 10611K [0x00000000eab00000, 0x00000000ecc00000, 0x0000000100000000)
  eden space 25600K, 25% used [0x00000000eab00000,0x00000000eb15cde0,0x00000000ec400000)
  from space 4096K, 99% used [0x00000000ec800000,0x00000000ecbffe60,0x00000000ecc00000)
  to   space 4096K, 0% used [0x00000000ec400000,0x00000000ec400000,0x00000000ec800000)
 ParOldGen       total 68608K, used 6519K [0x00000000c0000000, 0x00000000c4300000, 0x00000000eab00000)
  object space 68608K, 9% used [0x00000000c0000000,0x00000000c065de80,0x00000000c4300000)
 Metaspace       used 21146K, committed 21504K, reserved 1114112K
  class space    used 2140K, committed 2304K, reserved 1048576K
}
Event: 1.157 GC heap after
{Heap after GC invocations=5 (full 0):
 PSYoungGen      total 29696K, used 4075K [0x00000000eab00000, 0x00000000ece00000, 0x0000000100000000)
  eden space 25600K, 0% used [0x00000000eab00000,0x00000000eab00000,0x00000000ec400000)
  from space 4096K, 99% used [0x00000000ec400000,0x00000000ec7fac90,0x00000000ec800000)
  to   space 5120K, 0% used [0x00000000ec900000,0x00000000ec900000,0x00000000ece00000)
 ParOldGen       total 68608K, used 6854K [0x00000000c0000000, 0x00000000c4300000, 0x00000000eab00000)
  object space 68608K, 9% used [0x00000000c0000000,0x00000000c06b19e8,0x00000000c4300000)
 Metaspace       used 21146K, committed 21504K, reserved 1114112K
  class space    used 2140K, committed 2304K, reserved 1048576K
}
Event: 1.157 GC heap before
{Heap before GC invocations=6 (full 1):
 PSYoungGen      total 29696K, used 4075K [0x00000000eab00000, 0x00000000ece00000, 0x0000000100000000)
  eden space 25600K, 0% used [0x00000000eab00000,0x00000000eab00000,0x00000000ec400000)
  from space 4096K, 99% used [0x00000000ec400000,0x00000000ec7fac90,0x00000000ec800000)
  to   space 5120K, 0% used [0x00000000ec900000,0x00000000ec900000,0x00000000ece00000)
 ParOldGen       total 68608K, used 6854K [0x00000000c0000000, 0x00000000c4300000, 0x00000000eab00000)
  object space 68608K, 9% used [0x00000000c0000000,0x00000000c06b19e8,0x00000000c4300000)
 Metaspace       used 21146K, committed 21504K, reserved 1114112K
  class space    used 2140K, committed 2304K, reserved 1048576K
}
Event: 1.171 GC heap after
{Heap after GC invocations=6 (full 1):
 PSYoungGen      total 29696K, used 0K [0x00000000eab00000, 0x00000000ece00000, 0x0000000100000000)
  eden space 25600K, 0% used [0x00000000eab00000,0x00000000eab00000,0x00000000ec400000)
  from space 4096K, 0% used [0x00000000ec400000,0x00000000ec400000,0x00000000ec800000)
  to   space 5120K, 0% used [0x00000000ec900000,0x00000000ec900000,0x00000000ece00000)
 ParOldGen       total 68608K, used 10634K [0x00000000c0000000, 0x00000000c4300000, 0x00000000eab00000)
  object space 68608K, 15% used [0x00000000c0000000,0x00000000c0a62848,0x00000000c4300000)
 Metaspace       used 21146K, committed 21504K, reserved 1114112K
  class space    used 2140K, committed 2304K, reserved 1048576K
}
Event: 1.392 GC heap before
{Heap before GC invocations=7 (full 1):
 PSYoungGen      total 29696K, used 25600K [0x00000000eab00000, 0x00000000ece00000, 0x0000000100000000)
  eden space 25600K, 100% used [0x00000000eab00000,0x00000000ec400000,0x00000000ec400000)
  from space 4096K, 0% used [0x00000000ec400000,0x00000000ec400000,0x00000000ec800000)
  to   space 5120K, 0% used [0x00000000ec900000,0x00000000ec900000,0x00000000ece00000)
 ParOldGen       total 68608K, used 10634K [0x00000000c0000000, 0x00000000c4300000, 0x00000000eab00000)
  object space 68608K, 15% used [0x00000000c0000000,0x00000000c0a62848,0x00000000c4300000)
 Metaspace       used 24407K, committed 25024K, reserved 1114112K
  class space    used 2482K, committed 2752K, reserved 1048576K
}
Event: 1.394 GC heap after
{Heap after GC invocations=7 (full 1):
 PSYoungGen      total 26624K, used 1168K [0x00000000eab00000, 0x00000000eca80000, 0x0000000100000000)
  eden space 25088K, 0% used [0x00000000eab00000,0x00000000eab00000,0x00000000ec380000)
  from space 1536K, 76% used [0x00000000ec900000,0x00000000eca240a8,0x00000000eca80000)
  to   space 2560K, 0% used [0x00000000ec580000,0x00000000ec580000,0x00000000ec800000)
 ParOldGen       total 68608K, used 10642K [0x00000000c0000000, 0x00000000c4300000, 0x00000000eab00000)
  object space 68608K, 15% used [0x00000000c0000000,0x00000000c0a64848,0x00000000c4300000)
 Metaspace       used 24407K, committed 25024K, reserved 1114112K
  class space    used 2482K, committed 2752K, reserved 1048576K
}
Event: 1.565 GC heap before
{Heap before GC invocations=8 (full 1):
 PSYoungGen      total 26624K, used 26256K [0x00000000eab00000, 0x00000000eca80000, 0x0000000100000000)
  eden space 25088K, 100% used [0x00000000eab00000,0x00000000ec380000,0x00000000ec380000)
  from space 1536K, 76% used [0x00000000ec900000,0x00000000eca240a8,0x00000000eca80000)
  to   space 2560K, 0% used [0x00000000ec580000,0x00000000ec580000,0x00000000ec800000)
 ParOldGen       total 68608K, used 10642K [0x00000000c0000000, 0x00000000c4300000, 0x00000000eab00000)
  object space 68608K, 15% used [0x00000000c0000000,0x00000000c0a64848,0x00000000c4300000)
 Metaspace       used 27276K, committed 27968K, reserved 1114112K
  class space    used 2822K, committed 3136K, reserved 1048576K
}
Event: 1.566 GC heap after
{Heap after GC invocations=8 (full 1):
 PSYoungGen      total 27136K, used 2559K [0x00000000eab00000, 0x00000000eca00000, 0x0000000100000000)
  eden space 24576K, 0% used [0x00000000eab00000,0x00000000eab00000,0x00000000ec300000)
  from space 2560K, 99% used [0x00000000ec580000,0x00000000ec7ffc80,0x00000000ec800000)
  to   space 2048K, 0% used [0x00000000ec800000,0x00000000ec800000,0x00000000eca00000)
 ParOldGen       total 68608K, used 10970K [0x00000000c0000000, 0x00000000c4300000, 0x00000000eab00000)
  object space 68608K, 15% used [0x00000000c0000000,0x00000000c0ab6848,0x00000000c4300000)
 Metaspace       used 27276K, committed 27968K, reserved 1114112K
  class space    used 2822K, committed 3136K, reserved 1048576K
}
Event: 1.645 GC heap before
{Heap before GC invocations=9 (full 1):
 PSYoungGen      total 27136K, used 27095K [0x00000000eab00000, 0x00000000eca00000, 0x0000000100000000)
  eden space 24576K, 99% used [0x00000000eab00000,0x00000000ec2f6350,0x00000000ec300000)
  from space 2560K, 99% used [0x00000000ec580000,0x00000000ec7ffc80,0x00000000ec800000)
  to   space 2048K, 0% used [0x00000000ec800000,0x00000000ec800000,0x00000000eca00000)
 ParOldGen       total 68608K, used 10970K [0x00000000c0000000, 0x00000000c4300000, 0x00000000eab00000)
  object space 68608K, 15% used [0x00000000c0000000,0x00000000c0ab6848,0x00000000c4300000)
 Metaspace       used 29565K, committed 30272K, reserved 1114112K
  class space    used 2996K, committed 3328K, reserved 1048576K
}
Event: 1.647 GC heap after
{Heap after GC invocations=9 (full 1):
 PSYoungGen      total 26112K, used 2038K [0x00000000eab00000, 0x00000000eca00000, 0x0000000100000000)
  eden space 24064K, 0% used [0x00000000eab00000,0x00000000eab00000,0x00000000ec280000)
  from space 2048K, 99% used [0x00000000ec800000,0x00000000ec9fdba0,0x00000000eca00000)
  to   space 3584K, 0% used [0x00000000ec300000,0x00000000ec300000,0x00000000ec680000)
 ParOldGen       total 68608K, used 12112K [0x00000000c0000000, 0x00000000c4300000, 0x00000000eab00000)
  object space 68608K, 17% used [0x00000000c0000000,0x00000000c0bd42f0,0x00000000c4300000)
 Metaspace       used 29565K, committed 30272K, reserved 1114112K
  class space    used 2996K, committed 3328K, reserved 1048576K
}
Event: 1.749 GC heap before
{Heap before GC invocations=10 (full 1):
 PSYoungGen      total 26112K, used 26102K [0x00000000eab00000, 0x00000000eca00000, 0x0000000100000000)
  eden space 24064K, 100% used [0x00000000eab00000,0x00000000ec280000,0x00000000ec280000)
  from space 2048K, 99% used [0x00000000ec800000,0x00000000ec9fdba0,0x00000000eca00000)
  to   space 3584K, 0% used [0x00000000ec300000,0x00000000ec300000,0x00000000ec680000)
 ParOldGen       total 68608K, used 12112K [0x00000000c0000000, 0x00000000c4300000, 0x00000000eab00000)
  object space 68608K, 17% used [0x00000000c0000000,0x00000000c0bd42f0,0x00000000c4300000)
 Metaspace       used 32900K, committed 33600K, reserved 1114112K
  class space    used 3250K, committed 3584K, reserved 1048576K
}
Event: 1.751 GC heap after
{Heap after GC invocations=10 (full 1):
 PSYoungGen      total 27136K, used 3123K [0x00000000eab00000, 0x00000000ec900000, 0x0000000100000000)
  eden space 23552K, 0% used [0x00000000eab00000,0x00000000eab00000,0x00000000ec200000)
  from space 3584K, 87% used [0x00000000ec300000,0x00000000ec60cf80,0x00000000ec680000)
  to   space 2560K, 0% used [0x00000000ec680000,0x00000000ec680000,0x00000000ec900000)
 ParOldGen       total 68608K, used 13173K [0x00000000c0000000, 0x00000000c4300000, 0x00000000eab00000)
  object space 68608K, 19% used [0x00000000c0000000,0x00000000c0cdd4c8,0x00000000c4300000)
 Metaspace       used 32900K, committed 33600K, reserved 1114112K
  class space    used 3250K, committed 3584K, reserved 1048576K
}
Event: 1.897 GC heap before
{Heap before GC invocations=11 (full 1):
 PSYoungGen      total 27136K, used 25143K [0x00000000eab00000, 0x00000000ec900000, 0x0000000100000000)
  eden space 23552K, 93% used [0x00000000eab00000,0x00000000ec080da0,0x00000000ec200000)
  from space 3584K, 87% used [0x00000000ec300000,0x00000000ec60cf80,0x00000000ec680000)
  to   space 2560K, 0% used [0x00000000ec680000,0x00000000ec680000,0x00000000ec900000)
 ParOldGen       total 68608K, used 13173K [0x00000000c0000000, 0x00000000c4300000, 0x00000000eab00000)
  object space 68608K, 19% used [0x00000000c0000000,0x00000000c0cdd4c8,0x00000000c4300000)
 Metaspace       used 35162K, committed 35840K, reserved 1114112K
  class space    used 3468K, committed 3776K, reserved 1048576K
}
Event: 1.899 GC heap after
{Heap after GC invocations=11 (full 1):
 PSYoungGen      total 26112K, used 2530K [0x00000000eab00000, 0x00000000ecb00000, 0x0000000100000000)
  eden space 23552K, 0% used [0x00000000eab00000,0x00000000eab00000,0x00000000ec200000)
  from space 2560K, 98% used [0x00000000ec680000,0x00000000ec8f88e8,0x00000000ec900000)
  to   space 4608K, 0% used [0x00000000ec200000,0x00000000ec200000,0x00000000ec680000)
 ParOldGen       total 68608K, used 14982K [0x00000000c0000000, 0x00000000c4300000, 0x00000000eab00000)
  object space 68608K, 21% used [0x00000000c0000000,0x00000000c0ea1a60,0x00000000c4300000)
 Metaspace       used 35162K, committed 35840K, reserved 1114112K
  class space    used 3468K, committed 3776K, reserved 1048576K
}
Event: 1.899 GC heap before
{Heap before GC invocations=12 (full 2):
 PSYoungGen      total 26112K, used 2530K [0x00000000eab00000, 0x00000000ecb00000, 0x0000000100000000)
  eden space 23552K, 0% used [0x00000000eab00000,0x00000000eab00000,0x00000000ec200000)
  from space 2560K, 98% used [0x00000000ec680000,0x00000000ec8f88e8,0x00000000ec900000)
  to   space 4608K, 0% used [0x00000000ec200000,0x00000000ec200000,0x00000000ec680000)
 ParOldGen       total 68608K, used 14982K [0x00000000c0000000, 0x00000000c4300000, 0x00000000eab00000)
  object space 68608K, 21% used [0x00000000c0000000,0x00000000c0ea1a60,0x00000000c4300000)
 Metaspace       used 35162K, committed 35840K, reserved 1114112K
  class space    used 3468K, committed 3776K, reserved 1048576K
}

Dll operation events (10 events):
Event: 0.004 Loaded shared library c:\Users\Usuario\.vscode\extensions\redhat.java-1.28.1-win32-x64\jre\17.0.10-win32-x86_64\bin\java.dll
Event: 0.083 Loaded shared library c:\Users\Usuario\.vscode\extensions\redhat.java-1.28.1-win32-x64\jre\17.0.10-win32-x86_64\bin\zip.dll
Event: 0.085 Loaded shared library C:\Users\Usuario\.vscode\extensions\redhat.java-1.28.1-win32-x64\jre\17.0.10-win32-x86_64\bin\instrument.dll
Event: 0.093 Loaded shared library C:\Users\Usuario\.vscode\extensions\redhat.java-1.28.1-win32-x64\jre\17.0.10-win32-x86_64\bin\net.dll
Event: 0.094 Loaded shared library C:\Users\Usuario\.vscode\extensions\redhat.java-1.28.1-win32-x64\jre\17.0.10-win32-x86_64\bin\nio.dll
Event: 0.098 Loaded shared library C:\Users\Usuario\.vscode\extensions\redhat.java-1.28.1-win32-x64\jre\17.0.10-win32-x86_64\bin\zip.dll
Event: 0.106 Loaded shared library C:\Users\Usuario\.vscode\extensions\redhat.java-1.28.1-win32-x64\jre\17.0.10-win32-x86_64\bin\jimage.dll
Event: 0.135 Loaded shared library c:\Users\Usuario\.vscode\extensions\redhat.java-1.28.1-win32-x64\jre\17.0.10-win32-x86_64\bin\verify.dll
Event: 0.632 Loaded shared library C:\Users\Usuario\AppData\Roaming\Code\User\globalStorage\redhat.java\1.28.1\config_win\org.eclipse.equinox.launcher\org.eclipse.equinox.launcher.win32.win32.x86_64_1.2.900.v20240129-1338\eclipse_11900.dll
Event: 1.896 Loaded shared library C:\Users\Usuario\AppData\Local\Temp\jna-1531808526\jna18194182546806959544.dll

Deoptimization events (20 events):
Event: 1.799 Thread 0x00000216c3b15780 Uncommon trap: trap_request=0xffffff45 fr.pc=0x00000216b332ddf4 relative=0x0000000000000234
Event: 1.799 Thread 0x00000216c3b15780 Uncommon trap: reason=unstable_if action=reinterpret pc=0x00000216b332ddf4 method=java.util.concurrent.locks.ReentrantReadWriteLock$Sync.tryAcquireShared(I)I @ 55 c2
Event: 1.799 Thread 0x00000216c3b15780 DEOPT PACKING pc=0x00000216b332ddf4 sp=0x000000b7547faf50
Event: 1.799 Thread 0x00000216c3b15780 DEOPT UNPACKING pc=0x00000216b2c566a3 sp=0x000000b7547faee0 mode 2
Event: 1.800 Thread 0x00000216c3b69740 Uncommon trap: trap_request=0xffffff45 fr.pc=0x00000216b333e1f0 relative=0x0000000000001010
Event: 1.800 Thread 0x00000216c3b69740 Uncommon trap: reason=unstable_if action=reinterpret pc=0x00000216b333e1f0 method=java.util.Properties.loadConvert([CIILjava/lang/StringBuilder;)Ljava/lang/String; @ 477 c2
Event: 1.800 Thread 0x00000216c3b69740 DEOPT PACKING pc=0x00000216b333e1f0 sp=0x000000b754dfd470
Event: 1.800 Thread 0x00000216c3b69740 DEOPT UNPACKING pc=0x00000216b2c566a3 sp=0x000000b754dfd460 mode 2
Event: 1.803 Thread 0x00000216c3b15780 Uncommon trap: trap_request=0xffffffc6 fr.pc=0x00000216b322cb50 relative=0x0000000000000990
Event: 1.803 Thread 0x00000216c3b15780 Uncommon trap: reason=bimorphic_or_optimized_type_check action=maybe_recompile pc=0x00000216b322cb50 method=java.util.HashMap.putVal(ILjava/lang/Object;Ljava/lang/Object;ZZ)Ljava/lang/Object; @ 56 c2
Event: 1.803 Thread 0x00000216c3b15780 DEOPT PACKING pc=0x00000216b322cb50 sp=0x000000b7547fdad0
Event: 1.803 Thread 0x00000216c3b15780 DEOPT UNPACKING pc=0x00000216b2c566a3 sp=0x000000b7547fda28 mode 2
Event: 1.803 Thread 0x00000216c3b15780 Uncommon trap: trap_request=0xffffffc6 fr.pc=0x00000216b322cb50 relative=0x0000000000000990
Event: 1.803 Thread 0x00000216c3b15780 Uncommon trap: reason=bimorphic_or_optimized_type_check action=maybe_recompile pc=0x00000216b322cb50 method=java.util.HashMap.putVal(ILjava/lang/Object;Ljava/lang/Object;ZZ)Ljava/lang/Object; @ 56 c2
Event: 1.803 Thread 0x00000216c3b15780 DEOPT PACKING pc=0x00000216b322cb50 sp=0x000000b7547fdad0
Event: 1.803 Thread 0x00000216c3b15780 DEOPT UNPACKING pc=0x00000216b2c566a3 sp=0x000000b7547fda28 mode 2
Event: 1.830 Thread 0x00000216c3b69740 Uncommon trap: trap_request=0xffffff45 fr.pc=0x00000216b31da978 relative=0x00000000000006f8
Event: 1.830 Thread 0x00000216c3b69740 Uncommon trap: reason=unstable_if action=reinterpret pc=0x00000216b31da978 method=java.lang.String.replace(Ljava/lang/CharSequence;Ljava/lang/CharSequence;)Ljava/lang/String; @ 42 c2
Event: 1.830 Thread 0x00000216c3b69740 DEOPT PACKING pc=0x00000216b31da978 sp=0x000000b754dfc350
Event: 1.830 Thread 0x00000216c3b69740 DEOPT UNPACKING pc=0x00000216b2c566a3 sp=0x000000b754dfc2e0 mode 2

Classes unloaded (7 events):
Event: 1.905 Thread 0x00000216a731e770 Unloading class 0x0000000100250400 'java/lang/invoke/LambdaForm$MH+0x0000000100250400'
Event: 1.905 Thread 0x00000216a731e770 Unloading class 0x0000000100250000 'java/lang/invoke/LambdaForm$MH+0x0000000100250000'
Event: 1.905 Thread 0x00000216a731e770 Unloading class 0x000000010024fc00 'java/lang/invoke/LambdaForm$MH+0x000000010024fc00'
Event: 1.905 Thread 0x00000216a731e770 Unloading class 0x000000010024f800 'java/lang/invoke/LambdaForm$MH+0x000000010024f800'
Event: 1.905 Thread 0x00000216a731e770 Unloading class 0x000000010024f400 'java/lang/invoke/LambdaForm$BMH+0x000000010024f400'
Event: 1.905 Thread 0x00000216a731e770 Unloading class 0x000000010024f000 'java/lang/invoke/LambdaForm$DMH+0x000000010024f000'
Event: 1.905 Thread 0x00000216a731e770 Unloading class 0x000000010024c400 'java/lang/invoke/LambdaForm$DMH+0x000000010024c400'

Classes redefined (0 events):
No events

Internal exceptions (20 events):
Event: 1.529 Thread 0x00000216c3b15780 Exception <a 'java/lang/NoSuchMethodError'{0x00000000ebe85d50}: 'java.lang.Object java.lang.invoke.DirectMethodHandle$Holder.invokeSpecial(java.lang.Object, java.lang.Object, java.lang.Object, java.lang.Object, java.lang.Object, java.lang.Object, java.lang.Object, java.lang.Object, java.lang.Object, java.lang.Object, java.lang.Object, java.lang.Object, java.lang.Object)'> (0x00000000ebe85d50) 
thrown [s\src\hotspot\share\interpreter\linkResolver.cpp, line 759]
Event: 1.530 Thread 0x00000216c3b15780 Exception <a 'java/lang/NoSuchMethodError'{0x00000000ebe8b880}: 'java.lang.Object java.lang.invoke.Invokers$Holder.invoker(java.lang.Object, java.lang.Object, java.lang.Object, java.lang.Object, java.lang.Object, java.lang.Object, java.lang.Object, java.lang.Object, java.lang.Object, java.lang.Object, java.lang.Object, java.lang.Object, java.lang.Object)'> (0x00000000ebe8b880) 
thrown [s\src\hotspot\share\interpreter\linkResolver.cpp, line 759]
Event: 1.530 Thread 0x00000216c3b15780 Exception <a 'java/lang/NoSuchMethodError'{0x00000000ebe92580}: 'java.lang.Object java.lang.invoke.DirectMethodHandle$Holder.invokeSpecial(java.lang.Object, java.lang.Object, java.lang.Object, java.lang.Object, java.lang.Object, java.lang.Object, java.lang.Object, java.lang.Object, java.lang.Object, java.lang.Object, java.lang.Object, java.lang.Object, java.lang.Object, java.lang.Object)'> (0x00000000ebe92580) 
thrown [s\src\hotspot\share\interpreter\linkResolver.cpp, line 759]
Event: 1.533 Thread 0x00000216c3b15780 Exception <a 'java/lang/NoSuchMethodError'{0x00000000ebef72f8}: static Lorg/eclipse/m2e/core/internal/lifecyclemapping/model/PluginExecutionMetadata;.<clinit>()V> (0x00000000ebef72f8) 
thrown [s\src\hotspot\share\prims\jni.cpp, line 1107]
Event: 1.537 Thread 0x00000216c3b15780 Exception <a 'java/lang/NoSuchMethodError'{0x00000000ebf54a48}: static Lorg/eclipse/m2e/core/internal/lifecyclemapping/model/PluginExecutionFilter;.<clinit>()V> (0x00000000ebf54a48) 
thrown [s\src\hotspot\share\prims\jni.cpp, line 1107]
Event: 1.540 Thread 0x00000216c3b15780 Exception <a 'java/lang/NoSuchMethodError'{0x00000000ebf89570}: static Lorg/eclipse/m2e/core/internal/project/registry/MavenProjectFacade$MavenProjectConfiguration;.<clinit>()V> (0x00000000ebf89570) 
thrown [s\src\hotspot\share\prims\jni.cpp, line 1107]
Event: 1.578 Thread 0x00000216c3b69740 Exception <a 'java/lang/NoSuchMethodError'{0x00000000eadd2150}: 'java.lang.Object java.lang.invoke.DirectMethodHandle$Holder.newInvokeSpecial(java.lang.Object, java.lang.Object, java.lang.Object, int)'> (0x00000000eadd2150) 
thrown [s\src\hotspot\share\interpreter\linkResolver.cpp, line 759]
Event: 1.579 Thread 0x00000216c3b69740 Exception <a 'java/lang/NoSuchMethodError'{0x00000000eadd6258}: 'java.lang.Object java.lang.invoke.DirectMethodHandle$Holder.invokeSpecial(java.lang.Object, java.lang.Object, java.lang.Object, java.lang.Object, int)'> (0x00000000eadd6258) 
thrown [s\src\hotspot\share\interpreter\linkResolver.cpp, line 759]
Event: 1.579 Thread 0x00000216c3b69740 Exception <a 'java/lang/NoSuchMethodError'{0x00000000eadd9bf8}: 'java.lang.Object java.lang.invoke.Invokers$Holder.linkToTargetMethod(java.lang.Object, java.lang.Object, int, java.lang.Object)'> (0x00000000eadd9bf8) 
thrown [s\src\hotspot\share\interpreter\linkResolver.cpp, line 759]
Event: 1.629 Thread 0x00000216c3b15780 Exception <a 'java/io/FileNotFoundException'{0x00000000ebf77d08}> (0x00000000ebf77d08) 
thrown [s\src\hotspot\share\prims\jni.cpp, line 516]
Event: 1.629 Thread 0x00000216c3b15780 Exception <a 'java/io/FileNotFoundException'{0x00000000ebf78b78}> (0x00000000ebf78b78) 
thrown [s\src\hotspot\share\prims\jni.cpp, line 516]
Event: 1.629 Thread 0x00000216c3b15780 Exception <a 'java/io/FileNotFoundException'{0x00000000ebf799f8}> (0x00000000ebf799f8) 
thrown [s\src\hotspot\share\prims\jni.cpp, line 516]
Event: 1.755 Thread 0x00000216c3b15780 Exception <a 'java/lang/NoSuchMethodError'{0x00000000eb36e520}: 'java.lang.Object java.lang.invoke.DirectMethodHandle$Holder.newInvokeSpecial(java.lang.Object, int, java.lang.Object, java.lang.Object)'> (0x00000000eb36e520) 
thrown [s\src\hotspot\share\interpreter\linkResolver.cpp, line 759]
Event: 1.778 Thread 0x00000216c3b15780 Exception <a 'java/lang/ClassNotFoundException'{0x00000000eb5f4260}: com/sun/org/apache/xerces/internal/impl/msg/spi/DOMMessagesProvider> (0x00000000eb5f4260) 
thrown [s\src\hotspot\share\classfile\systemDictionary.cpp, line 256]
Event: 1.779 Thread 0x00000216c3b15780 Exception <a 'java/lang/ClassNotFoundException'{0x00000000eb619728}: com/sun/org/apache/xerces/internal/impl/msg/spi/XMLSerializerMessagesProvider> (0x00000000eb619728) 
thrown [s\src\hotspot\share\classfile\systemDictionary.cpp, line 256]
Event: 1.779 Thread 0x00000216c3b15780 Exception <a 'java/lang/ClassNotFoundException'{0x00000000eb631c68}: com/sun/org/apache/xerces/internal/impl/msg/spi/XMLMessagesProvider> (0x00000000eb631c68) 
thrown [s\src\hotspot\share\classfile\systemDictionary.cpp, line 256]
Event: 1.812 Thread 0x00000216c3b15780 Exception <a 'java/lang/NoSuchMethodError'{0x00000000ebacf3d0}: 'java.lang.Object java.lang.invoke.DirectMethodHandle$Holder.invokeStaticInit(java.lang.Object, int, int, int, int)'> (0x00000000ebacf3d0) 
thrown [s\src\hotspot\share\interpreter\linkResolver.cpp, line 759]
Event: 1.818 Thread 0x00000216c3b69740 Exception <a 'java/io/FileNotFoundException'{0x00000000ebc1fd88}> (0x00000000ebc1fd88) 
thrown [s\src\hotspot\share\prims\jni.cpp, line 516]
Event: 1.840 Thread 0x00000216c3b15780 Exception <a 'java/lang/NoSuchMethodError'{0x00000000ebdc3328}: 'java.lang.Object java.lang.invoke.DirectMethodHandle$Holder.invokeStaticInit(java.lang.Object, java.lang.Object, int, int, int, int)'> (0x00000000ebdc3328) 
thrown [s\src\hotspot\share\interpreter\linkResolver.cpp, line 759]
Event: 1.861 Thread 0x00000216c3b15780 Exception <a 'sun/nio/fs/WindowsException'{0x00000000ebfc5470}> (0x00000000ebfc5470) 
thrown [s\src\hotspot\share\prims\jni.cpp, line 516]

VM Operations (20 events):
Event: 1.340 Executing VM operation: HandshakeAllThreads done
Event: 1.392 Executing VM operation: ParallelGCFailedAllocation
Event: 1.394 Executing VM operation: ParallelGCFailedAllocation done
Event: 1.489 Executing VM operation: HandshakeAllThreads
Event: 1.489 Executing VM operation: HandshakeAllThreads done
Event: 1.489 Executing VM operation: HandshakeAllThreads
Event: 1.489 Executing VM operation: HandshakeAllThreads done
Event: 1.565 Executing VM operation: ParallelGCFailedAllocation
Event: 1.566 Executing VM operation: ParallelGCFailedAllocation done
Event: 1.645 Executing VM operation: ParallelGCFailedAllocation
Event: 1.647 Executing VM operation: ParallelGCFailedAllocation done
Event: 1.749 Executing VM operation: ParallelGCFailedAllocation
Event: 1.751 Executing VM operation: ParallelGCFailedAllocation done
Event: 1.764 Executing VM operation: HandshakeAllThreads
Event: 1.764 Executing VM operation: HandshakeAllThreads done
Event: 1.802 Executing VM operation: HandshakeAllThreads
Event: 1.802 Executing VM operation: HandshakeAllThreads done
Event: 1.837 Executing VM operation: HandshakeAllThreads
Event: 1.837 Executing VM operation: HandshakeAllThreads done
Event: 1.866 Executing VM operation: CollectForMetadataAllocation

Events (20 events):
Event: 1.862 loading class sun/util/locale/provider/TimeZoneNameUtility done
Event: 1.862 loading class sun/util/locale/provider/TimeZoneNameUtility$TimeZoneNameGetter
Event: 1.862 loading class sun/util/locale/provider/TimeZoneNameUtility$TimeZoneNameGetter done
Event: 1.862 loading class sun/util/cldr/CLDRTimeZoneNameProviderImpl
Event: 1.863 loading class sun/util/locale/provider/TimeZoneNameProviderImpl
Event: 1.863 loading class sun/util/locale/provider/TimeZoneNameProviderImpl done
Event: 1.863 loading class sun/util/cldr/CLDRTimeZoneNameProviderImpl done
Event: 1.863 loading class sun/util/locale/provider/BaseLocaleDataMetaInfo
Event: 1.863 loading class sun/util/locale/provider/BaseLocaleDataMetaInfo done
Event: 1.864 loading class sun/util/resources/cldr/TimeZoneNames
Event: 1.864 loading class sun/util/resources/TimeZoneNamesBundle
Event: 1.864 loading class sun/util/resources/OpenListResourceBundle
Event: 1.864 loading class sun/util/resources/OpenListResourceBundle done
Event: 1.864 loading class sun/util/resources/TimeZoneNamesBundle done
Event: 1.864 loading class sun/util/resources/cldr/TimeZoneNames done
Event: 1.864 loading class sun/util/resources/cldr/TimeZoneNames_en
Event: 1.865 loading class sun/util/resources/cldr/TimeZoneNames_en done
Event: 1.865 loading class sun/util/resources/cldr/TimeZoneNames_en_US
Event: 1.865 loading class sun/util/resources/cldr/TimeZoneNames_en_US done
Event: 1.866 loading class sun/util/cldr/CLDRBaseLocaleDataMetaInfo$TZCanonicalIDMapHolder


Dynamic libraries:
0x00007ff6860d0000 - 0x00007ff6860de000 	c:\Users\Usuario\.vscode\extensions\redhat.java-1.28.1-win32-x64\jre\17.0.10-win32-x86_64\bin\java.exe
0x00007ff8b5090000 - 0x00007ff8b5288000 	C:\Windows\SYSTEM32\ntdll.dll
0x00007ff8b31b0000 - 0x00007ff8b326d000 	C:\Windows\System32\KERNEL32.DLL
0x00007ff8b2810000 - 0x00007ff8b2b06000 	C:\Windows\System32\KERNELBASE.dll
0x00007ff8b2ed0000 - 0x00007ff8b2fd0000 	C:\Windows\System32\ucrtbase.dll
0x00007ff8ab440000 - 0x00007ff8ab457000 	c:\Users\Usuario\.vscode\extensions\redhat.java-1.28.1-win32-x64\jre\17.0.10-win32-x86_64\bin\jli.dll
0x00007ff89b2c0000 - 0x00007ff89b2db000 	c:\Users\Usuario\.vscode\extensions\redhat.java-1.28.1-win32-x64\jre\17.0.10-win32-x86_64\bin\VCRUNTIME140.dll
0x00007ff8b4eb0000 - 0x00007ff8b504e000 	C:\Windows\System32\USER32.dll
0x00007ff8b2c60000 - 0x00007ff8b2c82000 	C:\Windows\System32\win32u.dll
0x00007ff8b37f0000 - 0x00007ff8b381c000 	C:\Windows\System32\GDI32.dll
0x00007ff8b2fd0000 - 0x00007ff8b30ea000 	C:\Windows\System32\gdi32full.dll
0x00007ff8b1be0000 - 0x00007ff8b1e7a000 	C:\Windows\WinSxS\amd64_microsoft.windows.common-controls_6595b64144ccf1df_6.0.19041.1110_none_60b5254171f9507e\COMCTL32.dll
0x00007ff8b2bc0000 - 0x00007ff8b2c5d000 	C:\Windows\System32\msvcp_win.dll
0x00007ff8b4c30000 - 0x00007ff8b4cce000 	C:\Windows\System32\msvcrt.dll
0x00007ff8b3100000 - 0x00007ff8b3130000 	C:\Windows\System32\IMM32.DLL
0x00007ff8abef0000 - 0x00007ff8abefc000 	c:\Users\Usuario\.vscode\extensions\redhat.java-1.28.1-win32-x64\jre\17.0.10-win32-x86_64\bin\vcruntime140_1.dll
0x00007ff887730000 - 0x00007ff8877bd000 	c:\Users\Usuario\.vscode\extensions\redhat.java-1.28.1-win32-x64\jre\17.0.10-win32-x86_64\bin\msvcp140.dll
0x00007ff878190000 - 0x00007ff878df2000 	c:\Users\Usuario\.vscode\extensions\redhat.java-1.28.1-win32-x64\jre\17.0.10-win32-x86_64\bin\server\jvm.dll
0x00007ff8b4b80000 - 0x00007ff8b4c2e000 	C:\Windows\System32\ADVAPI32.dll
0x00007ff8b3750000 - 0x00007ff8b37ec000 	C:\Windows\System32\sechost.dll
0x00007ff8b3350000 - 0x00007ff8b3476000 	C:\Windows\System32\RPCRT4.dll
0x00007ff8b25d0000 - 0x00007ff8b261b000 	C:\Windows\SYSTEM32\POWRPROF.dll
0x00007ff87eee0000 - 0x00007ff87eee9000 	C:\Windows\SYSTEM32\WSOCK32.dll
0x00007ff8b3480000 - 0x00007ff8b34eb000 	C:\Windows\System32\WS2_32.dll
0x00007ff8969c0000 - 0x00007ff8969e7000 	C:\Windows\SYSTEM32\WINMM.dll
0x00007ff8a8040000 - 0x00007ff8a804a000 	C:\Windows\SYSTEM32\VERSION.dll
0x00007ff8b25b0000 - 0x00007ff8b25c2000 	C:\Windows\SYSTEM32\UMPDC.dll
0x00007ff8affc0000 - 0x00007ff8affd2000 	C:\Windows\SYSTEM32\kernel.appcore.dll
0x00007ff8adb60000 - 0x00007ff8adb6a000 	c:\Users\Usuario\.vscode\extensions\redhat.java-1.28.1-win32-x64\jre\17.0.10-win32-x86_64\bin\jimage.dll
0x00007ff8b2080000 - 0x00007ff8b2264000 	C:\Windows\SYSTEM32\DBGHELP.DLL
0x00007ff8b1ea0000 - 0x00007ff8b1ed4000 	C:\Windows\SYSTEM32\dbgcore.DLL
0x00007ff8b2df0000 - 0x00007ff8b2e72000 	C:\Windows\System32\bcryptPrimitives.dll
0x00007ff8ac9d0000 - 0x00007ff8ac9de000 	c:\Users\Usuario\.vscode\extensions\redhat.java-1.28.1-win32-x64\jre\17.0.10-win32-x86_64\bin\instrument.dll
0x00007ff891020000 - 0x00007ff891045000 	c:\Users\Usuario\.vscode\extensions\redhat.java-1.28.1-win32-x64\jre\17.0.10-win32-x86_64\bin\java.dll
0x00007ff8abf00000 - 0x00007ff8abf18000 	c:\Users\Usuario\.vscode\extensions\redhat.java-1.28.1-win32-x64\jre\17.0.10-win32-x86_64\bin\zip.dll
0x00007ff8b3d00000 - 0x00007ff8b4444000 	C:\Windows\System32\SHELL32.dll
0x00007ff8b01c0000 - 0x00007ff8b095b000 	C:\Windows\SYSTEM32\windows.storage.dll
0x00007ff8b4670000 - 0x00007ff8b49c4000 	C:\Windows\System32\combase.dll
0x00007ff8b1910000 - 0x00007ff8b193d000 	C:\Windows\SYSTEM32\Wldp.dll
0x00007ff8b4e00000 - 0x00007ff8b4ead000 	C:\Windows\System32\SHCORE.dll
0x00007ff8b4450000 - 0x00007ff8b44a5000 	C:\Windows\System32\shlwapi.dll
0x00007ff8b26a0000 - 0x00007ff8b26c5000 	C:\Windows\SYSTEM32\profapi.dll
0x00007ff89b560000 - 0x00007ff89b579000 	C:\Users\Usuario\.vscode\extensions\redhat.java-1.28.1-win32-x64\jre\17.0.10-win32-x86_64\bin\net.dll
0x00007ff8ad870000 - 0x00007ff8ad97a000 	C:\Windows\SYSTEM32\WINHTTP.dll
0x00007ff8b1780000 - 0x00007ff8b17ea000 	C:\Windows\system32\mswsock.dll
0x00007ff89b440000 - 0x00007ff89b456000 	C:\Users\Usuario\.vscode\extensions\redhat.java-1.28.1-win32-x64\jre\17.0.10-win32-x86_64\bin\nio.dll
0x00007ff8abde0000 - 0x00007ff8abdf0000 	c:\Users\Usuario\.vscode\extensions\redhat.java-1.28.1-win32-x64\jre\17.0.10-win32-x86_64\bin\verify.dll
0x00007ff88b9f0000 - 0x00007ff88ba2e000 	C:\Users\Usuario\AppData\Roaming\Code\User\globalStorage\redhat.java\1.28.1\config_win\org.eclipse.equinox.launcher\org.eclipse.equinox.launcher.win32.win32.x86_64_1.2.900.v20240129-1338\eclipse_11900.dll
0x00007ff8b4cd0000 - 0x00007ff8b4dfa000 	C:\Windows\System32\ole32.dll
0x00007ff8b2470000 - 0x00007ff8b2488000 	C:\Windows\SYSTEM32\CRYPTSP.dll
0x00007ff8b1120000 - 0x00007ff8b1154000 	C:\Windows\system32\rsaenh.dll
0x00007ff8b27e0000 - 0x00007ff8b2807000 	C:\Windows\System32\bcrypt.dll
0x00007ff8b2620000 - 0x00007ff8b264e000 	C:\Windows\SYSTEM32\USERENV.dll
0x00007ff8b1a40000 - 0x00007ff8b1a4c000 	C:\Windows\SYSTEM32\CRYPTBASE.dll
0x00007ff8b14a0000 - 0x00007ff8b14db000 	C:\Windows\SYSTEM32\IPHLPAPI.DLL
0x00007ff8b3340000 - 0x00007ff8b3348000 	C:\Windows\System32\NSI.dll
0x00007ff8aaf30000 - 0x00007ff8aaf47000 	C:\Windows\SYSTEM32\dhcpcsvc6.DLL
0x00007ff8aadd0000 - 0x00007ff8aaded000 	C:\Windows\SYSTEM32\dhcpcsvc.DLL
0x00007ff8b14e0000 - 0x00007ff8b15aa000 	C:\Windows\SYSTEM32\DNSAPI.dll
0x00007ff88a130000 - 0x00007ff88a175000 	C:\Users\Usuario\AppData\Local\Temp\jna-1531808526\jna18194182546806959544.dll
0x00007ff8b30f0000 - 0x00007ff8b30f8000 	C:\Windows\System32\PSAPI.DLL

dbghelp: loaded successfully - version: 4.0.5 - missing functions: none
symbol engine: initialized successfully - sym options: 0x614 - pdb path: .;c:\Users\Usuario\.vscode\extensions\redhat.java-1.28.1-win32-x64\jre\17.0.10-win32-x86_64\bin;C:\Windows\SYSTEM32;C:\Windows\WinSxS\amd64_microsoft.windows.common-controls_6595b64144ccf1df_6.0.19041.1110_none_60b5254171f9507e;c:\Users\Usuario\.vscode\extensions\redhat.java-1.28.1-win32-x64\jre\17.0.10-win32-x86_64\bin\server;C:\Users\Usuario\AppData\Roaming\Code\User\globalStorage\redhat.java\1.28.1\config_win\org.eclipse.equinox.launcher\org.eclipse.equinox.launcher.win32.win32.x86_64_1.2.900.v20240129-1338;C:\Users\Usuario\AppData\Local\Temp\jna-1531808526

VM Arguments:
jvm_args: --add-modules=ALL-SYSTEM --add-opens=java.base/java.util=ALL-UNNAMED --add-opens=java.base/java.lang=ALL-UNNAMED --add-opens=java.base/sun.nio.fs=ALL-UNNAMED -Declipse.application=org.eclipse.jdt.ls.core.id1 -Dosgi.bundles.defaultStartLevel=4 -Declipse.product=org.eclipse.jdt.ls.core.product -Djava.import.generatesMetadataFilesAtProjectRoot=false -DDetectVMInstallationsJob.disabled=true -Dfile.encoding=utf8 -XX:+UseParallelGC -XX:GCTimeRatio=4 -XX:AdaptiveSizePolicyWeight=90 -Dsun.zip.disableMemoryMapping=true -Xmx1G -Xms100m -Xlog:disable -javaagent:c:\Users\Usuario\.vscode\extensions\redhat.java-1.28.1-win32-x64\lombok\lombok-1.18.31.jar -XX:+HeapDumpOnOutOfMemoryError -XX:HeapDumpPath=c:\Users\Usuario\AppData\Roaming\Code\User\workspaceStorage\ef68fe475a4c8989c11858262eae5c25\redhat.java -Daether.dependencyCollector.impl=bf 
java_command: c:\Users\Usuario\.vscode\extensions\redhat.java-1.28.1-win32-x64\server\plugins\org.eclipse.equinox.launcher_1.6.700.v20231214-2017.jar -configuration c:\Users\Usuario\AppData\Roaming\Code\User\globalStorage\redhat.java\1.28.1\config_win -data c:\Users\Usuario\AppData\Roaming\Code\User\workspaceStorage\ef68fe475a4c8989c11858262eae5c25\redhat.java\jdt_ws --stdio
java_class_path (initial): c:\Users\Usuario\.vscode\extensions\redhat.java-1.28.1-win32-x64\server\plugins\org.eclipse.equinox.launcher_1.6.700.v20231214-2017.jar
Launcher Type: SUN_STANDARD

[Global flags]
    uintx AdaptiveSizePolicyWeight                 = 90                                        {product} {command line}
     intx CICompilerCount                          = 3                                         {product} {ergonomic}
    uintx GCTimeRatio                              = 4                                         {product} {command line}
     bool HeapDumpOnOutOfMemoryError               = true                                   {manageable} {command line}
    ccstr HeapDumpPath                             = c:\Users\Usuario\AppData\Roaming\Code\User\workspaceStorage\ef68fe475a4c8989c11858262eae5c25\redhat.java         {manageable} {command line}
   size_t InitialHeapSize                          = 104857600                                 {product} {command line}
   size_t MaxHeapSize                              = 1073741824                                {product} {command line}
   size_t MaxNewSize                               = 357564416                                 {product} {ergonomic}
   size_t MinHeapDeltaBytes                        = 524288                                    {product} {ergonomic}
   size_t MinHeapSize                              = 104857600                                 {product} {command line}
   size_t NewSize                                  = 34603008                                  {product} {ergonomic}
    uintx NonNMethodCodeHeapSize                   = 5832780                                {pd product} {ergonomic}
    uintx NonProfiledCodeHeapSize                  = 122912730                              {pd product} {ergonomic}
   size_t OldSize                                  = 70254592                                  {product} {ergonomic}
    uintx ProfiledCodeHeapSize                     = 122912730                              {pd product} {ergonomic}
    uintx ReservedCodeCacheSize                    = 251658240                              {pd product} {ergonomic}
     bool SegmentedCodeCache                       = true                                      {product} {ergonomic}
   size_t SoftMaxHeapSize                          = 1073741824                             {manageable} {ergonomic}
     bool UseCompressedClassPointers               = true                           {product lp64_product} {ergonomic}
     bool UseCompressedOops                        = true                           {product lp64_product} {ergonomic}
     bool UseLargePagesIndividualAllocation        = false                                  {pd product} {ergonomic}
     bool UseParallelGC                            = true                                      {product} {command line}

Logging:
Log output configuration:
 #0: stdout all=off uptime,level,tags
 #1: stderr all=off uptime,level,tags

Environment Variables:
PATH=C:\Program Files (x86)\VMware\VMware Player\bin\;C:\Program Files\Common Files\Oracle\Java\javapath;C:\Windows\system32;C:\Windows;C:\Windows\System32\Wbem;C:\Windows\System32\WindowsPowerShell\v1.0\;C:\Windows\System32\OpenSSH\;C:\Program Files\PuTTY\;C:\msys64\ucrt64\bin;C:\workspace\apache-maven-3.9.6\bin;C:\Program Files\Git\cmd;C:\Users\Usuario\AppData\Local\Microsoft\WindowsApps;;C:\Users\Usuario\AppData\Local\Programs\Microsoft VS Code\bin
USERNAME=Usuario
OS=Windows_NT
PROCESSOR_IDENTIFIER=Intel64 Family 6 Model 158 Stepping 13, GenuineIntel
TMP=C:\Users\Usuario\AppData\Local\Temp
TEMP=C:\Users\Usuario\AppData\Local\Temp



Periodic native trim disabled


---------------  S Y S T E M  ---------------

OS:
 Windows 10 , 64 bit Build 19041 (10.0.19041.3393)
OS uptime: 0 days 4:38 hours

CPU: total 6 (initial active 6) (6 cores per cpu, 1 threads per core) family 6 model 158 stepping 13 microcode 0xbe, cx8, cmov, fxsr, mmx, 3dnowpref, sse, sse2, sse3, ssse3, sse4.1, sse4.2, popcnt, lzcnt, tsc, tscinvbit, avx, avx2, aes, erms, clmul, bmi1, bmi2, adx, fma, vzeroupper, clflush, clflushopt
Processor Information for all 6 processors :
  Max Mhz: 2904, Current Mhz: 2904, Mhz Limit: 2904

Memory: 4k page, system-wide physical 12158M (5387M free)
TotalPageFile size 14014M (AvailPageFile size 5916M)
current process WorkingSet (physical memory assigned to process): 171M, peak: 173M
current process commit charge ("private bytes"): 264M, peak: 266M

vm_info: OpenJDK 64-Bit Server VM (17.0.10+7) for windows-amd64 JRE (17.0.10+7), built on Jan 16 2024 23:25:11 by "admin" with MS VC++ 16.10 / 16.11 (VS2019)

END.
