#
# A fatal error has been detected by the Java Runtime Environment:
#
#  EXCEPTION_ACCESS_VIOLATION (0xc0000005) at pc=0x00007ff8783641d0, pid=440, tid=7892
#
# JRE version: OpenJDK Runtime Environment Temurin-17.0.10+7 (17.0.10+7) (build 17.0.10+7)
# Java VM: OpenJDK 64-Bit Server VM Temurin-17.0.10+7 (17.0.10+7, mixed mode, tiered, compressed oops, compressed class ptrs, parallel gc, windows-amd64)
# Problematic frame:
# V  [jvm.dll+0x1d41d0]
#
# No core dump will be written. Minidumps are not enabled by default on client versions of Windows
#
# If you would like to submit a bug report, please visit:
#   https://github.com/adoptium/adoptium-support/issues
#

---------------  S U M M A R Y ------------

Command Line: --add-modules=ALL-SYSTEM --add-opens=java.base/java.util=ALL-UNNAMED --add-opens=java.base/java.lang=ALL-UNNAMED --add-opens=java.base/sun.nio.fs=ALL-UNNAMED -Declipse.application=org.eclipse.jdt.ls.core.id1 -Dosgi.bundles.defaultStartLevel=4 -Declipse.product=org.eclipse.jdt.ls.core.product -Djava.import.generatesMetadataFilesAtProjectRoot=false -DDetectVMInstallationsJob.disabled=true -Dfile.encoding=utf8 -XX:+UseParallelGC -XX:GCTimeRatio=4 -XX:AdaptiveSizePolicyWeight=90 -Dsun.zip.disableMemoryMapping=true -Xmx1G -Xms100m -Xlog:disable -javaagent:c:\Users\Usuario\.vscode\extensions\redhat.java-1.28.1-win32-x64\lombok\lombok-1.18.31.jar -XX:+HeapDumpOnOutOfMemoryError -XX:HeapDumpPath=c:\Users\Usuario\AppData\Roaming\Code\User\workspaceStorage\ef68fe475a4c8989c11858262eae5c25\redhat.java -Daether.dependencyCollector.impl=bf c:\Users\Usuario\.vscode\extensions\redhat.java-1.28.1-win32-x64\server\plugins\org.eclipse.equinox.launcher_1.6.700.v20231214-2017.jar -configuration c:\Users\Usuario\AppData\Roaming\Code\User\globalStorage\redhat.java\1.28.1\config_win -data c:\Users\Usuario\AppData\Roaming\Code\User\workspaceStorage\ef68fe475a4c8989c11858262eae5c25\redhat.java\jdt_ws --stdio

Host: Intel(R) Core(TM) i5-9400 CPU @ 2.90GHz, 6 cores, 11G,  Windows 10 , 64 bit Build 19041 (10.0.19041.3393)
Time: Fri Mar  1 15:59:37 2024 Hora est. Pacífico, Sudamérica elapsed time: 7.605200 seconds (0d 0h 0m 7s)

---------------  T H R E A D  ---------------

Current thread (0x000001992e7af0a0):  JavaThread "C1 CompilerThread0" daemon [_thread_in_vm, id=7892, stack(0x0000004b3d800000,0x0000004b3d900000)]


Current CompileTask:
C1:   7605 12133   !   2       org.eclipse.core.internal.jobs.LockManager::removeLockThread (53 bytes)

Stack: [0x0000004b3d800000,0x0000004b3d900000],  sp=0x0000004b3d8fe850,  free space=1018k
Native frames: (J=compiled Java code, j=interpreted, Vv=VM code, C=native code)
V  [jvm.dll+0x1d41d0]
V  [jvm.dll+0x1d30b0]
V  [jvm.dll+0x1cdc20]
V  [jvm.dll+0x1482a1]
V  [jvm.dll+0x1480e5]
V  [jvm.dll+0x13f918]
V  [jvm.dll+0x141ed5]
V  [jvm.dll+0x1401b4]
V  [jvm.dll+0x13a0ff]
V  [jvm.dll+0x149d46]
V  [jvm.dll+0x135890]
V  [jvm.dll+0x135bf0]
V  [jvm.dll+0x135eb6]
V  [jvm.dll+0x13534a]
V  [jvm.dll+0x137001]
V  [jvm.dll+0x2290de]
V  [jvm.dll+0x2272ac]
V  [jvm.dll+0x7e9bb7]
V  [jvm.dll+0x7e3fba]
V  [jvm.dll+0x67c1b5]
C  [ucrtbase.dll+0x21bb2]
C  [KERNEL32.DLL+0x17344]
C  [ntdll.dll+0x526b1]


siginfo: EXCEPTION_ACCESS_VIOLATION (0xc0000005), reading address 0x0000000010000098


Registers:
RAX=0x000001993d2ca960, RBX=0x0000019930b9ac20, RCX=0x0000019930b9ac30, RDX=0x0000019930b9ac30
RSP=0x0000004b3d8fe850, RBP=0x0000000000000002, RSI=0x0000000000000000, RDI=0x0000000000000000
R8 =0x00007ff878ac2ba8, R9 =0x000001992f21ffa0, R10=0x000001992e79f200, R11=0x000001992a204fc8
R12=0x0000019930b9ac30, R13=0x000001992f30b218, R14=0x0000000000000010, R15=0x0000000010000000
RIP=0x00007ff8783641d0, EFLAGS=0x0000000000010206


Register to memory mapping:

RIP=0x00007ff8783641d0 jvm.dll
RAX=0x000001993d2ca960 is pointing into metadata
RBX=0x0000019930b9ac20 points into unknown readable memory: 0x00007ff878ac2ba8 | a8 2b ac 78 f8 7f 00 00
RCX=0x0000019930b9ac30 points into unknown readable memory: 0x00007ff878ac2418 | 18 24 ac 78 f8 7f 00 00
RDX=0x0000019930b9ac30 points into unknown readable memory: 0x00007ff878ac2418 | 18 24 ac 78 f8 7f 00 00
RSP=0x0000004b3d8fe850 is pointing into the stack for thread: 0x000001992e7af0a0
RBP=0x0000000000000002 is an unknown value
RSI=0x0 is NULL
RDI=0x0 is NULL
R8 =0x00007ff878ac2ba8 jvm.dll
R9 =0x000001992f21ffa0 points into unknown readable memory: 0x0000000000030005 | 05 00 03 00 00 00 00 00
R10=0x000001992e79f200 points into unknown readable memory: 0x0000001e00000002 | 02 00 00 00 1e 00 00 00
R11={method} {0x000001992a204fd0} 'lockReleased' '(Ljava/lang/Thread;Lorg/eclipse/core/runtime/jobs/ISchedulingRule;)V' in 'org/eclipse/core/internal/jobs/DeadlockDetector'
R12=0x0000019930b9ac30 points into unknown readable memory: 0x00007ff878ac2418 | 18 24 ac 78 f8 7f 00 00
R13=0x000001992f30b218 points into unknown readable memory: 0x000001992e7ad140 | 40 d1 7a 2e 99 01 00 00
R14=0x0000000000000010 is an unknown value
R15=0x0000000010000000 is an unknown value


Top of Stack: (sp=0x0000004b3d8fe850)
0x0000004b3d8fe850:   000001993d2ca798 000001992e7af0a0
0x0000004b3d8fe860:   000001993d2ca798 00007ff8787c570e
0x0000004b3d8fe870:   0000019930b9ac30 0000019930b94220
0x0000004b3d8fe880:   000001993d2ca798 000001992f21fee0
0x0000004b3d8fe890:   00000000000000b0 00007ff8783630b0
0x0000004b3d8fe8a0:   0000019915209770 0000019930b9ab80
0x0000004b3d8fe8b0:   0000019930b9ac20 000001992f21e0b0
0x0000004b3d8fe8c0:   0000000000000001 0000000000000000
0x0000004b3d8fe8d0:   000001992f21e0b0 000001992f21fd40
0x0000004b3d8fe8e0:   0000000000000050 000001992f21fd40
0x0000004b3d8fe8f0:   000001992e7ad140 00007ff87835dc20
0x0000004b3d8fe900:   0000019930b9c208 00000000000083b0
0x0000004b3d8fe910:   000001992e7af0a0 0000000100233db8
0x0000004b3d8fe920:   0000004b3d8fed60 00007ff8782d0061
0x0000004b3d8fe930:   000001992a204fc8 000001992e7af0a0
0x0000004b3d8fe940:   0000000000000000 000001992f21fd40
0x0000004b3d8fe950:   0000004b3d8fed60 00007ff8782d82a1
0x0000004b3d8fe960:   00000000000000b7 000001992a204fc8
0x0000004b3d8fe970:   00000000000000b7 0000000000000001
0x0000004b3d8fe980:   00000199151b1190 00007ff8783ca167
0x0000004b3d8fe990:   0000004b3d8fe9e0 000001992f21fd40
0x0000004b3d8fe9a0:   0000000100233db8 000001992f21fd40
0x0000004b3d8fe9b0:   000001992e7af0a0 00007ff8783c4fb5
0x0000004b3d8fe9c0:   000001992e7af0a0 000001992f21fd40
0x0000004b3d8fe9d0:   000001992e7af0a0 000001992f21fd40
0x0000004b3d8fe9e0:   0000000000000000 0000004b3d8fed60
0x0000004b3d8fe9f0:   0000000000000000 00007ff8782d80e5
0x0000004b3d8fea00:   000001992a204fc8 000001992f21fd40
0x0000004b3d8fea10:   0000000000000001 0000000000000000
0x0000004b3d8fea20:   00000000000000b7 0000000000000000
0x0000004b3d8fea30:   0000004b3d8fed60 00007ff8782cf918
0x0000004b3d8fea40:   000001992f21e0b0 000001992f21fd40 

Instructions: (pc=0x00007ff8783641d0)
0x00007ff8783640d0:   8b f9 48 83 e7 fc 74 5a 65 48 8b 04 25 58 00 00
0x00007ff8783640e0:   00 8b 0d 11 ee 9e 00 48 89 74 24 30 48 8b 34 c8
0x00007ff8783640f0:   b8 50 00 00 00 80 3c 30 00 75 05 e8 c8 c0 6b 00
0x00007ff878364100:   b8 20 00 00 00 48 8b d7 48 8b 04 30 48 8b 88 e0
0x00007ff878364110:   04 00 00 48 8b 49 38 e8 a4 28 00 00 48 8b 74 24
0x00007ff878364120:   30 83 e3 03 48 0b c3 48 8b 5c 24 38 48 83 c4 20
0x00007ff878364130:   5f c3 83 e3 03 8b c3 48 8b 5c 24 38 48 83 c4 20
0x00007ff878364140:   5f c3 cc cc cc cc cc cc cc cc cc cc cc cc cc cc
0x00007ff878364150:   40 53 56 57 41 54 48 83 ec 28 33 f6 4c 8b e2 39
0x00007ff878364160:   35 0b 4c 94 00 48 8b d9 8b fe 0f 86 13 01 00 00
0x00007ff878364170:   8b 0d 82 ed 9e 00 65 48 8b 04 25 58 00 00 00 48
0x00007ff878364180:   89 6c 24 50 8d 6e 02 4c 89 6c 24 58 4c 89 74 24
0x00007ff878364190:   60 4c 8d 2c c8 4c 89 7c 24 20 66 0f 1f 44 00 00
0x00007ff8783641a0:   49 8b 04 24 49 8b cc ff 50 20 84 c0 48 8b ce 48
0x00007ff8783641b0:   63 c5 49 0f 45 cc 4c 8d 34 c5 00 00 00 00 48 8b
0x00007ff8783641c0:   41 08 4e 8b 7c 30 08 4d 85 ff 0f 84 85 00 00 00
0x00007ff8783641d0:   49 8b 8f 98 00 00 00 e8 94 1c 02 00 84 c0 74 3d
0x00007ff8783641e0:   49 8b 75 00 b8 50 00 00 00 80 3c 30 00 75 05 e8
0x00007ff8783641f0:   d4 bf 6b 00 b8 20 00 00 00 49 8b d7 48 8b 0c 30
0x00007ff878364200:   48 8b 89 e0 04 00 00 48 8b 49 38 e8 b0 27 00 00
0x00007ff878364210:   48 8b 4b 08 33 f6 4a 89 44 31 08 eb 41 48 8b 43
0x00007ff878364220:   08 48 89 70 08 48 63 c7 48 8d 0c 00 48 8b 43 08
0x00007ff878364230:   48 89 74 c8 18 48 8b 43 08 48 89 74 c8 20 48 8b
0x00007ff878364240:   cb 48 8b 03 ff 50 28 84 c0 75 13 48 8b 43 08 48
0x00007ff878364250:   89 70 10 eb 09 48 8b 43 08 4a 89 74 30 08 ff c7
0x00007ff878364260:   83 c5 02 3b 3d 07 4b 94 00 0f 82 31 ff ff ff 4c
0x00007ff878364270:   8b 7c 24 20 4c 8b 74 24 60 4c 8b 6c 24 58 48 8b
0x00007ff878364280:   6c 24 50 48 83 c4 28 41 5c 5f 5e 5b c3 cc cc cc
0x00007ff878364290:   48 89 5c 24 08 57 48 83 ec 20 4c 63 42 08 48 8b
0x00007ff8783642a0:   f9 48 8b 02 48 8b 50 08 4a 8b 5c c2 08 48 8b cb
0x00007ff8783642b0:   48 83 e1 fc 74 2e 48 8b 89 98 00 00 00 e8 ae 1b
0x00007ff8783642c0:   02 00 84 c0 75 1e 48 8b 07 83 e3 03 48 63 57 08 


Stack slot to memory mapping:
stack at sp + 0 slots: 0x000001993d2ca798 is pointing into metadata
stack at sp + 1 slots: 0x000001992e7af0a0 is a thread
stack at sp + 2 slots: 0x000001993d2ca798 is pointing into metadata
stack at sp + 3 slots: 0x00007ff8787c570e jvm.dll
stack at sp + 4 slots: 0x0000019930b9ac30 points into unknown readable memory: 0x00007ff878ac2418 | 18 24 ac 78 f8 7f 00 00
stack at sp + 5 slots: 0x0000019930b94220 points into unknown readable memory: 0x0000000000000000 | 00 00 00 00 00 00 00 00
stack at sp + 6 slots: 0x000001993d2ca798 is pointing into metadata
stack at sp + 7 slots: 0x000001992f21fee0 points into unknown readable memory: 0x00007ff878ac3008 | 08 30 ac 78 f8 7f 00 00


---------------  P R O C E S S  ---------------

Threads class SMR info:
_java_thread_list=0x0000019931166de0, length=37, elements={
0x000001991514ee50, 0x000001991520ce50, 0x000001991520e6f0, 0x0000019928fe3780,
0x0000019928fe4600, 0x0000019928fe6230, 0x0000019928fe7890, 0x000001992e7adff0,
0x000001992e7af0a0, 0x000001992e7b19c0, 0x00000199151b2340, 0x000001992eb8e9b0,
0x000001992ec35350, 0x000001992f207400, 0x000001992f22e540, 0x000001992f33f9c0,
0x000001992f2a6600, 0x000001992fc554a0, 0x000001992f25bf30, 0x000001992ed6f5d0,
0x000001992ed71430, 0x000001992ed70500, 0x000001992ed70a10, 0x000001992ed71940,
0x000001992ed71e50, 0x0000019930830980, 0x000001993082fa50, 0x000001993082bd90,
0x000001993082c2a0, 0x0000019930830e90, 0x000001993082a440, 0x000001993082f030,
0x000001993082f540, 0x000001993082d1d0, 0x000001993082a950, 0x000001993082dbf0,
0x000001993082ae60
}

Java Threads: ( => current thread )
  0x000001991514ee50 JavaThread "main" [_thread_blocked, id=12728, stack(0x0000004b3ce00000,0x0000004b3cf00000)]
  0x000001991520ce50 JavaThread "Reference Handler" daemon [_thread_blocked, id=1944, stack(0x0000004b3d100000,0x0000004b3d200000)]
  0x000001991520e6f0 JavaThread "Finalizer" daemon [_thread_blocked, id=9472, stack(0x0000004b3d200000,0x0000004b3d300000)]
  0x0000019928fe3780 JavaThread "Signal Dispatcher" daemon [_thread_blocked, id=2944, stack(0x0000004b3d300000,0x0000004b3d400000)]
  0x0000019928fe4600 JavaThread "Attach Listener" daemon [_thread_blocked, id=3500, stack(0x0000004b3d400000,0x0000004b3d500000)]
  0x0000019928fe6230 JavaThread "Service Thread" daemon [_thread_blocked, id=11828, stack(0x0000004b3d500000,0x0000004b3d600000)]
  0x0000019928fe7890 JavaThread "Monitor Deflation Thread" daemon [_thread_blocked, id=13168, stack(0x0000004b3d600000,0x0000004b3d700000)]
  0x000001992e7adff0 JavaThread "C2 CompilerThread0" daemon [_thread_in_native, id=12108, stack(0x0000004b3d700000,0x0000004b3d800000)]
=>0x000001992e7af0a0 JavaThread "C1 CompilerThread0" daemon [_thread_in_vm, id=7892, stack(0x0000004b3d800000,0x0000004b3d900000)]
  0x000001992e7b19c0 JavaThread "Sweeper thread" daemon [_thread_blocked, id=9768, stack(0x0000004b3d900000,0x0000004b3da00000)]
  0x00000199151b2340 JavaThread "Common-Cleaner" daemon [_thread_blocked, id=5352, stack(0x0000004b3da00000,0x0000004b3db00000)]
  0x000001992eb8e9b0 JavaThread "Notification Thread" daemon [_thread_blocked, id=6076, stack(0x0000004b3db00000,0x0000004b3dc00000)]
  0x000001992ec35350 JavaThread "C2 CompilerThread1" daemon [_thread_in_native, id=6516, stack(0x0000004b3dd00000,0x0000004b3de00000)]
  0x000001992f207400 JavaThread "Active Thread: Equinox Container: d0afc9e5-2eec-4f66-9fae-e660520dfc20" [_thread_blocked, id=13068, stack(0x0000004b3e300000,0x0000004b3e400000)]
  0x000001992f22e540 JavaThread "Framework Event Dispatcher: Equinox Container: d0afc9e5-2eec-4f66-9fae-e660520dfc20" daemon [_thread_blocked, id=2884, stack(0x0000004b3e400000,0x0000004b3e500000)]
  0x000001992f33f9c0 JavaThread "Start Level: Equinox Container: d0afc9e5-2eec-4f66-9fae-e660520dfc20" daemon [_thread_blocked, id=7396, stack(0x0000004b3e500000,0x0000004b3e600000)]
  0x000001992f2a6600 JavaThread "Bundle File Closer" daemon [_thread_blocked, id=9448, stack(0x0000004b3e600000,0x0000004b3e700000)]
  0x000001992fc554a0 JavaThread "SCR Component Actor" daemon [_thread_blocked, id=11392, stack(0x0000004b3e700000,0x0000004b3e800000)]
  0x000001992f25bf30 JavaThread "SCR Component Registry" daemon [_thread_blocked, id=11948, stack(0x0000004b3e800000,0x0000004b3e900000)]
  0x000001992ed6f5d0 JavaThread "Worker-JM" [_thread_blocked, id=9732, stack(0x0000004b3e900000,0x0000004b3ea00000)]
  0x000001992ed71430 JavaThread "Worker-0" [_thread_blocked, id=10924, stack(0x0000004b3ea00000,0x0000004b3eb00000)]
  0x000001992ed70500 JavaThread "Worker-1" [_thread_blocked, id=13048, stack(0x0000004b3eb00000,0x0000004b3ec00000)]
  0x000001992ed70a10 JavaThread "Worker-2: Update project hangman" [_thread_in_native, id=8488, stack(0x0000004b3ec00000,0x0000004b3ed00000)]
  0x000001992ed71940 JavaThread "Java indexing" daemon [_thread_blocked, id=10944, stack(0x0000004b3ed00000,0x0000004b3ee00000)]
  0x000001992ed71e50 JavaThread "Worker-3: Initialize workspace" [_thread_blocked, id=7312, stack(0x0000004b3ee00000,0x0000004b3ef00000)]
  0x0000019930830980 JavaThread "JNA Cleaner" daemon [_thread_blocked, id=9912, stack(0x0000004b3ef00000,0x0000004b3f000000)]
  0x000001993082fa50 JavaThread "pool-2-thread-1" [_thread_blocked, id=5592, stack(0x0000004b3f200000,0x0000004b3f300000)]
  0x000001993082bd90 JavaThread "WorkspaceEventsHandler" [_thread_blocked, id=7960, stack(0x0000004b3f300000,0x0000004b3f400000)]
  0x000001993082c2a0 JavaThread "pool-1-thread-1" [_thread_in_native, id=888, stack(0x0000004b3f400000,0x0000004b3f500000)]
  0x0000019930830e90 JavaThread "Worker-4" [_thread_blocked, id=12864, stack(0x0000004b3f500000,0x0000004b3f600000)]
  0x000001993082a440 JavaThread "Worker-5" [_thread_blocked, id=6004, stack(0x0000004b3f600000,0x0000004b3f700000)]
  0x000001993082f030 JavaThread "ForkJoinPool.commonPool-worker-1" daemon [_thread_blocked, id=272, stack(0x0000004b3f700000,0x0000004b3f800000)]
  0x000001993082f540 JavaThread "ForkJoinPool.commonPool-worker-2" daemon [_thread_blocked, id=12212, stack(0x0000004b3f800000,0x0000004b3f900000)]
  0x000001993082d1d0 JavaThread "ForkJoinPool.commonPool-worker-3" daemon [_thread_blocked, id=776, stack(0x0000004b3f900000,0x0000004b3fa00000)]
  0x000001993082a950 JavaThread "ForkJoinPool.commonPool-worker-4" daemon [_thread_blocked, id=4164, stack(0x0000004b3fa00000,0x0000004b3fb00000)]
  0x000001993082dbf0 JavaThread "ForkJoinPool.commonPool-worker-5" daemon [_thread_blocked, id=1164, stack(0x0000004b3fb00000,0x0000004b3fc00000)]
  0x000001993082ae60 JavaThread "Worker-6" [_thread_blocked, id=6980, stack(0x0000004b3fc00000,0x0000004b3fd00000)]

Other Threads:
  0x0000019928fbd920 VMThread "VM Thread" [stack: 0x0000004b3d000000,0x0000004b3d100000] [id=10816]
  0x000001992ebd8200 WatcherThread [stack: 0x0000004b3dc00000,0x0000004b3dd00000] [id=12192]
  0x00000199151653c0 GCTaskThread "GC Thread#0" [stack: 0x0000004b3cf00000,0x0000004b3d000000] [id=3028]
  0x000001992f0b6e70 GCTaskThread "GC Thread#1" [stack: 0x0000004b3de00000,0x0000004b3df00000] [id=12968]
  0x000001992f0b7130 GCTaskThread "GC Thread#2" [stack: 0x0000004b3df00000,0x0000004b3e000000] [id=12484]
  0x000001992f58c9b0 GCTaskThread "GC Thread#3" [stack: 0x0000004b3e000000,0x0000004b3e100000] [id=8676]
  0x000001992f58cc70 GCTaskThread "GC Thread#4" [stack: 0x0000004b3e100000,0x0000004b3e200000] [id=12964]
  0x000001992f0b15b0 GCTaskThread "GC Thread#5" [stack: 0x0000004b3e200000,0x0000004b3e300000] [id=8244]

Threads with active compile tasks:
C2 CompilerThread0     7630 11100       4       org.eclipse.jdt.internal.compiler.lookup.BinaryTypeBinding::createMethod (1717 bytes)
C1 CompilerThread0     7630 12133   !   2       org.eclipse.core.internal.jobs.LockManager::removeLockThread (53 bytes)
C2 CompilerThread1     7630 11969       4       org.eclipse.jdt.internal.core.JavaModelCache::getInfo (156 bytes)

VM state: not at safepoint (normal execution)

VM Mutex/Monitor currently owned by a thread: None

Heap address: 0x00000000c0000000, size: 1024 MB, Compressed Oops mode: 32-bit

CDS archive(s) not mapped
Compressed class space mapped at: 0x0000000100000000-0x0000000140000000, reserved size: 1073741824
Narrow klass base: 0x0000000000000000, Narrow klass shift: 3, Narrow klass range: 0x140000000

GC Precious Log:
 CPUs: 6 total, 6 available
 Memory: 12158M
 Large Page Support: Disabled
 NUMA Support: Disabled
 Compressed Oops: Enabled (32-bit)
 Alignments: Space 512K, Generation 512K, Heap 2M
 Heap Min Capacity: 100M
 Heap Initial Capacity: 100M
 Heap Max Capacity: 1G
 Pre-touch: Disabled
 Parallel Workers: 6

Heap:
 PSYoungGen      total 31232K, used 26633K [0x00000000eab00000, 0x00000000ed180000, 0x0000000100000000)
  eden space 25600K, 82% used [0x00000000eab00000,0x00000000ebf95378,0x00000000ec400000)
  from space 5632K, 98% used [0x00000000eca80000,0x00000000ecfed430,0x00000000ed000000)
  to   space 1536K, 0% used [0x00000000ed000000,0x00000000ed000000,0x00000000ed180000)
 ParOldGen       total 130048K, used 109141K [0x00000000c0000000, 0x00000000c7f00000, 0x00000000eab00000)
  object space 130048K, 83% used [0x00000000c0000000,0x00000000c6a95768,0x00000000c7f00000)
 Metaspace       used 75808K, committed 77184K, reserved 1179648K
  class space    used 7884K, committed 8512K, reserved 1048576K

Card table byte_map: [0x0000019914b20000,0x0000019914d30000] _byte_map_base: 0x0000019914520000

Marking Bits: (ParMarkBitMap*) 0x00007ff878d2d7d0
 Begin Bits: [0x0000019926df0000, 0x0000019927df0000)
 End Bits:   [0x0000019927df0000, 0x0000019928df0000)

Polling page: 0x0000019914910000

Metaspace:

Usage:
  Non-class:     66.33 MB used.
      Class:      7.70 MB used.
       Both:     74.03 MB used.

Virtual space:
  Non-class space:      128.00 MB reserved,      67.06 MB ( 52%) committed,  2 nodes.
      Class space:        1.00 GB reserved,       8.31 MB ( <1%) committed,  1 nodes.
             Both:        1.12 GB reserved,      75.38 MB (  7%) committed. 

Chunk freelists:
   Non-Class:  12.03 MB
       Class:  7.66 MB
        Both:  19.69 MB

MaxMetaspaceSize: unlimited
CompressedClassSpaceSize: 1.00 GB
Initial GC threshold: 21.00 MB
Current GC threshold: 122.19 MB
CDS: off
MetaspaceReclaimPolicy: balanced
 - commit_granule_bytes: 65536.
 - commit_granule_words: 8192.
 - virtual_space_node_default_size: 8388608.
 - enlarge_chunks_in_place: 1.
 - new_chunks_are_fully_committed: 0.
 - uncommit_free_chunks: 1.
 - use_allocation_guard: 0.
 - handle_deallocations: 1.


Internal statistics:

num_allocs_failed_limit: 9.
num_arena_births: 948.
num_arena_deaths: 16.
num_vsnodes_births: 3.
num_vsnodes_deaths: 0.
num_space_committed: 1206.
num_space_uncommitted: 0.
num_chunks_returned_to_freelist: 25.
num_chunks_taken_from_freelist: 4252.
num_chunk_merges: 14.
num_chunk_splits: 2583.
num_chunks_enlarged: 1425.
num_inconsistent_stats: 0.

CodeHeap 'non-profiled nmethods': size=120000Kb used=4955Kb max_used=4955Kb free=115044Kb
 bounds [0x000001991f8c0000, 0x000001991fda0000, 0x0000019926df0000]
CodeHeap 'profiled nmethods': size=120000Kb used=21752Kb max_used=21752Kb free=98247Kb
 bounds [0x0000019917df0000, 0x0000019919330000, 0x000001991f320000]
CodeHeap 'non-nmethods': size=5760Kb used=1367Kb max_used=1463Kb free=4392Kb
 bounds [0x000001991f320000, 0x000001991f590000, 0x000001991f8c0000]
 total_blobs=11104 nmethods=10390 adapters=626
 compilation: enabled
              stopped_count=0, restarted_count=0
 full_count=0

Compilation events (20 events):
Event: 7.573 Thread 0x000001992e7af0a0 nmethod 12114 0x000001991932b810 code [0x000001991932b9c0, 0x000001991932bb88]
Event: 7.573 Thread 0x000001992e7af0a0 12110       2       java.io.ObjectStreamClass::hasWriteObjectMethod (17 bytes)
Event: 7.573 Thread 0x000001992e7af0a0 nmethod 12110 0x000001991932bd10 code [0x000001991932bec0, 0x000001991932c0a8]
Event: 7.575 Thread 0x000001992ec35350 nmethod 12011 0x000001991fd8f710 code [0x000001991fd8f8e0, 0x000001991fd901b8]
Event: 7.575 Thread 0x000001992ec35350 12126       4       java.util.HashMap::keysToArray (81 bytes)
Event: 7.577 Thread 0x000001992ec35350 nmethod 12126 0x000001991fd90810 code [0x000001991fd909a0, 0x000001991fd90b78]
Event: 7.577 Thread 0x000001992ec35350 11999       4       org.eclipse.core.runtime.Path::<init> (37 bytes)
Event: 7.577 Thread 0x000001992ec35350 nmethod 11999 0x000001991fd90d10 code [0x000001991fd90e80, 0x000001991fd90f38]
Event: 7.577 Thread 0x000001992ec35350 12003  s    4       org.eclipse.jdt.internal.core.JavaModelManager::getInfo (39 bytes)
Event: 7.586 Thread 0x000001992e7af0a0 12128       1       sun.util.calendar.CalendarDate::setDayOfWeek (6 bytes)
Event: 7.586 Thread 0x000001992e7af0a0 nmethod 12128 0x000001991fd91010 code [0x000001991fd911a0, 0x000001991fd91278]
Event: 7.589 Thread 0x000001992e7af0a0 12129       3       java.nio.charset.CharsetDecoder::<init> (100 bytes)
Event: 7.589 Thread 0x000001992e7af0a0 nmethod 12129 0x000001991932c190 code [0x000001991932c380, 0x000001991932c8f8]
Event: 7.594 Thread 0x000001992e7af0a0 12130       2       sun.security.provider.DigestBase::engineUpdate (32 bytes)
Event: 7.595 Thread 0x000001992e7af0a0 nmethod 12130 0x000001991932ca90 code [0x000001991932cc40, 0x000001991932ce68]
Event: 7.600 Thread 0x000001992e7af0a0 12131   !   2       org.eclipse.core.runtime.SafeRunner::run (20 bytes)
Event: 7.600 Thread 0x000001992e7af0a0 nmethod 12131 0x000001991932cf90 code [0x000001991932d1c0, 0x000001991932d5a8]
Event: 7.601 Thread 0x000001992e7af0a0 12132   !   2       org.eclipse.core.internal.jobs.LockManager::addLockThread (53 bytes)
Event: 7.601 Thread 0x000001992e7af0a0 nmethod 12132 0x000001991932d890 code [0x000001991932da60, 0x000001991932dda8]
Event: 7.601 Thread 0x000001992e7af0a0 12133   !   2       org.eclipse.core.internal.jobs.LockManager::removeLockThread (53 bytes)

GC Heap History (20 events):
Event: 6.513 GC heap before
{Heap before GC invocations=57 (full 3):
 PSYoungGen      total 20992K, used 20811K [0x00000000eab00000, 0x00000000ec200000, 0x0000000100000000)
  eden space 18432K, 99% used [0x00000000eab00000,0x00000000ebcefe38,0x00000000ebd00000)
  from space 2560K, 95% used [0x00000000ebe00000,0x00000000ec062fc0,0x00000000ec080000)
  to   space 1536K, 0% used [0x00000000ec080000,0x00000000ec080000,0x00000000ec200000)
 ParOldGen       total 68608K, used 64392K [0x00000000c0000000, 0x00000000c4300000, 0x00000000eab00000)
  object space 68608K, 93% used [0x00000000c0000000,0x00000000c3ee21e8,0x00000000c4300000)
 Metaspace       used 73232K, committed 74560K, reserved 1179648K
  class space    used 7714K, committed 8320K, reserved 1048576K
}
Event: 6.516 GC heap after
{Heap after GC invocations=57 (full 3):
 PSYoungGen      total 19968K, used 1249K [0x00000000eab00000, 0x00000000ec200000, 0x0000000100000000)
  eden space 18432K, 0% used [0x00000000eab00000,0x00000000eab00000,0x00000000ebd00000)
  from space 1536K, 81% used [0x00000000ec080000,0x00000000ec1b8770,0x00000000ec200000)
  to   space 2048K, 0% used [0x00000000ebe00000,0x00000000ebe00000,0x00000000ec000000)
 ParOldGen       total 72704K, used 72435K [0x00000000c0000000, 0x00000000c4700000, 0x00000000eab00000)
  object space 72704K, 99% used [0x00000000c0000000,0x00000000c46bcf18,0x00000000c4700000)
 Metaspace       used 73232K, committed 74560K, reserved 1179648K
  class space    used 7714K, committed 8320K, reserved 1048576K
}
Event: 6.516 GC heap before
{Heap before GC invocations=58 (full 4):
 PSYoungGen      total 19968K, used 1249K [0x00000000eab00000, 0x00000000ec200000, 0x0000000100000000)
  eden space 18432K, 0% used [0x00000000eab00000,0x00000000eab00000,0x00000000ebd00000)
  from space 1536K, 81% used [0x00000000ec080000,0x00000000ec1b8770,0x00000000ec200000)
  to   space 2048K, 0% used [0x00000000ebe00000,0x00000000ebe00000,0x00000000ec000000)
 ParOldGen       total 72704K, used 72435K [0x00000000c0000000, 0x00000000c4700000, 0x00000000eab00000)
  object space 72704K, 99% used [0x00000000c0000000,0x00000000c46bcf18,0x00000000c4700000)
 Metaspace       used 73232K, committed 74560K, reserved 1179648K
  class space    used 7714K, committed 8320K, reserved 1048576K
}
Event: 6.571 GC heap after
{Heap after GC invocations=58 (full 4):
 PSYoungGen      total 18944K, used 0K [0x00000000eab00000, 0x00000000ec100000, 0x0000000100000000)
  eden space 18432K, 0% used [0x00000000eab00000,0x00000000eab00000,0x00000000ebd00000)
  from space 512K, 0% used [0x00000000ebe00000,0x00000000ebe00000,0x00000000ebe80000)
  to   space 2048K, 0% used [0x00000000ebf00000,0x00000000ebf00000,0x00000000ec100000)
 ParOldGen       total 99840K, used 65435K [0x00000000c0000000, 0x00000000c6180000, 0x00000000eab00000)
  object space 99840K, 65% used [0x00000000c0000000,0x00000000c3fe6f80,0x00000000c6180000)
 Metaspace       used 73230K, committed 74560K, reserved 1179648K
  class space    used 7714K, committed 8320K, reserved 1048576K
}
Event: 6.633 GC heap before
{Heap before GC invocations=59 (full 5):
 PSYoungGen      total 18944K, used 18432K [0x00000000eab00000, 0x00000000ec100000, 0x0000000100000000)
  eden space 18432K, 100% used [0x00000000eab00000,0x00000000ebd00000,0x00000000ebd00000)
  from space 512K, 0% used [0x00000000ebe00000,0x00000000ebe00000,0x00000000ebe80000)
  to   space 2048K, 0% used [0x00000000ebf00000,0x00000000ebf00000,0x00000000ec100000)
 ParOldGen       total 111104K, used 102774K [0x00000000c0000000, 0x00000000c6c80000, 0x00000000eab00000)
  object space 111104K, 92% used [0x00000000c0000000,0x00000000c645dad0,0x00000000c6c80000)
 Metaspace       used 73772K, committed 75072K, reserved 1179648K
  class space    used 7745K, committed 8384K, reserved 1048576K
}
Event: 6.675 GC heap after
{Heap after GC invocations=59 (full 5):
 PSYoungGen      total 20480K, used 0K [0x00000000eab00000, 0x00000000ec200000, 0x0000000100000000)
  eden space 18432K, 0% used [0x00000000eab00000,0x00000000eab00000,0x00000000ebd00000)
  from space 2048K, 0% used [0x00000000ebf00000,0x00000000ebf00000,0x00000000ec100000)
  to   space 2048K, 0% used [0x00000000ebd00000,0x00000000ebd00000,0x00000000ebf00000)
 ParOldGen       total 130048K, used 74560K [0x00000000c0000000, 0x00000000c7f00000, 0x00000000eab00000)
  object space 130048K, 57% used [0x00000000c0000000,0x00000000c48d0150,0x00000000c7f00000)
 Metaspace       used 73772K, committed 75072K, reserved 1179648K
  class space    used 7745K, committed 8384K, reserved 1048576K
}
Event: 6.725 GC heap before
{Heap before GC invocations=60 (full 5):
 PSYoungGen      total 20480K, used 18432K [0x00000000eab00000, 0x00000000ec200000, 0x0000000100000000)
  eden space 18432K, 100% used [0x00000000eab00000,0x00000000ebd00000,0x00000000ebd00000)
  from space 2048K, 0% used [0x00000000ebf00000,0x00000000ebf00000,0x00000000ec100000)
  to   space 2048K, 0% used [0x00000000ebd00000,0x00000000ebd00000,0x00000000ebf00000)
 ParOldGen       total 130048K, used 74560K [0x00000000c0000000, 0x00000000c7f00000, 0x00000000eab00000)
  object space 130048K, 57% used [0x00000000c0000000,0x00000000c48d0150,0x00000000c7f00000)
 Metaspace       used 73977K, committed 75264K, reserved 1179648K
  class space    used 7751K, committed 8384K, reserved 1048576K
}
Event: 6.731 GC heap after
{Heap after GC invocations=60 (full 5):
 PSYoungGen      total 20480K, used 2018K [0x00000000eab00000, 0x00000000ed700000, 0x0000000100000000)
  eden space 18432K, 0% used [0x00000000eab00000,0x00000000eab00000,0x00000000ebd00000)
  from space 2048K, 98% used [0x00000000ebd00000,0x00000000ebef8b48,0x00000000ebf00000)
  to   space 12800K, 0% used [0x00000000eca80000,0x00000000eca80000,0x00000000ed700000)
 ParOldGen       total 130048K, used 83560K [0x00000000c0000000, 0x00000000c7f00000, 0x00000000eab00000)
  object space 130048K, 64% used [0x00000000c0000000,0x00000000c519a150,0x00000000c7f00000)
 Metaspace       used 73977K, committed 75264K, reserved 1179648K
  class space    used 7751K, committed 8384K, reserved 1048576K
}
Event: 6.760 GC heap before
{Heap before GC invocations=61 (full 5):
 PSYoungGen      total 20480K, used 20450K [0x00000000eab00000, 0x00000000ed700000, 0x0000000100000000)
  eden space 18432K, 100% used [0x00000000eab00000,0x00000000ebd00000,0x00000000ebd00000)
  from space 2048K, 98% used [0x00000000ebd00000,0x00000000ebef8b48,0x00000000ebf00000)
  to   space 12800K, 0% used [0x00000000eca80000,0x00000000eca80000,0x00000000ed700000)
 ParOldGen       total 130048K, used 83560K [0x00000000c0000000, 0x00000000c7f00000, 0x00000000eab00000)
  object space 130048K, 64% used [0x00000000c0000000,0x00000000c519a150,0x00000000c7f00000)
 Metaspace       used 73984K, committed 75328K, reserved 1179648K
  class space    used 7751K, committed 8384K, reserved 1048576K
}
Event: 6.765 GC heap after
{Heap after GC invocations=61 (full 5):
 PSYoungGen      total 30720K, used 11077K [0x00000000eab00000, 0x00000000ed580000, 0x0000000100000000)
  eden space 19456K, 0% used [0x00000000eab00000,0x00000000eab00000,0x00000000ebe00000)
  from space 11264K, 98% used [0x00000000eca80000,0x00000000ed5516e8,0x00000000ed580000)
  to   space 11776K, 0% used [0x00000000ebe80000,0x00000000ebe80000,0x00000000eca00000)
 ParOldGen       total 130048K, used 85553K [0x00000000c0000000, 0x00000000c7f00000, 0x00000000eab00000)
  object space 130048K, 65% used [0x00000000c0000000,0x00000000c538c410,0x00000000c7f00000)
 Metaspace       used 73984K, committed 75328K, reserved 1179648K
  class space    used 7751K, committed 8384K, reserved 1048576K
}
Event: 6.795 GC heap before
{Heap before GC invocations=62 (full 5):
 PSYoungGen      total 30720K, used 30533K [0x00000000eab00000, 0x00000000ed580000, 0x0000000100000000)
  eden space 19456K, 100% used [0x00000000eab00000,0x00000000ebe00000,0x00000000ebe00000)
  from space 11264K, 98% used [0x00000000eca80000,0x00000000ed5516e8,0x00000000ed580000)
  to   space 11776K, 0% used [0x00000000ebe80000,0x00000000ebe80000,0x00000000eca00000)
 ParOldGen       total 130048K, used 85553K [0x00000000c0000000, 0x00000000c7f00000, 0x00000000eab00000)
  object space 130048K, 65% used [0x00000000c0000000,0x00000000c538c410,0x00000000c7f00000)
 Metaspace       used 74071K, committed 75392K, reserved 1179648K
  class space    used 7757K, committed 8384K, reserved 1048576K
}
Event: 6.804 GC heap after
{Heap after GC invocations=62 (full 5):
 PSYoungGen      total 31744K, used 11744K [0x00000000eab00000, 0x00000000ef280000, 0x0000000100000000)
  eden space 19968K, 0% used [0x00000000eab00000,0x00000000eab00000,0x00000000ebe80000)
  from space 11776K, 99% used [0x00000000ebe80000,0x00000000ec9f8070,0x00000000eca00000)
  to   space 26112K, 0% used [0x00000000ed900000,0x00000000ed900000,0x00000000ef280000)
 ParOldGen       total 130048K, used 97401K [0x00000000c0000000, 0x00000000c7f00000, 0x00000000eab00000)
  object space 130048K, 74% used [0x00000000c0000000,0x00000000c5f1e410,0x00000000c7f00000)
 Metaspace       used 74071K, committed 75392K, reserved 1179648K
  class space    used 7757K, committed 8384K, reserved 1048576K
}
Event: 6.885 GC heap before
{Heap before GC invocations=63 (full 5):
 PSYoungGen      total 31744K, used 31712K [0x00000000eab00000, 0x00000000ef280000, 0x0000000100000000)
  eden space 19968K, 100% used [0x00000000eab00000,0x00000000ebe80000,0x00000000ebe80000)
  from space 11776K, 99% used [0x00000000ebe80000,0x00000000ec9f8070,0x00000000eca00000)
  to   space 26112K, 0% used [0x00000000ed900000,0x00000000ed900000,0x00000000ef280000)
 ParOldGen       total 130048K, used 97401K [0x00000000c0000000, 0x00000000c7f00000, 0x00000000eab00000)
  object space 130048K, 74% used [0x00000000c0000000,0x00000000c5f1e410,0x00000000c7f00000)
 Metaspace       used 74319K, committed 75712K, reserved 1179648K
  class space    used 7769K, committed 8384K, reserved 1048576K
}
Event: 6.893 GC heap after
{Heap after GC invocations=63 (full 5):
 PSYoungGen      total 28672K, used 6736K [0x00000000eab00000, 0x00000000ee000000, 0x0000000100000000)
  eden space 21504K, 0% used [0x00000000eab00000,0x00000000eab00000,0x00000000ec000000)
  from space 7168K, 93% used [0x00000000ed900000,0x00000000edf94030,0x00000000ee000000)
  to   space 13312K, 0% used [0x00000000ec600000,0x00000000ec600000,0x00000000ed300000)
 ParOldGen       total 130048K, used 109117K [0x00000000c0000000, 0x00000000c7f00000, 0x00000000eab00000)
  object space 130048K, 83% used [0x00000000c0000000,0x00000000c6a8f768,0x00000000c7f00000)
 Metaspace       used 74319K, committed 75712K, reserved 1179648K
  class space    used 7769K, committed 8384K, reserved 1048576K
}
Event: 6.983 GC heap before
{Heap before GC invocations=64 (full 5):
 PSYoungGen      total 28672K, used 28240K [0x00000000eab00000, 0x00000000ee000000, 0x0000000100000000)
  eden space 21504K, 100% used [0x00000000eab00000,0x00000000ec000000,0x00000000ec000000)
  from space 7168K, 93% used [0x00000000ed900000,0x00000000edf94030,0x00000000ee000000)
  to   space 13312K, 0% used [0x00000000ec600000,0x00000000ec600000,0x00000000ed300000)
 ParOldGen       total 130048K, used 109117K [0x00000000c0000000, 0x00000000c7f00000, 0x00000000eab00000)
  object space 130048K, 83% used [0x00000000c0000000,0x00000000c6a8f768,0x00000000c7f00000)
 Metaspace       used 75053K, committed 76416K, reserved 1179648K
  class space    used 7828K, committed 8448K, reserved 1048576K
}
Event: 6.987 GC heap after
{Heap after GC invocations=64 (full 5):
 PSYoungGen      total 30720K, used 7429K [0x00000000eab00000, 0x00000000ed980000, 0x0000000100000000)
  eden space 23040K, 0% used [0x00000000eab00000,0x00000000eab00000,0x00000000ec180000)
  from space 7680K, 96% used [0x00000000ec600000,0x00000000ecd41440,0x00000000ecd80000)
  to   space 8704K, 0% used [0x00000000ed100000,0x00000000ed100000,0x00000000ed980000)
 ParOldGen       total 130048K, used 109125K [0x00000000c0000000, 0x00000000c7f00000, 0x00000000eab00000)
  object space 130048K, 83% used [0x00000000c0000000,0x00000000c6a91768,0x00000000c7f00000)
 Metaspace       used 75053K, committed 76416K, reserved 1179648K
  class space    used 7828K, committed 8448K, reserved 1048576K
}
Event: 7.160 GC heap before
{Heap before GC invocations=65 (full 5):
 PSYoungGen      total 30720K, used 30469K [0x00000000eab00000, 0x00000000ed980000, 0x0000000100000000)
  eden space 23040K, 100% used [0x00000000eab00000,0x00000000ec180000,0x00000000ec180000)
  from space 7680K, 96% used [0x00000000ec600000,0x00000000ecd41440,0x00000000ecd80000)
  to   space 8704K, 0% used [0x00000000ed100000,0x00000000ed100000,0x00000000ed980000)
 ParOldGen       total 130048K, used 109125K [0x00000000c0000000, 0x00000000c7f00000, 0x00000000eab00000)
  object space 130048K, 83% used [0x00000000c0000000,0x00000000c6a91768,0x00000000c7f00000)
 Metaspace       used 75321K, committed 76672K, reserved 1179648K
  class space    used 7841K, committed 8448K, reserved 1048576K
}
Event: 7.162 GC heap after
{Heap after GC invocations=65 (full 5):
 PSYoungGen      total 30208K, used 5228K [0x00000000eab00000, 0x00000000ed680000, 0x0000000100000000)
  eden space 24576K, 0% used [0x00000000eab00000,0x00000000eab00000,0x00000000ec300000)
  from space 5632K, 92% used [0x00000000ed100000,0x00000000ed61b058,0x00000000ed680000)
  to   space 6144K, 0% used [0x00000000eca80000,0x00000000eca80000,0x00000000ed080000)
 ParOldGen       total 130048K, used 109133K [0x00000000c0000000, 0x00000000c7f00000, 0x00000000eab00000)
  object space 130048K, 83% used [0x00000000c0000000,0x00000000c6a93768,0x00000000c7f00000)
 Metaspace       used 75321K, committed 76672K, reserved 1179648K
  class space    used 7841K, committed 8448K, reserved 1048576K
}
Event: 7.415 GC heap before
{Heap before GC invocations=66 (full 5):
 PSYoungGen      total 30208K, used 29804K [0x00000000eab00000, 0x00000000ed680000, 0x0000000100000000)
  eden space 24576K, 100% used [0x00000000eab00000,0x00000000ec300000,0x00000000ec300000)
  from space 5632K, 92% used [0x00000000ed100000,0x00000000ed61b058,0x00000000ed680000)
  to   space 6144K, 0% used [0x00000000eca80000,0x00000000eca80000,0x00000000ed080000)
 ParOldGen       total 130048K, used 109133K [0x00000000c0000000, 0x00000000c7f00000, 0x00000000eab00000)
  object space 130048K, 83% used [0x00000000c0000000,0x00000000c6a93768,0x00000000c7f00000)
 Metaspace       used 75512K, committed 76800K, reserved 1179648K
  class space    used 7856K, committed 8448K, reserved 1048576K
}
Event: 7.417 GC heap after
{Heap after GC invocations=66 (full 5):
 PSYoungGen      total 31232K, used 5557K [0x00000000eab00000, 0x00000000ed180000, 0x0000000100000000)
  eden space 25600K, 0% used [0x00000000eab00000,0x00000000eab00000,0x00000000ec400000)
  from space 5632K, 98% used [0x00000000eca80000,0x00000000ecfed430,0x00000000ed000000)
  to   space 1536K, 0% used [0x00000000ed000000,0x00000000ed000000,0x00000000ed180000)
 ParOldGen       total 130048K, used 109141K [0x00000000c0000000, 0x00000000c7f00000, 0x00000000eab00000)
  object space 130048K, 83% used [0x00000000c0000000,0x00000000c6a95768,0x00000000c7f00000)
 Metaspace       used 75512K, committed 76800K, reserved 1179648K
  class space    used 7856K, committed 8448K, reserved 1048576K
}

Dll operation events (11 events):
Event: 0.004 Loaded shared library c:\Users\Usuario\.vscode\extensions\redhat.java-1.28.1-win32-x64\jre\17.0.10-win32-x86_64\bin\java.dll
Event: 0.091 Loaded shared library c:\Users\Usuario\.vscode\extensions\redhat.java-1.28.1-win32-x64\jre\17.0.10-win32-x86_64\bin\zip.dll
Event: 0.093 Loaded shared library C:\Users\Usuario\.vscode\extensions\redhat.java-1.28.1-win32-x64\jre\17.0.10-win32-x86_64\bin\instrument.dll
Event: 0.101 Loaded shared library C:\Users\Usuario\.vscode\extensions\redhat.java-1.28.1-win32-x64\jre\17.0.10-win32-x86_64\bin\net.dll
Event: 0.103 Loaded shared library C:\Users\Usuario\.vscode\extensions\redhat.java-1.28.1-win32-x64\jre\17.0.10-win32-x86_64\bin\nio.dll
Event: 0.107 Loaded shared library C:\Users\Usuario\.vscode\extensions\redhat.java-1.28.1-win32-x64\jre\17.0.10-win32-x86_64\bin\zip.dll
Event: 0.116 Loaded shared library C:\Users\Usuario\.vscode\extensions\redhat.java-1.28.1-win32-x64\jre\17.0.10-win32-x86_64\bin\jimage.dll
Event: 0.163 Loaded shared library c:\Users\Usuario\.vscode\extensions\redhat.java-1.28.1-win32-x64\jre\17.0.10-win32-x86_64\bin\verify.dll
Event: 0.928 Loaded shared library C:\Users\Usuario\AppData\Roaming\Code\User\globalStorage\redhat.java\1.28.1\config_win\org.eclipse.equinox.launcher\org.eclipse.equinox.launcher.win32.win32.x86_64_1.2.900.v20240129-1338\eclipse_11900.dll
Event: 2.590 Loaded shared library C:\Users\Usuario\AppData\Local\Temp\jna-1531808526\jna5102730788196331627.dll
Event: 6.411 Loaded shared library C:\Users\Usuario\.vscode\extensions\redhat.java-1.28.1-win32-x64\jre\17.0.10-win32-x86_64\bin\sunmscapi.dll

Deoptimization events (20 events):
Event: 7.064 Thread 0x000001992ed71940 DEOPT PACKING pc=0x000001991fcd7734 sp=0x0000004b3edfe070
Event: 7.064 Thread 0x000001992ed71940 DEOPT UNPACKING pc=0x000001991f3766a3 sp=0x0000004b3edfdfa8 mode 2
Event: 7.087 Thread 0x000001992ed71940 Uncommon trap: trap_request=0xffffffde fr.pc=0x000001991fd4a78c relative=0x000000000000098c
Event: 7.087 Thread 0x000001992ed71940 Uncommon trap: reason=class_check action=maybe_recompile pc=0x000001991fd4a78c method=org.eclipse.jdt.internal.compiler.parser.Parser.consumeRule(I)V @ 4345 c2
Event: 7.087 Thread 0x000001992ed71940 DEOPT PACKING pc=0x000001991fd4a78c sp=0x0000004b3edfee90
Event: 7.087 Thread 0x000001992ed71940 DEOPT UNPACKING pc=0x000001991f3766a3 sp=0x0000004b3edfee20 mode 2
Event: 7.104 Thread 0x000001993082f030 DEOPT PACKING pc=0x00000199185deb43 sp=0x0000004b3f7fd9e0
Event: 7.104 Thread 0x000001993082f030 DEOPT UNPACKING pc=0x000001991f376e43 sp=0x0000004b3f7fce68 mode 0
Event: 7.282 Thread 0x0000019930830470 DEOPT PACKING pc=0x00000199189fda1d sp=0x0000004b3fefe190
Event: 7.282 Thread 0x0000019930830470 DEOPT UNPACKING pc=0x000001991f376e43 sp=0x0000004b3fefd698 mode 0
Event: 7.479 Thread 0x000001992ed70a10 DEOPT PACKING pc=0x0000019918af30b4 sp=0x0000004b3ecfd8f0
Event: 7.479 Thread 0x000001992ed70a10 DEOPT UNPACKING pc=0x000001991f376e43 sp=0x0000004b3ecfcd60 mode 0
Event: 7.483 Thread 0x000001992ed70a10 DEOPT PACKING pc=0x0000019918af30b4 sp=0x0000004b3ecfd8b0
Event: 7.483 Thread 0x000001992ed70a10 DEOPT UNPACKING pc=0x000001991f376e43 sp=0x0000004b3ecfcd20 mode 0
Event: 7.492 Thread 0x000001992ed70a10 DEOPT PACKING pc=0x0000019918af30b4 sp=0x0000004b3ecfd8b0
Event: 7.492 Thread 0x000001992ed70a10 DEOPT UNPACKING pc=0x000001991f376e43 sp=0x0000004b3ecfcd20 mode 0
Event: 7.579 Thread 0x000001992ed70a10 DEOPT PACKING pc=0x0000019918af30b4 sp=0x0000004b3ecfdb80
Event: 7.579 Thread 0x000001992ed70a10 DEOPT UNPACKING pc=0x000001991f376e43 sp=0x0000004b3ecfcff0 mode 0
Event: 7.582 Thread 0x000001992ed70a10 DEOPT PACKING pc=0x0000019918af30b4 sp=0x0000004b3ecfdb80
Event: 7.582 Thread 0x000001992ed70a10 DEOPT UNPACKING pc=0x000001991f376e43 sp=0x0000004b3ecfcff0 mode 0

Classes unloaded (8 events):
Event: 1.717 Thread 0x0000019928fbd920 Unloading class 0x0000000100248400 'java/lang/invoke/LambdaForm$MH+0x0000000100248400'
Event: 1.717 Thread 0x0000019928fbd920 Unloading class 0x0000000100248000 'java/lang/invoke/LambdaForm$MH+0x0000000100248000'
Event: 1.717 Thread 0x0000019928fbd920 Unloading class 0x0000000100247c00 'java/lang/invoke/LambdaForm$MH+0x0000000100247c00'
Event: 1.717 Thread 0x0000019928fbd920 Unloading class 0x0000000100247800 'java/lang/invoke/LambdaForm$MH+0x0000000100247800'
Event: 1.717 Thread 0x0000019928fbd920 Unloading class 0x0000000100247400 'java/lang/invoke/LambdaForm$BMH+0x0000000100247400'
Event: 1.717 Thread 0x0000019928fbd920 Unloading class 0x0000000100247000 'java/lang/invoke/LambdaForm$DMH+0x0000000100247000'
Event: 1.717 Thread 0x0000019928fbd920 Unloading class 0x0000000100244400 'java/lang/invoke/LambdaForm$DMH+0x0000000100244400'
Event: 6.532 Thread 0x0000019928fbd920 Unloading class 0x00000001006dc000 'java/lang/invoke/LambdaForm$DMH+0x00000001006dc000'

Classes redefined (0 events):
No events

Internal exceptions (20 events):
Event: 6.758 Thread 0x000001993082f030 Exception <a 'sun/nio/fs/WindowsException'{0x00000000ebb50498}> (0x00000000ebb50498) 
thrown [s\src\hotspot\share\prims\jni.cpp, line 516]
Event: 6.772 Thread 0x000001993082f030 Exception <a 'sun/nio/fs/WindowsException'{0x00000000eb000e70}> (0x00000000eb000e70) 
thrown [s\src\hotspot\share\prims\jni.cpp, line 516]
Event: 6.775 Thread 0x000001993082f030 Exception <a 'sun/nio/fs/WindowsException'{0x00000000eb09e8e0}> (0x00000000eb09e8e0) 
thrown [s\src\hotspot\share\prims\jni.cpp, line 516]
Event: 6.781 Thread 0x000001993082f030 Exception <a 'sun/nio/fs/WindowsException'{0x00000000eb5cc830}> (0x00000000eb5cc830) 
thrown [s\src\hotspot\share\prims\jni.cpp, line 516]
Event: 6.781 Thread 0x000001993082f030 Exception <a 'sun/nio/fs/WindowsException'{0x00000000eb5cd418}> (0x00000000eb5cd418) 
thrown [s\src\hotspot\share\prims\jni.cpp, line 516]
Event: 6.781 Thread 0x000001993082f030 Exception <a 'sun/nio/fs/WindowsException'{0x00000000eb5ce038}> (0x00000000eb5ce038) 
thrown [s\src\hotspot\share\prims\jni.cpp, line 516]
Event: 6.781 Thread 0x000001993082f030 Exception <a 'sun/nio/fs/WindowsException'{0x00000000eb5ceca0}> (0x00000000eb5ceca0) 
thrown [s\src\hotspot\share\prims\jni.cpp, line 516]
Event: 6.782 Thread 0x000001993082f030 Exception <a 'sun/nio/fs/WindowsException'{0x00000000eb5cfee8}> (0x00000000eb5cfee8) 
thrown [s\src\hotspot\share\prims\jni.cpp, line 516]
Event: 6.784 Thread 0x000001993082f030 Exception <a 'sun/nio/fs/WindowsException'{0x00000000eb6e0468}> (0x00000000eb6e0468) 
thrown [s\src\hotspot\share\prims\jni.cpp, line 516]
Event: 6.785 Thread 0x000001993082f030 Exception <a 'sun/nio/fs/WindowsException'{0x00000000eb7e3218}> (0x00000000eb7e3218) 
thrown [s\src\hotspot\share\prims\jni.cpp, line 516]
Event: 6.787 Thread 0x000001993082f030 Exception <a 'sun/nio/fs/WindowsException'{0x00000000eb8e6c20}> (0x00000000eb8e6c20) 
thrown [s\src\hotspot\share\prims\jni.cpp, line 516]
Event: 6.788 Thread 0x000001993082f030 Exception <a 'sun/nio/fs/WindowsException'{0x00000000eb9796d8}> (0x00000000eb9796d8) 
thrown [s\src\hotspot\share\prims\jni.cpp, line 516]
Event: 6.790 Thread 0x000001993082f030 Exception <a 'sun/nio/fs/WindowsException'{0x00000000eba3ad88}> (0x00000000eba3ad88) 
thrown [s\src\hotspot\share\prims\jni.cpp, line 516]
Event: 6.843 Thread 0x000001993082f030 Exception <a 'sun/nio/fs/WindowsException'{0x00000000eb24ec20}> (0x00000000eb24ec20) 
thrown [s\src\hotspot\share\prims\jni.cpp, line 516]
Event: 6.857 Thread 0x000001993082f030 Exception <a 'sun/nio/fs/WindowsException'{0x00000000eb81d5c8}> (0x00000000eb81d5c8) 
thrown [s\src\hotspot\share\prims\jni.cpp, line 516]
Event: 6.865 Thread 0x000001993082f030 Exception <a 'java/lang/NoSuchMethodError'{0x00000000eb9a7de0}: 'java.lang.Object java.lang.invoke.DirectMethodHandle$Holder.newInvokeSpecial(java.lang.Object, java.lang.Object, int, java.lang.Object, java.lang.Object)'> (0x00000000eb9a7de0) 
thrown [s\src\hotspot\share\interpreter\linkResolver.cpp, line 759]
Event: 6.865 Thread 0x000001993082f030 Exception <a 'java/lang/NoSuchMethodError'{0x00000000eb9ac000}: 'java.lang.Object java.lang.invoke.Invokers$Holder.linkToTargetMethod(java.lang.Object, int, java.lang.Object, java.lang.Object, java.lang.Object)'> (0x00000000eb9ac000) 
thrown [s\src\hotspot\share\interpreter\linkResolver.cpp, line 759]
Event: 7.105 Thread 0x000001992ed71940 Exception <a 'sun/nio/fs/WindowsException'{0x00000000ebc771b8}> (0x00000000ebc771b8) 
thrown [s\src\hotspot\share\prims\jni.cpp, line 516]
Event: 7.593 Thread 0x000001992ed70a10 Exception <a 'sun/nio/fs/WindowsException'{0x00000000ebd47c18}> (0x00000000ebd47c18) 
thrown [s\src\hotspot\share\prims\jni.cpp, line 516]
Event: 7.596 Thread 0x000001992ed70a10 Exception <a 'sun/nio/fs/WindowsException'{0x00000000ebd78478}> (0x00000000ebd78478) 
thrown [s\src\hotspot\share\prims\jni.cpp, line 516]

VM Operations (20 events):
Event: 6.725 Executing VM operation: ParallelGCFailedAllocation
Event: 6.732 Executing VM operation: ParallelGCFailedAllocation done
Event: 6.760 Executing VM operation: ParallelGCFailedAllocation
Event: 6.765 Executing VM operation: ParallelGCFailedAllocation done
Event: 6.794 Executing VM operation: ParallelGCFailedAllocation
Event: 6.804 Executing VM operation: ParallelGCFailedAllocation done
Event: 6.876 Executing VM operation: ICBufferFull
Event: 6.876 Executing VM operation: ICBufferFull done
Event: 6.885 Executing VM operation: ParallelGCFailedAllocation
Event: 6.895 Executing VM operation: ParallelGCFailedAllocation done
Event: 6.983 Executing VM operation: ParallelGCFailedAllocation
Event: 6.988 Executing VM operation: ParallelGCFailedAllocation done
Event: 6.988 Executing VM operation: HandshakeAllThreads
Event: 6.989 Executing VM operation: HandshakeAllThreads done
Event: 7.103 Executing VM operation: ICBufferFull
Event: 7.103 Executing VM operation: ICBufferFull done
Event: 7.160 Executing VM operation: ParallelGCFailedAllocation
Event: 7.162 Executing VM operation: ParallelGCFailedAllocation done
Event: 7.415 Executing VM operation: ParallelGCFailedAllocation
Event: 7.417 Executing VM operation: ParallelGCFailedAllocation done

Events (20 events):
Event: 6.974 loading class java/nio/file/attribute/PosixFileAttributes
Event: 6.974 loading class java/nio/file/attribute/PosixFileAttributes done
Event: 6.998 Thread 0x000001992e7b19c0 flushing nmethod 0x0000019918d23690
Event: 6.999 Thread 0x000001992e7b19c0 flushing nmethod 0x0000019918f3ab90
Event: 6.999 Thread 0x000001992e7b19c0 flushing nmethod 0x0000019918f49b10
Event: 6.999 Thread 0x000001992e7b19c0 flushing nmethod 0x0000019918f4ab90
Event: 6.999 Thread 0x000001992e7b19c0 flushing nmethod 0x0000019918f4b290
Event: 6.999 Thread 0x000001992e7b19c0 flushing nmethod 0x0000019918f4be90
Event: 7.274 Thread 0x000001992ed6fae0 Thread added: 0x000001992ed6fae0
Event: 7.275 Thread 0x0000019930830470 Thread added: 0x0000019930830470
Event: 7.275 Thread 0x000001993bf9ee50 Thread added: 0x000001993bf9ee50
Event: 7.275 Thread 0x000001993bf9b190 Thread added: 0x000001993bf9b190
Event: 7.275 Thread 0x000001993bf9b6a0 Thread added: 0x000001993bf9b6a0
Event: 7.289 Thread 0x0000019930830470 Thread exited: 0x0000019930830470
Event: 7.289 Thread 0x000001993bf9ee50 Thread exited: 0x000001993bf9ee50
Event: 7.289 Thread 0x000001993bf9b190 Thread exited: 0x000001993bf9b190
Event: 7.289 Thread 0x000001992ed6fae0 Thread exited: 0x000001992ed6fae0
Event: 7.289 Thread 0x000001993bf9b6a0 Thread exited: 0x000001993bf9b6a0
Event: 7.585 loading class java/io/BufferedReader$1
Event: 7.585 loading class java/io/BufferedReader$1 done


Dynamic libraries:
0x00007ff6860d0000 - 0x00007ff6860de000 	c:\Users\Usuario\.vscode\extensions\redhat.java-1.28.1-win32-x64\jre\17.0.10-win32-x86_64\bin\java.exe
0x00007ff8b5090000 - 0x00007ff8b5288000 	C:\Windows\SYSTEM32\ntdll.dll
0x00007ff8b31b0000 - 0x00007ff8b326d000 	C:\Windows\System32\KERNEL32.DLL
0x00007ff8b2810000 - 0x00007ff8b2b06000 	C:\Windows\System32\KERNELBASE.dll
0x00007ff8b2ed0000 - 0x00007ff8b2fd0000 	C:\Windows\System32\ucrtbase.dll
0x00007ff8ab440000 - 0x00007ff8ab457000 	c:\Users\Usuario\.vscode\extensions\redhat.java-1.28.1-win32-x64\jre\17.0.10-win32-x86_64\bin\jli.dll
0x00007ff89b2c0000 - 0x00007ff89b2db000 	c:\Users\Usuario\.vscode\extensions\redhat.java-1.28.1-win32-x64\jre\17.0.10-win32-x86_64\bin\VCRUNTIME140.dll
0x00007ff8b4eb0000 - 0x00007ff8b504e000 	C:\Windows\System32\USER32.dll
0x00007ff8b2c60000 - 0x00007ff8b2c82000 	C:\Windows\System32\win32u.dll
0x00007ff8b37f0000 - 0x00007ff8b381c000 	C:\Windows\System32\GDI32.dll
0x00007ff8b1be0000 - 0x00007ff8b1e7a000 	C:\Windows\WinSxS\amd64_microsoft.windows.common-controls_6595b64144ccf1df_6.0.19041.1110_none_60b5254171f9507e\COMCTL32.dll
0x00007ff8b2fd0000 - 0x00007ff8b30ea000 	C:\Windows\System32\gdi32full.dll
0x00007ff8b4c30000 - 0x00007ff8b4cce000 	C:\Windows\System32\msvcrt.dll
0x00007ff8b2bc0000 - 0x00007ff8b2c5d000 	C:\Windows\System32\msvcp_win.dll
0x00007ff8b3100000 - 0x00007ff8b3130000 	C:\Windows\System32\IMM32.DLL
0x00007ff8abef0000 - 0x00007ff8abefc000 	c:\Users\Usuario\.vscode\extensions\redhat.java-1.28.1-win32-x64\jre\17.0.10-win32-x86_64\bin\vcruntime140_1.dll
0x00007ff887730000 - 0x00007ff8877bd000 	c:\Users\Usuario\.vscode\extensions\redhat.java-1.28.1-win32-x64\jre\17.0.10-win32-x86_64\bin\msvcp140.dll
0x00007ff878190000 - 0x00007ff878df2000 	c:\Users\Usuario\.vscode\extensions\redhat.java-1.28.1-win32-x64\jre\17.0.10-win32-x86_64\bin\server\jvm.dll
0x00007ff8b4b80000 - 0x00007ff8b4c2e000 	C:\Windows\System32\ADVAPI32.dll
0x00007ff8b3750000 - 0x00007ff8b37ec000 	C:\Windows\System32\sechost.dll
0x00007ff8b3350000 - 0x00007ff8b3476000 	C:\Windows\System32\RPCRT4.dll
0x00007ff87eee0000 - 0x00007ff87eee9000 	C:\Windows\SYSTEM32\WSOCK32.dll
0x00007ff8b25d0000 - 0x00007ff8b261b000 	C:\Windows\SYSTEM32\POWRPROF.dll
0x00007ff8b3480000 - 0x00007ff8b34eb000 	C:\Windows\System32\WS2_32.dll
0x00007ff8969c0000 - 0x00007ff8969e7000 	C:\Windows\SYSTEM32\WINMM.dll
0x00007ff8a8040000 - 0x00007ff8a804a000 	C:\Windows\SYSTEM32\VERSION.dll
0x00007ff8b25b0000 - 0x00007ff8b25c2000 	C:\Windows\SYSTEM32\UMPDC.dll
0x00007ff8affc0000 - 0x00007ff8affd2000 	C:\Windows\SYSTEM32\kernel.appcore.dll
0x00007ff8abde0000 - 0x00007ff8abdea000 	c:\Users\Usuario\.vscode\extensions\redhat.java-1.28.1-win32-x64\jre\17.0.10-win32-x86_64\bin\jimage.dll
0x00007ff8b2080000 - 0x00007ff8b2264000 	C:\Windows\SYSTEM32\DBGHELP.DLL
0x00007ff8b1ea0000 - 0x00007ff8b1ed4000 	C:\Windows\SYSTEM32\dbgcore.DLL
0x00007ff8b2df0000 - 0x00007ff8b2e72000 	C:\Windows\System32\bcryptPrimitives.dll
0x00007ff8ab540000 - 0x00007ff8ab54e000 	c:\Users\Usuario\.vscode\extensions\redhat.java-1.28.1-win32-x64\jre\17.0.10-win32-x86_64\bin\instrument.dll
0x00007ff88e770000 - 0x00007ff88e795000 	c:\Users\Usuario\.vscode\extensions\redhat.java-1.28.1-win32-x64\jre\17.0.10-win32-x86_64\bin\java.dll
0x00007ff89b1e0000 - 0x00007ff89b1f8000 	c:\Users\Usuario\.vscode\extensions\redhat.java-1.28.1-win32-x64\jre\17.0.10-win32-x86_64\bin\zip.dll
0x00007ff8b3d00000 - 0x00007ff8b4444000 	C:\Windows\System32\SHELL32.dll
0x00007ff8b01c0000 - 0x00007ff8b095b000 	C:\Windows\SYSTEM32\windows.storage.dll
0x00007ff8b4670000 - 0x00007ff8b49c4000 	C:\Windows\System32\combase.dll
0x00007ff8b1910000 - 0x00007ff8b193d000 	C:\Windows\SYSTEM32\Wldp.dll
0x00007ff8b4e00000 - 0x00007ff8b4ead000 	C:\Windows\System32\SHCORE.dll
0x00007ff8b4450000 - 0x00007ff8b44a5000 	C:\Windows\System32\shlwapi.dll
0x00007ff8b26a0000 - 0x00007ff8b26c5000 	C:\Windows\SYSTEM32\profapi.dll
0x00007ff8957e0000 - 0x00007ff8957f9000 	C:\Users\Usuario\.vscode\extensions\redhat.java-1.28.1-win32-x64\jre\17.0.10-win32-x86_64\bin\net.dll
0x00007ff8ad870000 - 0x00007ff8ad97a000 	C:\Windows\SYSTEM32\WINHTTP.dll
0x00007ff8b1780000 - 0x00007ff8b17ea000 	C:\Windows\system32\mswsock.dll
0x00007ff8913a0000 - 0x00007ff8913b6000 	C:\Users\Usuario\.vscode\extensions\redhat.java-1.28.1-win32-x64\jre\17.0.10-win32-x86_64\bin\nio.dll
0x00007ff8aa370000 - 0x00007ff8aa380000 	c:\Users\Usuario\.vscode\extensions\redhat.java-1.28.1-win32-x64\jre\17.0.10-win32-x86_64\bin\verify.dll
0x00007ff889800000 - 0x00007ff88983e000 	C:\Users\Usuario\AppData\Roaming\Code\User\globalStorage\redhat.java\1.28.1\config_win\org.eclipse.equinox.launcher\org.eclipse.equinox.launcher.win32.win32.x86_64_1.2.900.v20240129-1338\eclipse_11900.dll
0x00007ff8b4cd0000 - 0x00007ff8b4dfa000 	C:\Windows\System32\ole32.dll
0x00007ff8b2470000 - 0x00007ff8b2488000 	C:\Windows\SYSTEM32\CRYPTSP.dll
0x00007ff8b1120000 - 0x00007ff8b1154000 	C:\Windows\system32\rsaenh.dll
0x00007ff8b27e0000 - 0x00007ff8b2807000 	C:\Windows\System32\bcrypt.dll
0x00007ff8b2620000 - 0x00007ff8b264e000 	C:\Windows\SYSTEM32\USERENV.dll
0x00007ff8b1a40000 - 0x00007ff8b1a4c000 	C:\Windows\SYSTEM32\CRYPTBASE.dll
0x00007ff8b14a0000 - 0x00007ff8b14db000 	C:\Windows\SYSTEM32\IPHLPAPI.DLL
0x00007ff8b3340000 - 0x00007ff8b3348000 	C:\Windows\System32\NSI.dll
0x00007ff8aaf30000 - 0x00007ff8aaf47000 	C:\Windows\SYSTEM32\dhcpcsvc6.DLL
0x00007ff8aadd0000 - 0x00007ff8aaded000 	C:\Windows\SYSTEM32\dhcpcsvc.DLL
0x00007ff8b14e0000 - 0x00007ff8b15aa000 	C:\Windows\SYSTEM32\DNSAPI.dll
0x00007ff8853e0000 - 0x00007ff885425000 	C:\Users\Usuario\AppData\Local\Temp\jna-1531808526\jna5102730788196331627.dll
0x00007ff8b30f0000 - 0x00007ff8b30f8000 	C:\Windows\System32\PSAPI.DLL
0x00007ff8a98b0000 - 0x00007ff8a98be000 	C:\Users\Usuario\.vscode\extensions\redhat.java-1.28.1-win32-x64\jre\17.0.10-win32-x86_64\bin\sunmscapi.dll
0x00007ff8b2c90000 - 0x00007ff8b2ded000 	C:\Windows\System32\CRYPT32.dll
0x00007ff8b1a10000 - 0x00007ff8b1a37000 	C:\Windows\SYSTEM32\ncrypt.dll
0x00007ff8b1940000 - 0x00007ff8b197b000 	C:\Windows\SYSTEM32\NTASN1.dll

dbghelp: loaded successfully - version: 4.0.5 - missing functions: none
symbol engine: initialized successfully - sym options: 0x614 - pdb path: .;c:\Users\Usuario\.vscode\extensions\redhat.java-1.28.1-win32-x64\jre\17.0.10-win32-x86_64\bin;C:\Windows\SYSTEM32;C:\Windows\WinSxS\amd64_microsoft.windows.common-controls_6595b64144ccf1df_6.0.19041.1110_none_60b5254171f9507e;c:\Users\Usuario\.vscode\extensions\redhat.java-1.28.1-win32-x64\jre\17.0.10-win32-x86_64\bin\server;C:\Users\Usuario\AppData\Roaming\Code\User\globalStorage\redhat.java\1.28.1\config_win\org.eclipse.equinox.launcher\org.eclipse.equinox.launcher.win32.win32.x86_64_1.2.900.v20240129-1338;C:\Users\Usuario\AppData\Local\Temp\jna-1531808526

VM Arguments:
jvm_args: --add-modules=ALL-SYSTEM --add-opens=java.base/java.util=ALL-UNNAMED --add-opens=java.base/java.lang=ALL-UNNAMED --add-opens=java.base/sun.nio.fs=ALL-UNNAMED -Declipse.application=org.eclipse.jdt.ls.core.id1 -Dosgi.bundles.defaultStartLevel=4 -Declipse.product=org.eclipse.jdt.ls.core.product -Djava.import.generatesMetadataFilesAtProjectRoot=false -DDetectVMInstallationsJob.disabled=true -Dfile.encoding=utf8 -XX:+UseParallelGC -XX:GCTimeRatio=4 -XX:AdaptiveSizePolicyWeight=90 -Dsun.zip.disableMemoryMapping=true -Xmx1G -Xms100m -Xlog:disable -javaagent:c:\Users\Usuario\.vscode\extensions\redhat.java-1.28.1-win32-x64\lombok\lombok-1.18.31.jar -XX:+HeapDumpOnOutOfMemoryError -XX:HeapDumpPath=c:\Users\Usuario\AppData\Roaming\Code\User\workspaceStorage\ef68fe475a4c8989c11858262eae5c25\redhat.java -Daether.dependencyCollector.impl=bf 
java_command: c:\Users\Usuario\.vscode\extensions\redhat.java-1.28.1-win32-x64\server\plugins\org.eclipse.equinox.launcher_1.6.700.v20231214-2017.jar -configuration c:\Users\Usuario\AppData\Roaming\Code\User\globalStorage\redhat.java\1.28.1\config_win -data c:\Users\Usuario\AppData\Roaming\Code\User\workspaceStorage\ef68fe475a4c8989c11858262eae5c25\redhat.java\jdt_ws --stdio
java_class_path (initial): c:\Users\Usuario\.vscode\extensions\redhat.java-1.28.1-win32-x64\server\plugins\org.eclipse.equinox.launcher_1.6.700.v20231214-2017.jar
Launcher Type: SUN_STANDARD

[Global flags]
    uintx AdaptiveSizePolicyWeight                 = 90                                        {product} {command line}
     intx CICompilerCount                          = 3                                         {product} {ergonomic}
    uintx GCTimeRatio                              = 4                                         {product} {command line}
     bool HeapDumpOnOutOfMemoryError               = true                                   {manageable} {command line}
    ccstr HeapDumpPath                             = c:\Users\Usuario\AppData\Roaming\Code\User\workspaceStorage\ef68fe475a4c8989c11858262eae5c25\redhat.java         {manageable} {command line}
   size_t InitialHeapSize                          = 104857600                                 {product} {command line}
   size_t MaxHeapSize                              = 1073741824                                {product} {command line}
   size_t MaxNewSize                               = 357564416                                 {product} {ergonomic}
   size_t MinHeapDeltaBytes                        = 524288                                    {product} {ergonomic}
   size_t MinHeapSize                              = 104857600                                 {product} {command line}
   size_t NewSize                                  = 34603008                                  {product} {ergonomic}
    uintx NonNMethodCodeHeapSize                   = 5832780                                {pd product} {ergonomic}
    uintx NonProfiledCodeHeapSize                  = 122912730                              {pd product} {ergonomic}
   size_t OldSize                                  = 70254592                                  {product} {ergonomic}
    uintx ProfiledCodeHeapSize                     = 122912730                              {pd product} {ergonomic}
    uintx ReservedCodeCacheSize                    = 251658240                              {pd product} {ergonomic}
     bool SegmentedCodeCache                       = true                                      {product} {ergonomic}
   size_t SoftMaxHeapSize                          = 1073741824                             {manageable} {ergonomic}
     bool UseCompressedClassPointers               = true                           {product lp64_product} {ergonomic}
     bool UseCompressedOops                        = true                           {product lp64_product} {ergonomic}
     bool UseLargePagesIndividualAllocation        = false                                  {pd product} {ergonomic}
     bool UseParallelGC                            = true                                      {product} {command line}

Logging:
Log output configuration:
 #0: stdout all=off uptime,level,tags
 #1: stderr all=off uptime,level,tags

Environment Variables:
PATH=C:\Program Files (x86)\VMware\VMware Player\bin\;C:\Program Files\Common Files\Oracle\Java\javapath;C:\Windows\system32;C:\Windows;C:\Windows\System32\Wbem;C:\Windows\System32\WindowsPowerShell\v1.0\;C:\Windows\System32\OpenSSH\;C:\Program Files\PuTTY\;C:\msys64\ucrt64\bin;C:\workspace\apache-maven-3.9.6\bin;C:\Program Files\Git\cmd;C:\Users\Usuario\AppData\Local\Microsoft\WindowsApps;;C:\Users\Usuario\AppData\Local\Programs\Microsoft VS Code\bin
USERNAME=Usuario
OS=Windows_NT
PROCESSOR_IDENTIFIER=Intel64 Family 6 Model 158 Stepping 13, GenuineIntel
TMP=C:\Users\Usuario\AppData\Local\Temp
TEMP=C:\Users\Usuario\AppData\Local\Temp



Periodic native trim disabled


---------------  S Y S T E M  ---------------

OS:
 Windows 10 , 64 bit Build 19041 (10.0.19041.3393)
OS uptime: 0 days 3:38 hours

CPU: total 6 (initial active 6) (6 cores per cpu, 1 threads per core) family 6 model 158 stepping 13 microcode 0xbe, cx8, cmov, fxsr, mmx, 3dnowpref, sse, sse2, sse3, ssse3, sse4.1, sse4.2, popcnt, lzcnt, tsc, tscinvbit, avx, avx2, aes, erms, clmul, bmi1, bmi2, adx, fma, vzeroupper, clflush, clflushopt
Processor Information for all 6 processors :
  Max Mhz: 2904, Current Mhz: 2904, Mhz Limit: 2904

Memory: 4k page, system-wide physical 12158M (4556M free)
TotalPageFile size 14014M (AvailPageFile size 5644M)
current process WorkingSet (physical memory assigned to process): 390M, peak: 391M
current process commit charge ("private bytes"): 441M, peak: 444M

vm_info: OpenJDK 64-Bit Server VM (17.0.10+7) for windows-amd64 JRE (17.0.10+7), built on Jan 16 2024 23:25:11 by "admin" with MS VC++ 16.10 / 16.11 (VS2019)

END.
