#
# A fatal error has been detected by the Java Runtime Environment:
#
#  EXCEPTION_ACCESS_VIOLATION (0xc0000005) at pc=0x00007ff878843611, pid=7716, tid=12428
#
# JRE version: OpenJDK Runtime Environment Temurin-17.0.10+7 (17.0.10+7) (build 17.0.10+7)
# Java VM: OpenJDK 64-Bit Server VM Temurin-17.0.10+7 (17.0.10+7, mixed mode, tiered, compressed oops, compressed class ptrs, parallel gc, windows-amd64)
# Problematic frame:
# V  [jvm.dll+0x6b3611]
#
# No core dump will be written. Minidumps are not enabled by default on client versions of Windows
#
# If you would like to submit a bug report, please visit:
#   https://github.com/adoptium/adoptium-support/issues
#

---------------  S U M M A R Y ------------

Command Line: --add-modules=ALL-SYSTEM --add-opens=java.base/java.util=ALL-UNNAMED --add-opens=java.base/java.lang=ALL-UNNAMED --add-opens=java.base/sun.nio.fs=ALL-UNNAMED -Declipse.application=org.eclipse.jdt.ls.core.id1 -Dosgi.bundles.defaultStartLevel=4 -Declipse.product=org.eclipse.jdt.ls.core.product -Djava.import.generatesMetadataFilesAtProjectRoot=false -DDetectVMInstallationsJob.disabled=true -Dfile.encoding=utf8 -XX:+UseParallelGC -XX:GCTimeRatio=4 -XX:AdaptiveSizePolicyWeight=90 -Dsun.zip.disableMemoryMapping=true -Xmx1G -Xms100m -Xlog:disable -javaagent:c:\Users\Usuario\.vscode\extensions\redhat.java-1.28.1-win32-x64\lombok\lombok-1.18.31.jar -XX:+HeapDumpOnOutOfMemoryError -XX:HeapDumpPath=c:\Users\Usuario\AppData\Roaming\Code\User\workspaceStorage\ef68fe475a4c8989c11858262eae5c25\redhat.java -Daether.dependencyCollector.impl=bf c:\Users\Usuario\.vscode\extensions\redhat.java-1.28.1-win32-x64\server\plugins\org.eclipse.equinox.launcher_1.6.700.v20231214-2017.jar -configuration c:\Users\Usuario\AppData\Roaming\Code\User\globalStorage\redhat.java\1.28.1\config_win -data c:\Users\Usuario\AppData\Roaming\Code\User\workspaceStorage\ef68fe475a4c8989c11858262eae5c25\redhat.java\jdt_ws --stdio

Host: Intel(R) Core(TM) i5-9400 CPU @ 2.90GHz, 6 cores, 11G,  Windows 10 , 64 bit Build 19041 (10.0.19041.3393)
Time: Fri Mar  1 15:59:02 2024 Hora est. Pacífico, Sudamérica elapsed time: 1.902683 seconds (0d 0h 0m 1s)

---------------  T H R E A D  ---------------

Current thread (0x0000022eb56e2790):  GCTaskThread "GC Thread#2" [stack: 0x0000008adc000000,0x0000008adc100000] [id=12428]

Stack: [0x0000008adc000000,0x0000008adc100000],  sp=0x0000008adc0ffa40,  free space=1022k
Native frames: (J=compiled Java code, j=interpreted, Vv=VM code, C=native code)
V  [jvm.dll+0x6b3611]
V  [jvm.dll+0x6aeb5e]
V  [jvm.dll+0x6b9aff]
V  [jvm.dll+0x6b50d2]
V  [jvm.dll+0x6873fb]
V  [jvm.dll+0x6b5e3c]
V  [jvm.dll+0x6b41ff]
V  [jvm.dll+0x86226b]
V  [jvm.dll+0x8622b6]
V  [jvm.dll+0x7e3fba]
V  [jvm.dll+0x67c1b5]
C  [ucrtbase.dll+0x21bb2]
C  [KERNEL32.DLL+0x17344]
C  [ntdll.dll+0x526b1]


siginfo: EXCEPTION_ACCESS_VIOLATION (0xc0000005), reading address 0xffffffffffffffff


Registers:
RAX=0x0000022e996d0000, RBX=0x00000000ec005684, RCX=0x00007ff878d2d810, RDX=0x000000002f617661
RSP=0x0000008adc0ffa40, RBP=0x000000002f617661, RSI=0x00000000ec00568c, RDI=0x0000000000010000
R8 =0x0000022eaf4ef890, R9 =0x00009fffffffa59c, R10=0x0000022eaf4ef890, R11=0x0000022eaf4ef890
R12=0x00000000ec005660, R13=0x00007ff878d2d810, R14=0x0000008adc0ffb10, R15=0x0000000100013680
RIP=0x00007ff878843611, EFLAGS=0x0000000000010a02


Register to memory mapping:

RIP=0x00007ff878843611 jvm.dll
RAX=0x0000022e996d0000 points into unknown readable memory: 0x00000000c0000000 | 00 00 00 c0 00 00 00 00
RBX=0x00000000ec005684 points into unknown readable memory: 61 76 61 2f
RCX=0x00007ff878d2d810 jvm.dll
RDX=0x000000002f617661 is an unknown value
RSP=0x0000008adc0ffa40 points into unknown readable memory: 0x00000000ec005660 | 60 56 00 ec 00 00 00 00
RBP=0x000000002f617661 is an unknown value
RSI=0x00000000ec00568c points into unknown readable memory: 2f 4f 62 6a
RDI=0x0000000000010000 is an unknown value
R8 =0x0000022eaf4ef890 points into unknown readable memory: 0x0000022e99520150 | 50 01 52 99 2e 02 00 00
R9 =0x00009fffffffa59c is an unknown value
R10=0x0000022eaf4ef890 points into unknown readable memory: 0x0000022e99520150 | 50 01 52 99 2e 02 00 00
R11=0x0000022eaf4ef890 points into unknown readable memory: 0x0000022e99520150 | 50 01 52 99 2e 02 00 00
R12=0x00000000ec005660 is an oop: java.util.LinkedHashMap 
{0x00000000ec005660} - klass: 'java/util/LinkedHashMap'
 - ---- fields (total size 7 words):
 - transient 'keySet' 'Ljava/util/Set;' @12  NULL (0)
 - transient 'values' 'Ljava/util/Collection;' @16  NULL (0)
 - transient 'size' 'I' @20  1
 - transient 'modCount' 'I' @24  1333358703 (4f79706f)
 - 'threshold' 'I' @28  687866214 (29000166)
 - final 'loadFactor' 'F' @32  61762835105272109434142720.000000 (6a4c5b28)
 - transient 'table' '[Ljava/util/HashMap$Node;' @36  
[error occurred during error reporting (printing register info), id 0xc0000005, EXCEPTION_ACCESS_VIOLATION (0xc0000005) at pc=0x00007ff87852403e]

Top of Stack: (sp=0x0000008adc0ffa40)
0x0000008adc0ffa40:   00000000ec005660 0000000000001c66
0x0000008adc0ffa50:   00000000c0892ec8 0000000000010000
0x0000008adc0ffa60:   00000000c0892db0 0000000000010000
0x0000008adc0ffa70:   00000001000469b8 00000000ec00565c
0x0000008adc0ffa80:   0000000100013680 0000008adc0ffb10
0x0000008adc0ffa90:   0000000000000011 000000002f617661
0x0000008adc0ffaa0:   0000000100013670 00007ff87883eb5e
0x0000008adc0ffab0:   00000000c07f7088 00007ff87883f59b
0x0000008adc0ffac0:   0000022eaf4ef890 0000022e996d02a8
0x0000008adc0ffad0:   0000008adc0ffc60 00007ff878d2d7d0
0x0000008adc0ffae0:   00000000c1062680 00007ff878849aff
0x0000008adc0ffaf0:   0000008adc0ffc60 00000000001125db
0x0000008adc0ffb00:   0000000000000003 0000000000120000
0x0000008adc0ffb10:   00007ff878b418e8 0000000000000000
0x0000008adc0ffb20:   0000022eaf4ef890 00000000c067fff0
0x0000008adc0ffb30:   00000000c0684a00 00007ff8788450d2
0x0000008adc0ffb40:   0000008adc0ffcb0 00000000c0680000
0x0000008adc0ffb50:   0000000000000004 0000022eaf4ef890
0x0000008adc0ffb60:   0000000000120000 00007ff8788173fb
0x0000008adc0ffb70:   00000000001125d9 000000000009fffa
0x0000008adc0ffb80:   00000000000c0000 00007ff8788450d2
0x0000008adc0ffb90:   00000000c0880000 00007ff878d2d7d0
0x0000008adc0ffba0:   0000000000000011 00000000c1062680
0x0000008adc0ffbb0:   00000000c0880000 00007ff878845e3c
0x0000008adc0ffbc0:   0000008adc0ffc60 0000022eaf4ef890
0x0000008adc0ffbd0:   00000000c0900000 00007ff8787dda03
0x0000008adc0ffbe0:   0000022e996d0280 00000000c0800000
0x0000008adc0ffbf0:   000000000009793f 0000000000000004
0x0000008adc0ffc00:   0000000000000010 0000000005700000
0x0000008adc0ffc10:   0000008adb1ff0f0 00007ff878b418b0
0x0000008adc0ffc20:   0000000000000001 0000022e996d0280
0x0000008adc0ffc30:   0000022eaf4ef890 00007ff8788441ff 

Instructions: (pc=0x00007ff878843611)
0x00007ff878843511:   9b 9c fb ff 48 8d 8d c8 02 00 00 e8 8f 9c fb ff
0x00007ff878843521:   48 8d 8d 98 02 00 00 e8 83 9c fb ff 48 8d 8d 68
0x00007ff878843531:   02 00 00 e8 77 9c fb ff 48 8d 4d f8 e8 3e 6b c2
0x00007ff878843541:   ff 48 8d 4d e8 e8 35 e9 1a 00 48 83 7d a0 00 75
0x00007ff878843551:   0e 48 83 7d a8 00 75 07 48 83 7d b0 00 74 5a 48
0x00007ff878843561:   8d 4c 24 20 e8 e6 f1 13 00 48 8b 4d a0 0f 10 30
0x00007ff878843571:   48 85 c9 74 10 48 8b 01 48 8d 54 24 20 0f 29 74
0x00007ff878843581:   24 20 ff 50 08 48 8b 4d a8 48 85 c9 74 11 48 8b
0x00007ff878843591:   01 48 8d 54 24 20 66 0f 7f 74 24 20 ff 50 08 48
0x00007ff8788435a1:   8b 4d b0 48 85 c9 74 11 48 8b 01 48 8d 54 24 20
0x00007ff8788435b1:   66 0f 7f 74 24 20 ff 50 08 4c 8d 9c 24 80 04 00
0x00007ff8788435c1:   00 49 8b 5b 10 49 8b 7b 18 41 0f 28 73 f0 49 8b
0x00007ff8788435d1:   e3 5d c3 cc cc cc cc cc cc cc cc cc cc cc cc 4c
0x00007ff8788435e1:   89 44 24 18 55 57 41 55 41 56 41 57 48 83 ec 40
0x00007ff8788435f1:   48 8b c2 bf 00 00 01 00 48 2b 01 4d 8b d0 48 c1
0x00007ff878843601:   e8 13 48 8b ea 4c 8b e9 4c 8d 0c 80 48 8b 41 18
0x00007ff878843611:   4e 8b 34 c8 4e 8d 3c c8 46 8b 4c c8 1c 41 8b 47
0x00007ff878843621:   18 41 81 e1 ff ff ff 07 4c 03 c8 4c 89 bc 24 88
0x00007ff878843631:   00 00 00 4c 89 74 24 70 4c 3b cf 75 18 48 c1 ed
0x00007ff878843641:   03 0f b7 c5 49 8d 04 c6 48 83 c4 40 41 5f 41 5e
0x00007ff878843651:   41 5d 5f 5d c3 41 0f b6 47 20 90 48 89 5c 24 38
0x00007ff878843661:   84 c0 0f 85 13 01 00 00 48 2b 11 48 8b 05 b5 a1
0x00007ff878843671:   4e 00 48 c1 ea 13 48 89 74 24 30 48 8d 0c 92 8b
0x00007ff878843681:   74 c8 18 48 3b f7 0f 83 e4 00 00 00 48 63 0d a4
0x00007ff878843691:   4b 46 00 41 b8 07 00 00 00 4c 8b 35 a7 a1 4e 00
0x00007ff8788436a1:   4c 2b c1 48 c1 e2 10 48 d3 ea 48 d3 ef 48 03 fa
0x00007ff8788436b1:   48 d3 ee 4c 89 44 24 78 48 8d 0d 20 a1 4e 00 4c
0x00007ff8788436c1:   8b c7 48 03 d6 e8 65 38 fd ff 48 8b d8 48 3b c7
0x00007ff8788436d1:   0f 83 8d 00 00 00 4c 8b 7c 24 78 4c 89 64 24 28
0x00007ff8788436e1:   4c 8d 67 ff 66 66 66 0f 1f 84 00 00 00 00 00 48
0x00007ff8788436f1:   8b d3 49 8b cf 48 d3 ea 49 3b d6 74 1b 8b 0d 34
0x00007ff878843701:   4b 46 00 4c 8b c6 48 8b 05 32 a1 4e 00 4c 8b f2 


Stack slot to memory mapping:
stack at sp + 0 slots: 0x00000000ec005660 is an oop: java.util.LinkedHashMap 
{0x00000000ec005660} - klass: 'java/util/LinkedHashMap'
 - ---- fields (total size 7 words):
 - transient 'keySet' 'Ljava/util/Set;' @12  NULL (0)
 - transient 'values' 'Ljava/util/Collection;' @16  NULL (0)
 - transient 'size' 'I' @20  1
 - transient 'modCount' 'I' @24  1333358703 (4f79706f)
 - 'threshold' 'I' @28  687866214 (29000166)
 - final 'loadFactor' 'F' @32  61762835105272109434142720.000000 (6a4c5b28)
 - transient 'table' '[Ljava/util/HashMap$Node;' @36  
[error occurred during error reporting (inspecting top of stack), id 0xc0000005, EXCEPTION_ACCESS_VIOLATION (0xc0000005) at pc=0x00007ff87852403e]


---------------  P R O C E S S  ---------------

Threads class SMR info:
_java_thread_list=0x0000022eb68a4990, length=24, elements={
0x0000022e9b6e94c0, 0x0000022eaf56d740, 0x0000022eaf56fdc0, 0x0000022eaf583d00,
0x0000022eaf584a90, 0x0000022eaf585820, 0x0000022eb4e17900, 0x0000022eb4e1e3d0,
0x0000022eb4e1f350, 0x0000022eb4e20420, 0x0000022eb4ee9510, 0x0000022eb4fa6c40,
0x0000022eb518ab30, 0x0000022eb56fac70, 0x0000022eb5c35570, 0x0000022eb6255b40,
0x0000022eb5c94f10, 0x0000022eb6478020, 0x0000022eb6529c80, 0x0000022eb6630730,
0x0000022eb6631150, 0x0000022eb662f800, 0x0000022eb662f2f0, 0x0000022eb662fd10
}

Java Threads: ( => current thread )
  0x0000022e9b6e94c0 JavaThread "main" [_thread_blocked, id=3828, stack(0x0000008adaf00000,0x0000008adb000000)]
  0x0000022eaf56d740 JavaThread "Reference Handler" daemon [_thread_blocked, id=11548, stack(0x0000008adb200000,0x0000008adb300000)]
  0x0000022eaf56fdc0 JavaThread "Finalizer" daemon [_thread_blocked, id=9732, stack(0x0000008adb300000,0x0000008adb400000)]
  0x0000022eaf583d00 JavaThread "Signal Dispatcher" daemon [_thread_blocked, id=11492, stack(0x0000008adb400000,0x0000008adb500000)]
  0x0000022eaf584a90 JavaThread "Attach Listener" daemon [_thread_blocked, id=9768, stack(0x0000008adb500000,0x0000008adb600000)]
  0x0000022eaf585820 JavaThread "Service Thread" daemon [_thread_blocked, id=7088, stack(0x0000008adb600000,0x0000008adb700000)]
  0x0000022eb4e17900 JavaThread "Monitor Deflation Thread" daemon [_thread_blocked, id=11420, stack(0x0000008adb700000,0x0000008adb800000)]
  0x0000022eb4e1e3d0 JavaThread "C2 CompilerThread0" daemon [_thread_blocked, id=6388, stack(0x0000008adb800000,0x0000008adb900000)]
  0x0000022eb4e1f350 JavaThread "C1 CompilerThread0" daemon [_thread_blocked, id=7728, stack(0x0000008adb900000,0x0000008adba00000)]
  0x0000022eb4e20420 JavaThread "Sweeper thread" daemon [_thread_blocked, id=6948, stack(0x0000008adba00000,0x0000008adbb00000)]
  0x0000022eb4ee9510 JavaThread "Common-Cleaner" daemon [_thread_blocked, id=8720, stack(0x0000008adbb00000,0x0000008adbc00000)]
  0x0000022eb4fa6c40 JavaThread "C2 CompilerThread1" daemon [_thread_blocked, id=11524, stack(0x0000008adbc00000,0x0000008adbd00000)]
  0x0000022eb518ab30 JavaThread "Notification Thread" daemon [_thread_blocked, id=12204, stack(0x0000008adbd00000,0x0000008adbe00000)]
  0x0000022eb56fac70 JavaThread "Unknown thread" [_thread_blocked, id=9448, stack(0x0000008adc400000,0x0000008adc500000)]
  0x0000022eb5c35570 JavaThread "Unknown thread" [_thread_blocked, id=8352, stack(0x0000008adc500000,0x0000008adc600000)]
  0x0000022eb6255b40 JavaThread "Start Level: Equinox Container: 4c2aafec-b93e-4393-8eef-a8d5fa7ce58a" daemon [_thread_blocked, id=10256, stack(0x0000008adc600000,0x0000008adc700000)]
  0x0000022eb5c94f10 JavaThread "Bundle File Closer" daemon [_thread_blocked, id=8700, stack(0x0000008adc700000,0x0000008adc800000)]
  0x0000022eb6478020 
[error occurred during error reporting (printing all threads), id 0xc0000005, EXCEPTION_ACCESS_VIOLATION (0xc0000005) at pc=0x00007ff87851ca4d]

VM state: at safepoint (normal execution)

VM Mutex/Monitor currently owned by a thread:  ([mutex/lock_event])
[0x0000022e9b6e5a60] Threads_lock - owner thread: 0x0000022e9b7aea70
[0x0000022e9b6e6120] Heap_lock - owner thread: 0x0000022eb6255b40

Heap address: 0x00000000c0000000, size: 1024 MB, Compressed Oops mode: 32-bit

CDS archive(s) not mapped
Compressed class space mapped at: 0x0000000100000000-0x0000000140000000, reserved size: 1073741824
Narrow klass base: 0x0000000000000000, Narrow klass shift: 3, Narrow klass range: 0x140000000

GC Precious Log:
 CPUs: 6 total, 6 available
 Memory: 12158M
 Large Page Support: Disabled
 NUMA Support: Disabled
 Compressed Oops: Enabled (32-bit)
 Alignments: Space 512K, Generation 512K, Heap 2M
 Heap Min Capacity: 100M
 Heap Initial Capacity: 100M
 Heap Max Capacity: 1G
 Pre-touch: Disabled
 Parallel Workers: 6

Heap:
 PSYoungGen      total 23552K, used 192K [0x00000000eab00000, 0x00000000ec780000, 0x0000000100000000)
  eden space 23040K, 0% used [0x00000000eab00000,0x00000000eab00000,0x00000000ec180000)
  from space 512K, 37% used [0x00000000ec180000,0x00000000ec1b0000,0x00000000ec200000)
  to   space 2048K, 0% used [0x00000000ec580000,0x00000000ec580000,0x00000000ec780000)
 ParOldGen       total 68608K, used 16777K [0x00000000c0000000, 0x00000000c4300000, 0x00000000eab00000)
  object space 68608K, 24% used [0x00000000c0000000,0x00000000c1062680,0x00000000c4300000)
 Metaspace       used 35103K, committed 35840K, reserved 1114112K
  class space    used 3480K, committed 3776K, reserved 1048576K

Card table byte_map: [0x0000022e9b090000,0x0000022e9b2a0000] _byte_map_base: 0x0000022e9aa90000

Marking Bits: (ParMarkBitMap*) 0x00007ff878d2d7d0
 Begin Bits: [0x0000022ead390000, 0x0000022eae390000)
 End Bits:   [0x0000022eae390000, 0x0000022eaf390000)

Polling page: 0x0000022e996a0000

Metaspace:

Usage:
  Non-class:     30.88 MB used.
      Class:      3.40 MB used.
       Both:     34.28 MB used.

Virtual space:
  Non-class space:       64.00 MB reserved,      31.31 MB ( 49%) committed,  1 nodes.
      Class space:        1.00 GB reserved,       3.69 MB ( <1%) committed,  1 nodes.
             Both:        1.06 GB reserved,      35.00 MB (  3%) committed. 

Chunk freelists:
   Non-Class:  485.00 KB
       Class:  12.14 MB
        Both:  12.61 MB

MaxMetaspaceSize: unlimited
CompressedClassSpaceSize: 1.00 GB
Initial GC threshold: 21.00 MB
Current GC threshold: 35.00 MB
CDS: off
MetaspaceReclaimPolicy: balanced
 - commit_granule_bytes: 65536.
 - commit_granule_words: 8192.
 - virtual_space_node_default_size: 8388608.
 - enlarge_chunks_in_place: 1.
 - new_chunks_are_fully_committed: 0.
 - uncommit_free_chunks: 1.
 - use_allocation_guard: 0.
 - handle_deallocations: 1.


Internal statistics:

num_allocs_failed_limit: 6.
num_arena_births: 582.
num_arena_deaths: 14.
num_vsnodes_births: 2.
num_vsnodes_deaths: 0.
num_space_committed: 560.
num_space_uncommitted: 0.
num_chunks_returned_to_freelist: 20.
num_chunks_taken_from_freelist: 1695.
num_chunk_merges: 8.
num_chunk_splits: 1077.
num_chunks_enlarged: 645.
num_inconsistent_stats: 0.

CodeHeap 'non-profiled nmethods': size=120000Kb used=1759Kb max_used=1759Kb free=118240Kb
 bounds [0x0000022ea5e60000, 0x0000022ea60d0000, 0x0000022ead390000]
CodeHeap 'profiled nmethods': size=120000Kb used=8241Kb max_used=8241Kb free=111758Kb
 bounds [0x0000022e9e390000, 0x0000022e9eba0000, 0x0000022ea58c0000]
CodeHeap 'non-nmethods': size=5760Kb used=1254Kb max_used=1297Kb free=4505Kb
 bounds [0x0000022ea58c0000, 0x0000022ea5b30000, 0x0000022ea5e60000]
 total_blobs=4571 nmethods=3993 adapters=491
 compilation: enabled
              stopped_count=0, restarted_count=0
 full_count=0

Compilation events (20 events):
Event: 1.877 Thread 0x0000022eb4e1f350 3992       3       jdk.internal.loader.BuiltinClassLoader::findResources (182 bytes)
Event: 1.878 Thread 0x0000022eb4e1f350 nmethod 3992 0x0000022e9eb95890 code [0x0000022e9eb95ca0, 0x0000022e9eb97be8]
Event: 1.878 Thread 0x0000022eb4e1f350 3993       3       jdk.internal.loader.BuiltinClassLoader::findResourcesOnClassPath (43 bytes)
Event: 1.878 Thread 0x0000022eb4e1f350 nmethod 3993 0x0000022e9eb98810 code [0x0000022e9eb98a60, 0x0000022e9eb99378]
Event: 1.878 Thread 0x0000022eb4e1f350 3994       3       jdk.internal.loader.BuiltinClassLoader$1::<init> (33 bytes)
Event: 1.878 Thread 0x0000022eb4e1f350 nmethod 3994 0x0000022e9eb99690 code [0x0000022e9eb99840, 0x0000022e9eb99ac8]
Event: 1.878 Thread 0x0000022eb4e1f350 3995       3       java.util.TreeMap::<init> (20 bytes)
Event: 1.878 Thread 0x0000022eb4e1f350 nmethod 3995 0x0000022e9eb99c10 code [0x0000022e9eb99dc0, 0x0000022e9eb99fb8]
Event: 1.881 Thread 0x0000022eb4e1e3d0 nmethod 3967 0x0000022ea6015710 code [0x0000022ea6015900, 0x0000022ea6016768]
Event: 1.881 Thread 0x0000022eb4e1f350 3996       3       jdk.internal.jimage.ImageLocation::getAttribute (44 bytes)
Event: 1.881 Thread 0x0000022eb4e1e3d0 3987       4       java.util.TreeMap::put (8 bytes)
Event: 1.881 Thread 0x0000022eb4e1e3d0 nmethod 3987 0x0000022ea6017210 code [0x0000022ea60173a0, 0x0000022ea6017448]
Event: 1.881 Thread 0x0000022eb4e1e3d0 3988       4       java.util.TreeMap::addEntry (59 bytes)
Event: 1.881 Thread 0x0000022eb4e1f350 nmethod 3996 0x0000022e9eb9a090 code [0x0000022e9eb9a2c0, 0x0000022e9eb9a978]
Event: 1.882 Thread 0x0000022eb4fa6c40 nmethod 3989 0x0000022ea6017510 code [0x0000022ea60176a0, 0x0000022ea6017bf8]
Event: 1.882 Thread 0x0000022eb4fa6c40 3991       4       java.util.TreeMap::containsKey (14 bytes)
Event: 1.882 Thread 0x0000022eb4e1f350 3997       3       com.sun.org.apache.xml.internal.serializer.Encodings::toUpperCaseFast (83 bytes)
Event: 1.883 Thread 0x0000022eb4e1f350 nmethod 3997 0x0000022e9eb9ac10 code [0x0000022e9eb9ae60, 0x0000022e9eb9b928]
Event: 1.883 Thread 0x0000022eb4e1f350 3998       3       java.lang.Module::allows (60 bytes)
Event: 1.884 Thread 0x0000022eb4e1f350 nmethod 3998 0x0000022e9eb9be10 code [0x0000022e9eb9c000, 0x0000022e9eb9c628]

GC Heap History (20 events):
Event: 0.861 GC heap after
{Heap after GC invocations=3 (full 0):
 PSYoungGen      total 29696K, used 4089K [0x00000000eab00000, 0x00000000ecc00000, 0x0000000100000000)
  eden space 25600K, 0% used [0x00000000eab00000,0x00000000eab00000,0x00000000ec400000)
  from space 4096K, 99% used [0x00000000ec400000,0x00000000ec7fe7e0,0x00000000ec800000)
  to   space 4096K, 0% used [0x00000000ec800000,0x00000000ec800000,0x00000000ecc00000)
 ParOldGen       total 68608K, used 5213K [0x00000000c0000000, 0x00000000c4300000, 0x00000000eab00000)
  object space 68608K, 7% used [0x00000000c0000000,0x00000000c0517700,0x00000000c4300000)
 Metaspace       used 16397K, committed 16640K, reserved 1114112K
  class space    used 1656K, committed 1728K, reserved 1048576K
}
Event: 1.080 GC heap before
{Heap before GC invocations=4 (full 0):
 PSYoungGen      total 29696K, used 29689K [0x00000000eab00000, 0x00000000ecc00000, 0x0000000100000000)
  eden space 25600K, 100% used [0x00000000eab00000,0x00000000ec400000,0x00000000ec400000)
  from space 4096K, 99% used [0x00000000ec400000,0x00000000ec7fe7e0,0x00000000ec800000)
  to   space 4096K, 0% used [0x00000000ec800000,0x00000000ec800000,0x00000000ecc00000)
 ParOldGen       total 68608K, used 5213K [0x00000000c0000000, 0x00000000c4300000, 0x00000000eab00000)
  object space 68608K, 7% used [0x00000000c0000000,0x00000000c0517700,0x00000000c4300000)
 Metaspace       used 20935K, committed 21376K, reserved 1114112K
  class space    used 2131K, committed 2304K, reserved 1048576K
}
Event: 1.082 GC heap after
{Heap after GC invocations=4 (full 0):
 PSYoungGen      total 29696K, used 4077K [0x00000000eab00000, 0x00000000ecc00000, 0x0000000100000000)
  eden space 25600K, 0% used [0x00000000eab00000,0x00000000eab00000,0x00000000ec400000)
  from space 4096K, 99% used [0x00000000ec800000,0x00000000ecbfb618,0x00000000ecc00000)
  to   space 4096K, 0% used [0x00000000ec400000,0x00000000ec400000,0x00000000ec800000)
 ParOldGen       total 68608K, used 6651K [0x00000000c0000000, 0x00000000c4300000, 0x00000000eab00000)
  object space 68608K, 9% used [0x00000000c0000000,0x00000000c067ef20,0x00000000c4300000)
 Metaspace       used 20935K, committed 21376K, reserved 1114112K
  class space    used 2131K, committed 2304K, reserved 1048576K
}
Event: 1.095 GC heap before
{Heap before GC invocations=5 (full 0):
 PSYoungGen      total 29696K, used 5157K [0x00000000eab00000, 0x00000000ecc00000, 0x0000000100000000)
  eden space 25600K, 4% used [0x00000000eab00000,0x00000000eac0e038,0x00000000ec400000)
  from space 4096K, 99% used [0x00000000ec800000,0x00000000ecbfb618,0x00000000ecc00000)
  to   space 4096K, 0% used [0x00000000ec400000,0x00000000ec400000,0x00000000ec800000)
 ParOldGen       total 68608K, used 6651K [0x00000000c0000000, 0x00000000c4300000, 0x00000000eab00000)
  object space 68608K, 9% used [0x00000000c0000000,0x00000000c067ef20,0x00000000c4300000)
 Metaspace       used 21070K, committed 21504K, reserved 1114112K
  class space    used 2144K, committed 2368K, reserved 1048576K
}
Event: 1.097 GC heap after
{Heap after GC invocations=5 (full 0):
 PSYoungGen      total 29696K, used 4069K [0x00000000eab00000, 0x00000000ece00000, 0x0000000100000000)
  eden space 25600K, 0% used [0x00000000eab00000,0x00000000eab00000,0x00000000ec400000)
  from space 4096K, 99% used [0x00000000ec400000,0x00000000ec7f97b0,0x00000000ec800000)
  to   space 5120K, 0% used [0x00000000ec900000,0x00000000ec900000,0x00000000ece00000)
 ParOldGen       total 68608K, used 6744K [0x00000000c0000000, 0x00000000c4300000, 0x00000000eab00000)
  object space 68608K, 9% used [0x00000000c0000000,0x00000000c0696150,0x00000000c4300000)
 Metaspace       used 21070K, committed 21504K, reserved 1114112K
  class space    used 2144K, committed 2368K, reserved 1048576K
}
Event: 1.097 GC heap before
{Heap before GC invocations=6 (full 1):
 PSYoungGen      total 29696K, used 4069K [0x00000000eab00000, 0x00000000ece00000, 0x0000000100000000)
  eden space 25600K, 0% used [0x00000000eab00000,0x00000000eab00000,0x00000000ec400000)
  from space 4096K, 99% used [0x00000000ec400000,0x00000000ec7f97b0,0x00000000ec800000)
  to   space 5120K, 0% used [0x00000000ec900000,0x00000000ec900000,0x00000000ece00000)
 ParOldGen       total 68608K, used 6744K [0x00000000c0000000, 0x00000000c4300000, 0x00000000eab00000)
  object space 68608K, 9% used [0x00000000c0000000,0x00000000c0696150,0x00000000c4300000)
 Metaspace       used 21070K, committed 21504K, reserved 1114112K
  class space    used 2144K, committed 2368K, reserved 1048576K
}
Event: 1.112 GC heap after
{Heap after GC invocations=6 (full 1):
 PSYoungGen      total 29696K, used 0K [0x00000000eab00000, 0x00000000ece00000, 0x0000000100000000)
  eden space 25600K, 0% used [0x00000000eab00000,0x00000000eab00000,0x00000000ec400000)
  from space 4096K, 0% used [0x00000000ec400000,0x00000000ec400000,0x00000000ec800000)
  to   space 5120K, 0% used [0x00000000ec900000,0x00000000ec900000,0x00000000ece00000)
 ParOldGen       total 68608K, used 10386K [0x00000000c0000000, 0x00000000c4300000, 0x00000000eab00000)
  object space 68608K, 15% used [0x00000000c0000000,0x00000000c0a24a28,0x00000000c4300000)
 Metaspace       used 21057K, committed 21504K, reserved 1114112K
  class space    used 2141K, committed 2368K, reserved 1048576K
}
Event: 1.370 GC heap before
{Heap before GC invocations=7 (full 1):
 PSYoungGen      total 29696K, used 25600K [0x00000000eab00000, 0x00000000ece00000, 0x0000000100000000)
  eden space 25600K, 100% used [0x00000000eab00000,0x00000000ec400000,0x00000000ec400000)
  from space 4096K, 0% used [0x00000000ec400000,0x00000000ec400000,0x00000000ec800000)
  to   space 5120K, 0% used [0x00000000ec900000,0x00000000ec900000,0x00000000ece00000)
 ParOldGen       total 68608K, used 10386K [0x00000000c0000000, 0x00000000c4300000, 0x00000000eab00000)
  object space 68608K, 15% used [0x00000000c0000000,0x00000000c0a24a28,0x00000000c4300000)
 Metaspace       used 24338K, committed 24896K, reserved 1114112K
  class space    used 2481K, committed 2688K, reserved 1048576K
}
Event: 1.372 GC heap after
{Heap after GC invocations=7 (full 1):
 PSYoungGen      total 26624K, used 1136K [0x00000000eab00000, 0x00000000eca80000, 0x0000000100000000)
  eden space 25088K, 0% used [0x00000000eab00000,0x00000000eab00000,0x00000000ec380000)
  from space 1536K, 73% used [0x00000000ec900000,0x00000000eca1c0a8,0x00000000eca80000)
  to   space 2560K, 0% used [0x00000000ec580000,0x00000000ec580000,0x00000000ec800000)
 ParOldGen       total 68608K, used 10394K [0x00000000c0000000, 0x00000000c4300000, 0x00000000eab00000)
  object space 68608K, 15% used [0x00000000c0000000,0x00000000c0a26a28,0x00000000c4300000)
 Metaspace       used 24338K, committed 24896K, reserved 1114112K
  class space    used 2481K, committed 2688K, reserved 1048576K
}
Event: 1.543 GC heap before
{Heap before GC invocations=8 (full 1):
 PSYoungGen      total 26624K, used 26224K [0x00000000eab00000, 0x00000000eca80000, 0x0000000100000000)
  eden space 25088K, 100% used [0x00000000eab00000,0x00000000ec380000,0x00000000ec380000)
  from space 1536K, 73% used [0x00000000ec900000,0x00000000eca1c0a8,0x00000000eca80000)
  to   space 2560K, 0% used [0x00000000ec580000,0x00000000ec580000,0x00000000ec800000)
 ParOldGen       total 68608K, used 10394K [0x00000000c0000000, 0x00000000c4300000, 0x00000000eab00000)
  object space 68608K, 15% used [0x00000000c0000000,0x00000000c0a26a28,0x00000000c4300000)
 Metaspace       used 27267K, committed 27968K, reserved 1114112K
  class space    used 2819K, committed 3136K, reserved 1048576K
}
Event: 1.545 GC heap after
{Heap after GC invocations=8 (full 1):
 PSYoungGen      total 27136K, used 2531K [0x00000000eab00000, 0x00000000eca00000, 0x0000000100000000)
  eden space 24576K, 0% used [0x00000000eab00000,0x00000000eab00000,0x00000000ec300000)
  from space 2560K, 98% used [0x00000000ec580000,0x00000000ec7f8d98,0x00000000ec800000)
  to   space 2048K, 0% used [0x00000000ec800000,0x00000000ec800000,0x00000000eca00000)
 ParOldGen       total 68608K, used 10970K [0x00000000c0000000, 0x00000000c4300000, 0x00000000eab00000)
  object space 68608K, 15% used [0x00000000c0000000,0x00000000c0ab6a28,0x00000000c4300000)
 Metaspace       used 27267K, committed 27968K, reserved 1114112K
  class space    used 2819K, committed 3136K, reserved 1048576K
}
Event: 1.631 GC heap before
{Heap before GC invocations=9 (full 1):
 PSYoungGen      total 27136K, used 27107K [0x00000000eab00000, 0x00000000eca00000, 0x0000000100000000)
  eden space 24576K, 100% used [0x00000000eab00000,0x00000000ec300000,0x00000000ec300000)
  from space 2560K, 98% used [0x00000000ec580000,0x00000000ec7f8d98,0x00000000ec800000)
  to   space 2048K, 0% used [0x00000000ec800000,0x00000000ec800000,0x00000000eca00000)
 ParOldGen       total 68608K, used 10970K [0x00000000c0000000, 0x00000000c4300000, 0x00000000eab00000)
  object space 68608K, 15% used [0x00000000c0000000,0x00000000c0ab6a28,0x00000000c4300000)
 Metaspace       used 29589K, committed 30272K, reserved 1114112K
  class space    used 2973K, committed 3264K, reserved 1048576K
}
Event: 1.632 GC heap after
{Heap after GC invocations=9 (full 1):
 PSYoungGen      total 26112K, used 2032K [0x00000000eab00000, 0x00000000eca00000, 0x0000000100000000)
  eden space 24064K, 0% used [0x00000000eab00000,0x00000000eab00000,0x00000000ec280000)
  from space 2048K, 99% used [0x00000000ec800000,0x00000000ec9fc198,0x00000000eca00000)
  to   space 3072K, 0% used [0x00000000ec400000,0x00000000ec400000,0x00000000ec700000)
 ParOldGen       total 68608K, used 11603K [0x00000000c0000000, 0x00000000c4300000, 0x00000000eab00000)
  object space 68608K, 16% used [0x00000000c0000000,0x00000000c0b54cc8,0x00000000c4300000)
 Metaspace       used 29589K, committed 30272K, reserved 1114112K
  class space    used 2973K, committed 3264K, reserved 1048576K
}
Event: 1.726 GC heap before
{Heap before GC invocations=10 (full 1):
 PSYoungGen      total 26112K, used 26096K [0x00000000eab00000, 0x00000000eca00000, 0x0000000100000000)
  eden space 24064K, 100% used [0x00000000eab00000,0x00000000ec280000,0x00000000ec280000)
  from space 2048K, 99% used [0x00000000ec800000,0x00000000ec9fc198,0x00000000eca00000)
  to   space 3072K, 0% used [0x00000000ec400000,0x00000000ec400000,0x00000000ec700000)
 ParOldGen       total 68608K, used 11603K [0x00000000c0000000, 0x00000000c4300000, 0x00000000eab00000)
  object space 68608K, 16% used [0x00000000c0000000,0x00000000c0b54cc8,0x00000000c4300000)
 Metaspace       used 32486K, committed 33216K, reserved 1114112K
  class space    used 3212K, committed 3520K, reserved 1048576K
}
Event: 1.728 GC heap after
{Heap after GC invocations=10 (full 1):
 PSYoungGen      total 26624K, used 2739K [0x00000000eab00000, 0x00000000ec880000, 0x0000000100000000)
  eden space 23552K, 0% used [0x00000000eab00000,0x00000000eab00000,0x00000000ec200000)
  from space 3072K, 89% used [0x00000000ec400000,0x00000000ec6acd78,0x00000000ec700000)
  to   space 1536K, 0% used [0x00000000ec700000,0x00000000ec700000,0x00000000ec880000)
 ParOldGen       total 68608K, used 12920K [0x00000000c0000000, 0x00000000c4300000, 0x00000000eab00000)
  object space 68608K, 18% used [0x00000000c0000000,0x00000000c0c9e250,0x00000000c4300000)
 Metaspace       used 32486K, committed 33216K, reserved 1114112K
  class space    used 3212K, committed 3520K, reserved 1048576K
}
Event: 1.878 GC heap before
{Heap before GC invocations=11 (full 1):
 PSYoungGen      total 26624K, used 26291K [0x00000000eab00000, 0x00000000ec880000, 0x0000000100000000)
  eden space 23552K, 100% used [0x00000000eab00000,0x00000000ec200000,0x00000000ec200000)
  from space 3072K, 89% used [0x00000000ec400000,0x00000000ec6acd78,0x00000000ec700000)
  to   space 1536K, 0% used [0x00000000ec700000,0x00000000ec700000,0x00000000ec880000)
 ParOldGen       total 68608K, used 12920K [0x00000000c0000000, 0x00000000c4300000, 0x00000000eab00000)
  object space 68608K, 18% used [0x00000000c0000000,0x00000000c0c9e250,0x00000000c4300000)
 Metaspace       used 35048K, committed 35840K, reserved 1114112K
  class space    used 3474K, committed 3776K, reserved 1048576K
}
Event: 1.880 GC heap after
{Heap after GC invocations=11 (full 1):
 PSYoungGen      total 24576K, used 1524K [0x00000000eab00000, 0x00000000eca80000, 0x0000000100000000)
  eden space 23040K, 0% used [0x00000000eab00000,0x00000000eab00000,0x00000000ec180000)
  from space 1536K, 99% used [0x00000000ec700000,0x00000000ec87d0a0,0x00000000ec880000)
  to   space 4608K, 0% used [0x00000000ec180000,0x00000000ec180000,0x00000000ec600000)
 ParOldGen       total 68608K, used 15317K [0x00000000c0000000, 0x00000000c4300000, 0x00000000eab00000)
  object space 68608K, 22% used [0x00000000c0000000,0x00000000c0ef5670,0x00000000c4300000)
 Metaspace       used 35048K, committed 35840K, reserved 1114112K
  class space    used 3474K, committed 3776K, reserved 1048576K
}
Event: 1.884 GC heap before
{Heap before GC invocations=12 (full 1):
 PSYoungGen      total 24576K, used 1961K [0x00000000eab00000, 0x00000000eca80000, 0x0000000100000000)
  eden space 23040K, 1% used [0x00000000eab00000,0x00000000eab6d5b8,0x00000000ec180000)
  from space 1536K, 99% used [0x00000000ec700000,0x00000000ec87d0a0,0x00000000ec880000)
  to   space 4608K, 0% used [0x00000000ec180000,0x00000000ec180000,0x00000000ec600000)
 ParOldGen       total 68608K, used 15317K [0x00000000c0000000, 0x00000000c4300000, 0x00000000eab00000)
  object space 68608K, 22% used [0x00000000c0000000,0x00000000c0ef5670,0x00000000c4300000)
 Metaspace       used 35103K, committed 35840K, reserved 1114112K
  class space    used 3480K, committed 3776K, reserved 1048576K
}
Event: 1.885 GC heap after
{Heap after GC invocations=12 (full 1):
 PSYoungGen      total 23552K, used 192K [0x00000000eab00000, 0x00000000ec780000, 0x0000000100000000)
  eden space 23040K, 0% used [0x00000000eab00000,0x00000000eab00000,0x00000000ec180000)
  from space 512K, 37% used [0x00000000ec180000,0x00000000ec1b0000,0x00000000ec200000)
  to   space 2048K, 0% used [0x00000000ec580000,0x00000000ec580000,0x00000000ec780000)
 ParOldGen       total 68608K, used 16777K [0x00000000c0000000, 0x00000000c4300000, 0x00000000eab00000)
  object space 68608K, 24% used [0x00000000c0000000,0x00000000c1062680,0x00000000c4300000)
 Metaspace       used 35103K, committed 35840K, reserved 1114112K
  class space    used 3480K, committed 3776K, reserved 1048576K
}
Event: 1.885 GC heap before
{Heap before GC invocations=13 (full 2):
 PSYoungGen      total 23552K, used 192K [0x00000000eab00000, 0x00000000ec780000, 0x0000000100000000)
  eden space 23040K, 0% used [0x00000000eab00000,0x00000000eab00000,0x00000000ec180000)
  from space 512K, 37% used [0x00000000ec180000,0x00000000ec1b0000,0x00000000ec200000)
  to   space 2048K, 0% used [0x00000000ec580000,0x00000000ec580000,0x00000000ec780000)
 ParOldGen       total 68608K, used 16777K [0x00000000c0000000, 0x00000000c4300000, 0x00000000eab00000)
  object space 68608K, 24% used [0x00000000c0000000,0x00000000c1062680,0x00000000c4300000)
 Metaspace       used 35103K, committed 35840K, reserved 1114112K
  class space    used 3480K, committed 3776K, reserved 1048576K
}

Dll operation events (9 events):
Event: 0.004 Loaded shared library c:\Users\Usuario\.vscode\extensions\redhat.java-1.28.1-win32-x64\jre\17.0.10-win32-x86_64\bin\java.dll
Event: 0.084 Loaded shared library c:\Users\Usuario\.vscode\extensions\redhat.java-1.28.1-win32-x64\jre\17.0.10-win32-x86_64\bin\zip.dll
Event: 0.085 Loaded shared library C:\Users\Usuario\.vscode\extensions\redhat.java-1.28.1-win32-x64\jre\17.0.10-win32-x86_64\bin\instrument.dll
Event: 0.093 Loaded shared library C:\Users\Usuario\.vscode\extensions\redhat.java-1.28.1-win32-x64\jre\17.0.10-win32-x86_64\bin\net.dll
Event: 0.094 Loaded shared library C:\Users\Usuario\.vscode\extensions\redhat.java-1.28.1-win32-x64\jre\17.0.10-win32-x86_64\bin\nio.dll
Event: 0.098 Loaded shared library C:\Users\Usuario\.vscode\extensions\redhat.java-1.28.1-win32-x64\jre\17.0.10-win32-x86_64\bin\zip.dll
Event: 0.107 Loaded shared library C:\Users\Usuario\.vscode\extensions\redhat.java-1.28.1-win32-x64\jre\17.0.10-win32-x86_64\bin\jimage.dll
Event: 0.136 Loaded shared library c:\Users\Usuario\.vscode\extensions\redhat.java-1.28.1-win32-x64\jre\17.0.10-win32-x86_64\bin\verify.dll
Event: 0.629 Loaded shared library C:\Users\Usuario\AppData\Roaming\Code\User\globalStorage\redhat.java\1.28.1\config_win\org.eclipse.equinox.launcher\org.eclipse.equinox.launcher.win32.win32.x86_64_1.2.900.v20240129-1338\eclipse_11900.dll

Deoptimization events (20 events):
Event: 1.742 Thread 0x0000022eb6255b40 DEOPT PACKING pc=0x0000022ea5e84bc0 sp=0x0000008adc6f9780
Event: 1.742 Thread 0x0000022eb6255b40 DEOPT UNPACKING pc=0x0000022ea59166a3 sp=0x0000008adc6f9718 mode 2
Event: 1.752 Thread 0x0000022eb6255b40 DEOPT PACKING pc=0x0000022e9e8ce64e sp=0x0000008adc6f9780
Event: 1.752 Thread 0x0000022eb6255b40 DEOPT UNPACKING pc=0x0000022ea5916e43 sp=0x0000008adc6f8c90 mode 0
Event: 1.757 Thread 0x0000022eb6255b40 Uncommon trap: trap_request=0xffffffc6 fr.pc=0x0000022ea5eee858 relative=0x0000000000000998
Event: 1.757 Thread 0x0000022eb6255b40 Uncommon trap: reason=bimorphic_or_optimized_type_check action=maybe_recompile pc=0x0000022ea5eee858 method=java.util.HashMap.putVal(ILjava/lang/Object;Ljava/lang/Object;ZZ)Ljava/lang/Object; @ 56 c2
Event: 1.757 Thread 0x0000022eb6255b40 DEOPT PACKING pc=0x0000022ea5eee858 sp=0x0000008adc6f96d0
Event: 1.757 Thread 0x0000022eb6255b40 DEOPT UNPACKING pc=0x0000022ea59166a3 sp=0x0000008adc6f9628 mode 2
Event: 1.788 Thread 0x0000022eb6255b40 Uncommon trap: trap_request=0xffffffc6 fr.pc=0x0000022ea5eee858 relative=0x0000000000000998
Event: 1.789 Thread 0x0000022eb6255b40 Uncommon trap: reason=bimorphic_or_optimized_type_check action=maybe_recompile pc=0x0000022ea5eee858 method=java.util.HashMap.putVal(ILjava/lang/Object;Ljava/lang/Object;ZZ)Ljava/lang/Object; @ 56 c2
Event: 1.789 Thread 0x0000022eb6255b40 DEOPT PACKING pc=0x0000022ea5eee858 sp=0x0000008adc6fd950
Event: 1.789 Thread 0x0000022eb6255b40 DEOPT UNPACKING pc=0x0000022ea59166a3 sp=0x0000008adc6fd8a8 mode 2
Event: 1.789 Thread 0x0000022eb6255b40 Uncommon trap: trap_request=0xffffffc6 fr.pc=0x0000022ea5eee858 relative=0x0000000000000998
Event: 1.789 Thread 0x0000022eb6255b40 Uncommon trap: reason=bimorphic_or_optimized_type_check action=maybe_recompile pc=0x0000022ea5eee858 method=java.util.HashMap.putVal(ILjava/lang/Object;Ljava/lang/Object;ZZ)Ljava/lang/Object; @ 56 c2
Event: 1.789 Thread 0x0000022eb6255b40 DEOPT PACKING pc=0x0000022ea5eee858 sp=0x0000008adc6fd950
Event: 1.789 Thread 0x0000022eb6255b40 DEOPT UNPACKING pc=0x0000022ea59166a3 sp=0x0000008adc6fd8a8 mode 2
Event: 1.789 Thread 0x0000022eb6255b40 Uncommon trap: trap_request=0xffffffc6 fr.pc=0x0000022ea5eee858 relative=0x0000000000000998
Event: 1.789 Thread 0x0000022eb6255b40 Uncommon trap: reason=bimorphic_or_optimized_type_check action=maybe_recompile pc=0x0000022ea5eee858 method=java.util.HashMap.putVal(ILjava/lang/Object;Ljava/lang/Object;ZZ)Ljava/lang/Object; @ 56 c2
Event: 1.789 Thread 0x0000022eb6255b40 DEOPT PACKING pc=0x0000022ea5eee858 sp=0x0000008adc6fd950
Event: 1.789 Thread 0x0000022eb6255b40 DEOPT UNPACKING pc=0x0000022ea59166a3 sp=0x0000008adc6fd8a8 mode 2

Classes unloaded (7 events):
Event: 1.101 Thread 0x0000022e9b7aea70 Unloading class 0x0000000100248400 'java/lang/invoke/LambdaForm$MH+0x0000000100248400'
Event: 1.101 Thread 0x0000022e9b7aea70 Unloading class 0x0000000100248000 'java/lang/invoke/LambdaForm$MH+0x0000000100248000'
Event: 1.101 Thread 0x0000022e9b7aea70 Unloading class 0x0000000100247c00 'java/lang/invoke/LambdaForm$MH+0x0000000100247c00'
Event: 1.101 Thread 0x0000022e9b7aea70 Unloading class 0x0000000100247800 'java/lang/invoke/LambdaForm$MH+0x0000000100247800'
Event: 1.101 Thread 0x0000022e9b7aea70 Unloading class 0x0000000100247400 'java/lang/invoke/LambdaForm$BMH+0x0000000100247400'
Event: 1.101 Thread 0x0000022e9b7aea70 Unloading class 0x0000000100247000 'java/lang/invoke/LambdaForm$DMH+0x0000000100247000'
Event: 1.101 Thread 0x0000022e9b7aea70 Unloading class 0x0000000100244400 'java/lang/invoke/LambdaForm$DMH+0x0000000100244400'

Classes redefined (0 events):
No events

Internal exceptions (20 events):
Event: 1.498 Thread 0x0000022eb6255b40 Exception <a 'java/lang/NoSuchMethodError'{0x00000000ebce71c0}: 'java.lang.Object java.lang.invoke.DirectMethodHandle$Holder.newInvokeSpecial(java.lang.Object, java.lang.Object, java.lang.Object, java.lang.Object, java.lang.Object, java.lang.Object, java.lang.Object)'> (0x00000000ebce71c0) 
thrown [s\src\hotspot\share\interpreter\linkResolver.cpp, line 759]
Event: 1.502 Thread 0x0000022eb6255b40 Exception <a 'java/lang/NoSuchMethodError'{0x00000000ebd548b8}: 'java.lang.Object java.lang.invoke.DirectMethodHandle$Holder.invokeSpecial(java.lang.Object, java.lang.Object, java.lang.Object, java.lang.Object, java.lang.Object, java.lang.Object, java.lang.Object, java.lang.Object, java.lang.Object, java.lang.Object, java.lang.Object, java.lang.Object, java.lang.Object)'> (0x00000000ebd548b8) 
thrown [s\src\hotspot\share\interpreter\linkResolver.cpp, line 759]
Event: 1.502 Thread 0x0000022eb6255b40 Exception <a 'java/lang/NoSuchMethodError'{0x00000000ebd5a3e8}: 'java.lang.Object java.lang.invoke.Invokers$Holder.invoker(java.lang.Object, java.lang.Object, java.lang.Object, java.lang.Object, java.lang.Object, java.lang.Object, java.lang.Object, java.lang.Object, java.lang.Object, java.lang.Object, java.lang.Object, java.lang.Object, java.lang.Object)'> (0x00000000ebd5a3e8) 
thrown [s\src\hotspot\share\interpreter\linkResolver.cpp, line 759]
Event: 1.503 Thread 0x0000022eb6255b40 Exception <a 'java/lang/NoSuchMethodError'{0x00000000ebd610e8}: 'java.lang.Object java.lang.invoke.DirectMethodHandle$Holder.invokeSpecial(java.lang.Object, java.lang.Object, java.lang.Object, java.lang.Object, java.lang.Object, java.lang.Object, java.lang.Object, java.lang.Object, java.lang.Object, java.lang.Object, java.lang.Object, java.lang.Object, java.lang.Object, java.lang.Object)'> (0x00000000ebd610e8) 
thrown [s\src\hotspot\share\interpreter\linkResolver.cpp, line 759]
Event: 1.505 Thread 0x0000022eb6255b40 Exception <a 'java/lang/NoSuchMethodError'{0x00000000ebdc66a8}: static Lorg/eclipse/m2e/core/internal/lifecyclemapping/model/PluginExecutionMetadata;.<clinit>()V> (0x00000000ebdc66a8) 
thrown [s\src\hotspot\share\prims\jni.cpp, line 1107]
Event: 1.508 Thread 0x0000022eb6255b40 Exception <a 'java/lang/NoSuchMethodError'{0x00000000ebe23e78}: static Lorg/eclipse/m2e/core/internal/lifecyclemapping/model/PluginExecutionFilter;.<clinit>()V> (0x00000000ebe23e78) 
thrown [s\src\hotspot\share\prims\jni.cpp, line 1107]
Event: 1.510 Thread 0x0000022eb6255b40 Exception <a 'java/lang/NoSuchMethodError'{0x00000000ebe58988}: static Lorg/eclipse/m2e/core/internal/project/registry/MavenProjectFacade$MavenProjectConfiguration;.<clinit>()V> (0x00000000ebe58988) 
thrown [s\src\hotspot\share\prims\jni.cpp, line 1107]
Event: 1.547 Thread 0x0000022eb662f800 Exception <a 'java/lang/NoSuchMethodError'{0x00000000eab97d00}: 'java.lang.Object java.lang.invoke.DirectMethodHandle$Holder.newInvokeSpecial(java.lang.Object, java.lang.Object, java.lang.Object, int)'> (0x00000000eab97d00) 
thrown [s\src\hotspot\share\interpreter\linkResolver.cpp, line 759]
Event: 1.548 Thread 0x0000022eb662f800 Exception <a 'java/lang/NoSuchMethodError'{0x00000000eab9be08}: 'java.lang.Object java.lang.invoke.DirectMethodHandle$Holder.invokeSpecial(java.lang.Object, java.lang.Object, java.lang.Object, java.lang.Object, int)'> (0x00000000eab9be08) 
thrown [s\src\hotspot\share\interpreter\linkResolver.cpp, line 759]
Event: 1.548 Thread 0x0000022eb662f800 Exception <a 'java/lang/NoSuchMethodError'{0x00000000eab9f510}: 'java.lang.Object java.lang.invoke.Invokers$Holder.linkToTargetMethod(java.lang.Object, java.lang.Object, int, java.lang.Object)'> (0x00000000eab9f510) 
thrown [s\src\hotspot\share\interpreter\linkResolver.cpp, line 759]
Event: 1.601 Thread 0x0000022eb6255b40 Exception <a 'java/io/FileNotFoundException'{0x00000000ebd02668}> (0x00000000ebd02668) 
thrown [s\src\hotspot\share\prims\jni.cpp, line 516]
Event: 1.601 Thread 0x0000022eb6255b40 Exception <a 'java/io/FileNotFoundException'{0x00000000ebd034d8}> (0x00000000ebd034d8) 
thrown [s\src\hotspot\share\prims\jni.cpp, line 516]
Event: 1.601 Thread 0x0000022eb6255b40 Exception <a 'java/io/FileNotFoundException'{0x00000000ebd04358}> (0x00000000ebd04358) 
thrown [s\src\hotspot\share\prims\jni.cpp, line 516]
Event: 1.741 Thread 0x0000022eb6255b40 Exception <a 'java/lang/NoSuchMethodError'{0x00000000eb511db8}: 'java.lang.Object java.lang.invoke.DirectMethodHandle$Holder.newInvokeSpecial(java.lang.Object, int, java.lang.Object, java.lang.Object)'> (0x00000000eb511db8) 
thrown [s\src\hotspot\share\interpreter\linkResolver.cpp, line 759]
Event: 1.768 Thread 0x0000022eb6255b40 Exception <a 'java/lang/ClassNotFoundException'{0x00000000eb799818}: com/sun/org/apache/xerces/internal/impl/msg/spi/DOMMessagesProvider> (0x00000000eb799818) 
thrown [s\src\hotspot\share\classfile\systemDictionary.cpp, line 256]
Event: 1.769 Thread 0x0000022eb6255b40 Exception <a 'java/lang/ClassNotFoundException'{0x00000000eb7bde00}: com/sun/org/apache/xerces/internal/impl/msg/spi/XMLSerializerMessagesProvider> (0x00000000eb7bde00) 
thrown [s\src\hotspot\share\classfile\systemDictionary.cpp, line 256]
Event: 1.769 Thread 0x0000022eb6255b40 Exception <a 'java/lang/ClassNotFoundException'{0x00000000eb7d6340}: com/sun/org/apache/xerces/internal/impl/msg/spi/XMLMessagesProvider> (0x00000000eb7d6340) 
thrown [s\src\hotspot\share\classfile\systemDictionary.cpp, line 256]
Event: 1.795 Thread 0x0000022eb6255b40 Exception <a 'java/lang/NoSuchMethodError'{0x00000000ebb44298}: 'java.lang.Object java.lang.invoke.DirectMethodHandle$Holder.invokeStaticInit(java.lang.Object, int, int, int, int)'> (0x00000000ebb44298) 
thrown [s\src\hotspot\share\interpreter\linkResolver.cpp, line 759]
Event: 1.821 Thread 0x0000022eb6255b40 Exception <a 'java/lang/NoSuchMethodError'{0x00000000ebc199c0}: 'java.lang.Object java.lang.invoke.DirectMethodHandle$Holder.invokeStaticInit(java.lang.Object, java.lang.Object, int, int, int, int)'> (0x00000000ebc199c0) 
thrown [s\src\hotspot\share\interpreter\linkResolver.cpp, line 759]
Event: 1.855 Thread 0x0000022eb6255b40 Exception <a 'java/lang/ClassNotFoundException'{0x00000000ebfc0ed0}: com/sun/org/apache/xml/internal/serializer/spi/XMLEntitiesProvider> (0x00000000ebfc0ed0) 
thrown [s\src\hotspot\share\classfile\systemDictionary.cpp, line 256]

VM Operations (20 events):
Event: 1.463 Executing VM operation: HandshakeAllThreads done
Event: 1.491 Executing VM operation: HandshakeAllThreads
Event: 1.492 Executing VM operation: HandshakeAllThreads done
Event: 1.543 Executing VM operation: ParallelGCFailedAllocation
Event: 1.545 Executing VM operation: ParallelGCFailedAllocation done
Event: 1.631 Executing VM operation: ParallelGCFailedAllocation
Event: 1.632 Executing VM operation: ParallelGCFailedAllocation done
Event: 1.726 Executing VM operation: ParallelGCFailedAllocation
Event: 1.728 Executing VM operation: ParallelGCFailedAllocation done
Event: 1.753 Executing VM operation: HandshakeAllThreads
Event: 1.753 Executing VM operation: HandshakeAllThreads done
Event: 1.788 Executing VM operation: HandshakeAllThreads
Event: 1.788 Executing VM operation: HandshakeAllThreads done
Event: 1.818 Executing VM operation: HandshakeAllThreads
Event: 1.818 Executing VM operation: HandshakeAllThreads done
Event: 1.869 Executing VM operation: HandshakeAllThreads
Event: 1.869 Executing VM operation: HandshakeAllThreads done
Event: 1.878 Executing VM operation: ParallelGCFailedAllocation
Event: 1.880 Executing VM operation: ParallelGCFailedAllocation done
Event: 1.884 Executing VM operation: CollectForMetadataAllocation

Events (20 events):
Event: 1.871 loading class sun/nio/cs/ISO_8859_7
Event: 1.872 loading class sun/nio/cs/ISO_8859_7 done
Event: 1.872 loading class sun/nio/cs/IBM850
Event: 1.872 loading class sun/nio/cs/IBM850 done
Event: 1.872 loading class sun/nio/cs/SJIS
Event: 1.872 loading class sun/nio/cs/SJIS done
Event: 1.877 loading class sun/nio/cs/KOI8_R
Event: 1.877 loading class sun/nio/cs/KOI8_R done
Event: 1.883 loading class com/sun/org/apache/xml/internal/serializer/NamespaceMappings
Event: 1.883 loading class com/sun/org/apache/xml/internal/serializer/NamespaceMappings done
Event: 1.883 loading class com/sun/org/apache/xml/internal/serializer/NamespaceMappings$MappingRecord
Event: 1.883 loading class com/sun/org/apache/xml/internal/serializer/NamespaceMappings$MappingRecord done
Event: 1.883 loading class javax/xml/transform/stream/StreamSource
Event: 1.883 loading class javax/xml/transform/stream/StreamSource done
Event: 1.883 loading class javax/xml/transform/sax/SAXSource
Event: 1.883 loading class javax/xml/transform/sax/SAXSource done
Event: 1.883 loading class javax/xml/transform/stax/StAXSource
Event: 1.883 loading class javax/xml/transform/stax/StAXSource done
Event: 1.883 loading class com/sun/org/apache/xalan/internal/xsltc/trax/DOM2TO
Event: 1.883 loading class com/sun/org/apache/xalan/internal/xsltc/trax/DOM2TO done


Dynamic libraries:
0x00007ff6860d0000 - 0x00007ff6860de000 	c:\Users\Usuario\.vscode\extensions\redhat.java-1.28.1-win32-x64\jre\17.0.10-win32-x86_64\bin\java.exe
0x00007ff8b5090000 - 0x00007ff8b5288000 	C:\Windows\SYSTEM32\ntdll.dll
0x00007ff8b31b0000 - 0x00007ff8b326d000 	C:\Windows\System32\KERNEL32.DLL
0x00007ff8b2810000 - 0x00007ff8b2b06000 	C:\Windows\System32\KERNELBASE.dll
0x00007ff8b2ed0000 - 0x00007ff8b2fd0000 	C:\Windows\System32\ucrtbase.dll
0x00007ff89b2c0000 - 0x00007ff89b2db000 	c:\Users\Usuario\.vscode\extensions\redhat.java-1.28.1-win32-x64\jre\17.0.10-win32-x86_64\bin\VCRUNTIME140.dll
0x00007ff8ab440000 - 0x00007ff8ab457000 	c:\Users\Usuario\.vscode\extensions\redhat.java-1.28.1-win32-x64\jre\17.0.10-win32-x86_64\bin\jli.dll
0x00007ff8b4eb0000 - 0x00007ff8b504e000 	C:\Windows\System32\USER32.dll
0x00007ff8b1be0000 - 0x00007ff8b1e7a000 	C:\Windows\WinSxS\amd64_microsoft.windows.common-controls_6595b64144ccf1df_6.0.19041.1110_none_60b5254171f9507e\COMCTL32.dll
0x00007ff8b2c60000 - 0x00007ff8b2c82000 	C:\Windows\System32\win32u.dll
0x00007ff8b4c30000 - 0x00007ff8b4cce000 	C:\Windows\System32\msvcrt.dll
0x00007ff8b37f0000 - 0x00007ff8b381c000 	C:\Windows\System32\GDI32.dll
0x00007ff8b2fd0000 - 0x00007ff8b30ea000 	C:\Windows\System32\gdi32full.dll
0x00007ff8b2bc0000 - 0x00007ff8b2c5d000 	C:\Windows\System32\msvcp_win.dll
0x00007ff8b3100000 - 0x00007ff8b3130000 	C:\Windows\System32\IMM32.DLL
0x00007ff8abef0000 - 0x00007ff8abefc000 	c:\Users\Usuario\.vscode\extensions\redhat.java-1.28.1-win32-x64\jre\17.0.10-win32-x86_64\bin\vcruntime140_1.dll
0x00007ff887730000 - 0x00007ff8877bd000 	c:\Users\Usuario\.vscode\extensions\redhat.java-1.28.1-win32-x64\jre\17.0.10-win32-x86_64\bin\msvcp140.dll
0x00007ff878190000 - 0x00007ff878df2000 	c:\Users\Usuario\.vscode\extensions\redhat.java-1.28.1-win32-x64\jre\17.0.10-win32-x86_64\bin\server\jvm.dll
0x00007ff8b4b80000 - 0x00007ff8b4c2e000 	C:\Windows\System32\ADVAPI32.dll
0x00007ff8b3750000 - 0x00007ff8b37ec000 	C:\Windows\System32\sechost.dll
0x00007ff8b3350000 - 0x00007ff8b3476000 	C:\Windows\System32\RPCRT4.dll
0x00007ff8b25d0000 - 0x00007ff8b261b000 	C:\Windows\SYSTEM32\POWRPROF.dll
0x00007ff87eee0000 - 0x00007ff87eee9000 	C:\Windows\SYSTEM32\WSOCK32.dll
0x00007ff8969c0000 - 0x00007ff8969e7000 	C:\Windows\SYSTEM32\WINMM.dll
0x00007ff8a8040000 - 0x00007ff8a804a000 	C:\Windows\SYSTEM32\VERSION.dll
0x00007ff8b3480000 - 0x00007ff8b34eb000 	C:\Windows\System32\WS2_32.dll
0x00007ff8b25b0000 - 0x00007ff8b25c2000 	C:\Windows\SYSTEM32\UMPDC.dll
0x00007ff8affc0000 - 0x00007ff8affd2000 	C:\Windows\SYSTEM32\kernel.appcore.dll
0x00007ff8ab620000 - 0x00007ff8ab62a000 	c:\Users\Usuario\.vscode\extensions\redhat.java-1.28.1-win32-x64\jre\17.0.10-win32-x86_64\bin\jimage.dll
0x00007ff8b2080000 - 0x00007ff8b2264000 	C:\Windows\SYSTEM32\DBGHELP.DLL
0x00007ff8b1ea0000 - 0x00007ff8b1ed4000 	C:\Windows\SYSTEM32\dbgcore.DLL
0x00007ff8b2df0000 - 0x00007ff8b2e72000 	C:\Windows\System32\bcryptPrimitives.dll
0x00007ff8ab540000 - 0x00007ff8ab54e000 	c:\Users\Usuario\.vscode\extensions\redhat.java-1.28.1-win32-x64\jre\17.0.10-win32-x86_64\bin\instrument.dll
0x00007ff88e770000 - 0x00007ff88e795000 	c:\Users\Usuario\.vscode\extensions\redhat.java-1.28.1-win32-x64\jre\17.0.10-win32-x86_64\bin\java.dll
0x00007ff89b1e0000 - 0x00007ff89b1f8000 	c:\Users\Usuario\.vscode\extensions\redhat.java-1.28.1-win32-x64\jre\17.0.10-win32-x86_64\bin\zip.dll
0x00007ff8b3d00000 - 0x00007ff8b4444000 	C:\Windows\System32\SHELL32.dll
0x00007ff8b01c0000 - 0x00007ff8b095b000 	C:\Windows\SYSTEM32\windows.storage.dll
0x00007ff8b4670000 - 0x00007ff8b49c4000 	C:\Windows\System32\combase.dll
0x00007ff8b1910000 - 0x00007ff8b193d000 	C:\Windows\SYSTEM32\Wldp.dll
0x00007ff8b4e00000 - 0x00007ff8b4ead000 	C:\Windows\System32\SHCORE.dll
0x00007ff8b4450000 - 0x00007ff8b44a5000 	C:\Windows\System32\shlwapi.dll
0x00007ff8b26a0000 - 0x00007ff8b26c5000 	C:\Windows\SYSTEM32\profapi.dll
0x00007ff8957e0000 - 0x00007ff8957f9000 	C:\Users\Usuario\.vscode\extensions\redhat.java-1.28.1-win32-x64\jre\17.0.10-win32-x86_64\bin\net.dll
0x00007ff8ad870000 - 0x00007ff8ad97a000 	C:\Windows\SYSTEM32\WINHTTP.dll
0x00007ff8b1780000 - 0x00007ff8b17ea000 	C:\Windows\system32\mswsock.dll
0x00007ff8913a0000 - 0x00007ff8913b6000 	C:\Users\Usuario\.vscode\extensions\redhat.java-1.28.1-win32-x64\jre\17.0.10-win32-x86_64\bin\nio.dll
0x00007ff8aa370000 - 0x00007ff8aa380000 	c:\Users\Usuario\.vscode\extensions\redhat.java-1.28.1-win32-x64\jre\17.0.10-win32-x86_64\bin\verify.dll
0x00007ff88bd70000 - 0x00007ff88bdae000 	C:\Users\Usuario\AppData\Roaming\Code\User\globalStorage\redhat.java\1.28.1\config_win\org.eclipse.equinox.launcher\org.eclipse.equinox.launcher.win32.win32.x86_64_1.2.900.v20240129-1338\eclipse_11900.dll
0x00007ff8b4cd0000 - 0x00007ff8b4dfa000 	C:\Windows\System32\ole32.dll
0x00007ff8b2470000 - 0x00007ff8b2488000 	C:\Windows\SYSTEM32\CRYPTSP.dll
0x00007ff8b1120000 - 0x00007ff8b1154000 	C:\Windows\system32\rsaenh.dll
0x00007ff8b27e0000 - 0x00007ff8b2807000 	C:\Windows\System32\bcrypt.dll
0x00007ff8b2620000 - 0x00007ff8b264e000 	C:\Windows\SYSTEM32\USERENV.dll
0x00007ff8b1a40000 - 0x00007ff8b1a4c000 	C:\Windows\SYSTEM32\CRYPTBASE.dll
0x00007ff8b14a0000 - 0x00007ff8b14db000 	C:\Windows\SYSTEM32\IPHLPAPI.DLL
0x00007ff8b3340000 - 0x00007ff8b3348000 	C:\Windows\System32\NSI.dll
0x00007ff8aaf30000 - 0x00007ff8aaf47000 	C:\Windows\SYSTEM32\dhcpcsvc6.DLL
0x00007ff8aadd0000 - 0x00007ff8aaded000 	C:\Windows\SYSTEM32\dhcpcsvc.DLL
0x00007ff8b14e0000 - 0x00007ff8b15aa000 	C:\Windows\SYSTEM32\DNSAPI.dll

dbghelp: loaded successfully - version: 4.0.5 - missing functions: none
symbol engine: initialized successfully - sym options: 0x614 - pdb path: .;c:\Users\Usuario\.vscode\extensions\redhat.java-1.28.1-win32-x64\jre\17.0.10-win32-x86_64\bin;C:\Windows\SYSTEM32;C:\Windows\WinSxS\amd64_microsoft.windows.common-controls_6595b64144ccf1df_6.0.19041.1110_none_60b5254171f9507e;c:\Users\Usuario\.vscode\extensions\redhat.java-1.28.1-win32-x64\jre\17.0.10-win32-x86_64\bin\server;C:\Users\Usuario\AppData\Roaming\Code\User\globalStorage\redhat.java\1.28.1\config_win\org.eclipse.equinox.launcher\org.eclipse.equinox.launcher.win32.win32.x86_64_1.2.900.v20240129-1338

VM Arguments:
jvm_args: --add-modules=ALL-SYSTEM --add-opens=java.base/java.util=ALL-UNNAMED --add-opens=java.base/java.lang=ALL-UNNAMED --add-opens=java.base/sun.nio.fs=ALL-UNNAMED -Declipse.application=org.eclipse.jdt.ls.core.id1 -Dosgi.bundles.defaultStartLevel=4 -Declipse.product=org.eclipse.jdt.ls.core.product -Djava.import.generatesMetadataFilesAtProjectRoot=false -DDetectVMInstallationsJob.disabled=true -Dfile.encoding=utf8 -XX:+UseParallelGC -XX:GCTimeRatio=4 -XX:AdaptiveSizePolicyWeight=90 -Dsun.zip.disableMemoryMapping=true -Xmx1G -Xms100m -Xlog:disable -javaagent:c:\Users\Usuario\.vscode\extensions\redhat.java-1.28.1-win32-x64\lombok\lombok-1.18.31.jar -XX:+HeapDumpOnOutOfMemoryError -XX:HeapDumpPath=c:\Users\Usuario\AppData\Roaming\Code\User\workspaceStorage\ef68fe475a4c8989c11858262eae5c25\redhat.java -Daether.dependencyCollector.impl=bf 
java_command: c:\Users\Usuario\.vscode\extensions\redhat.java-1.28.1-win32-x64\server\plugins\org.eclipse.equinox.launcher_1.6.700.v20231214-2017.jar -configuration c:\Users\Usuario\AppData\Roaming\Code\User\globalStorage\redhat.java\1.28.1\config_win -data c:\Users\Usuario\AppData\Roaming\Code\User\workspaceStorage\ef68fe475a4c8989c11858262eae5c25\redhat.java\jdt_ws --stdio
java_class_path (initial): c:\Users\Usuario\.vscode\extensions\redhat.java-1.28.1-win32-x64\server\plugins\org.eclipse.equinox.launcher_1.6.700.v20231214-2017.jar
Launcher Type: SUN_STANDARD

[Global flags]
    uintx AdaptiveSizePolicyWeight                 = 90                                        {product} {command line}
     intx CICompilerCount                          = 3                                         {product} {ergonomic}
    uintx GCTimeRatio                              = 4                                         {product} {command line}
     bool HeapDumpOnOutOfMemoryError               = true                                   {manageable} {command line}
    ccstr HeapDumpPath                             = c:\Users\Usuario\AppData\Roaming\Code\User\workspaceStorage\ef68fe475a4c8989c11858262eae5c25\redhat.java         {manageable} {command line}
   size_t InitialHeapSize                          = 104857600                                 {product} {command line}
   size_t MaxHeapSize                              = 1073741824                                {product} {command line}
   size_t MaxNewSize                               = 357564416                                 {product} {ergonomic}
   size_t MinHeapDeltaBytes                        = 524288                                    {product} {ergonomic}
   size_t MinHeapSize                              = 104857600                                 {product} {command line}
   size_t NewSize                                  = 34603008                                  {product} {ergonomic}
    uintx NonNMethodCodeHeapSize                   = 5832780                                {pd product} {ergonomic}
    uintx NonProfiledCodeHeapSize                  = 122912730                              {pd product} {ergonomic}
   size_t OldSize                                  = 70254592                                  {product} {ergonomic}
    uintx ProfiledCodeHeapSize                     = 122912730                              {pd product} {ergonomic}
    uintx ReservedCodeCacheSize                    = 251658240                              {pd product} {ergonomic}
     bool SegmentedCodeCache                       = true                                      {product} {ergonomic}
   size_t SoftMaxHeapSize                          = 1073741824                             {manageable} {ergonomic}
     bool UseCompressedClassPointers               = true                           {product lp64_product} {ergonomic}
     bool UseCompressedOops                        = true                           {product lp64_product} {ergonomic}
     bool UseLargePagesIndividualAllocation        = false                                  {pd product} {ergonomic}
     bool UseParallelGC                            = true                                      {product} {command line}

Logging:
Log output configuration:
 #0: stdout all=off uptime,level,tags
 #1: stderr all=off uptime,level,tags

Environment Variables:
PATH=C:\Program Files (x86)\VMware\VMware Player\bin\;C:\Program Files\Common Files\Oracle\Java\javapath;C:\Windows\system32;C:\Windows;C:\Windows\System32\Wbem;C:\Windows\System32\WindowsPowerShell\v1.0\;C:\Windows\System32\OpenSSH\;C:\Program Files\PuTTY\;C:\msys64\ucrt64\bin;C:\workspace\apache-maven-3.9.6\bin;C:\Program Files\Git\cmd;C:\Users\Usuario\AppData\Local\Microsoft\WindowsApps;;C:\Users\Usuario\AppData\Local\Programs\Microsoft VS Code\bin
USERNAME=Usuario
OS=Windows_NT
PROCESSOR_IDENTIFIER=Intel64 Family 6 Model 158 Stepping 13, GenuineIntel
TMP=C:\Users\Usuario\AppData\Local\Temp
TEMP=C:\Users\Usuario\AppData\Local\Temp



Periodic native trim disabled


---------------  S Y S T E M  ---------------

OS:
 Windows 10 , 64 bit Build 19041 (10.0.19041.3393)
OS uptime: 0 days 3:38 hours

CPU: total 6 (initial active 6) (6 cores per cpu, 1 threads per core) family 6 model 158 stepping 13 microcode 0xbe, cx8, cmov, fxsr, mmx, 3dnowpref, sse, sse2, sse3, ssse3, sse4.1, sse4.2, popcnt, lzcnt, tsc, tscinvbit, avx, avx2, aes, erms, clmul, bmi1, bmi2, adx, fma, vzeroupper, clflush, clflushopt
Processor Information for all 6 processors :
  Max Mhz: 2904, Current Mhz: 2904, Mhz Limit: 2904

Memory: 4k page, system-wide physical 12158M (4951M free)
TotalPageFile size 14014M (AvailPageFile size 6046M)
current process WorkingSet (physical memory assigned to process): 150M, peak: 150M
current process commit charge ("private bytes"): 241M, peak: 244M

vm_info: OpenJDK 64-Bit Server VM (17.0.10+7) for windows-amd64 JRE (17.0.10+7), built on Jan 16 2024 23:25:11 by "admin" with MS VC++ 16.10 / 16.11 (VS2019)

END.
