#
# A fatal error has been detected by the Java Runtime Environment:
#
#  EXCEPTION_ACCESS_VIOLATION (0xc0000005) at pc=0x00007ff8787c49e7, pid=13068, tid=10320
#
# JRE version: OpenJDK Runtime Environment Temurin-17.0.10+7 (17.0.10+7) (build 17.0.10+7)
# Java VM: OpenJDK 64-Bit Server VM Temurin-17.0.10+7 (17.0.10+7, mixed mode, tiered, compressed oops, compressed class ptrs, parallel gc, windows-amd64)
# Problematic frame:
# V  [jvm.dll+0x6349e7]
#
# No core dump will be written. Minidumps are not enabled by default on client versions of Windows
#
# If you would like to submit a bug report, please visit:
#   https://github.com/adoptium/adoptium-support/issues
#

---------------  S U M M A R Y ------------

Command Line: --add-modules=ALL-SYSTEM --add-opens=java.base/java.util=ALL-UNNAMED --add-opens=java.base/java.lang=ALL-UNNAMED --add-opens=java.base/sun.nio.fs=ALL-UNNAMED -Declipse.application=org.eclipse.jdt.ls.core.id1 -Dosgi.bundles.defaultStartLevel=4 -Declipse.product=org.eclipse.jdt.ls.core.product -Djava.import.generatesMetadataFilesAtProjectRoot=false -DDetectVMInstallationsJob.disabled=true -Dfile.encoding=utf8 -XX:+UseParallelGC -XX:GCTimeRatio=4 -XX:AdaptiveSizePolicyWeight=90 -Dsun.zip.disableMemoryMapping=true -Xmx1G -Xms100m -Xlog:disable -javaagent:c:\Users\Usuario\.vscode\extensions\redhat.java-1.28.1-win32-x64\lombok\lombok-1.18.31.jar -XX:+HeapDumpOnOutOfMemoryError -XX:HeapDumpPath=c:\Users\Usuario\AppData\Roaming\Code\User\workspaceStorage\ef68fe475a4c8989c11858262eae5c25\redhat.java -Daether.dependencyCollector.impl=bf c:\Users\Usuario\.vscode\extensions\redhat.java-1.28.1-win32-x64\server\plugins\org.eclipse.equinox.launcher_1.6.700.v20231214-2017.jar -configuration c:\Users\Usuario\AppData\Roaming\Code\User\globalStorage\redhat.java\1.28.1\config_win -data c:\Users\Usuario\AppData\Roaming\Code\User\workspaceStorage\ef68fe475a4c8989c11858262eae5c25\redhat.java\jdt_ws --stdio

Host: Intel(R) Core(TM) i5-9400 CPU @ 2.90GHz, 6 cores, 11G,  Windows 10 , 64 bit Build 19041 (10.0.19041.3393)
Time: Fri Mar  1 17:16:22 2024 Hora est. Pacífico, Sudamérica elapsed time: 999.965021 seconds (0d 0h 16m 39s)

---------------  T H R E A D  ---------------

Current thread (0x000001cfee6e1120):  VMThread "VM Thread" [stack: 0x000000050e800000,0x000000050e900000] [id=10320]

Stack: [0x000000050e800000,0x000000050e900000],  sp=0x000000050e8fe060,  free space=1016k
Native frames: (J=compiled Java code, j=interpreted, Vv=VM code, C=native code)
V  [jvm.dll+0x6349e7]
V  [jvm.dll+0x36f908]
V  [jvm.dll+0x54087c]
V  [jvm.dll+0x6b76d1]
V  [jvm.dll+0x6b6776]
V  [jvm.dll+0x6bcf31]
V  [jvm.dll+0x688643]
V  [jvm.dll+0x6be604]
V  [jvm.dll+0x83b11b]
V  [jvm.dll+0x83be61]
V  [jvm.dll+0x83c37d]
V  [jvm.dll+0x83c754]
V  [jvm.dll+0x83c820]
V  [jvm.dll+0x7e3fba]
V  [jvm.dll+0x67c1b5]
C  [ucrtbase.dll+0x21bb2]
C  [KERNEL32.DLL+0x17344]
C  [ntdll.dll+0x526b1]


siginfo: EXCEPTION_ACCESS_VIOLATION (0xc0000005), reading address 0x0000000010000100


Registers:
RAX=0x0000000000000050, RBX=0x000001cfee710380, RCX=0x0000000010000000, RDX=0x0000000000000000
RSP=0x000000050e8fe060, RBP=0x00000001003421b0, RSI=0x0000000010000000, RDI=0x00000000000000ec
R8 =0x0000000000000003, R9 =0x000001cfee71ad10, R10=0x0000000000000000, R11=0x0000000000000246
R12=0x00007ff878d09c00, R13=0x00007ff878acdf00, R14=0x0000000000000000, R15=0x00007ff878b1e9e0
RIP=0x00007ff8787c49e7, EFLAGS=0x0000000000010202


Register to memory mapping:

RIP=0x00007ff8787c49e7 jvm.dll
RAX=0x0000000000000050 is an unknown value
RBX=0x000001cfee710380 points into unknown readable memory: 0x0000000000000000 | 00 00 00 00 00 00 00 00
RCX=0x0000000010000000 is an unknown value
RDX=0x0 is NULL
RSP=0x000000050e8fe060 points into unknown readable memory: 0x00000000000003d8 | d8 03 00 00 00 00 00 00
RBP=0x00000001003421b0 is a pointer to class: 
org.eclipse.jdt.internal.codeassist.complete.CompletionParser {0x00000001003421b8}
 - instance size:     69
 - klass size:        718
 - access:            public synchronized 
 - state:             loaded
 - name:              'org/eclipse/jdt/internal/codeassist/complete/CompletionParser'
 - super:             'org/eclipse/jdt/internal/codeassist/impl/AssistParser'
 - sub:               
 - arrays:            NULL
 - methods:           Array<T>(0x000001cff0a86f78)
 - method ordering:   Array<T>(0x000001cfef000018)
 - default_methods:   Array<T>(0x0000000000000000)
 - local interfaces:  Array<T>(0x000001cfef000058)
 - trans. interfaces: Array<T>(0x000001cff09cb260)
 - constants:         constant pool [3186]/operands[7] {0x000001cff0a88008} for 'org/eclipse/jdt/internal/codeassist/complete/CompletionParser'
 - class loader data:  loader data: 0x000001cff561f6e0 for instance a 'org/eclipse/osgi/internal/loader/EquinoxClassLoader'{0x00000000c026ca38}
 - source file:       'CompletionParser.java'
 - class annotations:       Array<T>(0x0000000000000000)
 - class type annotations:  Array<T>(0x0000000000000000)
 - field annotations:       Array<T>(0x0000000000000000)
 - field type annotations:  Array<T>(0x0000000000000000)
 - inner classes:     Array<T>(0x000001cff0aa60d8)
 - nest members:     Array<T>(0x000001cff0aa6100)
 - permitted subclasses:     Array<T>(0x000001cfef000028)
 - java mirror:       a 'java/lang/Class'{0x00000000c0c061e8} = 'org/eclipse/jdt/internal/codeassist/complete/CompletionParser'
 - vtable length      650  (start addr: 0x0000000100342378)
 - itable length      8 (start addr: 0x00000001003437c8)
 - ---- static fields (41 words):
 - protected static final 'COMPLETION_PARSER' 'I' @128 
 - protected static final 'COMPLETION_OR_ASSIST_PARSER' 'I' @132 
 - protected static final 'K_BLOCK_DELIMITER' 'I' @136 
 - protected static final 'K_SELECTOR_INVOCATION_TYPE' 'I' @140 
 - protected static final 'K_SELECTOR_QUALIFIER' 'I' @144 
 - protected static final 'K_BETWEEN_CATCH_AND_RIGHT_PAREN' 'I' @148 
 - protected static final 'K_NEXT_TYPEREF_IS_CLASS' 'I' @152 
 - protected static final 'K_NEXT_TYPEREF_IS_INTERFACE' 'I' @156 
 - protected static final 'K_NEXT_TYPEREF_IS_EXCEPTION' 'I' @160 
 - protected static final 'K_BETWEEN_NEW_AND_LEFT_BRACKET' 'I' @164 
 - protected static final 'K_INSIDE_THROW_STATEMENT' 'I' @168 
 - protected static final 'K_INSIDE_RETURN_STATEMENT' 'I' @172 
 - protected static final 'K_CAST_STATEMENT' 'I' @176 
 - protected static final 'K_LOCAL_INITIALIZER_DELIMITER' 'I' @180 
 - protected static final 'K_ARRAY_INITIALIZER' 'I' @184 
 - protected static final 'K_ARRAY_CREATION' 'I' @188 
 - protected static final 'K_UNARY_OPERATOR' 'I' @192 
 - protected static final 'K_BINARY_OPERATOR' 'I' @196 
 - protected static final 'K_ASSISGNMENT_OPERATOR' 'I' @200 
 - protected static final 'K_CONDITIONAL_OPERATOR' 'I' @204 
 - protected static final 'K_BETWEEN_IF_AND_RIGHT_PAREN' 'I' @208 
 - protected static final 'K_BETWEEN_WHILE_AND_RIGHT_PAREN' 'I' @212 
 - protected static final 'K_BETWEEN_FOR_AND_RIGHT_PAREN' 'I' @216 
 - protected static final 'K_BETWEEN_SWITCH_AND_RIGHT_PAREN' 'I' @220 
 - protected static final 'K_BETWEEN_SYNCHRONIZED_AND_RIGHT_PAREN' 'I' @224 
 - protected static final 'K_INSIDE_ASSERT_STATEMENT' 'I' @228 
 - protected static final 'K_SWITCH_LABEL' 'I' @232 
 - protected static final 'K_BETWEEN_CASE_AND_COLON' 'I' @236 
 - protected static final 'K_BETWEEN_DEFAULT_AND_COLON' 'I' @240 
 - protected static final 'K_BETWEEN_LEFT_AND_RIGHT_BRACKET' 'I' @244 
 - protected static final 'K_EXTENDS_KEYWORD' 'I' @248 
 - protected static final 'K_PARAMETERIZED_METHOD_INVOCATION' 'I' @252 
 - protected static final 'K_PARAMETERIZED_ALLOCATION' 'I' @256 
 - protected static final 'K_PARAMETERIZED_CAST' 'I' @260 
 - protected static final 'K_BETWEEN_ANNOTATION_NAME_AND_RPAREN' 'I' @264 
 - protected static final 'K_INSIDE_BREAK_STATEMENT' 'I' @268 
 - protected static final 'K_INSIDE_CONTINUE_STATEMENT' 'I' @272 
 - protected static final 'K_LABEL' 'I' @276 
 - protected static final 'K_MEMBER_VALUE_ARRAY_INITIALIZER' 'I' @280 
 - protected static final 'K_CONTROL_STATEMENT_DELIMITER' 'I' @284 
 - protected static final 'K_INSIDE_ASSERT_EXCEPTION' 'I' @288 
 - protected static final 'K_INSIDE_FOR_CONDITIONAL' 'I' @292 
 - protected static final 'K_BETWEEN_INSTANCEOF_AND_RPAREN' 'I' @296 
 - protected static final 'K_INSIDE_IMPORT_STATEMENT' 'I' @300 
 - protected static final 'K_INSIDE_EXPORTS_STATEMENT' 'I' @304 
 - protected static final 'K_INSIDE_REQUIRES_STATEMENT' 'I' @308 
 - protected static final 'K_INSIDE_USES_STATEMENT' 'I' @312 
 - protected static final 'K_INSIDE_PROVIDES_STATEMENT' 'I' @316 
 - protected static final 'K_AFTER_PACKAGE_IN_PACKAGE_VISIBILITY_STATEMENT' 'I' @320 
 - protected static final 'K_AFTER_NAME_IN_PROVIDES_STATEMENT' 'I' @324 
 - protected static final 'K_AFTER_WITH_IN_PROVIDES_STATEMENT' 'I' @328 
 - protected static final 'K_INSIDE_OPENS_STATEMENT' 'I' @332 
 - protected static final 'K_YIELD_KEYWORD' 'I' @336 
 - public static final 'FAKE_TYPE_NAME' '[C' @112 
 - public static final 'FAKE_METHOD_NAME' '[C' @116 
 - public static final 'FAKE_ARGUMENT_NAME' '[C' @120 
 - public static final 'VALUE' '[C' @124 
 - static final 'IF' 'I' @340 
 - static final 'TRY' 'I' @344 
 - static final 'CATCH' 'I' @348 
 - static final 'WHILE' 'I' @352 
 - static final 'SWITCH' 'I' @356 
 - static final 'FOR' 'I' @360 
 - static final 'DO' 'I' @364 
 - static final 'SYNCHRONIZED' 'I' @368 
 - static final 'DEFAULT' 'I' @372 
 - static final 'EXPLICIT_RECEIVER' 'I' @376 
 - static final 'NO_RECEIVER' 'I' @380 
 - static final 'SUPER_RECEIVER' 'I' @384 
 - static final 'NAME_RECEIVER' 'I' @388 
 - static final 'ALLOCATION' 'I' @392 
 - static final 'QUALIFIED_ALLOCATION' 'I' @396 
 - static final 'QUESTION' 'I' @400 
 - static final 'COLON' 'I' @404 
 - static final 'LPAREN_NOT_CONSUMED' 'I' @408 
 - static final 'LPAREN_CONSUMED' 'I' @412 
 - static final 'ANNOTATION_NAME_COMPLETION' 'I' @416 
 - static final 'INSIDE_NAME' 'I' @420 
 - static final 'NO' 'I' @424 
 - static final 'NEXTTOKEN' 'I' @428 
 - static final 'YES' 'I' @432 
 - protected static final 'LabelStackIncrement' 'I' @436 
 - ---- non-static fields (135 words):
 - public 'currentToken' 'I' @12 
 - protected 'astLengthPtr' 'I' @16 
 - protected 'astPtr' 'I' @20 
 - protected 'dietInt' 'I' @24 
 - protected 'endPosition' 'I' @28 
 - protected 'endStatementPosition' 'I' @32 
 - protected 'expressionLengthPtr' 'I' @36 
 - protected 'expressionPtr' 'I' @40 
 - protected 'rBracketPosition' 'I' @44 
 - public 'firstToken' 'I' @48 
 - protected 'typeAnnotationPtr' 'I' @52 
 - protected 'typeAnnotationLengthPtr' 'I' @56 
 - protected 'genericsIdentifiersLengthPtr' 'I' @60 
 - protected 'genericsLengthPtr' 'I' @64 
 - protected 'genericsPtr' 'I' @68 
 - protected 'identifierLengthPtr' 'I' @72 
 - protected 'identifierPtr' 'I' @76 
 - protected 'intPtr' 'I' @80 
 - public 'lastAct' 'I' @84 
 - protected 'lastCheckPoint' 'I' @88 
 - protected 'lastErrorEndPosition' 'I' @92 
 - protected 'lastErrorEndPositionBeforeRecovery' 'I' @96 
 - protected 'lastIgnoredToken' 'I' @100 
 - protected 'nextIgnoredToken' 'I' @104 
 - protected 'listLength' 'I' @108 
 - protected 'listTypeParameterLength' 'I' @112 
 - protected 'lParenPos' 'I' @116 
 - protected 'rParenPos' 'I' @120 
 - protected 'modifiers' 'I' @124 
 - protected 'modifiersSourceStart' 'I' @128 
 - protected 'annotationAsModifierSourceStart' 'I' @132 
 - protected 'colonColonStart' 'I' @136 
 - protected 'forStartPosition' 'I' @140 
 - protected 'nestedType' 'I' @144 
 - protected 'dimensions' 'I' @148 
 - protected 'switchNestingLevel' 'I' @152 
 - protected 'tryNestingLevel' 'I' @156 
 - protected 'rBraceStart' 'I' @160 
 - protected 'rBraceEnd' 'I' @164 
 - protected 'rBraceSuccessorStart' 'I' @168 
 - protected 'realBlockPtr' 'I' @172 
 - protected 'recoveredStaticInitializerStart' 'I' @176 
 - protected 'lastPosistion' 'I' @180 
 - protected 'recoveredTypePtr' 'I' @184 
 - protected 'nextTypeStart' 'I' @188 
 - protected 'stateStackTop' 'I' @192 
 - protected 'synchronizedBlockSourceStart' 'I' @196 
 - protected 'lastJavadocEnd' 'I' @200 
 - protected 'valueLambdaNestDepth' 'I' @204 
 - protected 'unstackedAct' 'I' @208 
 - protected 'diet' 'Z' @212 
 - protected 'hasError' 'Z' @213 
 - protected 'hasReportedError' 'Z' @214 
 - protected 'ignoreNextOpeningBrace' 'Z' @215 
 - protected 'ignoreNextClosingBrace' 'Z' @216 
 - public 'switchWithTry' 'Z' @217 
 - protected 'optimizeStringLiterals' 'Z' @218 
 - public 'reportOnlyOneSyntaxError' 'Z' @219 
 - public 'reportSyntaxErrorIsRequired' 'Z' @220 
 - protected 'restartRecovery' 'Z' @221 
 - protected 'annotationRecoveryActivated' 'Z' @222 
 - public 'methodRecoveryActivated' 'Z' @223 
 - protected 'statementRecoveryActivated' 'Z' @224 
 - protected 'checkExternalizeStrings' 'Z' @225 
 - protected 'recordStringLiterals' 'Z' @226 
 - protected 'parsingJava8Plus' 'Z' @227 
 - protected 'parsingJava9Plus' 'Z' @228 
 - protected 'parsingJava14Plus' 'Z' @229 
 - protected 'parsingJava15Plus' 'Z' @230 
 - protected 'parsingJava17Plus' 'Z' @231 
 - protected 'parsingJava18Plus' 'Z' @232 
 - protected 'parsingJava21Plus' 'Z' @233 
 - protected 'previewEnabled' 'Z' @234 
 - protected 'parsingJava11Plus' 'Z' @235 
 - private 'haltOnSyntaxError' 'Z' @236 
 - private 'tolerateDefaultClassMethods' 'Z' @237 
 - private 'processingLambdaParameterList' 'Z' @238 
 - private 'expectTypeAnnotation' 'Z' @239 
 - private 'reparsingLambdaExpression' 'Z' @240 
 - protected 'caseFlagSet' 'Z' @241 
 - public 'scanner' 'Lorg/eclipse/jdt/internal/compiler/parser/Scanner;' @244 
 - protected 'astLengthStack' '[I' @248 
 - protected 'astStack' '[Lorg/eclipse/jdt/internal/compiler/ast/ASTNode;' @252 
 - public 'compilationUnit' 'Lorg/eclipse/jdt/internal/compiler/ast/CompilationUnitDeclaration;' @256 
 - protected 'currentElement' 'Lorg/eclipse/jdt/internal/compiler/parser/RecoveredElement;' @260 
 - protected 'expressionLengthStack' '[I' @264 
 - protected 'expressionStack' '[Lorg/eclipse/jdt/internal/compiler/ast/Expression;' @268 
 - protected 'typeAnnotationStack' '[Lorg/eclipse/jdt/internal/compiler/ast/Annotation;' @272 
 - protected 'typeAnnotationLengthStack' '[I' @276 
 - protected 'genericsIdentifiersLengthStack' '[I' @280 
 - protected 'genericsLengthStack' '[I' @284 
 - protected 'genericsStack' '[Lorg/eclipse/jdt/internal/compiler/ast/ASTNode;' @288 
 - protected 'identifierLengthStack' '[I' @292 
 - protected 'identifierPositionStack' '[J' @296 
 - protected 'identifierStack' '[[C' @300 
 - protected 'intStack' '[I' @304 
 - protected 'nestedMethod' '[I' @308 
 - protected 'caseStartMap' 'Ljava/util/Map;' @312 
 - 'noAstNodes' '[Lorg/eclipse/jdt/internal/compiler/ast/ASTNode;' @316 
 - 'noExpressions' '[Lorg/eclipse/jdt/internal/compiler/ast/Expression;' @320 
 - protected 'options' 'Lorg/eclipse/jdt/internal/compiler/impl/CompilerOptions;' @324 
 - protected 'problemReporter' 'Lorg/eclipse/jdt/internal/compiler/problem/ProblemReporter;' @328 
 - protected 'realBlockStack' '[I' @332 
 - public 'referenceContext' 'Lorg/eclipse/jdt/internal/compiler/impl/ReferenceContext;' @336 
 - protected 'recoveredTypes' '[Lorg/eclipse/jdt/internal/compiler/ast/TypeDeclaration;' @340 
 - protected 'pendingRecoveredType' 'Lorg/eclipse/jdt/internal/compiler/ast/TypeDeclaration;' @344 
 - public 'recoveryScanner' 'Lorg/eclipse/jdt/internal/compiler/parser/RecoveryScanner;' @348 
 - protected 'stack' '[I' @352 
 - protected 'variablesCounter' '[I' @356 
 - public 'javadoc' 'Lorg/eclipse/jdt/internal/compiler/ast/Javadoc;' @360 
 - public 'javadocParser' 'Lorg/eclipse/jdt/internal/compiler/parser/JavadocParser;' @364 
 - public 'readManager' 'Lorg/eclipse/jdt/internal/compiler/ReadManager;' @368 
 - private 'stateStackLengthStack' '[I' @372 
 - private 'recordNestedMethodLevels' 'Ljava/util/Map;' @376 
 - private 'recordPatternSwitches' 'Ljava/util/Map;' @380 
 - private 'recordNullSwitches' 'Ljava/util/Map;' @384 
 - private 'recordPatternLevel' 'Ljava/util/Map;' @388 
 - public 'isOrphanCompletionNode' 'Z' @242 
 - private 'resumedAfterRepair' 'Z' @243 
 - protected 'lastModifiers' 'I' @392 
 - protected 'lastModifiersStart' 'I' @396 
 - protected 'previousToken' 'I' @400 
 - protected 'previousIdentifierPtr' 'I' @404 
 - protected 'bracketDepth' 'I' @408 
 - protected 'elementPtr' 'I' @412 
 - protected 'previousKind' 'I' @416 
 - protected 'previousInfo' 'I' @420 
 - 'snapShotPtr' 'I' @424 
 - 'resumeCount' 'I' @428 
 - public 'cursorLocation' 'I' @432 
 - protected 'isFirst' 'Z' @436 
 - public 'assistNode' 'Lorg/eclipse/jdt/internal/compiler/ast/ASTNode;' @440 
 - 'blockStarts' '[I' @444 
 - protected 'elementKindStack' '[I' @448 
 - protected 'elementInfoStack' '[I' @452 
 - protected 'elementObjectInfoStack' '[Ljava/lang/Object;' @456 
 - protected 'previousObjectInfo' 'Ljava/lang/Object;' @460 
 - 'snapShotStack' '[Lorg/eclipse/jdt/internal/codeassist/impl/AssistParser;' @464 
 - 'snapShotPositions' '[I' @468 
 - 'lastResumeState' 'Lorg/eclipse/jdt/internal/codeassist/impl/AssistParser$ResumeState;' @472 
 - 'hasUnusedModifiers' 'Z' @437 
 - 'isAlreadyAttached' 'Z' @438 
 - 'shouldStackAssistNode' 'Z' @439 
 - 'invocationType' 'I' @476 
 - 'qualifier' 'I' @480 
 - 'canBeExplicitConstructor' 'I' @484 
 - 'labelPtr' 'I' @488 
 - public 'recordFrom' 'I' @492 
 - public 'recordTo' 'I' @496 
 - public 'potentialVariableNamesPtr' 'I' @500 
 - private 'resumeOnSyntaxError' 'I' @504 
 - public 'record' 'Z' @508 
 - public 'skipRecord' 'Z' @509 
 - private 'storeSourceEnds' 'Z' @510 
 - private 'inReferenceExpression' 'Z' @511 
 - private 'consumedEnhancedFor' 'Z' @512 
 - public 'assistNodeParent' 'Lorg/eclipse/jdt/internal/compiler/ast/ASTNode;' @516 
 - public 'enclosingNode' 'Lorg/eclipse/jdt/internal/compiler/ast/ASTNode;' @520 
 - 'labelStack' '[[C' @524 
 - public 'potentialVariableNames' '[[C' @528 
 - public 'potentialVariableNameStarts' '[I' @532 
 - public 'potentialVariableNameEnds' '[I' @536 
 - 'pendingAnnotation' 'Lorg/eclipse/jdt/internal/codeassist/complete/CompletionOnAnnotationOfType;' @540 
 - public 'sourceEnds' 'Lorg/eclipse/jdt/internal/compiler/util/HashtableOfObjectToInt;' @544 
 - private 'monitor' 'Lorg/eclipse/core/runtime/IProgressMonitor;' @548 
 - non-static oop maps: 244-388 440-472 516-548 
RSI=0x0000000010000000 is an unknown value
RDI=0x00000000000000ec is an unknown value
R8 =0x0000000000000003 is an unknown value
R9 =0x000001cfee71ad10 points into unknown readable memory: 0x0800750000000002 | 02 00 00 00 00 75 00 08
R10=0x0 is NULL
R11=0x0000000000000246 is an unknown value
R12=0x00007ff878d09c00 jvm.dll
R13=0x00007ff878acdf00 jvm.dll
R14=0x0 is NULL
R15=0x00007ff878b1e9e0 jvm.dll


Top of Stack: (sp=0x000000050e8fe060)
0x000000050e8fe060:   00000000000003d8 000001cfee70f460
0x000000050e8fe070:   000001cfee710380 000001cfee71ad10
0x000000050e8fe080:   00007ff878b2f6b8 00007ff878385e83
0x000000050e8fe090:   00007ff878b1e9e0 0000000000000760
0x000000050e8fe0a0:   00007ff878acdf00 00007ff878d09c00
0x000000050e8fe0b0:   00000000000000ec 00007ff8784ff908
0x000000050e8fe0c0:   00000000000003d8 0000000010000000
0x000000050e8fe0d0:   00000001003421b0 0000000000000001
0x000000050e8fe0e0:   0000000000000000 0000000000000000
0x000000050e8fe0f0:   0000000000000001 000000050e8fe188
0x000000050e8fe100:   00000001003421b0 00007ff8786d087c
0x000000050e8fe110:   00000001003421b0 000000050e8fe188
0x000000050e8fe120:   0000000000000001 00007ff800000002
0x000000050e8fe130:   00007ff878b1e9e0 00000000000001fe
0x000000050e8fe140:   ffffffffffffff00 0000000000000004
0x000000050e8fe150:   0000000000000159 0000000000000000
0x000000050e8fe160:   0000000000000001 000001cf810ab610
0x000000050e8fe170:   000001cff638eb30 000000050e8fe158
0x000000050e8fe180:   00007ff878d09c70 0000000000000000
0x000000050e8fe190:   000000050e8fe2a0 00007ff8788476d1
0x000000050e8fe1a0:   0000000000000001 00007ff878acdf18
0x000000050e8fe1b0:   00007ff878cbc7f0 0000000000000000
0x000000050e8fe1c0:   0000000254026b60 000002a415895f47
0x000000050e8fe1d0:   0000000200000002 00007ff878d09c70
0x000000050e8fe1e0:   0000000000000002 00007ff878d09c00
0x000000050e8fe1f0:   00007ff878acdf00 0000000000000000
0x000000050e8fe200:   00007ff878b41c20 000000000000000d
0x000000050e8fe210:   0000000000000002 00007ff878d09c00
0x000000050e8fe220:   000001cf00000002 00007ff878d09c70
0x000000050e8fe230:   ffffffffffffffff 0000000000000000
0x000000050e8fe240:   0000000000000000 00007ff878acdf18
0x000000050e8fe250:   00007ff878b41c20 00007ff878cbc7f0 

Instructions: (pc=0x00007ff8787c49e7)
0x00007ff8787c48e7:   f7 df 0f 1f 80 00 00 00 00 48 8b 11 48 89 14 f9
0x00007ff8787c48f7:   48 83 c1 08 48 3b c8 72 f0 0f b6 13 8b ca 85 d2
0x00007ff8787c4907:   74 31 83 e9 01 74 2c 83 f9 0c 74 3a 89 54 24 20
0x00007ff8787c4917:   4c 8d 0d da a9 36 00 48 8d 15 eb a9 36 00 41 b8
0x00007ff8787c4927:   64 05 00 00 b9 00 00 00 e0 e8 3b 2b c1 ff e8 96
0x00007ff8787c4937:   84 04 00 b8 08 00 00 00 48 03 d8 48 3b dd 0f 82
0x00007ff8787c4947:   85 fe ff ff eb 34 b8 10 00 00 00 eb eb 85 f6 74
0x00007ff8787c4957:   29 4c 8d 04 fd 00 00 00 00 48 8b cb 49 2b c8 49
0x00007ff8787c4967:   c1 e8 03 48 3b cb 4d 0f 47 c7 4d 85 c0 74 0b 49
0x00007ff8787c4977:   c1 e0 03 33 d2 e8 11 ca 25 00 48 8b 7c 24 50 4c
0x00007ff8787c4987:   8b 64 24 58 48 8b 5c 24 60 48 8b 6c 24 68 48 83
0x00007ff8787c4997:   c4 30 41 5f 41 5e 5e c3 cc 48 89 5c 24 10 48 89
0x00007ff8787c49a7:   6c 24 18 48 89 74 24 20 57 41 54 41 55 41 56 41
0x00007ff8787c49b7:   57 48 83 ec 30 65 48 8b 04 25 58 00 00 00 44 0f
0x00007ff8787c49c7:   b6 f2 44 8b 05 28 e5 58 00 48 8b f1 4a 8b 1c c0
0x00007ff8787c49d7:   b8 50 00 00 00 80 3c 18 00 75 05 e8 e1 b7 25 00
0x00007ff8787c49e7:   83 be 00 01 00 00 00 b8 20 00 00 00 48 8b 04 18
0x00007ff8787c49f7:   48 8b a8 38 02 00 00 48 8b 7d 28 4c 8b 7d 10 4c
0x00007ff8787c4a07:   8b 65 18 4c 8b 6d 20 48 89 7c 24 60 7e 65 48 8d
0x00007ff8787c4a17:   8e 08 01 00 00 e8 1f 0c 00 00 48 8b f8 48 85 c0
0x00007ff8787c4a27:   74 4c 0f 1f 80 00 00 00 00 48 8b 07 41 0f b6 d6
0x00007ff8787c4a37:   48 8b cf ff 90 80 00 00 00 8b 5f 08 48 8b cf 48
0x00007ff8787c4a47:   8b 07 2b de ff 10 8d 48 e0 8d 0c cb 3b 8e 00 01
0x00007ff8787c4a57:   00 00 7d 1a 48 63 c1 48 8d 8e 08 01 00 00 48 03
0x00007ff8787c4a67:   c8 e8 d3 0b 00 00 48 8b f8 48 85 c0 75 bb 48 8b
0x00007ff8787c4a77:   7c 24 60 48 63 86 04 01 00 00 83 f8 fe 74 35 48
0x00007ff8787c4a87:   8d 8e 08 01 00 00 48 03 c8 e8 ab 0b 00 00 48 8b
0x00007ff8787c4a97:   c8 48 8b d8 48 8b 10 ff 52 68 33 c9 84 c0 48 0f
0x00007ff8787c4aa7:   45 cb 48 85 c9 74 0d 48 8b 01 41 0f b6 d6 ff 90
0x00007ff8787c4ab7:   80 00 00 00 48 8d 05 f6 ab 36 00 44 88 74 24 28
0x00007ff8787c4ac7:   48 8d 54 24 20 48 89 44 24 20 48 8b ce e8 a7 fc
0x00007ff8787c4ad7:   ff ff 49 83 3f 00 74 13 48 8b d7 48 8b cd e8 96 


Stack slot to memory mapping:
stack at sp + 0 slots: 0x00000000000003d8 is an unknown value
stack at sp + 1 slots: 0x000001cfee70f460 points into unknown readable memory: 0x696c63652e67726f | 6f 72 67 2e 65 63 6c 69
stack at sp + 2 slots: 0x000001cfee710380 points into unknown readable memory: 0x0000000000000000 | 00 00 00 00 00 00 00 00
stack at sp + 3 slots: 0x000001cfee71ad10 points into unknown readable memory: 0x0800750000000002 | 02 00 00 00 00 75 00 08
stack at sp + 4 slots: 0x00007ff878b2f6b8 jvm.dll
stack at sp + 5 slots: 0x00007ff878385e83 jvm.dll
stack at sp + 6 slots: 0x00007ff878b1e9e0 jvm.dll
stack at sp + 7 slots: 0x0000000000000760 is an unknown value

VM_Operation (0x00000005105fe6e0): ParallelGCFailedAllocation, mode: safepoint, requested by thread 0x000001cff54ea910


---------------  P R O C E S S  ---------------

Threads class SMR info:
_java_thread_list=0x000001cf80294830, length=31, elements={
0x000001cfda997550, 0x000001cfee81c750, 0x000001cfee81d850, 0x000001cfee83b4d0,
0x000001cfee83c260, 0x000001cfee83d880, 0x000001cff400ae30, 0x000001cff4013aa0,
0x000001cff4014760, 0x000001cff40180a0, 0x000001cfdaa57770, 0x000001cff4333b30,
0x000001cff48fe720, 0x000001cff4bc3180, 0x000001cff4ea8fa0, 0x000001cff4dec820,
0x000001cff4e8e7b0, 0x000001cff54e85a0, 0x000001cff54ea910, 0x000001cff54eae20,
0x000001cff54eb840, 0x000001cff568cb80, 0x000001cff56898e0, 0x000001cff568d090,
0x000001cff568c670, 0x000001cff5687060, 0x000001cff568ad20, 0x000001cff568e9e0,
0x000001cff5687f90, 0x000001cff436c520, 0x000001cff5689df0
}

Java Threads: ( => current thread )
  0x000001cfda997550 JavaThread "main" [_thread_blocked, id=9480, stack(0x000000050e600000,0x000000050e700000)]
  0x000001cfee81c750 JavaThread "Reference Handler" daemon [_thread_blocked, id=9408, stack(0x000000050e900000,0x000000050ea00000)]
  0x000001cfee81d850 JavaThread "Finalizer" daemon [_thread_blocked, id=5632, stack(0x000000050ea00000,0x000000050eb00000)]
  0x000001cfee83b4d0 JavaThread "Signal Dispatcher" daemon [_thread_blocked, id=8076, stack(0x000000050eb00000,0x000000050ec00000)]
  0x000001cfee83c260 JavaThread "Attach Listener" daemon [_thread_blocked, id=7964, stack(0x000000050ec00000,0x000000050ed00000)]
  0x000001cfee83d880 JavaThread "Service Thread" daemon [_thread_blocked, id=12844, stack(0x000000050ed00000,0x000000050ee00000)]
  0x000001cff400ae30 JavaThread "Monitor Deflation Thread" daemon [_thread_blocked, id=5768, stack(0x000000050ee00000,0x000000050ef00000)]
  0x000001cff4013aa0 JavaThread "C2 CompilerThread0" daemon [_thread_blocked, id=9696, stack(0x000000050ef00000,0x000000050f000000)]
  0x000001cff4014760 JavaThread "C1 CompilerThread0" daemon [_thread_blocked, id=10804, stack(0x000000050f000000,0x000000050f100000)]
  0x000001cff40180a0 JavaThread "Sweeper thread" daemon [_thread_blocked, id=13236, stack(0x000000050f100000,0x000000050f200000)]
  0x000001cfdaa57770 JavaThread "Common-Cleaner" daemon [_thread_blocked, id=3504, stack(0x000000050f200000,0x000000050f300000)]
  0x000001cff4333b30 JavaThread "Notification Thread" daemon [_thread_blocked, id=11064, stack(0x000000050f400000,0x000000050f500000)]
  0x000001cff48fe720 JavaThread "Active Thread: Equinox Container: 469833cf-e1a5-43b8-9294-40588e60be92" [_thread_blocked, id=10456, stack(0x000000050fb00000,0x000000050fc00000)]
  0x000001cff4bc3180 JavaThread "Framework Event Dispatcher: Equinox Container: 469833cf-e1a5-43b8-9294-40588e60be92" daemon [_thread_blocked, id=13288, stack(0x000000050fc00000,0x000000050fd00000)]
  0x000001cff4ea8fa0 JavaThread "Start Level: Equinox Container: 469833cf-e1a5-43b8-9294-40588e60be92" daemon [_thread_blocked, id=7740, stack(0x000000050fd00000,0x000000050fe00000)]
  0x000001cff4dec820 JavaThread "Bundle File Closer" daemon [_thread_blocked, id=12332, stack(0x000000050fe00000,0x000000050ff00000)]
  0x000001cff4e8e7b0 JavaThread "SCR Component Actor" daemon [_thread_blocked, id=13184, stack(0x000000050ff00000,0x0000000510000000)]
  0x000001cff54e85a0 JavaThread "Worker-JM" [_thread_blocked, id=6900, stack(0x0000000510100000,0x0000000510200000)]
  0x000001cff54ea910 JavaThread "Java indexing" daemon [_thread_blocked, id=8736, stack(0x0000000510500000,0x0000000510600000)]
  0x000001cff54eae20 JavaThread "JNA Cleaner" daemon [_thread_blocked, id=13220, stack(0x0000000510700000,0x0000000510800000)]
  0x000001cff54eb840 JavaThread "pool-2-thread-1" [_thread_blocked, id=6568, stack(0x0000000510b00000,0x0000000510c00000)]
  0x000001cff568cb80 JavaThread "WorkspaceEventsHandler" [_thread_blocked, id=12352, stack(0x0000000510c00000,0x0000000510d00000)]
  0x000001cff56898e0 JavaThread "pool-1-thread-1" [_thread_blocked, id=3316, stack(0x0000000510d00000,0x0000000510e00000)]
  0x000001cff568d090 JavaThread "Worker-6: Java indexing... " [_thread_blocked, id=11688, stack(0x0000000511100000,0x0000000511200000)]
  0x000001cff568c670 JavaThread "Worker-7" [_thread_blocked, id=6180, stack(0x000000050e400000,0x000000050e500000)]
  0x000001cff5687060 JavaThread "ForkJoinPool.commonPool-worker-6" daemon [_thread_blocked, id=12072, stack(0x000000050e300000,0x000000050e400000)]
  0x000001cff568ad20 JavaThread "ForkJoinPool.commonPool-worker-7" daemon [_thread_blocked, id=6108, stack(0x000000050e500000,0x000000050e600000)]
  0x000001cff568e9e0 JavaThread "ForkJoinPool.commonPool-worker-9" daemon [_thread_blocked, id=8968, stack(0x000000050f300000,0x000000050f400000)]
  0x000001cff5687f90 JavaThread "ForkJoinPool.commonPool-worker-8" daemon [_thread_blocked, id=9808, stack(0x0000000510000000,0x0000000510100000)]
  0x000001cff436c520 JavaThread "C2 CompilerThread1" daemon [_thread_blocked, id=2500, stack(0x0000000510200000,0x0000000510300000)]
  0x000001cff5689df0 JavaThread "Worker-8" [_thread_blocked, id=11188, stack(0x0000000510300000,0x0000000510400000)]

Other Threads:
=>0x000001cfee6e1120 VMThread "VM Thread" [stack: 0x000000050e800000,0x000000050e900000] [id=10320]
  0x000001cff4308ec0 WatcherThread [stack: 0x000000050f500000,0x000000050f600000] [id=9292]
  0x000001cfda9a7140 GCTaskThread "GC Thread#0" [stack: 0x000000050e700000,0x000000050e800000] [id=7492]
  0x000001cff47ab7c0 GCTaskThread "GC Thread#1" [stack: 0x000000050f600000,0x000000050f700000] [id=13248]
  0x000001cff47abe90 GCTaskThread "GC Thread#2" [stack: 0x000000050f700000,0x000000050f800000] [id=6356]
  0x000001cff4ada040 GCTaskThread "GC Thread#3" [stack: 0x000000050f800000,0x000000050f900000] [id=11984]
  0x000001cff4ada300 GCTaskThread "GC Thread#4" [stack: 0x000000050f900000,0x000000050fa00000] [id=1004]
  0x000001cff4ada5c0 GCTaskThread "GC Thread#5" [stack: 0x000000050fa00000,0x000000050fb00000] [id=2580]

Threads with active compile tasks:
C2 CompilerThread0  1000006 14012       4       org.eclipse.jdt.internal.compiler.util.JrtFileSystem$2::visitFile (10 bytes)
C2 CompilerThread1  1000006 13894 %     4       org.eclipse.jdt.internal.compiler.lookup.BinaryTypeBinding::createMethod @ 347 (1717 bytes)

VM state: at safepoint (normal execution)

VM Mutex/Monitor currently owned by a thread:  ([mutex/lock_event])
[0x000001cfda991b90] Threads_lock - owner thread: 0x000001cfee6e1120
[0x000001cfda9944f0] Heap_lock - owner thread: 0x000001cff54ea910

Heap address: 0x00000000c0000000, size: 1024 MB, Compressed Oops mode: 32-bit

CDS archive(s) not mapped
Compressed class space mapped at: 0x0000000100000000-0x0000000140000000, reserved size: 1073741824
Narrow klass base: 0x0000000000000000, Narrow klass shift: 3, Narrow klass range: 0x140000000

GC Precious Log:
 CPUs: 6 total, 6 available
 Memory: 12158M
 Large Page Support: Disabled
 NUMA Support: Disabled
 Compressed Oops: Enabled (32-bit)
 Alignments: Space 512K, Generation 512K, Heap 2M
 Heap Min Capacity: 100M
 Heap Initial Capacity: 100M
 Heap Max Capacity: 1G
 Pre-touch: Disabled
 Parallel Workers: 6

Heap:
 PSYoungGen      total 12288K, used 958K [0x00000000eab00000, 0x00000000ebc00000, 0x0000000100000000)
  eden space 11264K, 0% used [0x00000000eab00000,0x00000000eab00000,0x00000000eb600000)
  from space 1024K, 93% used [0x00000000ebb00000,0x00000000ebbefba8,0x00000000ebc00000)
  to   space 2048K, 0% used [0x00000000eb800000,0x00000000eb800000,0x00000000eba00000)
 ParOldGen       total 84992K, used 84115K [0x00000000c0000000, 0x00000000c5300000, 0x00000000eab00000)
  object space 84992K, 98% used [0x00000000c0000000,0x00000000c5224c68,0x00000000c5300000)
 Metaspace       used 78464K, committed 79936K, reserved 1179648K
  class space    used 8034K, committed 8640K, reserved 1048576K

Card table byte_map: [0x000001cfda370000,0x000001cfda580000] _byte_map_base: 0x000001cfd9d70000

Marking Bits: (ParMarkBitMap*) 0x00007ff878d2d7d0
 Begin Bits: [0x000001cfec640000, 0x000001cfed640000)
 End Bits:   [0x000001cfed640000, 0x000001cfee640000)

Polling page: 0x000001cfda160000

Metaspace:

Usage:
  Non-class:     68.78 MB used.
      Class:      7.85 MB used.
       Both:     76.63 MB used.

Virtual space:
  Non-class space:      128.00 MB reserved,      69.62 MB ( 54%) committed,  2 nodes.
      Class space:        1.00 GB reserved,       8.44 MB ( <1%) committed,  1 nodes.
             Both:        1.12 GB reserved,      78.06 MB (  7%) committed. 

Chunk freelists:
   Non-Class:  9.14 MB
       Class:  7.52 MB
        Both:  16.66 MB

MaxMetaspaceSize: unlimited
CompressedClassSpaceSize: 1.00 GB
Initial GC threshold: 21.00 MB
Current GC threshold: 120.56 MB
CDS: off
MetaspaceReclaimPolicy: balanced
 - commit_granule_bytes: 65536.
 - commit_granule_words: 8192.
 - virtual_space_node_default_size: 8388608.
 - enlarge_chunks_in_place: 1.
 - new_chunks_are_fully_committed: 0.
 - uncommit_free_chunks: 1.
 - use_allocation_guard: 0.
 - handle_deallocations: 1.


Internal statistics:

num_allocs_failed_limit: 9.
num_arena_births: 1026.
num_arena_deaths: 16.
num_vsnodes_births: 3.
num_vsnodes_deaths: 0.
num_space_committed: 1249.
num_space_uncommitted: 0.
num_chunks_returned_to_freelist: 26.
num_chunks_taken_from_freelist: 4466.
num_chunk_merges: 11.
num_chunk_splits: 2719.
num_chunks_enlarged: 1476.
num_inconsistent_stats: 0.

CodeHeap 'non-profiled nmethods': size=120000Kb used=6017Kb max_used=6017Kb free=113982Kb
 bounds [0x000001cfe5110000, 0x000001cfe5700000, 0x000001cfec640000]
CodeHeap 'profiled nmethods': size=120000Kb used=24796Kb max_used=24796Kb free=95203Kb
 bounds [0x000001cfdd640000, 0x000001cfdee80000, 0x000001cfe4b70000]
CodeHeap 'non-nmethods': size=5760Kb used=1376Kb max_used=1513Kb free=4383Kb
 bounds [0x000001cfe4b70000, 0x000001cfe4de0000, 0x000001cfe5110000]
 total_blobs=12415 nmethods=11689 adapters=635
 compilation: enabled
              stopped_count=0, restarted_count=0
 full_count=0

Compilation events (20 events):
Event: 999.918 Thread 0x000001cff4014760 14090       2       org.eclipse.jdt.internal.core.search.indexing.BinaryIndexer::decodeReturnType (407 bytes)
Event: 999.918 Thread 0x000001cff4014760 nmethod 14090 0x000001cfdee71890 code [0x000001cfdee71be0, 0x000001cfdee72778]
Event: 999.919 Thread 0x000001cff4014760 14092       2       org.eclipse.jdt.internal.compiler.classfmt.ClassFileReader::isStaticInner (63 bytes)
Event: 999.919 Thread 0x000001cff4014760 nmethod 14092 0x000001cfdee72b90 code [0x000001cfdee72d60, 0x000001cfdee73028]
Event: 999.919 Thread 0x000001cff4014760 14093       2       org.eclipse.jdt.internal.core.search.indexing.AbstractIndexer::addTypeReference (17 bytes)
Event: 999.920 Thread 0x000001cff4014760 nmethod 14093 0x000001cfdee73210 code [0x000001cfdee733e0, 0x000001cfdee73648]
Event: 999.920 Thread 0x000001cff4014760 14094 %     3       org.eclipse.jdt.internal.core.util.SimpleWordSet::rehash @ 23 (72 bytes)
Event: 999.920 Thread 0x000001cff4014760 nmethod 14094% 0x000001cfdee73890 code [0x000001cfdee73a60, 0x000001cfdee73e38]
Event: 999.920 Thread 0x000001cff4014760 14091       2       org.eclipse.jdt.internal.core.search.indexing.BinaryIndexer::extractClassName (42 bytes)
Event: 999.920 Thread 0x000001cff4014760 nmethod 14091 0x000001cfdee74090 code [0x000001cfdee74240, 0x000001cfdee74508]
Event: 999.920 Thread 0x000001cff4014760 14095 %     3       org.eclipse.jdt.internal.compiler.util.HashtableOfObject::rehash @ 27 (84 bytes)
Event: 999.920 Thread 0x000001cff4014760 nmethod 14095% 0x000001cfdee74790 code [0x000001cfdee74980, 0x000001cfdee74dc8]
Event: 999.921 Thread 0x000001cff4014760 14096       2       org.eclipse.jdt.internal.core.search.indexing.AbstractIndexer::addFieldDeclaration (17 bytes)
Event: 999.921 Thread 0x000001cff4014760 nmethod 14096 0x000001cfdee75090 code [0x000001cfdee75240, 0x000001cfdee75488]
Event: 999.921 Thread 0x000001cff4014760 14097       2       org.eclipse.jdt.internal.core.search.matching.FieldPattern::createIndexKey (2 bytes)
Event: 999.921 Thread 0x000001cff4014760 nmethod 14097 0x000001cfdee75690 code [0x000001cfdee75820, 0x000001cfdee75918]
Event: 999.921 Thread 0x000001cff4014760 14098       2       org.eclipse.jdt.internal.core.search.indexing.BinaryIndexer::convertToArrayType (75 bytes)
Event: 999.921 Thread 0x000001cff4014760 nmethod 14098 0x000001cfdee75990 code [0x000001cfdee75b40, 0x000001cfdee75f28]
Event: 999.922 Thread 0x000001cff4014760 14099       2       org.eclipse.jdt.internal.core.search.indexing.BinaryIndexer::decodeFieldType (379 bytes)
Event: 999.922 Thread 0x000001cff4014760 nmethod 14099 0x000001cfdee76110 code [0x000001cfdee76440, 0x000001cfdee76ed8]

GC Heap History (20 events):
Event: 6.961 GC heap after
{Heap after GC invocations=76 (full 4):
 PSYoungGen      total 13824K, used 1828K [0x00000000eab00000, 0x00000000ebc80000, 0x0000000100000000)
  eden space 11776K, 0% used [0x00000000eab00000,0x00000000eab00000,0x00000000eb680000)
  from space 2048K, 89% used [0x00000000eb680000,0x00000000eb849210,0x00000000eb880000)
  to   space 3072K, 0% used [0x00000000eb980000,0x00000000eb980000,0x00000000ebc80000)
 ParOldGen       total 84992K, used 77204K [0x00000000c0000000, 0x00000000c5300000, 0x00000000eab00000)
  object space 84992K, 90% used [0x00000000c0000000,0x00000000c4b650f0,0x00000000c5300000)
 Metaspace       used 77107K, committed 78464K, reserved 1179648K
  class space    used 7913K, committed 8448K, reserved 1048576K
}
Event: 971.711 GC heap before
{Heap before GC invocations=77 (full 4):
 PSYoungGen      total 13824K, used 13431K [0x00000000eab00000, 0x00000000ebc80000, 0x0000000100000000)
  eden space 11776K, 98% used [0x00000000eab00000,0x00000000eb654b08,0x00000000eb680000)
  from space 2048K, 89% used [0x00000000eb680000,0x00000000eb849210,0x00000000eb880000)
  to   space 3072K, 0% used [0x00000000eb980000,0x00000000eb980000,0x00000000ebc80000)
 ParOldGen       total 84992K, used 77204K [0x00000000c0000000, 0x00000000c5300000, 0x00000000eab00000)
  object space 84992K, 90% used [0x00000000c0000000,0x00000000c4b650f0,0x00000000c5300000)
 Metaspace       used 77630K, committed 79104K, reserved 1179648K
  class space    used 7970K, committed 8576K, reserved 1048576K
}
Event: 971.713 GC heap after
{Heap after GC invocations=77 (full 4):
 PSYoungGen      total 14336K, used 2144K [0x00000000eab00000, 0x00000000ebc00000, 0x0000000100000000)
  eden space 11776K, 0% used [0x00000000eab00000,0x00000000eab00000,0x00000000eb680000)
  from space 2560K, 83% used [0x00000000eb980000,0x00000000ebb982d0,0x00000000ebc00000)
  to   space 2560K, 0% used [0x00000000eb700000,0x00000000eb700000,0x00000000eb980000)
 ParOldGen       total 84992K, used 77204K [0x00000000c0000000, 0x00000000c5300000, 0x00000000eab00000)
  object space 84992K, 90% used [0x00000000c0000000,0x00000000c4b650f0,0x00000000c5300000)
 Metaspace       used 77630K, committed 79104K, reserved 1179648K
  class space    used 7970K, committed 8576K, reserved 1048576K
}
Event: 978.078 GC heap before
{Heap before GC invocations=78 (full 4):
 PSYoungGen      total 14336K, used 13920K [0x00000000eab00000, 0x00000000ebc00000, 0x0000000100000000)
  eden space 11776K, 100% used [0x00000000eab00000,0x00000000eb680000,0x00000000eb680000)
  from space 2560K, 83% used [0x00000000eb980000,0x00000000ebb982d0,0x00000000ebc00000)
  to   space 2560K, 0% used [0x00000000eb700000,0x00000000eb700000,0x00000000eb980000)
 ParOldGen       total 84992K, used 77204K [0x00000000c0000000, 0x00000000c5300000, 0x00000000eab00000)
  object space 84992K, 90% used [0x00000000c0000000,0x00000000c4b650f0,0x00000000c5300000)
 Metaspace       used 77776K, committed 79232K, reserved 1179648K
  class space    used 7972K, committed 8576K, reserved 1048576K
}
Event: 978.080 GC heap after
{Heap after GC invocations=78 (full 4):
 PSYoungGen      total 14336K, used 2541K [0x00000000eab00000, 0x00000000ebc80000, 0x0000000100000000)
  eden space 11776K, 0% used [0x00000000eab00000,0x00000000eab00000,0x00000000eb680000)
  from space 2560K, 99% used [0x00000000eb700000,0x00000000eb97b498,0x00000000eb980000)
  to   space 3072K, 0% used [0x00000000eb980000,0x00000000eb980000,0x00000000ebc80000)
 ParOldGen       total 84992K, used 77305K [0x00000000c0000000, 0x00000000c5300000, 0x00000000eab00000)
  object space 84992K, 90% used [0x00000000c0000000,0x00000000c4b7e768,0x00000000c5300000)
 Metaspace       used 77776K, committed 79232K, reserved 1179648K
  class space    used 7972K, committed 8576K, reserved 1048576K
}
Event: 999.645 GC heap before
{Heap before GC invocations=79 (full 4):
 PSYoungGen      total 14336K, used 14317K [0x00000000eab00000, 0x00000000ebc80000, 0x0000000100000000)
  eden space 11776K, 100% used [0x00000000eab00000,0x00000000eb680000,0x00000000eb680000)
  from space 2560K, 99% used [0x00000000eb700000,0x00000000eb97b498,0x00000000eb980000)
  to   space 3072K, 0% used [0x00000000eb980000,0x00000000eb980000,0x00000000ebc80000)
 ParOldGen       total 84992K, used 77305K [0x00000000c0000000, 0x00000000c5300000, 0x00000000eab00000)
  object space 84992K, 90% used [0x00000000c0000000,0x00000000c4b7e768,0x00000000c5300000)
 Metaspace       used 77892K, committed 79360K, reserved 1179648K
  class space    used 7983K, committed 8576K, reserved 1048576K
}
Event: 999.647 GC heap after
{Heap after GC invocations=79 (full 4):
 PSYoungGen      total 13824K, used 1711K [0x00000000eab00000, 0x00000000ebb80000, 0x0000000100000000)
  eden space 11776K, 0% used [0x00000000eab00000,0x00000000eab00000,0x00000000eb680000)
  from space 2048K, 83% used [0x00000000eb980000,0x00000000ebb2bca0,0x00000000ebb80000)
  to   space 2560K, 0% used [0x00000000eb680000,0x00000000eb680000,0x00000000eb900000)
 ParOldGen       total 84992K, used 78849K [0x00000000c0000000, 0x00000000c5300000, 0x00000000eab00000)
  object space 84992K, 92% used [0x00000000c0000000,0x00000000c4d00460,0x00000000c5300000)
 Metaspace       used 77892K, committed 79360K, reserved 1179648K
  class space    used 7983K, committed 8576K, reserved 1048576K
}
Event: 999.711 GC heap before
{Heap before GC invocations=80 (full 4):
 PSYoungGen      total 13824K, used 12573K [0x00000000eab00000, 0x00000000ebb80000, 0x0000000100000000)
  eden space 11776K, 92% used [0x00000000eab00000,0x00000000eb59bab8,0x00000000eb680000)
  from space 2048K, 83% used [0x00000000eb980000,0x00000000ebb2bca0,0x00000000ebb80000)
  to   space 2560K, 0% used [0x00000000eb680000,0x00000000eb680000,0x00000000eb900000)
 ParOldGen       total 84992K, used 78849K [0x00000000c0000000, 0x00000000c5300000, 0x00000000eab00000)
  object space 84992K, 92% used [0x00000000c0000000,0x00000000c4d00460,0x00000000c5300000)
 Metaspace       used 78020K, committed 79488K, reserved 1179648K
  class space    used 7995K, committed 8640K, reserved 1048576K
}
Event: 999.713 GC heap after
{Heap after GC invocations=80 (full 4):
 PSYoungGen      total 14336K, used 2449K [0x00000000eab00000, 0x00000000ebc80000, 0x0000000100000000)
  eden space 11776K, 0% used [0x00000000eab00000,0x00000000eab00000,0x00000000eb680000)
  from space 2560K, 95% used [0x00000000eb680000,0x00000000eb8e46c8,0x00000000eb900000)
  to   space 3072K, 0% used [0x00000000eb980000,0x00000000eb980000,0x00000000ebc80000)
 ParOldGen       total 84992K, used 78849K [0x00000000c0000000, 0x00000000c5300000, 0x00000000eab00000)
  object space 84992K, 92% used [0x00000000c0000000,0x00000000c4d00460,0x00000000c5300000)
 Metaspace       used 78020K, committed 79488K, reserved 1179648K
  class space    used 7995K, committed 8640K, reserved 1048576K
}
Event: 999.752 GC heap before
{Heap before GC invocations=81 (full 4):
 PSYoungGen      total 14336K, used 14225K [0x00000000eab00000, 0x00000000ebc80000, 0x0000000100000000)
  eden space 11776K, 100% used [0x00000000eab00000,0x00000000eb680000,0x00000000eb680000)
  from space 2560K, 95% used [0x00000000eb680000,0x00000000eb8e46c8,0x00000000eb900000)
  to   space 3072K, 0% used [0x00000000eb980000,0x00000000eb980000,0x00000000ebc80000)
 ParOldGen       total 84992K, used 78849K [0x00000000c0000000, 0x00000000c5300000, 0x00000000eab00000)
  object space 84992K, 92% used [0x00000000c0000000,0x00000000c4d00460,0x00000000c5300000)
 Metaspace       used 78270K, committed 79744K, reserved 1179648K
  class space    used 8019K, committed 8640K, reserved 1048576K
}
Event: 999.754 GC heap after
{Heap after GC invocations=81 (full 4):
 PSYoungGen      total 14336K, used 3015K [0x00000000eab00000, 0x00000000ebd80000, 0x0000000100000000)
  eden space 11264K, 0% used [0x00000000eab00000,0x00000000eab00000,0x00000000eb600000)
  from space 3072K, 98% used [0x00000000eb980000,0x00000000ebc71e80,0x00000000ebc80000)
  to   space 3584K, 0% used [0x00000000eb600000,0x00000000eb600000,0x00000000eb980000)
 ParOldGen       total 84992K, used 78849K [0x00000000c0000000, 0x00000000c5300000, 0x00000000eab00000)
  object space 84992K, 92% used [0x00000000c0000000,0x00000000c4d00460,0x00000000c5300000)
 Metaspace       used 78270K, committed 79744K, reserved 1179648K
  class space    used 8019K, committed 8640K, reserved 1048576K
}
Event: 999.817 GC heap before
{Heap before GC invocations=82 (full 4):
 PSYoungGen      total 14336K, used 14279K [0x00000000eab00000, 0x00000000ebd80000, 0x0000000100000000)
  eden space 11264K, 100% used [0x00000000eab00000,0x00000000eb600000,0x00000000eb600000)
  from space 3072K, 98% used [0x00000000eb980000,0x00000000ebc71e80,0x00000000ebc80000)
  to   space 3584K, 0% used [0x00000000eb600000,0x00000000eb600000,0x00000000eb980000)
 ParOldGen       total 84992K, used 78849K [0x00000000c0000000, 0x00000000c5300000, 0x00000000eab00000)
  object space 84992K, 92% used [0x00000000c0000000,0x00000000c4d00460,0x00000000c5300000)
 Metaspace       used 78312K, committed 79808K, reserved 1179648K
  class space    used 8021K, committed 8640K, reserved 1048576K
}
Event: 999.820 GC heap after
{Heap after GC invocations=82 (full 4):
 PSYoungGen      total 14848K, used 3557K [0x00000000eab00000, 0x00000000ec200000, 0x0000000100000000)
  eden space 11264K, 0% used [0x00000000eab00000,0x00000000eab00000,0x00000000eb600000)
  from space 3584K, 99% used [0x00000000eb600000,0x00000000eb979700,0x00000000eb980000)
  to   space 6144K, 0% used [0x00000000ebc00000,0x00000000ebc00000,0x00000000ec200000)
 ParOldGen       total 84992K, used 80589K [0x00000000c0000000, 0x00000000c5300000, 0x00000000eab00000)
  object space 84992K, 94% used [0x00000000c0000000,0x00000000c4eb36d8,0x00000000c5300000)
 Metaspace       used 78312K, committed 79808K, reserved 1179648K
  class space    used 8021K, committed 8640K, reserved 1048576K
}
Event: 999.849 GC heap before
{Heap before GC invocations=83 (full 4):
 PSYoungGen      total 14848K, used 14821K [0x00000000eab00000, 0x00000000ec200000, 0x0000000100000000)
  eden space 11264K, 100% used [0x00000000eab00000,0x00000000eb600000,0x00000000eb600000)
  from space 3584K, 99% used [0x00000000eb600000,0x00000000eb979700,0x00000000eb980000)
  to   space 6144K, 0% used [0x00000000ebc00000,0x00000000ebc00000,0x00000000ec200000)
 ParOldGen       total 84992K, used 80589K [0x00000000c0000000, 0x00000000c5300000, 0x00000000eab00000)
  object space 84992K, 94% used [0x00000000c0000000,0x00000000c4eb36d8,0x00000000c5300000)
 Metaspace       used 78322K, committed 79808K, reserved 1179648K
  class space    used 8022K, committed 8640K, reserved 1048576K
}
Event: 999.852 GC heap after
{Heap after GC invocations=83 (full 4):
 PSYoungGen      total 15360K, used 4069K [0x00000000eab00000, 0x00000000ec000000, 0x0000000100000000)
  eden space 11264K, 0% used [0x00000000eab00000,0x00000000eab00000,0x00000000eb600000)
  from space 4096K, 99% used [0x00000000ebc00000,0x00000000ebff9460,0x00000000ec000000)
  to   space 4608K, 0% used [0x00000000eb700000,0x00000000eb700000,0x00000000ebb80000)
 ParOldGen       total 84992K, used 81482K [0x00000000c0000000, 0x00000000c5300000, 0x00000000eab00000)
  object space 84992K, 95% used [0x00000000c0000000,0x00000000c4f92908,0x00000000c5300000)
 Metaspace       used 78322K, committed 79808K, reserved 1179648K
  class space    used 8022K, committed 8640K, reserved 1048576K
}
Event: 999.870 GC heap before
{Heap before GC invocations=84 (full 4):
 PSYoungGen      total 15360K, used 15333K [0x00000000eab00000, 0x00000000ec000000, 0x0000000100000000)
  eden space 11264K, 100% used [0x00000000eab00000,0x00000000eb600000,0x00000000eb600000)
  from space 4096K, 99% used [0x00000000ebc00000,0x00000000ebff9460,0x00000000ec000000)
  to   space 4608K, 0% used [0x00000000eb700000,0x00000000eb700000,0x00000000ebb80000)
 ParOldGen       total 84992K, used 81482K [0x00000000c0000000, 0x00000000c5300000, 0x00000000eab00000)
  object space 84992K, 95% used [0x00000000c0000000,0x00000000c4f92908,0x00000000c5300000)
 Metaspace       used 78322K, committed 79808K, reserved 1179648K
  class space    used 8022K, committed 8640K, reserved 1048576K
}
Event: 999.873 GC heap after
{Heap after GC invocations=84 (full 4):
 PSYoungGen      total 15360K, used 3689K [0x00000000eab00000, 0x00000000ebe00000, 0x0000000100000000)
  eden space 11264K, 0% used [0x00000000eab00000,0x00000000eab00000,0x00000000eb600000)
  from space 4096K, 90% used [0x00000000eb700000,0x00000000eba9a5e8,0x00000000ebb00000)
  to   space 3072K, 0% used [0x00000000ebb00000,0x00000000ebb00000,0x00000000ebe00000)
 ParOldGen       total 84992K, used 82575K [0x00000000c0000000, 0x00000000c5300000, 0x00000000eab00000)
  object space 84992K, 97% used [0x00000000c0000000,0x00000000c50a3d48,0x00000000c5300000)
 Metaspace       used 78322K, committed 79808K, reserved 1179648K
  class space    used 8022K, committed 8640K, reserved 1048576K
}
Event: 999.922 GC heap before
{Heap before GC invocations=85 (full 4):
 PSYoungGen      total 15360K, used 14953K [0x00000000eab00000, 0x00000000ebe00000, 0x0000000100000000)
  eden space 11264K, 100% used [0x00000000eab00000,0x00000000eb600000,0x00000000eb600000)
  from space 4096K, 90% used [0x00000000eb700000,0x00000000eba9a5e8,0x00000000ebb00000)
  to   space 3072K, 0% used [0x00000000ebb00000,0x00000000ebb00000,0x00000000ebe00000)
 ParOldGen       total 84992K, used 82575K [0x00000000c0000000, 0x00000000c5300000, 0x00000000eab00000)
  object space 84992K, 97% used [0x00000000c0000000,0x00000000c50a3d48,0x00000000c5300000)
 Metaspace       used 78464K, committed 79936K, reserved 1179648K
  class space    used 8034K, committed 8640K, reserved 1048576K
}
Event: 999.924 GC heap after
{Heap after GC invocations=85 (full 4):
 PSYoungGen      total 12288K, used 958K [0x00000000eab00000, 0x00000000ebc00000, 0x0000000100000000)
  eden space 11264K, 0% used [0x00000000eab00000,0x00000000eab00000,0x00000000eb600000)
  from space 1024K, 93% used [0x00000000ebb00000,0x00000000ebbefba8,0x00000000ebc00000)
  to   space 2048K, 0% used [0x00000000eb800000,0x00000000eb800000,0x00000000eba00000)
 ParOldGen       total 84992K, used 84115K [0x00000000c0000000, 0x00000000c5300000, 0x00000000eab00000)
  object space 84992K, 98% used [0x00000000c0000000,0x00000000c5224c68,0x00000000c5300000)
 Metaspace       used 78464K, committed 79936K, reserved 1179648K
  class space    used 8034K, committed 8640K, reserved 1048576K
}
Event: 999.924 GC heap before
{Heap before GC invocations=86 (full 5):
 PSYoungGen      total 12288K, used 958K [0x00000000eab00000, 0x00000000ebc00000, 0x0000000100000000)
  eden space 11264K, 0% used [0x00000000eab00000,0x00000000eab00000,0x00000000eb600000)
  from space 1024K, 93% used [0x00000000ebb00000,0x00000000ebbefba8,0x00000000ebc00000)
  to   space 2048K, 0% used [0x00000000eb800000,0x00000000eb800000,0x00000000eba00000)
 ParOldGen       total 84992K, used 84115K [0x00000000c0000000, 0x00000000c5300000, 0x00000000eab00000)
  object space 84992K, 98% used [0x00000000c0000000,0x00000000c5224c68,0x00000000c5300000)
 Metaspace       used 78464K, committed 79936K, reserved 1179648K
  class space    used 8034K, committed 8640K, reserved 1048576K
}

Dll operation events (10 events):
Event: 0.004 Loaded shared library c:\Users\Usuario\.vscode\extensions\redhat.java-1.28.1-win32-x64\jre\17.0.10-win32-x86_64\bin\java.dll
Event: 0.084 Loaded shared library c:\Users\Usuario\.vscode\extensions\redhat.java-1.28.1-win32-x64\jre\17.0.10-win32-x86_64\bin\zip.dll
Event: 0.086 Loaded shared library C:\Users\Usuario\.vscode\extensions\redhat.java-1.28.1-win32-x64\jre\17.0.10-win32-x86_64\bin\instrument.dll
Event: 0.094 Loaded shared library C:\Users\Usuario\.vscode\extensions\redhat.java-1.28.1-win32-x64\jre\17.0.10-win32-x86_64\bin\net.dll
Event: 0.095 Loaded shared library C:\Users\Usuario\.vscode\extensions\redhat.java-1.28.1-win32-x64\jre\17.0.10-win32-x86_64\bin\nio.dll
Event: 0.099 Loaded shared library C:\Users\Usuario\.vscode\extensions\redhat.java-1.28.1-win32-x64\jre\17.0.10-win32-x86_64\bin\zip.dll
Event: 0.109 Loaded shared library C:\Users\Usuario\.vscode\extensions\redhat.java-1.28.1-win32-x64\jre\17.0.10-win32-x86_64\bin\jimage.dll
Event: 0.139 Loaded shared library c:\Users\Usuario\.vscode\extensions\redhat.java-1.28.1-win32-x64\jre\17.0.10-win32-x86_64\bin\verify.dll
Event: 0.623 Loaded shared library C:\Users\Usuario\AppData\Roaming\Code\User\globalStorage\redhat.java\1.28.1\config_win\org.eclipse.equinox.launcher\org.eclipse.equinox.launcher.win32.win32.x86_64_1.2.900.v20240129-1338\eclipse_11900.dll
Event: 1.835 Loaded shared library C:\Users\Usuario\AppData\Local\Temp\jna-1531808526\jna17001447627382217420.dll

Deoptimization events (20 events):
Event: 999.831 Thread 0x000001cff54ea910 Uncommon trap: trap_request=0xffffffde fr.pc=0x000001cfe550832c relative=0x0000000000000fcc
Event: 999.831 Thread 0x000001cff54ea910 Uncommon trap: reason=class_check action=maybe_recompile pc=0x000001cfe550832c method=org.eclipse.jdt.internal.compiler.util.JrtFileSystem$2.visitFile(Ljava/nio/file/Path;Ljava/nio/file/attribute/BasicFileAttributes;)Ljava/nio/file/FileVisitResult; @ 66 c
Event: 999.831 Thread 0x000001cff54ea910 DEOPT PACKING pc=0x000001cfe550832c sp=0x00000005105fefc0
Event: 999.831 Thread 0x000001cff54ea910 DEOPT UNPACKING pc=0x000001cfe4bc66a3 sp=0x00000005105fef18 mode 2
Event: 999.831 Thread 0x000001cff54ea910 Uncommon trap: trap_request=0xffffffde fr.pc=0x000001cfe550577c relative=0x0000000000000f9c
Event: 999.831 Thread 0x000001cff54ea910 Uncommon trap: reason=class_check action=maybe_recompile pc=0x000001cfe550577c method=org.eclipse.jdt.internal.compiler.util.JrtFileSystem$2.visitFile(Ljava/nio/file/Path;Ljava/nio/file/attribute/BasicFileAttributes;)Ljava/nio/file/FileVisitResult; @ 66 c
Event: 999.831 Thread 0x000001cff54ea910 DEOPT PACKING pc=0x000001cfe550577c sp=0x00000005105fef30
Event: 999.831 Thread 0x000001cff54ea910 DEOPT UNPACKING pc=0x000001cfe4bc66a3 sp=0x00000005105fef10 mode 2
Event: 999.901 Thread 0x000001cff54ea910 Uncommon trap: trap_request=0xffffff45 fr.pc=0x000001cfe5555f5c relative=0x0000000000000f9c
Event: 999.901 Thread 0x000001cff54ea910 Uncommon trap: reason=unstable_if action=reinterpret pc=0x000001cfe5555f5c method=java.net.URI.quote(Ljava/lang/String;JJ)Ljava/lang/String; @ 61 c2
Event: 999.901 Thread 0x000001cff54ea910 DEOPT PACKING pc=0x000001cfe5555f5c sp=0x00000005105fe780
Event: 999.901 Thread 0x000001cff54ea910 DEOPT UNPACKING pc=0x000001cfe4bc66a3 sp=0x00000005105fe760 mode 2
Event: 999.902 Thread 0x000001cff54ea910 Uncommon trap: trap_request=0xffffff45 fr.pc=0x000001cfe53d4d2c relative=0x000000000000128c
Event: 999.902 Thread 0x000001cff54ea910 Uncommon trap: reason=unstable_if action=reinterpret pc=0x000001cfe53d4d2c method=java.net.URI.quote(Ljava/lang/String;JJ)Ljava/lang/String; @ 61 c2
Event: 999.902 Thread 0x000001cff54ea910 DEOPT PACKING pc=0x000001cfe53d4d2c sp=0x00000005105fe780
Event: 999.902 Thread 0x000001cff54ea910 DEOPT UNPACKING pc=0x000001cfe4bc66a3 sp=0x00000005105fe760 mode 2
Event: 999.917 Thread 0x000001cff54ea910 DEOPT PACKING pc=0x000001cfdee5d188 sp=0x00000005105feaf0
Event: 999.917 Thread 0x000001cff54ea910 DEOPT UNPACKING pc=0x000001cfe4bc6e43 sp=0x00000005105fdf78 mode 0
Event: 999.919 Thread 0x000001cff54ea910 DEOPT PACKING pc=0x000001cfdec4367a sp=0x00000005105fea20
Event: 999.919 Thread 0x000001cff54ea910 DEOPT UNPACKING pc=0x000001cfe4bc6e43 sp=0x00000005105fde88 mode 0

Classes unloaded (20 events):
Event: 999.939 Thread 0x000001cfee6e1120 Unloading class 0x0000000100228800 'jdk/internal/reflect/GeneratedConstructorAccessor3'
Event: 999.939 Thread 0x000001cfee6e1120 Unloading class 0x0000000100222400 'java/lang/invoke/LambdaForm$MH+0x0000000100222400'
Event: 999.939 Thread 0x000001cfee6e1120 Unloading class 0x0000000100222000 'java/lang/invoke/LambdaForm$MH+0x0000000100222000'
Event: 999.939 Thread 0x000001cfee6e1120 Unloading class 0x0000000100221c00 'java/lang/invoke/LambdaForm$MH+0x0000000100221c00'
Event: 999.939 Thread 0x000001cfee6e1120 Unloading class 0x0000000100220c00 'java/lang/invoke/LambdaForm$MH+0x0000000100220c00'
Event: 999.939 Thread 0x000001cfee6e1120 Unloading class 0x0000000100220800 'java/lang/invoke/LambdaForm$MH+0x0000000100220800'
Event: 999.939 Thread 0x000001cfee6e1120 Unloading class 0x0000000100220000 'java/lang/invoke/LambdaForm$MH+0x0000000100220000'
Event: 999.939 Thread 0x000001cfee6e1120 Unloading class 0x00000001001b1c00 'java/lang/invoke/LambdaForm$MH+0x00000001001b1c00'
Event: 999.939 Thread 0x000001cfee6e1120 Unloading class 0x00000001001b1800 'java/lang/invoke/LambdaForm$MH+0x00000001001b1800'
Event: 999.939 Thread 0x000001cfee6e1120 Unloading class 0x00000001001b1400 'java/lang/invoke/LambdaForm$MH+0x00000001001b1400'
Event: 999.939 Thread 0x000001cfee6e1120 Unloading class 0x00000001001b1000 'java/lang/invoke/LambdaForm$MH+0x00000001001b1000'
Event: 999.939 Thread 0x000001cfee6e1120 Unloading class 0x00000001001b0c00 'java/lang/invoke/LambdaForm$MH+0x00000001001b0c00'
Event: 999.939 Thread 0x000001cfee6e1120 Unloading class 0x00000001001b0800 'java/lang/invoke/LambdaForm$MH+0x00000001001b0800'
Event: 999.939 Thread 0x000001cfee6e1120 Unloading class 0x00000001001b0400 'java/lang/invoke/LambdaForm$MH+0x00000001001b0400'
Event: 999.939 Thread 0x000001cfee6e1120 Unloading class 0x00000001001b0000 'java/lang/invoke/LambdaForm$MH+0x00000001001b0000'
Event: 999.939 Thread 0x000001cfee6e1120 Unloading class 0x0000000100129000 'jdk/internal/reflect/GeneratedMethodAccessor5'
Event: 999.939 Thread 0x000001cfee6e1120 Unloading class 0x0000000100128c00 'jdk/internal/reflect/GeneratedMethodAccessor4'
Event: 999.939 Thread 0x000001cfee6e1120 Unloading class 0x0000000100128800 'jdk/internal/reflect/GeneratedMethodAccessor3'
Event: 999.939 Thread 0x000001cfee6e1120 Unloading class 0x0000000100128400 'jdk/internal/reflect/GeneratedMethodAccessor2'
Event: 999.939 Thread 0x000001cfee6e1120 Unloading class 0x0000000100128000 'jdk/internal/reflect/GeneratedMethodAccessor1'

Classes redefined (0 events):
No events

Internal exceptions (20 events):
Event: 6.729 Thread 0x000001cff54e8ab0 Exception <a 'sun/nio/fs/WindowsException'{0x00000000eac68968}> (0x00000000eac68968) 
thrown [s\src\hotspot\share\prims\jni.cpp, line 516]
Event: 6.735 Thread 0x000001cff54e8ab0 Exception <a 'sun/nio/fs/WindowsException'{0x00000000eacc3268}> (0x00000000eacc3268) 
thrown [s\src\hotspot\share\prims\jni.cpp, line 516]
Event: 6.738 Thread 0x000001cff54e8ab0 Exception <a 'sun/nio/fs/WindowsException'{0x00000000ead050d0}> (0x00000000ead050d0) 
thrown [s\src\hotspot\share\prims\jni.cpp, line 516]
Event: 6.742 Thread 0x000001cff54e8ab0 Exception <a 'sun/nio/fs/WindowsException'{0x00000000ead5fe38}> (0x00000000ead5fe38) 
thrown [s\src\hotspot\share\prims\jni.cpp, line 516]
Event: 6.747 Thread 0x000001cff54e8ab0 Exception <a 'sun/nio/fs/WindowsException'{0x00000000eadd9088}> (0x00000000eadd9088) 
thrown [s\src\hotspot\share\prims\jni.cpp, line 516]
Event: 6.749 Thread 0x000001cff54e8ab0 Exception <a 'sun/nio/fs/WindowsException'{0x00000000eae1b848}> (0x00000000eae1b848) 
thrown [s\src\hotspot\share\prims\jni.cpp, line 516]
Event: 6.754 Thread 0x000001cff54e8ab0 Exception <a 'sun/nio/fs/WindowsException'{0x00000000eaed5aa0}> (0x00000000eaed5aa0) 
thrown [s\src\hotspot\share\prims\jni.cpp, line 516]
Event: 6.757 Thread 0x000001cff54e8ab0 Exception <a 'sun/nio/fs/WindowsException'{0x00000000eaf02ba0}> (0x00000000eaf02ba0) 
thrown [s\src\hotspot\share\prims\jni.cpp, line 516]
Event: 6.766 Thread 0x000001cff54e8ab0 Exception <a 'sun/nio/fs/WindowsException'{0x00000000eb0503c8}> (0x00000000eb0503c8) 
thrown [s\src\hotspot\share\prims\jni.cpp, line 516]
Event: 6.767 Thread 0x000001cff54e8ab0 Exception <a 'sun/nio/fs/WindowsException'{0x00000000eb058f90}> (0x00000000eb058f90) 
thrown [s\src\hotspot\share\prims\jni.cpp, line 516]
Event: 6.768 Thread 0x000001cff54e8ab0 Exception <a 'sun/nio/fs/WindowsException'{0x00000000eb0631b8}> (0x00000000eb0631b8) 
thrown [s\src\hotspot\share\prims\jni.cpp, line 516]
Event: 6.769 Thread 0x000001cff54e8ab0 Exception <a 'sun/nio/fs/WindowsException'{0x00000000eb06d1b8}> (0x00000000eb06d1b8) 
thrown [s\src\hotspot\share\prims\jni.cpp, line 516]
Event: 6.770 Thread 0x000001cff54e8ab0 Exception <a 'sun/nio/fs/WindowsException'{0x00000000eb078eb8}> (0x00000000eb078eb8) 
thrown [s\src\hotspot\share\prims\jni.cpp, line 516]
Event: 6.793 Thread 0x000001cff54e8ab0 Exception <a 'sun/nio/fs/WindowsException'{0x00000000eb4c3f68}> (0x00000000eb4c3f68) 
thrown [s\src\hotspot\share\prims\jni.cpp, line 516]
Event: 6.816 Thread 0x000001cff54e8ab0 Exception <a 'sun/nio/fs/WindowsException'{0x00000000eac40b88}> (0x00000000eac40b88) 
thrown [s\src\hotspot\share\prims\jni.cpp, line 516]
Event: 302.371 Thread 0x000001cff568c670 Implicit null exception at 0x000001cfe5551160 to 0x000001cfe5551508
Event: 302.378 Thread 0x000001cff568c670 Exception <a 'java/lang/NoSuchMethodError'{0x00000000eb582020}: static [J.<clinit>()V> (0x00000000eb582020) 
thrown [s\src\hotspot\share\prims\jni.cpp, line 1107]
Event: 999.682 Thread 0x000001cff568ad20 Implicit null exception at 0x000001cfe5675e17 to 0x000001cfe5675fc4
Event: 999.794 Thread 0x000001cff54ea910 Exception <a 'sun/nio/fs/WindowsException'{0x00000000ead77b80}> (0x00000000ead77b80) 
thrown [s\src\hotspot\share\prims\jni.cpp, line 516]
Event: 999.804 Thread 0x000001cff54ea910 Exception <a 'sun/nio/fs/WindowsException'{0x00000000ead82dd0}> (0x00000000ead82dd0) 
thrown [s\src\hotspot\share\prims\jni.cpp, line 516]

VM Operations (20 events):
Event: 999.673 Executing VM operation: HandshakeAllThreads done
Event: 999.683 Executing VM operation: HandshakeAllThreads
Event: 999.688 Executing VM operation: HandshakeAllThreads done
Event: 999.697 Executing VM operation: ICBufferFull
Event: 999.703 Executing VM operation: ICBufferFull done
Event: 999.711 Executing VM operation: ParallelGCFailedAllocation
Event: 999.713 Executing VM operation: ParallelGCFailedAllocation done
Event: 999.720 Executing VM operation: HandshakeAllThreads
Event: 999.720 Executing VM operation: HandshakeAllThreads done
Event: 999.752 Executing VM operation: ParallelGCFailedAllocation
Event: 999.754 Executing VM operation: ParallelGCFailedAllocation done
Event: 999.817 Executing VM operation: ParallelGCFailedAllocation
Event: 999.820 Executing VM operation: ParallelGCFailedAllocation done
Event: 999.849 Executing VM operation: ParallelGCFailedAllocation
Event: 999.852 Executing VM operation: ParallelGCFailedAllocation done
Event: 999.870 Executing VM operation: ParallelGCFailedAllocation
Event: 999.873 Executing VM operation: ParallelGCFailedAllocation done
Event: 999.892 Executing VM operation: HandshakeAllThreads
Event: 999.892 Executing VM operation: HandshakeAllThreads done
Event: 999.922 Executing VM operation: ParallelGCFailedAllocation

Events (20 events):
Event: 999.639 Thread 0x000001cff568e9e0 Thread added: 0x000001cff568e9e0
Event: 999.639 Thread 0x000001cff5687f90 Thread added: 0x000001cff5687f90
Event: 999.643 Thread 0x000001cff436c520 Thread added: 0x000001cff436c520
Event: 999.690 Thread 0x000001cff40180a0 flushing nmethod 0x000001cfdd6aea10
Event: 999.693 Thread 0x000001cff40180a0 flushing nmethod 0x000001cfddaf2690
Event: 999.704 Thread 0x000001cff40180a0 flushing nmethod 0x000001cfde28e010
Event: 999.706 Thread 0x000001cff40180a0 flushing nmethod 0x000001cfde6a0c90
Event: 999.706 Thread 0x000001cff40180a0 flushing nmethod 0x000001cfde6d4f10
Event: 999.707 Thread 0x000001cff40180a0 flushing nmethod 0x000001cfde8b6210
Event: 999.708 Thread 0x000001cff40180a0 flushing nmethod 0x000001cfdea7da10
Event: 999.708 Thread 0x000001cff40180a0 flushing nmethod 0x000001cfdea93210
Event: 999.805 Thread 0x000001cff5689df0 Thread added: 0x000001cff5689df0
Event: 999.894 loading class java/lang/invoke/BoundMethodHandle$Species_LLLLLLLLLL
Event: 999.895 loading class java/lang/invoke/BoundMethodHandle$Species_LLLLLLLLLL done
Event: 999.896 loading class java/lang/invoke/BoundMethodHandle$Species_LLLLLLLLLLL
Event: 999.896 loading class java/lang/invoke/BoundMethodHandle$Species_LLLLLLLLLLL done
Event: 999.896 loading class java/lang/invoke/BoundMethodHandle$Species_LLLLLLLLLLLL
Event: 999.897 loading class java/lang/invoke/BoundMethodHandle$Species_LLLLLLLLLLLL done
Event: 999.897 loading class java/lang/invoke/BoundMethodHandle$Species_LLLLLLLLLLLLL
Event: 999.897 loading class java/lang/invoke/BoundMethodHandle$Species_LLLLLLLLLLLLL done


Dynamic libraries:
0x00007ff6860d0000 - 0x00007ff6860de000 	c:\Users\Usuario\.vscode\extensions\redhat.java-1.28.1-win32-x64\jre\17.0.10-win32-x86_64\bin\java.exe
0x00007ff8b5090000 - 0x00007ff8b5288000 	C:\Windows\SYSTEM32\ntdll.dll
0x00007ff8b31b0000 - 0x00007ff8b326d000 	C:\Windows\System32\KERNEL32.DLL
0x00007ff8b2810000 - 0x00007ff8b2b06000 	C:\Windows\System32\KERNELBASE.dll
0x00007ff8b2ed0000 - 0x00007ff8b2fd0000 	C:\Windows\System32\ucrtbase.dll
0x00007ff8ab440000 - 0x00007ff8ab457000 	c:\Users\Usuario\.vscode\extensions\redhat.java-1.28.1-win32-x64\jre\17.0.10-win32-x86_64\bin\jli.dll
0x00007ff8b4eb0000 - 0x00007ff8b504e000 	C:\Windows\System32\USER32.dll
0x00007ff8b2c60000 - 0x00007ff8b2c82000 	C:\Windows\System32\win32u.dll
0x00007ff8b37f0000 - 0x00007ff8b381c000 	C:\Windows\System32\GDI32.dll
0x00007ff8b2fd0000 - 0x00007ff8b30ea000 	C:\Windows\System32\gdi32full.dll
0x00007ff8b2bc0000 - 0x00007ff8b2c5d000 	C:\Windows\System32\msvcp_win.dll
0x00007ff89b2c0000 - 0x00007ff89b2db000 	c:\Users\Usuario\.vscode\extensions\redhat.java-1.28.1-win32-x64\jre\17.0.10-win32-x86_64\bin\VCRUNTIME140.dll
0x00007ff8b1be0000 - 0x00007ff8b1e7a000 	C:\Windows\WinSxS\amd64_microsoft.windows.common-controls_6595b64144ccf1df_6.0.19041.1110_none_60b5254171f9507e\COMCTL32.dll
0x00007ff8b4c30000 - 0x00007ff8b4cce000 	C:\Windows\System32\msvcrt.dll
0x00007ff8b3100000 - 0x00007ff8b3130000 	C:\Windows\System32\IMM32.DLL
0x00007ff8abef0000 - 0x00007ff8abefc000 	c:\Users\Usuario\.vscode\extensions\redhat.java-1.28.1-win32-x64\jre\17.0.10-win32-x86_64\bin\vcruntime140_1.dll
0x00007ff887730000 - 0x00007ff8877bd000 	c:\Users\Usuario\.vscode\extensions\redhat.java-1.28.1-win32-x64\jre\17.0.10-win32-x86_64\bin\msvcp140.dll
0x00007ff878190000 - 0x00007ff878df2000 	c:\Users\Usuario\.vscode\extensions\redhat.java-1.28.1-win32-x64\jre\17.0.10-win32-x86_64\bin\server\jvm.dll
0x00007ff8b4b80000 - 0x00007ff8b4c2e000 	C:\Windows\System32\ADVAPI32.dll
0x00007ff8b3750000 - 0x00007ff8b37ec000 	C:\Windows\System32\sechost.dll
0x00007ff8b3350000 - 0x00007ff8b3476000 	C:\Windows\System32\RPCRT4.dll
0x00007ff8b25d0000 - 0x00007ff8b261b000 	C:\Windows\SYSTEM32\POWRPROF.dll
0x00007ff87eee0000 - 0x00007ff87eee9000 	C:\Windows\SYSTEM32\WSOCK32.dll
0x00007ff8969c0000 - 0x00007ff8969e7000 	C:\Windows\SYSTEM32\WINMM.dll
0x00007ff8b3480000 - 0x00007ff8b34eb000 	C:\Windows\System32\WS2_32.dll
0x00007ff8a8040000 - 0x00007ff8a804a000 	C:\Windows\SYSTEM32\VERSION.dll
0x00007ff8b25b0000 - 0x00007ff8b25c2000 	C:\Windows\SYSTEM32\UMPDC.dll
0x00007ff8affc0000 - 0x00007ff8affd2000 	C:\Windows\SYSTEM32\kernel.appcore.dll
0x00007ff8adb60000 - 0x00007ff8adb6a000 	c:\Users\Usuario\.vscode\extensions\redhat.java-1.28.1-win32-x64\jre\17.0.10-win32-x86_64\bin\jimage.dll
0x00007ff8b2080000 - 0x00007ff8b2264000 	C:\Windows\SYSTEM32\DBGHELP.DLL
0x00007ff8b1ea0000 - 0x00007ff8b1ed4000 	C:\Windows\SYSTEM32\dbgcore.DLL
0x00007ff8b2df0000 - 0x00007ff8b2e72000 	C:\Windows\System32\bcryptPrimitives.dll
0x00007ff8ac9d0000 - 0x00007ff8ac9de000 	c:\Users\Usuario\.vscode\extensions\redhat.java-1.28.1-win32-x64\jre\17.0.10-win32-x86_64\bin\instrument.dll
0x00007ff891020000 - 0x00007ff891045000 	c:\Users\Usuario\.vscode\extensions\redhat.java-1.28.1-win32-x64\jre\17.0.10-win32-x86_64\bin\java.dll
0x00007ff8abf00000 - 0x00007ff8abf18000 	c:\Users\Usuario\.vscode\extensions\redhat.java-1.28.1-win32-x64\jre\17.0.10-win32-x86_64\bin\zip.dll
0x00007ff8b3d00000 - 0x00007ff8b4444000 	C:\Windows\System32\SHELL32.dll
0x00007ff8b01c0000 - 0x00007ff8b095b000 	C:\Windows\SYSTEM32\windows.storage.dll
0x00007ff8b4670000 - 0x00007ff8b49c4000 	C:\Windows\System32\combase.dll
0x00007ff8b1910000 - 0x00007ff8b193d000 	C:\Windows\SYSTEM32\Wldp.dll
0x00007ff8b4e00000 - 0x00007ff8b4ead000 	C:\Windows\System32\SHCORE.dll
0x00007ff8b4450000 - 0x00007ff8b44a5000 	C:\Windows\System32\shlwapi.dll
0x00007ff8b26a0000 - 0x00007ff8b26c5000 	C:\Windows\SYSTEM32\profapi.dll
0x00007ff89b560000 - 0x00007ff89b579000 	C:\Users\Usuario\.vscode\extensions\redhat.java-1.28.1-win32-x64\jre\17.0.10-win32-x86_64\bin\net.dll
0x00007ff8ad870000 - 0x00007ff8ad97a000 	C:\Windows\SYSTEM32\WINHTTP.dll
0x00007ff8b1780000 - 0x00007ff8b17ea000 	C:\Windows\system32\mswsock.dll
0x00007ff89b440000 - 0x00007ff89b456000 	C:\Users\Usuario\.vscode\extensions\redhat.java-1.28.1-win32-x64\jre\17.0.10-win32-x86_64\bin\nio.dll
0x00007ff8abde0000 - 0x00007ff8abdf0000 	c:\Users\Usuario\.vscode\extensions\redhat.java-1.28.1-win32-x64\jre\17.0.10-win32-x86_64\bin\verify.dll
0x00007ff88b9f0000 - 0x00007ff88ba2e000 	C:\Users\Usuario\AppData\Roaming\Code\User\globalStorage\redhat.java\1.28.1\config_win\org.eclipse.equinox.launcher\org.eclipse.equinox.launcher.win32.win32.x86_64_1.2.900.v20240129-1338\eclipse_11900.dll
0x00007ff8b4cd0000 - 0x00007ff8b4dfa000 	C:\Windows\System32\ole32.dll
0x00007ff8b2470000 - 0x00007ff8b2488000 	C:\Windows\SYSTEM32\CRYPTSP.dll
0x00007ff8b1120000 - 0x00007ff8b1154000 	C:\Windows\system32\rsaenh.dll
0x00007ff8b27e0000 - 0x00007ff8b2807000 	C:\Windows\System32\bcrypt.dll
0x00007ff8b2620000 - 0x00007ff8b264e000 	C:\Windows\SYSTEM32\USERENV.dll
0x00007ff8b1a40000 - 0x00007ff8b1a4c000 	C:\Windows\SYSTEM32\CRYPTBASE.dll
0x00007ff8b14a0000 - 0x00007ff8b14db000 	C:\Windows\SYSTEM32\IPHLPAPI.DLL
0x00007ff8b3340000 - 0x00007ff8b3348000 	C:\Windows\System32\NSI.dll
0x00007ff8aaf30000 - 0x00007ff8aaf47000 	C:\Windows\SYSTEM32\dhcpcsvc6.DLL
0x00007ff8aadd0000 - 0x00007ff8aaded000 	C:\Windows\SYSTEM32\dhcpcsvc.DLL
0x00007ff8b14e0000 - 0x00007ff8b15aa000 	C:\Windows\SYSTEM32\DNSAPI.dll
0x00007ff88a130000 - 0x00007ff88a175000 	C:\Users\Usuario\AppData\Local\Temp\jna-1531808526\jna17001447627382217420.dll
0x00007ff8b30f0000 - 0x00007ff8b30f8000 	C:\Windows\System32\PSAPI.DLL

dbghelp: loaded successfully - version: 4.0.5 - missing functions: none
symbol engine: initialized successfully - sym options: 0x614 - pdb path: .;c:\Users\Usuario\.vscode\extensions\redhat.java-1.28.1-win32-x64\jre\17.0.10-win32-x86_64\bin;C:\Windows\SYSTEM32;C:\Windows\WinSxS\amd64_microsoft.windows.common-controls_6595b64144ccf1df_6.0.19041.1110_none_60b5254171f9507e;c:\Users\Usuario\.vscode\extensions\redhat.java-1.28.1-win32-x64\jre\17.0.10-win32-x86_64\bin\server;C:\Users\Usuario\AppData\Roaming\Code\User\globalStorage\redhat.java\1.28.1\config_win\org.eclipse.equinox.launcher\org.eclipse.equinox.launcher.win32.win32.x86_64_1.2.900.v20240129-1338;C:\Users\Usuario\AppData\Local\Temp\jna-1531808526

VM Arguments:
jvm_args: --add-modules=ALL-SYSTEM --add-opens=java.base/java.util=ALL-UNNAMED --add-opens=java.base/java.lang=ALL-UNNAMED --add-opens=java.base/sun.nio.fs=ALL-UNNAMED -Declipse.application=org.eclipse.jdt.ls.core.id1 -Dosgi.bundles.defaultStartLevel=4 -Declipse.product=org.eclipse.jdt.ls.core.product -Djava.import.generatesMetadataFilesAtProjectRoot=false -DDetectVMInstallationsJob.disabled=true -Dfile.encoding=utf8 -XX:+UseParallelGC -XX:GCTimeRatio=4 -XX:AdaptiveSizePolicyWeight=90 -Dsun.zip.disableMemoryMapping=true -Xmx1G -Xms100m -Xlog:disable -javaagent:c:\Users\Usuario\.vscode\extensions\redhat.java-1.28.1-win32-x64\lombok\lombok-1.18.31.jar -XX:+HeapDumpOnOutOfMemoryError -XX:HeapDumpPath=c:\Users\Usuario\AppData\Roaming\Code\User\workspaceStorage\ef68fe475a4c8989c11858262eae5c25\redhat.java -Daether.dependencyCollector.impl=bf 
java_command: c:\Users\Usuario\.vscode\extensions\redhat.java-1.28.1-win32-x64\server\plugins\org.eclipse.equinox.launcher_1.6.700.v20231214-2017.jar -configuration c:\Users\Usuario\AppData\Roaming\Code\User\globalStorage\redhat.java\1.28.1\config_win -data c:\Users\Usuario\AppData\Roaming\Code\User\workspaceStorage\ef68fe475a4c8989c11858262eae5c25\redhat.java\jdt_ws --stdio
java_class_path (initial): c:\Users\Usuario\.vscode\extensions\redhat.java-1.28.1-win32-x64\server\plugins\org.eclipse.equinox.launcher_1.6.700.v20231214-2017.jar
Launcher Type: SUN_STANDARD

[Global flags]
    uintx AdaptiveSizePolicyWeight                 = 90                                        {product} {command line}
     intx CICompilerCount                          = 3                                         {product} {ergonomic}
    uintx GCTimeRatio                              = 4                                         {product} {command line}
     bool HeapDumpOnOutOfMemoryError               = true                                   {manageable} {command line}
    ccstr HeapDumpPath                             = c:\Users\Usuario\AppData\Roaming\Code\User\workspaceStorage\ef68fe475a4c8989c11858262eae5c25\redhat.java         {manageable} {command line}
   size_t InitialHeapSize                          = 104857600                                 {product} {command line}
   size_t MaxHeapSize                              = 1073741824                                {product} {command line}
   size_t MaxNewSize                               = 357564416                                 {product} {ergonomic}
   size_t MinHeapDeltaBytes                        = 524288                                    {product} {ergonomic}
   size_t MinHeapSize                              = 104857600                                 {product} {command line}
   size_t NewSize                                  = 34603008                                  {product} {ergonomic}
    uintx NonNMethodCodeHeapSize                   = 5832780                                {pd product} {ergonomic}
    uintx NonProfiledCodeHeapSize                  = 122912730                              {pd product} {ergonomic}
   size_t OldSize                                  = 70254592                                  {product} {ergonomic}
    uintx ProfiledCodeHeapSize                     = 122912730                              {pd product} {ergonomic}
    uintx ReservedCodeCacheSize                    = 251658240                              {pd product} {ergonomic}
     bool SegmentedCodeCache                       = true                                      {product} {ergonomic}
   size_t SoftMaxHeapSize                          = 1073741824                             {manageable} {ergonomic}
     bool UseCompressedClassPointers               = true                           {product lp64_product} {ergonomic}
     bool UseCompressedOops                        = true                           {product lp64_product} {ergonomic}
     bool UseLargePagesIndividualAllocation        = false                                  {pd product} {ergonomic}
     bool UseParallelGC                            = true                                      {product} {command line}

Logging:
Log output configuration:
 #0: stdout all=off uptime,level,tags
 #1: stderr all=off uptime,level,tags

Environment Variables:
PATH=C:\Program Files (x86)\VMware\VMware Player\bin\;C:\Program Files\Common Files\Oracle\Java\javapath;C:\Windows\system32;C:\Windows;C:\Windows\System32\Wbem;C:\Windows\System32\WindowsPowerShell\v1.0\;C:\Windows\System32\OpenSSH\;C:\Program Files\PuTTY\;C:\msys64\ucrt64\bin;C:\workspace\apache-maven-3.9.6\bin;C:\Program Files\Git\cmd;C:\Users\Usuario\AppData\Local\Microsoft\WindowsApps;;C:\Users\Usuario\AppData\Local\Programs\Microsoft VS Code\bin
USERNAME=Usuario
OS=Windows_NT
PROCESSOR_IDENTIFIER=Intel64 Family 6 Model 158 Stepping 13, GenuineIntel
TMP=C:\Users\Usuario\AppData\Local\Temp
TEMP=C:\Users\Usuario\AppData\Local\Temp



Periodic native trim disabled


---------------  S Y S T E M  ---------------

OS:
 Windows 10 , 64 bit Build 19041 (10.0.19041.3393)
OS uptime: 0 days 4:55 hours

CPU: total 6 (initial active 6) (6 cores per cpu, 1 threads per core) family 6 model 158 stepping 13 microcode 0xbe, cx8, cmov, fxsr, mmx, 3dnowpref, sse, sse2, sse3, ssse3, sse4.1, sse4.2, popcnt, lzcnt, tsc, tscinvbit, avx, avx2, aes, erms, clmul, bmi1, bmi2, adx, fma, vzeroupper, clflush, clflushopt
Processor Information for all 6 processors :
  Max Mhz: 2904, Current Mhz: 2904, Mhz Limit: 2904

Memory: 4k page, system-wide physical 12158M (4913M free)
TotalPageFile size 14014M (AvailPageFile size 5627M)
current process WorkingSet (physical memory assigned to process): 321M, peak: 345M
current process commit charge ("private bytes"): 353M, peak: 388M

vm_info: OpenJDK 64-Bit Server VM (17.0.10+7) for windows-amd64 JRE (17.0.10+7), built on Jan 16 2024 23:25:11 by "admin" with MS VC++ 16.10 / 16.11 (VS2019)

END.
